TN:
SF:src/ActivePool.sol
FN:77,ActivePool.
FNDA:9,ActivePool.
DA:78,9
DA:79,9
DA:80,9
DA:81,9
DA:82,9
DA:83,9
DA:84,9
DA:86,9
DA:87,9
DA:88,9
DA:89,9
DA:90,9
DA:93,9
FN:103,ActivePool.getCollBalance
FNDA:288400,ActivePool.getCollBalance
DA:104,288400
FN:107,ActivePool.calcPendingAggInterest
FNDA:523095,ActivePool.calcPendingAggInterest
DA:108,1120143
DA:115,1024768
FN:118,ActivePool.calcPendingSPYield
FNDA:9242,ActivePool.calcPendingSPYield
DA:119,9242
FN:122,ActivePool.calcPendingAggBatchManagementFee
FNDA:0,ActivePool.calcPendingAggBatchManagementFee
DA:123,380109
DA:124,380109
DA:126,380109
FN:129,ActivePool.getNewApproxAvgInterestRateFromTroveChange
FNDA:128190,ActivePool.getNewApproxAvgInterestRateFromTroveChange
DA:137,128190
BRDA:137,1,0,-
BRDA:137,1,1,128190
DA:139,128190
DA:141,120367
DA:142,120367
DA:143,120367
DA:144,120367
DA:145,120367
DA:146,120367
DA:148,120367
DA:149,120367
DA:150,120367
DA:155,120367
FN:159,ActivePool.getBoldDebt
FNDA:348260,ActivePool.getBoldDebt
DA:160,348260
FN:165,ActivePool.sendColl
FNDA:24976,ActivePool.sendColl
DA:166,24976
DA:168,24976
DA:170,24976
FN:173,ActivePool.sendCollToDefaultPool
FNDA:687,ActivePool.sendCollToDefaultPool
DA:174,687
DA:176,687
DA:178,687
FN:181,ActivePool._accountForSendColl
FNDA:25663,ActivePool._accountForSendColl
DA:182,25663
DA:183,25663
DA:184,25663
DA:185,25663
FN:188,ActivePool.receiveColl
FNDA:617,ActivePool.receiveColl
DA:189,617
DA:191,617
DA:194,617
FN:197,ActivePool.accountForReceivedColl
FNDA:14796,ActivePool.accountForReceivedColl
DA:198,14796
DA:200,14796
FN:203,ActivePool._accountForReceivedColl
FNDA:15413,ActivePool._accountForReceivedColl
DA:204,15413
DA:205,15413
DA:207,15413
FN:219,ActivePool.mintAggInterestAndAccountForTroveChange
FNDA:65412,ActivePool.mintAggInterestAndAccountForTroveChange
DA:222,65412
DA:225,65412
BRDA:225,3,0,26271
DA:226,26271
DA:230,65412
DA:231,65412
DA:232,65412
DA:233,65412
DA:234,65412
DA:235,65412
DA:241,65412
DA:242,65412
DA:243,65412
DA:244,65412
FN:247,ActivePool.mintAggInterest
FNDA:53767,ActivePool.mintAggInterest
DA:248,53767
DA:249,53767
FN:252,ActivePool._mintAggInterest
FNDA:119179,ActivePool._mintAggInterest
DA:253,119179
DA:256,119179
BRDA:256,4,0,32743
DA:257,32743
DA:258,32743
DA:260,32743
DA:261,32743
DA:263,32743
DA:266,119179
FN:269,ActivePool.mintBatchManagementFeeAndAccountForChange
FNDA:5578,ActivePool.mintBatchManagementFeeAndAccountForChange
DA:273,5578
DA:274,5578
FN:277,ActivePool._mintBatchManagementFeeAndAccountForChange
FNDA:31849,ActivePool._mintBatchManagementFeeAndAccountForChange
DA:282,31849
DA:285,31849
DA:286,31849
DA:287,31849
DA:288,31849
DA:291,31849
DA:292,31849
DA:293,31849
DA:294,31849
DA:297,31849
BRDA:297,5,0,4475
DA:298,4475
DA:301,31849
FN:306,ActivePool.setShutdownFlag
FNDA:1294,ActivePool.setShutdownFlag
DA:307,1294
DA:308,1294
FN:311,ActivePool.hasBeenShutDown
FNDA:0,ActivePool.hasBeenShutDown
DA:312,0
FN:317,ActivePool._requireCallerIsBorrowerOperationsOrDefaultPool
FNDA:15413,ActivePool._requireCallerIsBorrowerOperationsOrDefaultPool
DA:318,15413
BRDA:318,6,0,-
BRDA:318,6,1,15413
FN:324,ActivePool._requireCallerIsBOorTroveMorSP
FNDA:24976,ActivePool._requireCallerIsBOorTroveMorSP
DA:325,24976
BRDA:325,7,0,-
BRDA:325,7,1,24976
FN:332,ActivePool._requireCallerIsBOorSP
FNDA:53767,ActivePool._requireCallerIsBOorSP
DA:333,53767
BRDA:333,8,0,-
BRDA:333,8,1,53767
FN:339,ActivePool._requireCallerIsBOorTroveM
FNDA:70990,ActivePool._requireCallerIsBOorTroveM
DA:340,70990
BRDA:340,9,0,-
BRDA:340,9,1,70990
FN:346,ActivePool._requireCallerIsTroveManager
FNDA:1981,ActivePool._requireCallerIsTroveManager
DA:347,1981
BRDA:347,10,0,-
BRDA:347,10,1,1981
FNF:25
FNH:23
LF:96
LH:95
BRF:15
BRH:9
end_of_record
TN:
SF:src/AddressesRegistry.sol
FN:68,AddressesRegistry.
FNDA:9,AddressesRegistry.
DA:76,9
BRDA:76,0,0,-
DA:77,9
BRDA:77,1,0,-
DA:78,9
BRDA:78,2,0,-
DA:79,9
BRDA:79,3,0,-
DA:80,9
BRDA:80,4,0,-
DA:81,9
BRDA:81,5,0,-
DA:83,9
DA:84,9
DA:85,9
DA:86,9
DA:87,9
FN:90,AddressesRegistry.setAddresses
FNDA:9,AddressesRegistry.setAddresses
DA:91,9
DA:92,9
DA:93,9
DA:94,9
DA:95,9
DA:96,9
DA:97,9
DA:98,9
DA:99,9
DA:100,9
DA:101,9
DA:102,9
DA:103,9
DA:104,9
DA:105,9
DA:106,9
DA:107,9
DA:108,9
DA:110,9
DA:111,9
DA:112,9
DA:113,9
DA:114,9
DA:115,9
DA:116,9
DA:117,9
DA:118,9
DA:119,9
DA:120,9
DA:121,9
DA:122,9
DA:123,9
DA:124,9
DA:125,9
DA:126,9
DA:127,9
DA:129,9
FNF:2
FNH:2
LF:48
LH:48
BRF:6
BRH:0
end_of_record
TN:
SF:src/BoldToken.sol
FN:39,BoldToken.
FNDA:9,BoldToken.
FN:41,BoldToken.setBranchAddresses
FNDA:9,BoldToken.setBranchAddresses
DA:47,9
DA:48,9
DA:50,9
DA:51,9
DA:53,9
DA:54,9
DA:56,9
DA:57,9
FN:60,BoldToken.setCollateralRegistry
FNDA:9,BoldToken.setCollateralRegistry
DA:61,9
DA:62,9
DA:64,9
FN:69,BoldToken.mint
FNDA:84219,BoldToken.mint
DA:70,84219
DA:71,84219
FN:74,BoldToken.burn
FNDA:23613,BoldToken.burn
DA:75,23613
DA:76,23613
FN:79,BoldToken.sendToPool
FNDA:21817,BoldToken.sendToPool
DA:80,21817
DA:81,21817
FN:84,BoldToken.returnFromPool
FNDA:6525,BoldToken.returnFromPool
DA:85,6525
DA:86,6525
FN:91,BoldToken.transfer
FNDA:232731,BoldToken.transfer
DA:92,232731
DA:93,232731
FN:96,BoldToken.transferFrom
FNDA:0,BoldToken.transferFrom
DA:101,0
DA:102,0
FN:107,BoldToken._requireValidRecipient
FNDA:232731,BoldToken._requireValidRecipient
DA:108,232731
BRDA:108,0,0,-
BRDA:108,0,1,232731
FN:114,BoldToken._requireCallerIsBOorAP
FNDA:84219,BoldToken._requireCallerIsBOorAP
DA:115,84219
BRDA:115,1,0,-
BRDA:115,1,1,84219
FN:121,BoldToken._requireCallerIsCRorBOorTMorSP
FNDA:23613,BoldToken._requireCallerIsCRorBOorTMorSP
DA:122,23613
BRDA:122,2,0,-
BRDA:122,2,1,23613
FN:129,BoldToken._requireCallerIsStabilityPool
FNDA:28342,BoldToken._requireCallerIsStabilityPool
DA:130,28342
BRDA:130,3,0,-
BRDA:130,3,1,28342
FNF:13
FNH:12
LF:27
LH:25
BRF:8
BRH:4
end_of_record
TN:
SF:src/BorrowerOperations.sol
FN:165,BorrowerOperations.
FNDA:9,BorrowerOperations.
DA:167,9
BRDA:167,0,0,-
BRDA:167,0,1,9
DA:169,9
DA:171,9
DA:173,9
DA:174,9
DA:175,9
DA:177,9
DA:178,9
DA:179,9
DA:180,9
DA:181,9
DA:183,9
DA:184,9
DA:185,9
DA:186,9
DA:187,9
DA:190,9
FN:195,BorrowerOperations.openTrove
FNDA:31498,BorrowerOperations.openTrove
DA:208,31498
DA:210,30872
DA:212,30872
DA:229,8915
DA:231,8915
DA:233,8915
FN:236,BorrowerOperations.openTroveAndJoinInterestBatchManager
FNDA:31155,BorrowerOperations.openTroveAndJoinInterestBatchManager
DA:241,31155
DA:243,18232
DA:244,18232
DA:246,18232
DA:249,18232
DA:250,18232
DA:251,18232
DA:252,18232
DA:268,4660
DA:271,4660
DA:280,4660
DA:288,4660
FN:291,BorrowerOperations._openTrove
FNDA:49104,BorrowerOperations._openTrove
DA:306,49104
DA:308,43535
DA:311,43535
DA:312,43535
DA:313,43535
DA:315,43535
DA:319,43535
DA:321,36172
DA:322,36172
DA:324,29902
DA:325,29902
DA:328,29902
DA:330,29902
DA:331,29902
DA:332,29902
DA:334,29902
DA:335,29902
DA:338,15003
BRDA:338,1,0,9949
BRDA:338,1,1,5054
DA:339,9949
DA:342,5054
DA:343,5054
DA:348,15003
DA:349,15003
DA:351,14591
DA:352,14591
DA:361,13575
DA:362,13575
DA:364,13575
DA:367,13575
DA:370,13575
DA:371,13575
DA:373,13575
FN:377,BorrowerOperations.addColl
FNDA:3399,BorrowerOperations.addColl
DA:378,3399
DA:379,3399
DA:381,861
DA:382,861
DA:384,861
FN:393,BorrowerOperations.withdrawColl
FNDA:3142,BorrowerOperations.withdrawColl
DA:394,3142
DA:395,3142
DA:397,900
DA:398,900
DA:400,900
FN:409,BorrowerOperations.withdrawBold
FNDA:2397,BorrowerOperations.withdrawBold
DA:410,2397
DA:411,2397
DA:413,698
DA:414,698
DA:415,698
FN:419,BorrowerOperations.repayBold
FNDA:2379,BorrowerOperations.repayBold
DA:420,2379
DA:421,2379
DA:423,595
DA:424,595
DA:426,595
FN:434,BorrowerOperations._initTroveChange
FNDA:1865,BorrowerOperations._initTroveChange
DA:441,949
BRDA:441,2,0,949
BRDA:441,2,1,916
DA:442,949
DA:444,916
DA:447,926
BRDA:447,3,0,926
BRDA:447,3,1,939
DA:448,926
DA:450,939
FN:454,BorrowerOperations.adjustTrove
FNDA:4178,BorrowerOperations.adjustTrove
DA:462,4178
DA:463,4178
DA:465,1248
DA:466,1248
DA:467,1248
FN:470,BorrowerOperations.adjustUnredeemableTrove
FNDA:14911,BorrowerOperations.adjustUnredeemableTrove
DA:480,14911
DA:481,14911
DA:483,617
DA:484,617
DA:485,617
DA:487,43
DA:489,43
DA:490,43
DA:491,43
BRDA:491,4,0,18
DA:492,18
DA:493,18
DA:495,43
FN:505,BorrowerOperations.adjustTroveInterestRate
FNDA:31135,BorrowerOperations.adjustTroveInterestRate
DA:512,31135
DA:514,27671
DA:516,27671
DA:517,27134
DA:518,25638
DA:519,2997
DA:520,2997
DA:521,2997
DA:523,2597
DA:524,2597
DA:526,2597
DA:528,2597
DA:529,2597
DA:530,2597
DA:531,2597
DA:532,2597
DA:536,2597
DA:537,2597
DA:538,1351
BRDA:538,5,0,1351
DA:539,1351
DA:543,2429
DA:545,2429
DA:547,2429
DA:548,2429
FN:556,BorrowerOperations._adjustTrove
FNDA:4919,BorrowerOperations._adjustTrove
DA:562,4919
DA:564,4328
DA:565,4328
DA:566,4328
DA:568,4328
DA:569,4328
DA:573,4328
DA:575,4328
DA:576,4328
DA:578,4328
BRDA:578,6,0,2445
DA:579,2445
DA:582,4328
BRDA:582,7,0,2287
DA:583,2287
DA:586,4328
DA:589,4328
BRDA:589,8,0,1080
DA:590,1080
DA:591,1080
BRDA:591,9,0,93
DA:592,93
DA:594,1080
DA:597,4328
DA:600,4177
BRDA:600,10,0,1474
DA:601,1474
DA:604,4168
DA:605,4168
DA:607,4168
DA:608,4168
DA:609,4168
DA:610,4168
DA:611,1294
BRDA:611,11,0,1294
BRDA:611,11,1,1294
DA:612,1294
DA:614,1294
DA:618,1294
DA:619,1294
DA:620,1294
DA:621,1294
DA:622,1294
DA:623,1294
DA:624,1294
DA:626,2874
DA:627,2874
DA:628,2874
DA:629,2874
DA:633,4168
BRDA:633,12,0,1273
DA:634,1273
DA:635,1273
DA:636,1273
DA:638,1273
DA:639,409
BRDA:639,13,0,409
BRDA:639,13,1,864
DA:640,409
DA:642,409
DA:643,409
DA:646,864
DA:652,4168
DA:654,3790
DA:657,3790
DA:661,844
BRDA:661,14,0,844
BRDA:661,14,1,1823
DA:662,844
DA:671,1823
DA:674,2667
DA:675,2667
FN:678,BorrowerOperations.closeTrove
FNDA:30880,BorrowerOperations.closeTrove
DA:679,30880
DA:680,30880
DA:681,30880
DA:685,30880
DA:686,5043
DA:687,5043
DA:689,5043
DA:692,5043
DA:694,2211
DA:695,2211
DA:696,2211
DA:697,2211
DA:698,2211
DA:700,2211
DA:701,2211
DA:702,2211
BRDA:702,15,0,702
BRDA:702,15,1,702
DA:703,702
DA:704,702
DA:705,702
DA:706,702
DA:707,702
DA:708,702
DA:709,702
DA:710,702
DA:712,1509
DA:716,2211
DA:717,2211
DA:718,2211
BRDA:718,16,0,2125
DA:720,1770
DA:729,1770
BRDA:729,17,0,578
DA:731,578
DA:734,1770
DA:737,1770
DA:739,1770
DA:742,1770
DA:744,1770
FN:747,BorrowerOperations.applyPendingDebt
FNDA:30496,BorrowerOperations.applyPendingDebt
DA:748,30496
DA:750,26903
DA:752,26903
DA:754,4699
DA:755,4699
DA:756,4699
DA:757,4699
DA:759,4699
DA:760,4699
DA:762,4699
BRDA:762,18,0,3056
BRDA:762,18,1,1643
DA:763,3056
DA:764,3056
DA:766,1643
DA:767,1643
DA:768,1643
DA:769,1643
DA:771,1643
DA:772,1643
DA:776,4699
DA:785,4699
DA:788,4699
BRDA:788,19,0,62
DA:789,62
DA:790,62
FN:796,BorrowerOperations.getInterestIndividualDelegateOf
FNDA:0,BorrowerOperations.getInterestIndividualDelegateOf
DA:801,0
FN:804,BorrowerOperations.setInterestIndividualDelegate
FNDA:0,BorrowerOperations.setInterestIndividualDelegate
DA:815,0
DA:816,0
DA:817,0
DA:820,0
BRDA:820,20,0,-
DA:821,0
FN:825,BorrowerOperations.removeInterestIndividualDelegate
FNDA:0,BorrowerOperations.removeInterestIndividualDelegate
DA:826,0
DA:827,0
FN:830,BorrowerOperations.getInterestBatchManager
FNDA:0,BorrowerOperations.getInterestBatchManager
DA:831,0
FN:834,BorrowerOperations.registerBatchManager
FNDA:30273,BorrowerOperations.registerBatchManager
DA:841,30273
DA:842,26724
DA:843,19438
DA:844,19121
DA:846,18867
BRDA:846,21,0,752
DA:847,18115
DA:850,17559
BRDA:850,22,0,104
DA:851,17455
BRDA:851,23,0,219
DA:853,17236
DA:856,17236
FN:859,BorrowerOperations.lowerBatchManagementFee
FNDA:30096,BorrowerOperations.lowerBatchManagementFee
DA:860,30096
DA:861,26880
DA:863,7071
DA:865,7071
DA:866,7071
BRDA:866,24,0,271
DA:867,271
DA:871,6800
DA:879,6800
DA:880,6800
DA:881,6800
DA:882,6800
DA:883,6800
DA:884,6800
DA:887,6800
FN:890,BorrowerOperations.setBatchManagerAnnualInterestRate
FNDA:31168,BorrowerOperations.setBatchManagerAnnualInterestRate
DA:896,31168
DA:897,27551
DA:898,7599
DA:902,7425
DA:903,7425
DA:905,7425
DA:906,7425
DA:908,3592
DA:910,3592
DA:911,3592
DA:912,3592
DA:913,3592
DA:914,3592
DA:915,3592
DA:919,3592
DA:920,3586
DA:921,224
BRDA:921,25,0,224
DA:922,224
DA:924,224
DA:925,224
DA:926,224
DA:928,224
DA:931,224
DA:932,224
DA:936,224
DA:937,224
DA:940,3565
DA:943,3565
BRDA:943,26,0,697
DA:944,697
DA:947,3565
FN:952,BorrowerOperations.setInterestBatchManager
FNDA:31000,BorrowerOperations.setInterestBatchManager
DA:959,31000
DA:960,27787
DA:961,27787
DA:962,27787
DA:963,27787
DA:965,27787
DA:966,4455
DA:967,4455
DA:968,3056
DA:970,1846
DA:972,1846
BRDA:972,27,0,-
DA:974,1846
DA:975,1846
DA:977,1846
DA:978,1846
DA:979,1846
DA:980,1846
DA:981,1846
DA:983,1846
DA:990,1846
BRDA:990,28,0,878
DA:991,878
DA:996,1714
DA:1000,1714
DA:1001,1714
DA:1003,1714
DA:1005,1714
DA:1017,1714
DA:1018,1714
FN:1023,BorrowerOperations.removeFromBatch
FNDA:31086,BorrowerOperations.removeFromBatch
DA:1030,31086
DA:1032,27644
DA:1033,27644
DA:1034,27644
DA:1036,27644
DA:1037,4245
DA:1038,4245
DA:1040,4147
DA:1041,1492
DA:1044,1492
DA:1046,1492
DA:1048,1492
DA:1049,1492
DA:1051,1492
DA:1052,1492
DA:1053,1492
DA:1054,1492
DA:1055,1492
DA:1057,1492
DA:1062,1492
DA:1063,1492
DA:1064,839
BRDA:1064,29,0,839
DA:1065,839
DA:1070,1378
DA:1073,1378
DA:1076,1378
DA:1079,1378
DA:1081,1378
FN:1093,BorrowerOperations.switchBatchManager
FNDA:0,BorrowerOperations.switchBatchManager
DA:1102,0
DA:1103,0
DA:1105,0
DA:1107,0
DA:1108,0
FN:1111,BorrowerOperations._applyUpfrontFee
FNDA:3068,BorrowerOperations._applyUpfrontFee
DA:1117,3068
DA:1119,3068
DA:1120,3068
DA:1121,3068
DA:1123,3068
DA:1126,3068
DA:1127,3068
DA:1131,2824
DA:1132,2824
DA:1134,2654
FN:1137,BorrowerOperations._calcUpfrontFee
FNDA:34467,BorrowerOperations._calcUpfrontFee
DA:1138,34467
FN:1142,BorrowerOperations.onLiquidateTrove
FNDA:1061,BorrowerOperations.onLiquidateTrove
DA:1143,1061
DA:1145,1061
FN:1148,BorrowerOperations._wipeTroveMappings
FNDA:2831,BorrowerOperations._wipeTroveMappings
DA:1149,2831
DA:1150,2831
DA:1151,2831
DA:1152,2831
FN:1158,BorrowerOperations.claimCollateral
FNDA:0,BorrowerOperations.claimCollateral
DA:1160,0
FN:1163,BorrowerOperations.shutdown
FNDA:29989,BorrowerOperations.shutdown
DA:1164,3499
BRDA:1164,30,0,3499
DA:1166,26490
DA:1167,26490
DA:1168,26490
DA:1170,26490
DA:1171,26490
BRDA:1171,31,0,25196
DA:1173,1294
DA:1175,1294
FN:1179,BorrowerOperations.shutdownFromOracleFailure
FNDA:0,BorrowerOperations.shutdownFromOracleFailure
DA:1180,0
DA:1186,0
DA:1188,0
FN:1191,BorrowerOperations._applyShutdown
FNDA:1294,BorrowerOperations._applyShutdown
DA:1192,1294
DA:1193,1294
DA:1194,1294
FN:1199,BorrowerOperations._reInsertIntoSortedTroves
FNDA:105,BorrowerOperations._reInsertIntoSortedTroves
DA:1208,105
BRDA:1208,33,0,77
BRDA:1208,33,1,28
DA:1209,77
DA:1211,28
FN:1219,BorrowerOperations._moveTokensFromAdjustment
FNDA:2667,BorrowerOperations._moveTokensFromAdjustment
DA:1225,2667
BRDA:1225,34,0,683
BRDA:1225,34,1,883
DA:1226,683
DA:1227,1984
BRDA:1227,35,0,883
DA:1228,883
DA:1231,2667
BRDA:1231,36,0,1221
BRDA:1231,36,1,624
DA:1233,1221
DA:1234,1446
BRDA:1234,37,0,624
DA:1236,624
FN:1240,BorrowerOperations._pullCollAndSendToActivePool
FNDA:14796,BorrowerOperations._pullCollAndSendToActivePool
DA:1242,14796
DA:1244,14796
FN:1247,BorrowerOperations.checkBatchManagerExists
FNDA:0,BorrowerOperations.checkBatchManagerExists
DA:1248,0
FN:1253,BorrowerOperations._requireIsNotShutDown
FNDA:269277,BorrowerOperations._requireIsNotShutDown
DA:1254,30254
BRDA:1254,38,0,30254
DA:1255,30254
FN:1259,BorrowerOperations._requireIsShutDown
FNDA:0,BorrowerOperations._requireIsShutDown
DA:1260,0
BRDA:1260,39,0,-
DA:1261,0
FN:1265,BorrowerOperations._requireNonZeroAdjustment
FNDA:4328,BorrowerOperations._requireNonZeroAdjustment
DA:1267,4328
DA:1268,639
DA:1269,151
BRDA:1269,40,0,151
DA:1270,151
FN:1274,BorrowerOperations._requireSenderIsOwnerOrInterestManager
FNDA:2997,BorrowerOperations._requireSenderIsOwnerOrInterestManager
DA:1275,2997
BRDA:1275,41,0,-
DA:1276,0
FN:1280,BorrowerOperations._requireIsNotInBatch
FNDA:30190,BorrowerOperations._requireIsNotInBatch
DA:1281,30190
BRDA:1281,42,0,2706
DA:1282,2706
FN:1286,BorrowerOperations._requireIsInBatch
FNDA:4147,BorrowerOperations._requireIsInBatch
DA:1287,4147
DA:1288,4147
BRDA:1288,43,0,2655
DA:1289,2655
DA:1292,1492
FN:1295,BorrowerOperations._requireInterestRateInDelegateRange
FNDA:2997,BorrowerOperations._requireInterestRateInDelegateRange
DA:1296,2997
DA:1297,2997
BRDA:1297,44,0,-
DA:1298,0
FN:1304,BorrowerOperations._requireInterestRateInBatchManagerRange
FNDA:7599,BorrowerOperations._requireInterestRateInBatchManagerRange
DA:1308,7599
DA:1309,7599
FN:1314,BorrowerOperations._requireInterestRateInRange
FNDA:25714,BorrowerOperations._requireInterestRateInRange
DA:1319,25714
BRDA:1319,45,0,730
DA:1320,730
FN:1324,BorrowerOperations._requireInterestRateChangePeriodPassed
FNDA:7425,BorrowerOperations._requireInterestRateChangePeriodPassed
DA:1328,7425
DA:1329,7425
BRDA:1329,46,0,3833
DA:1330,3833
FN:1334,BorrowerOperations._requireTroveIsOpen
FNDA:36274,BorrowerOperations._requireTroveIsOpen
DA:1335,36274
DA:1336,36274
BRDA:1336,47,0,22204
DA:1337,22204
FN:1341,BorrowerOperations._requireTroveIsActive
FNDA:73923,BorrowerOperations._requireTroveIsActive
DA:1342,73923
DA:1343,73923
BRDA:1343,48,0,58324
DA:1344,58324
FN:1348,BorrowerOperations._requireTroveIsUnredeemable
FNDA:14911,BorrowerOperations._requireTroveIsUnredeemable
DA:1349,14911
BRDA:1349,49,0,14294
DA:1350,14294
FN:1354,BorrowerOperations._checkTroveIsUnredeemable
FNDA:19610,BorrowerOperations._checkTroveIsUnredeemable
DA:1355,19610
DA:1356,19610
FN:1359,BorrowerOperations._requireTroveIsNotOpen
FNDA:36172,BorrowerOperations._requireTroveIsNotOpen
DA:1360,36172
DA:1361,36172
BRDA:1361,50,0,6270
DA:1362,6270
FN:1366,BorrowerOperations._requireUserAcceptsUpfrontFee
FNDA:34467,BorrowerOperations._requireUserAcceptsUpfrontFee
DA:1367,34467
BRDA:1367,51,0,-
DA:1368,0
FN:1372,BorrowerOperations._requireNotBelowCriticalThreshold
FNDA:43535,BorrowerOperations._requireNotBelowCriticalThreshold
DA:1373,43535
BRDA:1373,52,0,7363
DA:1374,7363
FN:1378,BorrowerOperations._requireNoBorrowing
FNDA:386,BorrowerOperations._requireNoBorrowing
DA:1379,386
BRDA:1379,53,0,94
DA:1380,94
FN:1384,BorrowerOperations._requireValidAdjustmentInCurrentMode
FNDA:3790,BorrowerOperations._requireValidAdjustmentInCurrentMode
DA:1401,3790
DA:1403,386
BRDA:1403,54,0,386
BRDA:1403,54,1,2524
DA:1404,386
DA:1405,292
DA:1408,2524
DA:1409,2524
FN:1413,BorrowerOperations._requireICRisAboveMCR
FNDA:21861,BorrowerOperations._requireICRisAboveMCR
DA:1414,21861
BRDA:1414,55,0,1536
DA:1415,1536
FN:1419,BorrowerOperations._requireDebtRepaymentGeCollWithdrawal
FNDA:292,BorrowerOperations._requireDebtRepaymentGeCollWithdrawal
DA:1420,64
BRDA:1420,56,0,64
DA:1421,64
FN:1425,BorrowerOperations._requireNewTCRisAboveCCR
FNDA:22288,BorrowerOperations._requireNewTCRisAboveCCR
DA:1426,22288
BRDA:1426,57,0,1739
DA:1427,1739
FN:1431,BorrowerOperations._requireAtLeastMinDebt
FNDA:34070,BorrowerOperations._requireAtLeastMinDebt
DA:1432,34070
BRDA:1432,58,0,15277
DA:1433,15277
FN:1437,BorrowerOperations._requireValidCollWithdrawal
FNDA:1474,BorrowerOperations._requireValidCollWithdrawal
DA:1438,1474
BRDA:1438,59,0,9
DA:1439,9
FN:1443,BorrowerOperations._requireSufficientBoldBalance
FNDA:6123,BorrowerOperations._requireSufficientBoldBalance
DA:1447,6123
BRDA:1447,60,0,2832
DA:1448,2832
FN:1452,BorrowerOperations._requireValidAnnualInterestRate
FNDA:101973,BorrowerOperations._requireValidAnnualInterestRate
DA:1453,101973
BRDA:1453,61,0,943
DA:1454,943
DA:1456,101030
BRDA:1456,62,0,889
DA:1457,889
FN:1461,BorrowerOperations._requireAnnualInterestRateIsNew
FNDA:2597,BorrowerOperations._requireAnnualInterestRateIsNew
DA:1465,2597
BRDA:1465,63,0,-
DA:1466,0
FN:1470,BorrowerOperations._requireValidInterestBatchManager
FNDA:90041,BorrowerOperations._requireValidInterestBatchManager
DA:1471,90041
BRDA:1471,64,0,54083
DA:1472,54083
FN:1476,BorrowerOperations._requireNonExistentInterestBatchManager
FNDA:26724,BorrowerOperations._requireNonExistentInterestBatchManager
DA:1477,26724
BRDA:1477,65,0,7286
DA:1478,7286
FN:1482,BorrowerOperations._requireNewInterestBatchManager
FNDA:0,BorrowerOperations._requireNewInterestBatchManager
DA:1486,0
BRDA:1486,66,0,-
DA:1487,0
FN:1491,BorrowerOperations._requireCallerIsTroveManager
FNDA:1061,BorrowerOperations._requireCallerIsTroveManager
DA:1492,1061
BRDA:1492,67,0,-
DA:1493,0
FN:1497,BorrowerOperations._requireCallerIsPriceFeed
FNDA:0,BorrowerOperations._requireCallerIsPriceFeed
DA:1498,0
BRDA:1498,68,0,-
DA:1499,0
FN:1503,BorrowerOperations._requireOraclesLive
FNDA:51155,BorrowerOperations._requireOraclesLive
DA:1504,51155
DA:1505,0
BRDA:1505,69,0,-
DA:1506,0
DA:1509,51155
FN:1514,BorrowerOperations._getNewTCRFromTroveChange
FNDA:22374,BorrowerOperations._getNewTCRFromTroveChange
DA:1519,22374
DA:1520,22374
DA:1521,22374
DA:1523,22374
DA:1524,22374
DA:1525,22374
DA:1526,22374
DA:1528,22374
FNF:71
FNH:60
LF:514
LH:482
BRF:82
BRH:70
end_of_record
TN:
SF:src/CollSurplusPool.sol
FN:32,CollSurplusPool.
FNDA:9,CollSurplusPool.
DA:33,9
DA:34,9
DA:35,9
DA:37,9
DA:38,9
FN:43,CollSurplusPool.getCollBalance
FNDA:0,CollSurplusPool.getCollBalance
DA:44,0
FN:47,CollSurplusPool.getCollateral
FNDA:0,CollSurplusPool.getCollateral
DA:48,0
FN:53,CollSurplusPool.accountSurplus
FNDA:50,CollSurplusPool.accountSurplus
DA:54,50
DA:56,50
DA:57,50
DA:58,50
DA:60,50
FN:63,CollSurplusPool.claimColl
FNDA:0,CollSurplusPool.claimColl
DA:64,0
DA:65,0
DA:66,0
BRDA:66,0,0,-
BRDA:66,0,1,-
DA:68,0
DA:69,0
DA:71,0
DA:72,0
DA:74,0
FN:79,CollSurplusPool._requireCallerIsBorrowerOperations
FNDA:0,CollSurplusPool._requireCallerIsBorrowerOperations
DA:80,0
BRDA:80,1,0,-
BRDA:80,1,1,-
FN:83,CollSurplusPool._requireCallerIsTroveManager
FNDA:50,CollSurplusPool._requireCallerIsTroveManager
DA:84,50
BRDA:84,2,0,-
BRDA:84,2,1,50
FNF:7
FNH:3
LF:22
LH:11
BRF:6
BRH:1
end_of_record
TN:
SF:src/CollateralRegistry.sol
FN:54,CollateralRegistry.
FNDA:9,CollateralRegistry.
DA:55,9
DA:56,9
BRDA:56,0,0,-
BRDA:56,0,1,9
DA:57,9
BRDA:57,1,0,-
BRDA:57,1,1,9
DA:58,9
DA:60,9
DA:62,9
DA:63,9
DA:64,9
DA:65,9
DA:66,9
DA:67,9
DA:68,9
DA:69,9
DA:70,9
DA:71,9
DA:73,9
DA:74,9
DA:75,9
DA:76,9
DA:77,9
DA:78,9
DA:79,9
DA:80,9
DA:81,9
DA:82,9
DA:85,9
DA:86,9
FN:96,CollateralRegistry.redeemCollateral
FNDA:31168,CollateralRegistry.redeemCollateral
DA:99,31168
DA:100,31168
DA:101,21789
DA:103,21789
DA:105,21789
DA:106,21789
DA:107,21789
DA:109,21789
DA:115,21789
DA:116,21789
DA:117,21789
BRDA:117,2,0,-
BRDA:117,2,1,21789
DA:122,21789
DA:123,21789
DA:124,21789
DA:125,21789
DA:126,21789
DA:127,17355
BRDA:127,3,0,17355
DA:128,17355
DA:129,17355
DA:135,21789
BRDA:135,4,0,4434
DA:136,4434
DA:137,4434
DA:138,4434
DA:139,4434
DA:140,0
BRDA:140,5,0,-
DA:141,0
DA:142,0
DA:143,0
DA:149,21789
DA:151,21789
BRDA:151,6,0,17355
DA:152,17355
DA:153,17355
BRDA:153,7,0,17355
DA:154,17355
DA:155,17355
DA:158,17355
DA:163,21789
DA:166,21789
BRDA:166,8,0,16651
DA:167,16651
FN:174,CollateralRegistry._updateLastFeeOpTime
FNDA:21789,CollateralRegistry._updateLastFeeOpTime
DA:175,21789
DA:177,21789
BRDA:177,9,0,11016
DA:178,11016
DA:179,11016
FN:183,CollateralRegistry._minutesPassedSinceLastFeeOp
FNDA:43578,CollateralRegistry._minutesPassedSinceLastFeeOp
DA:184,43578
FN:188,CollateralRegistry._updateBaseRateAndGetRedemptionRate
FNDA:21789,CollateralRegistry._updateBaseRateAndGetRedemptionRate
DA:189,21789
DA:194,21789
DA:195,21789
DA:197,21789
FN:206,CollateralRegistry._getUpdatedBaseRateFromRedemption
FNDA:43578,CollateralRegistry._getUpdatedBaseRateFromRedemption
DA:212,43578
DA:215,43578
DA:217,43578
DA:218,43578
DA:220,43578
FN:223,CollateralRegistry._calcDecayedBaseRate
FNDA:43578,CollateralRegistry._calcDecayedBaseRate
DA:224,43578
DA:225,43578
DA:227,43578
FN:230,CollateralRegistry._calcRedemptionRate
FNDA:21789,CollateralRegistry._calcRedemptionRate
DA:231,21789
FN:237,CollateralRegistry._calcRedemptionFee
FNDA:0,CollateralRegistry._calcRedemptionFee
DA:238,0
DA:239,0
FN:244,CollateralRegistry.getRedemptionRate
FNDA:0,CollateralRegistry.getRedemptionRate
DA:245,0
FN:248,CollateralRegistry.getRedemptionRateWithDecay
FNDA:0,CollateralRegistry.getRedemptionRateWithDecay
DA:249,0
FN:252,CollateralRegistry.getRedemptionRateForRedeemedAmount
FNDA:0,CollateralRegistry.getRedemptionRateForRedeemedAmount
DA:253,0
DA:254,0
DA:255,0
FN:258,CollateralRegistry.getRedemptionFeeWithDecay
FNDA:0,CollateralRegistry.getRedemptionFeeWithDecay
DA:259,0
FN:262,CollateralRegistry.getEffectiveRedemptionFeeInBold
FNDA:0,CollateralRegistry.getEffectiveRedemptionFeeInBold
DA:263,0
DA:264,0
DA:265,0
FN:270,CollateralRegistry.getToken
FNDA:0,CollateralRegistry.getToken
DA:271,0
BRDA:271,10,0,-
BRDA:271,10,1,-
DA:272,0
BRDA:272,11,0,-
BRDA:272,11,1,-
DA:273,0
BRDA:273,12,0,-
BRDA:273,12,1,-
DA:274,0
BRDA:274,13,0,-
BRDA:274,13,1,-
DA:275,0
BRDA:275,14,0,-
BRDA:275,14,1,-
DA:276,0
BRDA:276,15,0,-
BRDA:276,15,1,-
DA:277,0
BRDA:277,16,0,-
BRDA:277,16,1,-
DA:278,0
BRDA:278,17,0,-
BRDA:278,17,1,-
DA:279,0
BRDA:279,18,0,-
BRDA:279,18,1,-
DA:280,0
BRDA:280,19,0,-
BRDA:280,19,1,-
DA:281,0
FN:284,CollateralRegistry.getTroveManager
FNDA:159336,CollateralRegistry.getTroveManager
DA:285,202914
BRDA:285,20,0,202914
BRDA:285,20,1,-
DA:286,0
BRDA:286,21,0,-
BRDA:286,21,1,-
DA:287,0
BRDA:287,22,0,-
BRDA:287,22,1,-
DA:288,0
BRDA:288,23,0,-
BRDA:288,23,1,-
DA:289,0
BRDA:289,24,0,-
BRDA:289,24,1,-
DA:290,0
BRDA:290,25,0,-
BRDA:290,25,1,-
DA:291,0
BRDA:291,26,0,-
BRDA:291,26,1,-
DA:292,0
BRDA:292,27,0,-
BRDA:292,27,1,-
DA:293,0
BRDA:293,28,0,-
BRDA:293,28,1,-
DA:294,0
BRDA:294,29,0,-
BRDA:294,29,1,-
DA:295,0
FN:300,CollateralRegistry._requireValidMaxFeePercentage
FNDA:31168,CollateralRegistry._requireValidMaxFeePercentage
DA:301,31168
BRDA:301,30,0,-
BRDA:301,30,1,31168
FN:307,CollateralRegistry._requireAmountGreaterThanZero
FNDA:31168,CollateralRegistry._requireAmountGreaterThanZero
DA:308,31168
BRDA:308,31,0,9379
BRDA:308,31,1,21789
FN:311,CollateralRegistry._requireBoldBalanceCoversRedemption
FNDA:21789,CollateralRegistry._requireBoldBalanceCoversRedemption
DA:315,21789
DA:317,21789
BRDA:317,32,0,-
BRDA:317,32,1,21789
DA:318,21789
BRDA:318,33,0,-
BRDA:318,33,1,21789
FNF:19
FNH:12
LF:121
LH:85
BRF:61
BRH:15
end_of_record
TN:
SF:src/DefaultPool.sol
FN:38,DefaultPool.
FNDA:9,DefaultPool.
DA:39,9
DA:40,9
DA:41,9
DA:43,9
DA:44,9
DA:45,9
DA:48,9
FN:58,DefaultPool.getCollBalance
FNDA:288400,DefaultPool.getCollBalance
DA:59,288400
FN:62,DefaultPool.getBoldDebt
FNDA:348260,DefaultPool.getBoldDebt
DA:63,348260
FN:68,DefaultPool.sendCollToActivePool
FNDA:617,DefaultPool.sendCollToActivePool
DA:69,617
DA:70,617
DA:71,617
DA:72,617
DA:73,617
DA:76,617
FN:79,DefaultPool.receiveColl
FNDA:687,DefaultPool.receiveColl
DA:80,687
DA:82,687
DA:83,687
DA:86,687
DA:88,687
FN:91,DefaultPool.increaseBoldDebt
FNDA:687,DefaultPool.increaseBoldDebt
DA:92,687
DA:93,687
DA:94,687
FN:97,DefaultPool.decreaseBoldDebt
FNDA:617,DefaultPool.decreaseBoldDebt
DA:98,617
DA:99,617
DA:100,617
FN:105,DefaultPool._requireCallerIsActivePool
FNDA:687,DefaultPool._requireCallerIsActivePool
DA:106,687
BRDA:106,0,0,-
BRDA:106,0,1,687
FN:109,DefaultPool._requireCallerIsTroveManager
FNDA:1921,DefaultPool._requireCallerIsTroveManager
DA:110,1921
BRDA:110,1,0,-
BRDA:110,1,1,1921
FNF:9
FNH:9
LF:28
LH:28
BRF:4
BRH:2
end_of_record
TN:
SF:src/Dependencies/AddRemoveManagers.sol
FN:43,AddRemoveManagers.
FNDA:18,AddRemoveManagers.
DA:44,18
DA:45,18
FN:48,AddRemoveManagers.setAddManager
FNDA:0,AddRemoveManagers.setAddManager
DA:49,0
DA:50,0
FN:53,AddRemoveManagers._setAddManager
FNDA:13575,AddRemoveManagers._setAddManager
DA:54,13575
FN:57,AddRemoveManagers.setRemoveManager
FNDA:0,AddRemoveManagers.setRemoveManager
DA:58,0
FN:61,AddRemoveManagers.setRemoveManagerWithReceiver
FNDA:0,AddRemoveManagers.setRemoveManagerWithReceiver
DA:62,0
DA:63,0
FN:66,AddRemoveManagers._setRemoveManagerAndReceiver
FNDA:13575,AddRemoveManagers._setRemoveManagerAndReceiver
DA:67,13575
DA:68,13575
DA:69,13575
FN:72,AddRemoveManagers._requireNonZeroManagerUnlessWiping
FNDA:13575,AddRemoveManagers._requireNonZeroManagerUnlessWiping
DA:73,13575
BRDA:73,0,0,-
DA:74,0
FN:78,AddRemoveManagers._requireCallerIsBorrower
FNDA:8700,AddRemoveManagers._requireCallerIsBorrower
DA:79,8700
BRDA:79,1,0,-
DA:80,0
FN:84,AddRemoveManagers._requireSenderIsOwnerOrAddManager
FNDA:2287,AddRemoveManagers._requireSenderIsOwnerOrAddManager
DA:85,2287
DA:86,2287
BRDA:86,2,0,-
DA:87,0
FN:91,AddRemoveManagers._requireSenderIsOwnerOrRemoveManagerAndGetReceiver
FNDA:7488,AddRemoveManagers._requireSenderIsOwnerOrRemoveManagerAndGetReceiver
DA:96,7488
DA:97,7488
DA:98,7488
BRDA:98,3,0,-
DA:99,0
DA:101,7488
BRDA:101,4,0,7488
DA:102,7488
DA:104,0
FNF:10
FNH:7
LF:25
LH:15
BRF:5
BRH:1
end_of_record
TN:
SF:src/Dependencies/LiquityBase.sol
FN:28,LiquityBase.
FNDA:27,LiquityBase.
DA:29,27
DA:30,27
DA:31,27
DA:33,27
DA:34,27
DA:35,27
FN:39,LiquityBase.getEntireSystemColl
FNDA:164574,LiquityBase.getEntireSystemColl
DA:40,287524
DA:41,287524
DA:43,287524
FN:46,LiquityBase.getEntireSystemDebt
FNDA:199087,LiquityBase.getEntireSystemDebt
DA:47,348260
DA:48,348260
DA:50,348260
FN:53,LiquityBase._getTCR
FNDA:74086,LiquityBase._getTCR
DA:54,74086
DA:55,74086
DA:57,74086
DA:59,74086
FN:62,LiquityBase._checkBelowCriticalThreshold
FNDA:47863,LiquityBase._checkBelowCriticalThreshold
DA:63,47863
DA:65,47863
FN:68,LiquityBase._calcInterest
FNDA:1424769,LiquityBase._calcInterest
DA:69,1424769
FNF:6
FNH:6
LF:19
LH:19
BRF:0
BRH:0
end_of_record
TN:
SF:src/Dependencies/LiquityMath.sol
FN:8,LiquityMath._min
FNDA:97122,LiquityMath._min
DA:9,97122
FN:12,LiquityMath._max
FNDA:60181,LiquityMath._max
DA:13,60181
FN:16,LiquityMath._sub_min_0
FNDA:0,LiquityMath._sub_min_0
DA:17,0
FN:27,LiquityMath.decMul
FNDA:543232,LiquityMath.decMul
DA:28,543232
DA:30,543232
FN:51,LiquityMath._decPow
FNDA:43578,LiquityMath._decPow
DA:52,43578
BRDA:52,0,0,-
DA:54,43578
DA:56,22032
DA:57,22032
DA:58,22032
DA:61,372644
DA:62,350612
BRDA:62,2,0,180024
BRDA:62,2,1,170588
DA:63,180024
DA:64,180024
DA:67,170588
DA:68,170588
DA:69,170588
DA:73,22032
FN:76,LiquityMath._getAbsoluteDifference
FNDA:0,LiquityMath._getAbsoluteDifference
DA:77,0
FN:80,LiquityMath._computeCR
FNDA:183681,LiquityMath._computeCR
DA:81,183681
BRDA:81,3,0,163010
BRDA:81,3,1,20671
DA:82,163010
DA:84,163010
DA:89,20671
FNF:7
FNH:5
LF:23
LH:21
BRF:5
BRH:4
end_of_record
TN:
SF:src/Dependencies/Ownable.sol
FN:25,Ownable.
FNDA:18,Ownable.
DA:26,18
DA:27,18
FN:33,Ownable.owner
FNDA:0,Ownable.owner
DA:34,0
FN:40,Ownable.onlyOwner
FNDA:18,Ownable.onlyOwner
DA:41,18
BRDA:41,0,0,-
BRDA:41,0,1,18
FN:48,Ownable.isOwner
FNDA:0,Ownable.isOwner
DA:49,27
FN:62,Ownable._renounceOwnership
FNDA:18,Ownable._renounceOwnership
DA:63,18
DA:64,18
FNF:5
FNH:3
LF:7
LH:6
BRF:2
BRH:1
end_of_record
TN:
SF:src/GasPool.sol
FN:19,GasPool.
FNDA:9,GasPool.
DA:20,9
DA:21,9
DA:22,9
DA:25,9
DA:27,9
FNF:1
FNH:1
LF:5
LH:5
BRF:0
BRH:0
end_of_record
TN:
SF:src/HintHelpers.sol
FN:17,HintHelpers.
FNDA:9,HintHelpers.
DA:18,9
FN:30,HintHelpers.getApproxHint
FNDA:0,HintHelpers.getApproxHint
DA:35,0
DA:36,0
DA:38,0
DA:40,0
BRDA:40,0,0,-
DA:41,0
DA:44,0
DA:45,0
DA:46,0
DA:48,0
DA:49,0
DA:51,0
DA:52,0
DA:55,0
DA:57,0
DA:60,0
DA:62,0
BRDA:62,2,0,-
DA:63,0
DA:64,0
FN:69,HintHelpers._calcUpfrontFee
FNDA:93723,HintHelpers._calcUpfrontFee
DA:70,93723
FN:73,HintHelpers.predictOpenTroveUpfrontFee
FNDA:31498,HintHelpers.predictOpenTroveUpfrontFee
DA:78,31498
DA:79,31498
DA:81,31498
DA:82,31498
DA:83,31498
DA:85,31498
DA:86,31498
FN:89,HintHelpers.predictAdjustInterestRateUpfrontFee
FNDA:29405,HintHelpers.predictAdjustInterestRateUpfrontFee
DA:94,29405
DA:95,29405
DA:96,29405
DA:98,29405
BRDA:98,3,0,21576
DA:99,21576
DA:102,7829
FN:105,HintHelpers.forcePredictAdjustInterestRateUpfrontFee
FNDA:0,HintHelpers.forcePredictAdjustInterestRateUpfrontFee
DA:110,0
DA:111,0
DA:112,0
DA:114,0
FN:117,HintHelpers._predictAdjustInterestRateUpfrontFee
FNDA:7829,HintHelpers._predictAdjustInterestRateUpfrontFee
DA:122,7829
DA:123,7829
DA:124,7829
DA:125,7829
DA:127,7829
DA:128,7829
FN:131,HintHelpers.predictAdjustTroveUpfrontFee
FNDA:30406,HintHelpers.predictAdjustTroveUpfrontFee
DA:136,30406
DA:138,5236
DA:139,5236
DA:140,5236
DA:141,5236
DA:143,5236
DA:144,5236
DA:145,5236
DA:147,5236
BRDA:147,5,0,4764
BRDA:147,5,1,472
DA:148,4764
DA:149,4764
DA:151,472
DA:152,472
DA:153,472
DA:156,472
DA:159,5236
DA:160,5236
FN:163,HintHelpers.predictAdjustBatchInterestRateUpfrontFee
FNDA:31168,HintHelpers.predictAdjustBatchInterestRateUpfrontFee
DA:168,31168
DA:169,31168
DA:170,31168
DA:172,31168
BRDA:172,6,0,21896
DA:173,21896
DA:176,9272
DA:177,9272
DA:178,9272
DA:179,9272
DA:181,9272
DA:182,9272
FN:185,HintHelpers.predictOpenTroveAndJoinBatchUpfrontFee
FNDA:31155,HintHelpers.predictOpenTroveAndJoinBatchUpfrontFee
DA:190,31155
DA:191,31155
DA:192,31155
DA:194,31155
DA:195,31155
DA:196,31155
DA:197,31155
DA:198,31155
DA:201,31155
DA:202,31155
FN:205,HintHelpers.predictJoinBatchInterestRateUpfrontFee
FNDA:29020,HintHelpers.predictJoinBatchInterestRateUpfrontFee
DA:210,29020
DA:211,29020
DA:212,29020
DA:213,29020
DA:215,29020
BRDA:215,7,0,21252
DA:216,21252
DA:219,7768
FN:222,HintHelpers.forcePredictJoinBatchInterestRateUpfrontFee
FNDA:0,HintHelpers.forcePredictJoinBatchInterestRateUpfrontFee
DA:227,0
DA:228,0
DA:229,0
DA:230,0
DA:232,0
FN:235,HintHelpers._predictJoinBatchInterestRateUpfrontFee
FNDA:7768,HintHelpers._predictJoinBatchInterestRateUpfrontFee
DA:240,7768
DA:241,7768
DA:242,7768
DA:243,7768
DA:244,7768
DA:247,7768
DA:248,7768
FN:251,HintHelpers.predictRemoveFromBatchUpfrontFee
FNDA:1854,HintHelpers.predictRemoveFromBatchUpfrontFee
DA:256,1854
DA:257,1854
DA:258,1854
DA:259,1854
DA:260,1854
DA:263,1854
DA:264,1854
DA:265,889
BRDA:265,8,0,889
DA:266,889
DA:269,965
DA:270,965
DA:271,965
DA:272,965
DA:273,965
DA:277,965
DA:278,965
FNF:14
FNH:11
LF:116
LH:89
BRF:8
BRH:6
end_of_record
TN:
SF:src/MultiTroveGetter.sol
FN:13,MultiTroveGetter.
FNDA:9,MultiTroveGetter.
DA:14,9
FN:17,MultiTroveGetter.getMultipleSortedTroves
FNDA:0,MultiTroveGetter.getMultipleSortedTroves
DA:22,0
DA:23,0
BRDA:23,0,0,-
BRDA:23,0,1,-
DA:25,0
DA:26,0
BRDA:26,1,0,-
BRDA:26,1,1,-
DA:28,0
DA:29,0
DA:31,0
BRDA:31,2,0,-
BRDA:31,2,1,-
DA:32,0
DA:33,0
DA:35,0
DA:36,0
DA:39,0
DA:41,0
BRDA:41,3,0,-
BRDA:41,3,1,-
DA:42,0
DA:44,0
DA:46,0
BRDA:46,4,0,-
DA:47,0
DA:50,0
BRDA:50,5,0,-
BRDA:50,5,1,-
DA:51,0
DA:53,0
FN:58,MultiTroveGetter._getOneTrove
FNDA:0,MultiTroveGetter._getOneTrove
DA:59,0
DA:61,0
DA:74,0
FN:77,MultiTroveGetter._getMultipleSortedTrovesFromHead
FNDA:0,MultiTroveGetter._getMultipleSortedTrovesFromHead
DA:83,0
DA:85,0
DA:86,0
DA:89,0
DA:91,0
DA:92,0
DA:93,0
FN:97,MultiTroveGetter._getMultipleSortedTrovesFromTail
FNDA:0,MultiTroveGetter._getMultipleSortedTrovesFromTail
DA:103,0
DA:105,0
DA:106,0
DA:109,0
DA:111,0
DA:112,0
DA:113,0
FN:117,MultiTroveGetter.getDebtPerInterestRateAscending
FNDA:0,MultiTroveGetter.getDebtPerInterestRateAscending
DA:122,0
DA:123,0
BRDA:123,6,0,-
BRDA:123,6,1,-
DA:125,0
DA:126,0
BRDA:126,7,0,-
BRDA:126,7,1,-
DA:128,0
DA:129,0
DA:131,0
DA:132,0
DA:134,0
DA:135,0
DA:136,0
DA:137,0
DA:138,0
DA:140,0
FNF:6
FNH:1
LF:52
LH:1
BRF:15
BRH:0
end_of_record
TN:
SF:src/NFTMetadata/MetadataNFT.sol
FN:33,MetadataNFT.
FNDA:9,MetadataNFT.
DA:34,9
FN:37,MetadataNFT.uri
FNDA:0,MetadataNFT.uri
DA:38,0
FN:41,MetadataNFT.renderSVGImage
FNDA:0,MetadataNFT.renderSVGImage
DA:42,0
FN:48,MetadataNFT.dynamicTextComponents
FNDA:0,MetadataNFT.dynamicTextComponents
DA:49,0
DA:50,0
DA:52,0
FN:61,MetadataNFT._status2Str
FNDA:0,MetadataNFT._status2Str
DA:62,0
DA:63,0
DA:64,0
DA:65,0
DA:66,0
FNF:5
FNH:1
LF:11
LH:1
BRF:0
BRH:0
end_of_record
TN:
SF:src/NFTMetadata/utils/FixedAssets.sol
FN:16,FixedAssetReader.readAsset
FNDA:0,FixedAssetReader.readAsset
DA:17,0
FN:20,FixedAssetReader.
FNDA:0,FixedAssetReader.
DA:21,0
DA:22,0
BRDA:22,0,0,-
BRDA:22,0,1,-
DA:23,0
DA:24,0
FNF:2
FNH:0
LF:5
LH:0
BRF:2
BRH:0
end_of_record
TN:
SF:src/NFTMetadata/utils/JSON.sol
FN:13,json.formattedMetadata
FNDA:0,json.formattedMetadata
DA:18,0
FN:28,json._xmlImage
FNDA:0,json._xmlImage
DA:29,0
FN:32,json._prop
FNDA:0,json._prop
DA:33,0
FN:36,json._prop
FNDA:0,json._prop
DA:37,0
BRDA:37,0,0,-
BRDA:37,0,1,-
DA:38,0
DA:40,0
FN:44,json._object
FNDA:0,json._object
DA:45,0
FN:57,json.encode
FNDA:0,json.encode
DA:62,0
DA:65,0
DA:73,0
DA:77,0
DA:80,0
DA:86,0
DA:88,0
DA:89,0
DA:99,0
DA:100,0
DA:102,0
DA:103,0
DA:105,0
DA:106,0
DA:108,0
DA:109,0
DA:115,0
DA:116,0
DA:117,0
DA:119,0
DA:122,0
FNF:6
FNH:0
LF:28
LH:0
BRF:2
BRH:0
end_of_record
TN:
SF:src/NFTMetadata/utils/SVG.sol
FN:16,svg.g
FNDA:0,svg.g
DA:17,0
FN:20,svg._svg
FNDA:0,svg._svg
DA:21,0
FN:24,svg.style
FNDA:0,svg.style
DA:25,0
FN:28,svg.path
FNDA:0,svg.path
DA:29,0
FN:32,svg.path
FNDA:0,svg.path
DA:33,0
FN:36,svg.path
FNDA:0,svg.path
DA:41,0
FN:44,svg.text
FNDA:0,svg.text
DA:45,0
FN:48,svg.line
FNDA:0,svg.line
DA:49,0
FN:52,svg.line
FNDA:0,svg.line
DA:53,0
FN:56,svg.circle
FNDA:0,svg.circle
DA:57,0
FN:60,svg.circle
FNDA:0,svg.circle
DA:61,0
FN:64,svg.circle
FNDA:0,svg.circle
DA:65,0
FN:68,svg.circle
FNDA:0,svg.circle
DA:73,0
FN:76,svg.circle
FNDA:0,svg.circle
DA:81,0
FN:84,svg.ellipse
FNDA:0,svg.ellipse
DA:85,0
FN:88,svg.ellipse
FNDA:0,svg.ellipse
DA:89,0
FN:92,svg.polygon
FNDA:0,svg.polygon
DA:93,0
FN:96,svg.polygon
FNDA:0,svg.polygon
DA:97,0
FN:100,svg.polyline
FNDA:0,svg.polyline
DA:101,0
FN:104,svg.polyline
FNDA:0,svg.polyline
DA:105,0
FN:108,svg.rect
FNDA:0,svg.rect
DA:109,0
FN:112,svg.rect
FNDA:0,svg.rect
DA:113,0
FN:116,svg.filter
FNDA:0,svg.filter
DA:117,0
FN:120,svg.cdata
FNDA:0,svg.cdata
DA:121,0
FN:125,svg.radialGradient
FNDA:0,svg.radialGradient
DA:126,0
FN:129,svg.linearGradient
FNDA:0,svg.linearGradient
DA:130,0
FN:133,svg.gradientStop
FNDA:0,svg.gradientStop
DA:138,0
FN:152,svg.animateTransform
FNDA:0,svg.animateTransform
DA:153,0
FN:156,svg.animate
FNDA:0,svg.animate
DA:157,0
FN:162,svg.el
FNDA:0,svg.el
DA:167,0
FN:171,svg.el
FNDA:0,svg.el
DA:172,0
FN:176,svg.prop
FNDA:0,svg.prop
DA:177,0
FN:180,svg.prop
FNDA:0,svg.prop
DA:181,0
BRDA:181,0,0,-
BRDA:181,0,1,-
DA:182,0
DA:184,0
FNF:33
FNH:0
LF:35
LH:0
BRF:2
BRH:0
end_of_record
TN:
SF:src/NFTMetadata/utils/Utils.sol
FN:7,numUtils.toLocale
FNDA:0,numUtils.toLocale
DA:8,0
DA:9,0
DA:10,0
DA:12,0
DA:14,0
DA:16,0
DA:17,0
DA:18,0
DA:19,0
DA:20,0
DA:21,0
DA:22,0
BRDA:22,1,0,-
DA:23,0
DA:24,0
DA:28,0
FN:32,numUtils.toLocaleString
FNDA:0,numUtils.toLocaleString
DA:33,0
DA:34,0
DA:36,0
DA:38,0
BRDA:38,2,0,-
DA:39,0
DA:42,0
DA:44,0
FN:54,utils.setCssVar
FNDA:0,utils.setCssVar
DA:55,0
FN:59,utils.getCssVar
FNDA:0,utils.getCssVar
DA:60,0
FN:64,utils.getDefURL
FNDA:0,utils.getDefURL
DA:65,0
FN:69,utils.white_a
FNDA:0,utils.white_a
DA:70,0
FN:74,utils.black_a
FNDA:0,utils.black_a
DA:75,0
FN:79,utils.rgba
FNDA:0,utils.rgba
DA:80,0
DA:81,0
FN:94,utils.cssBraces
FNDA:0,utils.cssBraces
DA:95,0
FN:98,utils.cssBraces
FNDA:0,utils.cssBraces
DA:99,0
BRDA:99,0,0,-
BRDA:99,0,1,-
DA:101,0
DA:103,0
DA:105,0
DA:106,0
DA:109,0
FN:113,utils.points
FNDA:0,utils.points
DA:114,0
BRDA:114,1,0,-
BRDA:114,1,1,-
DA:116,0
DA:118,0
DA:120,0
DA:121,0
DA:126,0
FN:132,utils.points
FNDA:0,utils.points
DA:133,0
BRDA:133,2,0,-
BRDA:133,2,1,-
DA:135,0
DA:137,0
DA:139,0
DA:140,0
DA:149,0
FN:159,utils.stringsEqual
FNDA:0,utils.stringsEqual
DA:160,0
FN:164,utils.utfStringLength
FNDA:0,utils.utfStringLength
DA:165,0
DA:166,0
DA:168,0
DA:169,0
BRDA:169,3,0,-
BRDA:169,3,1,-
DA:170,0
DA:171,0
BRDA:171,4,0,-
BRDA:171,4,1,-
DA:172,0
DA:173,0
BRDA:173,5,0,-
BRDA:173,5,1,-
DA:174,0
DA:175,0
BRDA:175,6,0,-
BRDA:175,6,1,-
DA:176,0
DA:180,0
DA:183,0
FN:188,utils.toString
FNDA:0,utils.toString
DA:192,0
BRDA:192,7,0,-
DA:193,0
DA:195,0
DA:196,0
DA:197,0
DA:198,0
DA:199,0
DA:201,0
BRDA:201,8,0,-
BRDA:201,8,1,-
DA:202,0
DA:204,0
DA:205,0
DA:207,0
DA:208,0
BRDA:208,9,0,-
DA:209,0
DA:212,0
DA:213,0
DA:214,0
BRDA:214,10,0,-
DA:215,0
DA:216,0
DA:220,0
FNF:15
FNH:0
LF:82
LH:0
BRF:21
BRH:0
end_of_record
TN:
SF:src/NFTMetadata/utils/baseSVG.sol
FN:11,baseSVG._svgProps
FNDA:0,baseSVG._svgProps
DA:12,0
FN:20,baseSVG._baseElements
FNDA:0,baseSVG._baseElements
DA:21,0
FN:37,baseSVG._styles
FNDA:0,baseSVG._styles
DA:38,0
FN:49,baseSVG._leverageLogo
FNDA:0,baseSVG._leverageLogo
DA:50,0
FN:62,baseSVG._boldLogo
FNDA:0,baseSVG._boldLogo
DA:63,0
FN:78,baseSVG._staticTextEls
FNDA:0,baseSVG._staticTextEls
DA:79,0
FN:133,baseSVG._formattedDynamicEl
FNDA:0,baseSVG._formattedDynamicEl
DA:134,0
FN:147,baseSVG._formattedIdEl
FNDA:0,baseSVG._formattedIdEl
DA:148,0
FN:161,baseSVG._formattedAddressEl
FNDA:0,baseSVG._formattedAddressEl
DA:162,0
FN:178,baseSVG._collLogo
FNDA:0,baseSVG._collLogo
DA:179,0
FN:196,baseSVG._statusEl
FNDA:0,baseSVG._statusEl
DA:197,0
FN:205,baseSVG._dynamicTextEls
FNDA:0,baseSVG._dynamicTextEls
DA:210,0
FNF:12
FNH:0
LF:12
LH:0
BRF:0
BRH:0
end_of_record
TN:
SF:src/NFTMetadata/utils/bauhaus.sol
FN:7,bauhaus._bauhaus
FNDA:0,bauhaus._bauhaus
DA:8,0
FN:11,bauhaus._circles
FNDA:0,bauhaus._circles
DA:12,0
FN:29,bauhaus._rects
FNDA:0,bauhaus._rects
DA:30,0
FNF:3
FNH:0
LF:3
LH:0
BRF:0
BRH:0
end_of_record
TN:
SF:src/PriceFeeds/CompositePriceFeed.sol
FN:19,CompositePriceFeed.
FNDA:0,CompositePriceFeed.
DA:28,0
DA:29,0
DA:30,0
DA:31,0
BRDA:31,0,0,-
BRDA:31,0,1,-
DA:34,0
DA:35,0
DA:36,0
DA:39,0
DA:41,0
DA:44,0
BRDA:44,1,0,-
BRDA:44,1,1,-
FN:47,CompositePriceFeed._fetchPrice
FNDA:0,CompositePriceFeed._fetchPrice
DA:48,0
DA:49,0
DA:53,0
BRDA:53,2,0,-
DA:54,0
BRDA:54,3,0,-
DA:57,0
DA:61,0
DA:64,0
DA:67,0
DA:69,0
DA:71,0
FN:75,CompositePriceFeed._getCanonicalRate
FNDA:0,CompositePriceFeed._getCanonicalRate
FNF:3
FNH:0
LF:20
LH:0
BRF:6
BRH:0
end_of_record
TN:
SF:src/PriceFeeds/ETHXPriceFeed.sol
FN:11,ETHXPriceFeed.
FNDA:0,ETHXPriceFeed.
FN:29,ETHXPriceFeed._getCanonicalRate
FNDA:0,ETHXPriceFeed._getCanonicalRate
DA:32,0
DA:36,0
DA:38,0
FNF:2
FNH:0
LF:3
LH:0
BRF:0
BRH:0
end_of_record
TN:
SF:src/PriceFeeds/MainnetPriceFeedBase.sol
FN:35,MainnetPriceFeedBase.
FNDA:0,MainnetPriceFeedBase.
FN:38,MainnetPriceFeedBase.setAddresses
FNDA:0,MainnetPriceFeedBase.setAddresses
DA:39,0
DA:41,0
FN:47,MainnetPriceFeedBase.fetchPrice
FNDA:0,MainnetPriceFeedBase.fetchPrice
DA:48,0
BRDA:48,0,0,-
DA:50,0
FN:56,MainnetPriceFeedBase._fetchPrice
FNDA:0,MainnetPriceFeedBase._fetchPrice
FN:58,MainnetPriceFeedBase._getOracleAnswer
FNDA:0,MainnetPriceFeedBase._getOracleAnswer
DA:59,0
DA:61,0
DA:62,0
DA:64,0
BRDA:64,1,0,-
BRDA:64,1,1,-
DA:65,0
DA:67,0
DA:70,0
FN:73,MainnetPriceFeedBase._disableFeedAndShutDown
FNDA:0,MainnetPriceFeedBase._disableFeedAndShutDown
DA:75,0
DA:77,0
DA:78,0
FN:81,MainnetPriceFeedBase._getCurrentChainlinkResponse
FNDA:0,MainnetPriceFeedBase._getCurrentChainlinkResponse
DA:87,0
DA:89,0
DA:91,0
DA:92,0
DA:93,0
DA:94,0
DA:96,0
DA:97,0
DA:99,0
FN:107,MainnetPriceFeedBase._isValidChainlinkPrice
FNDA:0,MainnetPriceFeedBase._isValidChainlinkPrice
DA:112,0
DA:113,0
FN:117,MainnetPriceFeedBase._scaleChainlinkPriceTo18decimals
FNDA:0,MainnetPriceFeedBase._scaleChainlinkPriceTo18decimals
DA:119,0
FNF:9
FNH:0
LF:26
LH:0
BRF:3
BRH:0
end_of_record
TN:
SF:src/PriceFeeds/OSETHPriceFeed.sol
FN:11,OSETHPriceFeed.
FNDA:0,OSETHPriceFeed.
FN:29,OSETHPriceFeed._getCanonicalRate
FNDA:0,OSETHPriceFeed._getCanonicalRate
DA:31,0
FNF:2
FNH:0
LF:1
LH:0
BRF:0
BRH:0
end_of_record
TN:
SF:src/PriceFeeds/RETHPriceFeed.sol
FN:11,RETHPriceFeed.
FNDA:0,RETHPriceFeed.
FN:29,RETHPriceFeed._getCanonicalRate
FNDA:0,RETHPriceFeed._getCanonicalRate
DA:31,0
FNF:2
FNH:0
LF:1
LH:0
BRF:0
BRH:0
end_of_record
TN:
SF:src/PriceFeeds/WETHPriceFeed.sol
FN:13,WETHPriceFeed.
FNDA:0,WETHPriceFeed.
DA:16,0
DA:17,0
DA:18,0
DA:21,0
BRDA:21,0,0,-
BRDA:21,0,1,-
DA:23,0
DA:26,0
BRDA:26,1,0,-
BRDA:26,1,1,-
FN:29,WETHPriceFeed._fetchPrice
FNDA:0,WETHPriceFeed._fetchPrice
DA:30,0
DA:33,0
BRDA:33,2,0,-
DA:35,0
DA:37,0
FNF:2
FNH:0
LF:10
LH:0
BRF:5
BRH:0
end_of_record
TN:
SF:src/PriceFeeds/WSTETHPriceFeed.sol
FN:13,WSTETHPriceFeed.
FNDA:0,WSTETHPriceFeed.
DA:19,0
DA:20,0
DA:21,0
DA:23,0
DA:26,0
BRDA:26,0,0,-
BRDA:26,0,1,-
DA:28,0
DA:31,0
BRDA:31,1,0,-
BRDA:31,1,1,-
FN:34,WSTETHPriceFeed._fetchPrice
FNDA:0,WSTETHPriceFeed._fetchPrice
DA:35,0
DA:39,0
BRDA:39,2,0,-
DA:42,0
DA:44,0
DA:46,0
FNF:2
FNH:0
LF:12
LH:0
BRF:5
BRH:0
end_of_record
TN:
SF:src/SortedTroves.sol
FN:81,SortedTroves.
FNDA:9,SortedTroves.
DA:83,9
DA:84,9
DA:86,9
DA:87,9
DA:89,9
DA:90,9
FN:96,SortedTroves._insertSliceIntoVerifiedPosition
FNDA:17593,SortedTroves._insertSliceIntoVerifiedPosition
DA:99,17593
DA:100,17593
DA:101,17593
DA:102,17593
FN:105,SortedTroves._insertSlice
FNDA:15951,SortedTroves._insertSlice
DA:113,15951
BRDA:113,0,0,14299
DA:116,14299
DA:119,15951
FN:129,SortedTroves.insert
FNDA:10484,SortedTroves.insert
DA:130,10484
DA:131,10484
BRDA:131,1,0,-
BRDA:131,1,1,10484
DA:132,10484
BRDA:132,2,0,-
BRDA:132,2,1,10484
DA:134,10484
DA:135,10484
DA:136,10484
FN:143,SortedTroves._removeSlice
FNDA:8493,SortedTroves._removeSlice
DA:144,8493
DA:145,8493
FN:152,SortedTroves.remove
FNDA:4829,SortedTroves.remove
DA:153,4829
DA:154,4829
BRDA:154,3,0,-
BRDA:154,3,1,4829
DA:155,4829
BRDA:155,4,0,-
BRDA:155,4,1,4829
DA:157,4829
DA:158,4829
DA:159,4829
FN:162,SortedTroves._reInsertSlice
FNDA:3126,SortedTroves._reInsertSlice
DA:170,3126
BRDA:170,5,0,3021
DA:173,3021
DA:177,3126
BRDA:177,6,0,707
DA:178,707
DA:179,707
FN:190,SortedTroves.reInsert
FNDA:2429,SortedTroves.reInsert
DA:194,2429
DA:195,2429
BRDA:195,7,0,-
BRDA:195,7,1,2429
DA:196,2429
BRDA:196,8,0,-
BRDA:196,8,1,2429
DA:198,2429
FN:209,SortedTroves.insertIntoBatch
FNDA:6402,SortedTroves.insertIntoBatch
DA:216,6402
DA:217,6402
BRDA:217,9,0,-
BRDA:217,9,1,6402
DA:218,6402
BRDA:218,10,0,-
BRDA:218,10,1,6402
DA:219,6402
BRDA:219,11,0,-
BRDA:219,11,1,6402
DA:221,6402
DA:223,6402
BRDA:223,12,0,5467
BRDA:223,12,1,935
DA:224,5467
DA:226,5467
DA:229,935
DA:232,6402
DA:233,6402
DA:234,6402
DA:235,6402
FN:242,SortedTroves.removeFromBatch
FNDA:2957,SortedTroves.removeFromBatch
DA:243,2957
DA:244,2957
DA:246,2957
BRDA:246,13,0,-
BRDA:246,13,1,2957
DA:248,2957
DA:250,2957
BRDA:250,14,0,2329
BRDA:250,14,1,365
DA:252,2329
DA:253,628
BRDA:253,15,0,263
BRDA:253,15,1,365
DA:254,263
DA:255,365
BRDA:255,16,0,350
DA:256,350
DA:259,2957
DA:260,2957
DA:261,2957
FN:271,SortedTroves.reInsertBatch
FNDA:697,SortedTroves.reInsertBatch
DA:275,697
DA:277,697
DA:278,697
BRDA:278,17,0,-
BRDA:278,17,1,697
DA:280,697
FN:286,SortedTroves.contains
FNDA:0,SortedTroves.contains
DA:287,47776
FN:293,SortedTroves.isBatchedNode
FNDA:0,SortedTroves.isBatchedNode
DA:294,7258
FN:297,SortedTroves.isEmptyBatch
FNDA:3565,SortedTroves.isEmptyBatch
DA:298,3565
FN:304,SortedTroves.isEmpty
FNDA:0,SortedTroves.isEmpty
DA:305,0
FN:311,SortedTroves.getSize
FNDA:0,SortedTroves.getSize
DA:312,0
FN:318,SortedTroves.getFirst
FNDA:0,SortedTroves.getFirst
DA:319,0
FN:325,SortedTroves.getLast
FNDA:17355,SortedTroves.getLast
DA:326,17355
FN:333,SortedTroves.getNext
FNDA:0,SortedTroves.getNext
DA:334,0
FN:341,SortedTroves.getPrev
FNDA:37537,SortedTroves.getPrev
DA:342,37537
FN:351,SortedTroves.validInsertPosition
FNDA:0,SortedTroves.validInsertPosition
DA:357,0
FN:360,SortedTroves._validInsertPosition
FNDA:19077,SortedTroves._validInsertPosition
DA:366,19077
DA:369,19077
FN:381,SortedTroves._skipToBatchTail
FNDA:9092,SortedTroves._skipToBatchTail
DA:382,9092
DA:383,9092
FN:386,SortedTroves._skipToBatchHead
FNDA:3632,SortedTroves._skipToBatchHead
DA:387,3632
DA:388,3632
FN:391,SortedTroves._descendOne
FNDA:20065,SortedTroves._descendOne
DA:396,20065
DA:397,12539
BRDA:397,18,0,12539
BRDA:396,18,1,7526
DA:398,12539
DA:400,7526
DA:401,7526
FN:405,SortedTroves._ascendOne
FNDA:6937,SortedTroves._ascendOne
DA:410,6937
DA:411,4781
BRDA:411,19,0,4781
BRDA:410,19,1,2156
DA:412,4781
DA:414,2156
DA:415,2156
FN:425,SortedTroves._descendList
FNDA:12518,SortedTroves._descendList
DA:430,12518
DA:432,20034
DA:433,12518
FN:442,SortedTroves._ascendList
FNDA:4772,SortedTroves._ascendList
DA:447,4772
DA:449,6927
DA:450,4772
FN:453,SortedTroves._descendAndAscendList
FNDA:30,SortedTroves._descendAndAscendList
DA:459,30
DA:460,30
DA:463,31
BRDA:463,20,0,21
DA:464,21
DA:467,10
BRDA:467,21,0,9
DA:468,9
DA:472,0
BRDA:472,22,0,-
BRDA:472,22,1,-
FN:481,SortedTroves.findInsertPosition
FNDA:0,SortedTroves.findInsertPosition
DA:487,0
FN:493,SortedTroves._findInsertPosition
FNDA:17320,SortedTroves._findInsertPosition
DA:499,17320
BRDA:499,23,0,3841
BRDA:499,23,1,13479
DA:502,3841
DA:504,13479
BRDA:504,24,0,11775
DA:506,11775
DA:510,13479
BRDA:510,25,0,3326
BRDA:510,25,1,10153
DA:513,3326
DA:515,10153
BRDA:515,26,0,8677
DA:517,8677
DA:521,10153
BRDA:521,27,0,7141
BRDA:521,27,1,30
DA:527,7141
DA:528,3012
BRDA:528,28,0,1446
BRDA:528,28,1,30
DA:530,1446
DA:531,1566
BRDA:531,29,0,1536
BRDA:531,29,1,30
DA:533,1536
DA:538,30
FN:546,SortedTroves._requireCallerIsBOorTM
FNDA:7786,SortedTroves._requireCallerIsBOorTM
DA:547,7786
BRDA:547,30,0,-
BRDA:547,30,1,7786
FN:553,SortedTroves._requireCallerIsBorrowerOperations
FNDA:20012,SortedTroves._requireCallerIsBorrowerOperations
DA:554,20012
BRDA:554,31,0,-
BRDA:554,31,1,20012
FNF:33
FNH:25
LF:123
LH:116
BRF:56
BRH:41
end_of_record
TN:
SF:src/StabilityPool.sol
FN:210,StabilityPool.
FNDA:9,StabilityPool.
DA:211,9
DA:212,9
DA:213,9
DA:214,9
DA:216,9
DA:217,9
DA:218,9
FN:223,StabilityPool.getCollBalance
FNDA:0,StabilityPool.getCollBalance
DA:224,0
FN:227,StabilityPool.getTotalBoldDeposits
FNDA:52976,StabilityPool.getTotalBoldDeposits
DA:228,52976
FN:231,StabilityPool.getYieldGainsOwed
FNDA:0,StabilityPool.getYieldGainsOwed
DA:232,0
FN:243,StabilityPool.provideToSP
FNDA:30773,StabilityPool.provideToSP
DA:244,30773
DA:246,21817
DA:248,21817
DA:250,21817
DA:251,21817
DA:252,21817
DA:253,21817
DA:254,21817
DA:255,21817
DA:256,21817
DA:258,21817
DA:269,21817
DA:270,21817
DA:271,21817
DA:272,21817
DA:273,21817
DA:274,21817
FN:277,StabilityPool._getYieldToKeepOrSend
FNDA:27136,StabilityPool._getYieldToKeepOrSend
DA:278,27136
DA:279,27136
DA:281,13526
BRDA:281,0,0,13526
BRDA:281,0,1,13610
DA:282,13526
DA:283,13526
DA:285,13610
DA:286,13610
DA:289,27136
FN:299,StabilityPool.withdrawFromSP
FNDA:30763,StabilityPool.withdrawFromSP
DA:300,30763
DA:301,30763
DA:303,5319
DA:305,5319
DA:306,5319
DA:307,5319
DA:308,5319
DA:309,5319
DA:310,5319
DA:311,5319
DA:312,5319
DA:314,5319
DA:325,5319
DA:326,5319
DA:327,5319
DA:328,5319
DA:329,5319
FN:332,StabilityPool._getNewStashedCollAndCollToSend
FNDA:27136,StabilityPool._getNewStashedCollAndCollToSend
DA:337,13526
BRDA:337,1,0,13526
BRDA:337,1,1,13610
DA:338,13526
DA:339,13526
DA:341,13610
DA:342,13610
FN:347,StabilityPool.claimAllCollGains
FNDA:31073,StabilityPool.claimAllCollGains
DA:348,31073
DA:350,25337
DA:352,25337
DA:353,25337
DA:354,3
DA:356,3
DA:357,3
DA:359,3
FN:364,StabilityPool.triggerBoldRewards
FNDA:32743,StabilityPool.triggerBoldRewards
DA:365,32743
DA:369,32743
DA:371,16883
DA:373,16883
DA:374,16883
FN:384,StabilityPool.offset
FNDA:814,StabilityPool.offset
DA:385,814
DA:387,814
DA:388,814
DA:390,814
DA:392,814
BRDA:392,3,0,625
BRDA:392,3,1,189
DA:393,625
DA:395,625
DA:396,625
DA:398,625
DA:399,625
DA:401,189
DA:402,0
DA:403,0
DA:406,189
DA:409,814
DA:411,814
FN:414,StabilityPool._moveOffsetCollAndDebt
FNDA:814,StabilityPool._moveOffsetCollAndDebt
DA:416,814
DA:419,814
DA:422,814
DA:423,814
DA:426,814
DA:428,814
FN:431,StabilityPool._updateTotalBoldDeposits
FNDA:27950,StabilityPool._updateTotalBoldDeposits
DA:432,27950
DA:433,27702
DA:434,27702
DA:435,27702
FN:438,StabilityPool._decreaseYieldGainsOwed
FNDA:27136,StabilityPool._decreaseYieldGainsOwed
DA:439,27136
DA:440,5360
DA:441,5360
FN:451,StabilityPool.getDepositorCollGain
FNDA:88675,StabilityPool.getDepositorCollGain
DA:452,115811
DA:453,115811
DA:455,48337
DA:462,48337
DA:463,48337
DA:465,48337
DA:466,48337
DA:468,48337
DA:469,193348
DA:470,193348
DA:473,48337
DA:474,48337
FN:477,StabilityPool.getDepositorYieldGain
FNDA:27139,StabilityPool.getDepositorYieldGain
DA:478,54275
DA:479,54275
DA:481,37331
DA:488,37331
DA:489,37331
DA:491,37331
DA:492,37331
DA:494,37331
DA:495,149324
DA:496,149324
DA:499,37331
DA:500,37331
FN:503,StabilityPool.getDepositorYieldGainWithPending
FNDA:61536,StabilityPool.getDepositorYieldGainWithPending
DA:504,61536
DA:505,61536
DA:507,11006
DA:509,11006
DA:510,11006
DA:511,11006
DA:513,11006
DA:514,55030
DA:516,55030
BRDA:516,9,0,9242
DA:517,9242
DA:521,11006
DA:522,11006
FN:531,StabilityPool.getCompoundedBoldDeposit
FNDA:88675,StabilityPool.getCompoundedBoldDeposit
DA:532,115811
DA:533,115811
DA:535,48337
DA:538,48337
DA:540,47579
DA:541,47579
DA:547,47579
BRDA:547,12,0,47579
BRDA:547,12,1,-
DA:548,47579
DA:550,0
DA:553,47579
FN:558,StabilityPool._sendCollGainToDepositor
FNDA:27139,StabilityPool._sendCollGainToDepositor
DA:559,27139
DA:561,299
DA:562,299
DA:563,299
DA:564,299
DA:565,299
FN:569,StabilityPool._sendBoldtoDepositor
FNDA:27136,StabilityPool._sendBoldtoDepositor
DA:570,27136
DA:571,6525
FN:576,StabilityPool._updateDepositAndSnapshots
FNDA:27136,StabilityPool._updateDepositAndSnapshots
DA:577,27136
DA:578,27136
DA:580,27136
BRDA:580,15,0,518
DA:581,518
DA:582,518
DA:583,518
DA:586,26618
DA:587,26618
DA:588,26618
DA:591,26618
DA:592,26618
DA:595,26618
DA:596,26618
DA:597,26618
DA:598,26618
DA:599,26618
DA:601,26618
FN:615,StabilityPool._requireCallerIsActivePool
FNDA:32743,StabilityPool._requireCallerIsActivePool
DA:616,32743
BRDA:616,16,0,-
BRDA:616,16,1,32743
FN:619,StabilityPool._requireCallerIsTroveManager
FNDA:814,StabilityPool._requireCallerIsTroveManager
DA:620,814
BRDA:620,17,0,-
BRDA:620,17,1,814
FN:623,StabilityPool._requireUserHasDeposit
FNDA:30763,StabilityPool._requireUserHasDeposit
DA:624,30763
BRDA:624,18,0,25444
BRDA:624,18,1,5319
FN:627,StabilityPool._requireUserHasNoDeposit
FNDA:31073,StabilityPool._requireUserHasNoDeposit
DA:628,31073
DA:629,31073
BRDA:629,19,0,5736
BRDA:629,19,1,25337
FN:632,StabilityPool._requireNonZeroAmount
FNDA:56110,StabilityPool._requireNonZeroAmount
DA:633,56110
BRDA:633,20,0,34290
BRDA:633,20,1,21820
FNF:26
FNH:24
LF:176
LH:171
BRF:20
BRH:17
end_of_record
TN:
SF:src/TroveManager.sol
FN:178,TroveManager.
FNDA:9,TroveManager.
DA:179,9
DA:180,9
DA:181,9
DA:182,9
DA:183,9
DA:185,9
DA:186,9
DA:187,9
DA:188,9
DA:189,9
DA:190,9
DA:191,9
DA:192,9
DA:193,9
DA:195,9
DA:196,9
DA:197,9
DA:198,9
DA:199,9
DA:200,9
DA:201,9
DA:202,9
FN:207,TroveManager.getTroveIdsCount
FNDA:0,TroveManager.getTroveIdsCount
DA:208,0
FN:211,TroveManager.getTroveFromTroveIdsArray
FNDA:0,TroveManager.getTroveFromTroveIdsArray
DA:212,0
FN:220,TroveManager._liquidate
FNDA:2079,TroveManager._liquidate
DA:228,2079
DA:230,2079
DA:231,2079
DA:232,2079
DA:233,2079
DA:234,762
BRDA:234,0,0,762
DA:236,2079
DA:238,2079
DA:239,2079
DA:241,2079
DA:249,2079
DA:250,2079
DA:251,2079
DA:252,2079
DA:253,2079
DA:254,2079
DA:263,422
BRDA:263,1,0,422
BRDA:263,1,1,422
DA:264,422
DA:266,422
DA:268,422
DA:269,422
DA:271,422
DA:273,422
DA:275,639
DA:279,1061
BRDA:279,2,0,50
DA:280,50
DA:284,1061
DA:286,1061
DA:296,1061
DA:307,1061
FN:319,TroveManager._getCollGasCompensation
FNDA:2079,TroveManager._getCollGasCompensation
DA:320,2079
FN:326,TroveManager._getOffsetAndRedistributionVals
FNDA:2079,TroveManager._getOffsetAndRedistributionVals
DA:342,2079
DA:353,2079
BRDA:353,3,0,1749
DA:354,1749
DA:355,1749
DA:356,1749
DA:361,2079
DA:362,2079
BRDA:362,4,0,1801
DA:363,1801
DA:364,1801
BRDA:364,5,0,1788
DA:365,1788
FN:376,TroveManager._getCollPenaltyAndSurplus
FNDA:3537,TroveManager._getCollPenaltyAndSurplus
DA:382,3537
DA:383,3537
BRDA:383,6,0,233
BRDA:383,6,1,3304
DA:384,233
DA:385,233
DA:387,3304
DA:388,3304
FN:395,TroveManager.batchLiquidateTroves
FNDA:30667,TroveManager.batchLiquidateTroves
DA:396,30667
BRDA:396,7,0,4790
DA:397,4790
DA:400,25877
DA:401,25877
DA:402,25877
DA:404,25877
DA:405,25877
DA:407,25877
DA:408,25877
DA:411,25877
DA:413,24859
BRDA:413,8,0,23983
DA:414,23983
DA:417,876
DA:420,876
BRDA:420,9,0,814
DA:421,814
DA:424,876
DA:427,876
BRDA:427,10,0,49
DA:428,49
DA:432,876
DA:434,876
DA:448,876
FN:451,TroveManager._isLiquidatableStatus
FNDA:100719,TroveManager._isLiquidatableStatus
DA:452,100719
FN:455,TroveManager._batchLiquidateTroves
FNDA:25877,TroveManager._batchLiquidateTroves
DA:463,25877
DA:465,25877
DA:466,100719
DA:469,100719
DA:471,20391
DA:473,20391
BRDA:473,12,0,2079
DA:474,2079
DA:475,2079
DA:477,2079
DA:478,1061
DA:481,1061
FN:489,TroveManager._addLiquidationValuesToTotals
FNDA:1061,TroveManager._addLiquidationValuesToTotals
DA:496,1061
DA:497,1061
DA:498,1061
DA:499,1061
DA:500,1061
DA:501,1061
DA:502,1061
DA:503,1061
DA:504,1061
DA:505,1061
DA:506,1061
DA:507,1061
FN:510,TroveManager._sendGasCompensation
FNDA:876,TroveManager._sendGasCompensation
DA:511,876
BRDA:511,13,0,876
DA:512,876
DA:515,876
BRDA:515,14,0,869
DA:516,869
FN:521,TroveManager._movePendingTroveRewardsToActivePool
FNDA:39344,TroveManager._movePendingTroveRewardsToActivePool
DA:522,39344
BRDA:522,15,0,617
DA:523,617
DA:526,39344
BRDA:526,16,0,617
DA:527,617
FN:533,TroveManager._applySingleRedemption
FNDA:22608,TroveManager._applySingleRedemption
DA:539,22608
DA:540,22608
DA:542,22608
DA:544,5156
BRDA:544,17,0,5156
BRDA:544,17,1,5156
DA:545,5156
DA:547,5156
DA:549,5156
DA:550,5156
DA:553,5156
DA:554,5156
DA:555,5156
DA:556,5156
DA:557,5156
DA:559,5156
DA:561,5156
DA:564,5156
DA:566,5156
DA:568,5156
DA:576,17452
DA:577,17452
DA:578,17452
DA:579,17452
DA:580,17452
DA:583,22608
DA:584,22608
DA:587,22608
DA:589,5156
BRDA:589,18,0,5156
BRDA:589,18,1,17452
DA:590,5156
DA:600,17452
DA:611,22608
DA:622,22608
DA:624,22608
FN:628,TroveManager._redeemCollateralFromTrove
FNDA:17891,TroveManager._redeemCollateralFromTrove
DA:635,17891
DA:638,17891
DA:641,17891
DA:643,17891
DA:645,17891
DA:647,17891
DA:648,17891
DA:651,17891
BRDA:651,19,0,2110
DA:652,2110
DA:653,542
BRDA:653,20,0,542
BRDA:653,20,1,1568
DA:654,542
DA:656,1568
FN:661,TroveManager._updateBatchInterestPriorToRedemption
FNDA:5089,TroveManager._updateBatchInterestPriorToRedemption
DA:662,5089
DA:663,5089
DA:664,5089
DA:665,5089
DA:667,5089
DA:668,5089
DA:669,5089
DA:670,5089
DA:671,5089
DA:672,5089
DA:675,5089
DA:677,5089
FN:709,TroveManager.redeemCollateral
FNDA:17355,TroveManager.redeemCollateral
DA:716,17355
DA:718,17355
DA:719,17355
DA:721,17355
DA:722,17355
DA:724,17355
DA:726,17355
DA:727,17355
DA:728,17355
DA:731,17355
BRDA:731,21,0,6514
DA:732,35834
DA:733,18479
DA:735,18479
DA:737,18479
BRDA:737,22,0,588
DA:738,588
DA:739,588
DA:744,17891
DA:746,17891
DA:747,4766
BRDA:747,23,0,4766
DA:748,4766
DA:749,4766
DA:752,17891
DA:754,17891
DA:755,17891
DA:756,17891
DA:760,17891
DA:761,17891
DA:762,17891
DA:764,17891
DA:765,17891
DA:771,17355
DA:775,17355
DA:778,17355
DA:781,17355
FN:785,TroveManager._urgentRedeemCollateralFromTrove
FNDA:4717,TroveManager._urgentRedeemCollateralFromTrove
DA:791,4717
DA:794,4717
DA:797,4717
DA:799,4717
BRDA:799,24,0,40
DA:800,40
DA:801,40
DA:805,4717
DA:806,4717
FN:813,TroveManager.urgentRedemption
FNDA:29742,TroveManager.urgentRedemption
DA:814,29742
DA:815,3495
DA:817,3495
DA:818,3495
DA:820,3495
DA:822,3495
DA:823,3495
DA:824,4717
DA:825,4717
DA:829,4717
DA:830,4717
BRDA:830,25,0,323
DA:831,323
DA:834,4717
DA:836,4717
DA:837,4717
DA:838,4717
DA:842,4717
DA:843,4717
DA:845,4717
DA:846,4717
DA:849,3495
BRDA:849,27,0,-
DA:850,0
DA:853,3495
DA:857,3495
DA:860,3495
DA:862,3495
FN:865,TroveManager.shutdown
FNDA:1294,TroveManager.shutdown
DA:866,1294
DA:867,1294
DA:868,1294
FN:874,TroveManager.getCurrentICR
FNDA:0,TroveManager.getCurrentICR
DA:875,38870
DA:876,38870
DA:877,38870
FN:880,TroveManager._updateTroveRewardSnapshots
FNDA:49070,TroveManager._updateTroveRewardSnapshots
DA:881,49070
DA:882,49070
FN:886,TroveManager._getLatestTroveData
FNDA:529621,TroveManager._getLatestTroveData
DA:888,529621
DA:889,529621
BRDA:889,28,0,60181
DA:890,60181
DA:891,60181
DA:892,60181
DA:893,60181
DA:896,469440
DA:897,469440
DA:898,469440
DA:900,469440
DA:901,469440
DA:902,469440
DA:904,469440
DA:905,469440
DA:907,469440
DA:908,469440
DA:909,469440
FN:912,TroveManager._getLatestTroveDataFromBatch
FNDA:60181,TroveManager._getLatestTroveDataFromBatch
DA:918,60181
DA:919,60181
DA:920,60181
DA:921,60181
DA:923,60181
DA:925,60181
DA:927,60181
DA:929,60181
BRDA:929,29,0,58355
DA:930,58355
DA:931,58355
DA:933,58355
DA:934,58355
DA:937,60181
DA:940,60181
DA:942,60181
DA:943,60181
FN:947,TroveManager.getLatestTroveData
FNDA:448173,TroveManager.getLatestTroveData
DA:948,448173
FN:951,TroveManager.getTroveAnnualInterestRate
FNDA:24192,TroveManager.getTroveAnnualInterestRate
DA:952,24192
DA:953,24192
DA:954,24192
BRDA:954,30,0,7350
DA:955,7350
DA:957,16842
FN:960,TroveManager._getBatchManager
FNDA:554308,TroveManager._getBatchManager
DA:961,554308
FN:964,TroveManager._getBatchManager
FNDA:24192,TroveManager._getBatchManager
DA:965,24192
FN:969,TroveManager._getLatestBatchData
FNDA:460431,TroveManager._getLatestBatchData
DA:970,460431
DA:972,460431
DA:973,460431
DA:974,460431
DA:975,460431
DA:976,460431
DA:977,460431
DA:978,460431
DA:980,460431
DA:983,460431
DA:985,460431
DA:986,460431
DA:987,460431
FN:990,TroveManager.getLatestBatchData
FNDA:389243,TroveManager.getLatestBatchData
DA:991,389243
FN:995,TroveManager._updateStakeAndTotalStakes
FNDA:25275,TroveManager._updateStakeAndTotalStakes
DA:996,25275
DA:997,25275
DA:998,25275
DA:1000,25275
FN:1004,TroveManager._computeNewStake
FNDA:38850,TroveManager._computeNewStake
DA:1005,38850
DA:1006,38850
BRDA:1006,31,0,36944
BRDA:1006,31,1,1906
DA:1007,36944
DA:1016,1906
DA:1018,38850
FN:1021,TroveManager._redistributeDebtAndColl
FNDA:876,TroveManager._redistributeDebtAndColl
DA:1027,876
DA:1040,687
DA:1041,687
DA:1044,687
DA:1045,687
DA:1047,687
DA:1048,687
DA:1051,687
DA:1052,687
DA:1054,687
DA:1055,687
FN:1062,TroveManager._updateSystemSnapshots_excludeCollRemainder
FNDA:876,TroveManager._updateSystemSnapshots_excludeCollRemainder
DA:1063,876
DA:1065,876
DA:1066,876
DA:1067,876
FN:1074,TroveManager._removeTroveId
FNDA:2831,TroveManager._removeTroveId
DA:1075,2831
DA:1076,2831
DA:1080,2831
DA:1082,2831
DA:1083,2831
DA:1085,2831
FN:1088,TroveManager.getTroveStatus
FNDA:165979,TroveManager.getTroveStatus
DA:1089,165979
FN:1094,TroveManager._getInterestPeriod
FNDA:929871,TroveManager._getInterestPeriod
DA:1095,929871
BRDA:1095,33,0,832171
BRDA:1095,33,1,21038
DA:1097,832171
DA:1098,97700
BRDA:1098,34,0,76662
BRDA:1098,34,1,21038
DA:1100,76662
DA:1104,21038
FN:1110,TroveManager._requireCallerIsBorrowerOperations
FNDA:57232,TroveManager._requireCallerIsBorrowerOperations
DA:1111,57232
BRDA:1111,35,0,-
DA:1112,0
FN:1116,TroveManager._requireCallerIsCollateralRegistry
FNDA:17355,TroveManager._requireCallerIsCollateralRegistry
DA:1117,17355
BRDA:1117,36,0,-
DA:1118,0
FN:1122,TroveManager._requireMoreThanOneTroveInSystem
FNDA:3849,TroveManager._requireMoreThanOneTroveInSystem
DA:1123,3849
BRDA:1123,37,0,1018
DA:1124,1018
FN:1128,TroveManager._requireIsShutDown
FNDA:29742,TroveManager._requireIsShutDown
DA:1129,29742
BRDA:1129,38,0,26247
DA:1130,26247
FN:1134,TroveManager._requireBoldBalanceCoversRedemption
FNDA:3495,TroveManager._requireBoldBalanceCoversRedemption
DA:1138,3495
DA:1139,3495
BRDA:1139,39,0,-
DA:1140,0
FN:1146,TroveManager.getUnbackedPortionPriceAndRedeemability
FNDA:26223,TroveManager.getUnbackedPortionPriceAndRedeemability
DA:1147,26223
DA:1148,26223
DA:1149,26223
DA:1151,26223
DA:1153,26223
DA:1155,26223
FN:1160,TroveManager.onOpenTrove
FNDA:8915,TroveManager.onOpenTrove
DA:1163,8915
DA:1165,8915
DA:1168,8915
DA:1169,8915
DA:1170,8915
DA:1171,8915
DA:1172,8915
DA:1173,8915
DA:1174,8915
DA:1175,8915
DA:1178,8915
DA:1180,8915
DA:1181,8915
DA:1184,8915
DA:1186,8915
DA:1188,8915
DA:1198,8915
FN:1210,TroveManager.onOpenTroveAndJoinBatch
FNDA:4660,TroveManager.onOpenTroveAndJoinBatch
DA:1218,4660
DA:1221,4660
DA:1224,4660
DA:1225,4660
DA:1226,4660
DA:1227,4660
DA:1228,4660
DA:1229,4660
DA:1231,4660
DA:1234,4660
DA:1236,4660
DA:1238,4660
DA:1239,4660
DA:1242,4660
DA:1244,4660
DA:1254,4660
DA:1265,4660
FN:1276,TroveManager.setTroveStatusToActive
FNDA:105,TroveManager.setTroveStatusToActive
DA:1277,105
DA:1278,105
FN:1281,TroveManager.onAdjustTroveInterestRate
FNDA:2429,TroveManager.onAdjustTroveInterestRate
DA:1288,2429
DA:1290,2429
DA:1291,2429
DA:1292,2429
DA:1293,2429
DA:1294,2429
DA:1296,2429
DA:1300,2429
DA:1302,2429
DA:1312,2429
FN:1324,TroveManager.onAdjustTrove
FNDA:1823,TroveManager.onAdjustTrove
DA:1327,1823
DA:1329,1823
DA:1330,1823
DA:1331,1823
DA:1333,1823
DA:1337,1823
DA:1338,1823
DA:1340,1823
DA:1350,1823
FN:1362,TroveManager.onCloseTrove
FNDA:1770,TroveManager.onCloseTrove
DA:1369,1770
DA:1370,1770
DA:1371,1770
DA:1375,1770
DA:1385,1770
DA:1396,1770
BRDA:1396,40,0,578
DA:1397,578
FN:1409,TroveManager._closeTrove
FNDA:3849,TroveManager._closeTrove
DA:1419,3849
DA:1420,3849
DA:1422,2831
DA:1424,2831
DA:1427,2831
BRDA:1427,41,0,1000
BRDA:1427,41,1,1547
DA:1428,1000
BRDA:1428,42,0,923
DA:1429,923
DA:1432,1000
DA:1442,1831
BRDA:1442,43,0,1547
DA:1443,1547
DA:1447,2831
DA:1448,2831
DA:1451,2831
DA:1452,2831
DA:1455,2831
DA:1458,2831
FN:1461,TroveManager.onAdjustTroveInsideBatch
FNDA:844,TroveManager.onAdjustTroveInsideBatch
DA:1469,844
DA:1472,844
DA:1473,844
DA:1474,844
DA:1477,844
DA:1479,844
DA:1483,844
DA:1493,844
DA:1504,844
FN:1515,TroveManager.onApplyTroveInterest
FNDA:4699,TroveManager.onApplyTroveInterest
DA:1524,4699
DA:1526,4699
DA:1528,4699
BRDA:1528,44,0,1643
BRDA:1528,44,1,3056
DA:1529,1643
DA:1531,1643
DA:1541,3056
DA:1542,3056
DA:1545,4699
DA:1549,4699
DA:1551,4699
DA:1561,4699
FN:1573,TroveManager.onRegisterBatchManager
FNDA:17236,TroveManager.onRegisterBatchManager
DA:1576,17236
DA:1578,17236
DA:1579,17236
DA:1580,17236
DA:1581,17236
DA:1583,17236
DA:1585,17236
FN:1596,TroveManager.onLowerBatchManagerAnnualFee
FNDA:6800,TroveManager.onLowerBatchManagerAnnualFee
DA:1602,6800
DA:1604,6800
DA:1605,6800
DA:1606,6800
DA:1607,6800
DA:1609,6800
FN:1620,TroveManager.onSetBatchManagerAnnualInterestRate
FNDA:3565,TroveManager.onSetBatchManagerAnnualInterestRate
DA:1626,3565
DA:1628,3565
DA:1629,3565
DA:1630,3565
DA:1631,3565
DA:1632,3565
DA:1634,3565
FN:1645,TroveManager.onSetInterestBatchManager
FNDA:1714,TroveManager.onSetInterestBatchManager
DA:1646,1714
DA:1647,1714
DA:1651,1714
DA:1654,1714
DA:1655,1714
DA:1656,1714
DA:1657,1714
DA:1659,1714
DA:1660,1714
DA:1662,1714
DA:1663,1714
DA:1664,1714
DA:1668,1714
DA:1672,1714
DA:1682,1714
DA:1693,1714
FN:1704,TroveManager._updateBatchShares
FNDA:14017,TroveManager._updateBatchShares
DA:1712,14017
DA:1713,14017
DA:1714,14017
DA:1715,14017
DA:1716,14017
DA:1717,14017
BRDA:1717,45,0,6724
BRDA:1717,45,1,7293
DA:1718,6724
DA:1720,7293
DA:1721,7293
DA:1724,14017
BRDA:1724,46,0,1987
BRDA:1724,46,1,5306
DA:1725,1987
DA:1727,12030
BRDA:1727,47,0,6724
BRDA:1727,47,1,5306
DA:1729,6724
BRDA:1729,48,0,5423
BRDA:1729,48,1,1301
DA:1730,5423
DA:1732,1301
DA:1735,6724
DA:1736,6724
DA:1737,6724
DA:1738,5306
BRDA:1738,49,0,5306
DA:1740,5306
DA:1742,5306
DA:1743,5306
DA:1744,5306
DA:1748,14017
DA:1751,14017
DA:1752,14017
DA:1753,14017
BRDA:1753,50,0,6906
BRDA:1753,50,1,7111
DA:1754,6906
DA:1756,7111
DA:1757,7111
DA:1760,14017
BRDA:1760,51,0,2120
BRDA:1760,51,1,4991
DA:1761,2120
DA:1763,11897
BRDA:1763,52,0,6906
BRDA:1763,52,1,4991
DA:1765,6906
DA:1766,4991
BRDA:1766,53,0,4991
DA:1768,4991
FN:1773,TroveManager.onRemoveFromBatch
FNDA:1378,TroveManager.onRemoveFromBatch
DA:1783,1378
DA:1787,1378
DA:1792,1378
DA:1793,1378
DA:1794,1378
DA:1795,1378
DA:1796,1378
DA:1798,1378
DA:1799,1378
DA:1803,1378
DA:1813,1378
DA:1824,1378
FN:1835,TroveManager._removeTroveSharesFromBatch
FNDA:2378,TroveManager._removeTroveSharesFromBatch
DA:1847,2378
DA:1851,2378
DA:1852,2378
DA:1854,2378
DA:1855,2378
DA:1856,2378
DA:1857,2378
DA:1859,2378
DA:1860,2378
FNF:59
FNH:56
LF:555
LH:549
BRF:68
BRH:64
end_of_record
TN:
SF:src/TroveNFT.sol
FN:22,TroveNFT.
FNDA:9,TroveNFT.
DA:28,9
DA:29,9
DA:30,9
FN:33,TroveNFT.tokenURI
FNDA:0,TroveNFT.tokenURI
DA:34,0
DA:35,0
DA:37,0
DA:47,0
FN:50,TroveNFT.mint
FNDA:13575,TroveNFT.mint
DA:51,13575
DA:52,13575
FN:55,TroveNFT.burn
FNDA:2831,TroveNFT.burn
DA:56,2831
DA:57,2831
FN:60,TroveNFT._requireCallerIsTroveManager
FNDA:16406,TroveNFT._requireCallerIsTroveManager
DA:61,16406
BRDA:61,0,0,-
BRDA:61,0,1,16406
FNF:5
FNH:4
LF:12
LH:8
BRF:2
BRH:1
end_of_record
TN:
SF:src/Zappers/GasCompZapper.sol
FN:24,GasCompZapper.
FNDA:0,GasCompZapper.
DA:25,0
DA:26,0
DA:27,0
DA:28,0
DA:29,0
DA:30,0
BRDA:30,0,0,-
BRDA:30,0,1,-
FN:54,GasCompZapper.openTroveWithRawETH
FNDA:0,GasCompZapper.openTroveWithRawETH
DA:55,0
BRDA:55,1,0,-
BRDA:55,1,1,-
DA:57,0
DA:58,0
DA:59,0
DA:60,0
DA:63,0
DA:66,0
DA:69,0
DA:70,0
DA:72,0
DA:88,0
DA:91,0
DA:92,0
DA:94,0
FN:99,GasCompZapper.addColl
FNDA:0,GasCompZapper.addColl
DA:100,0
DA:101,0
DA:103,0
DA:106,0
DA:107,0
DA:108,0
DA:110,0
FN:113,GasCompZapper.withdrawColl
FNDA:0,GasCompZapper.withdrawColl
DA:114,0
DA:115,0
DA:117,0
DA:120,0
FN:123,GasCompZapper.withdrawBold
FNDA:0,GasCompZapper.withdrawBold
DA:124,0
DA:125,0
DA:127,0
DA:130,0
FN:133,GasCompZapper.repayBold
FNDA:0,GasCompZapper.repayBold
DA:134,0
DA:135,0
DA:138,0
DA:140,0
FN:143,GasCompZapper.adjustTroveWithRawETH
FNDA:0,GasCompZapper.adjustTroveWithRawETH
DA:151,0
DA:152,0
DA:155,0
FN:158,GasCompZapper.adjustUnredeemableTroveWithRawETH
FNDA:0,GasCompZapper.adjustUnredeemableTroveWithRawETH
DA:168,0
DA:169,0
DA:172,0
FN:175,GasCompZapper._adjustTrovePre
FNDA:0,GasCompZapper._adjustTrovePre
DA:182,0
DA:183,0
DA:185,0
BRDA:185,2,0,-
DA:186,0
DA:189,0
BRDA:189,3,0,-
DA:190,0
DA:194,0
BRDA:194,4,0,-
DA:195,0
DA:196,0
DA:197,0
DA:202,0
BRDA:202,5,0,-
DA:203,0
DA:206,0
FN:209,GasCompZapper._adjustTrovePost
FNDA:0,GasCompZapper._adjustTrovePost
DA:217,0
BRDA:217,6,0,-
DA:218,0
DA:222,0
BRDA:222,7,0,-
DA:223,0
FN:227,GasCompZapper.closeTroveToRawETH
FNDA:0,GasCompZapper.closeTroveToRawETH
DA:228,0
DA:229,0
DA:232,0
DA:233,0
DA:235,0
DA:238,0
DA:241,0
DA:242,0
DA:243,0
BRDA:243,8,0,-
BRDA:243,8,1,-
FNF:11
FNH:0
LF:71
LH:0
BRF:12
BRH:0
end_of_record
TN:
SF:src/Zappers/LeverageLSTZapper.sol
FN:26,LeverageLSTZapper.
FNDA:0,LeverageLSTZapper.
DA:30,0
DA:31,0
DA:32,0
DA:34,0
DA:36,0
DA:37,0
DA:40,0
DA:41,0
DA:43,0
DA:45,0
FN:55,LeverageLSTZapper.openLeveragedTroveWithRawETH
FNDA:0,LeverageLSTZapper.openLeveragedTroveWithRawETH
DA:56,0
BRDA:56,0,0,-
BRDA:56,0,1,-
DA:59,0
DA:61,0
DA:63,0
DA:66,0
FN:76,LeverageLSTZapper.receiveFlashLoanOnOpenLeveragedTrove
FNDA:0,LeverageLSTZapper.receiveFlashLoanOnOpenLeveragedTrove
DA:80,0
BRDA:80,1,0,-
BRDA:80,1,1,-
DA:82,0
DA:83,0
DA:84,0
DA:86,0
DA:90,0
DA:107,0
DA:108,0
DA:111,0
DA:114,0
FN:117,LeverageLSTZapper.leverUpTrove
FNDA:0,LeverageLSTZapper.leverUpTrove
DA:118,0
DA:119,0
DA:122,0
FN:132,LeverageLSTZapper.receiveFlashLoanOnLeverUpTrove
FNDA:0,LeverageLSTZapper.receiveFlashLoanOnLeverUpTrove
DA:135,0
BRDA:135,2,0,-
BRDA:135,2,1,-
DA:139,0
DA:152,0
DA:155,0
FN:158,LeverageLSTZapper.leverDownTrove
FNDA:0,LeverageLSTZapper.leverDownTrove
DA:159,0
DA:160,0
DA:163,0
FN:173,LeverageLSTZapper.receiveFlashLoanOnLeverDownTrove
FNDA:0,LeverageLSTZapper.receiveFlashLoanOnLeverDownTrove
DA:176,0
BRDA:176,3,0,-
BRDA:176,3,1,-
DA:182,0
DA:183,0
DA:186,0
DA:196,0
FN:200,LeverageLSTZapper.leverageRatioToCollateralRatio
FNDA:0,LeverageLSTZapper.leverageRatioToCollateralRatio
DA:201,0
FNF:8
FNH:0
LF:41
LH:0
BRF:8
BRH:0
end_of_record
TN:
SF:src/Zappers/LeverageWETHZapper.sol
FN:22,LeverageWETHZapper.
FNDA:0,LeverageWETHZapper.
DA:26,0
DA:27,0
DA:29,0
DA:31,0
DA:32,0
DA:35,0
DA:36,0
DA:38,0
FN:48,LeverageWETHZapper.openLeveragedTroveWithRawETH
FNDA:0,LeverageWETHZapper.openLeveragedTroveWithRawETH
DA:49,0
BRDA:49,0,0,-
BRDA:49,0,1,-
DA:51,0
DA:54,0
DA:57,0
FN:67,LeverageWETHZapper.receiveFlashLoanOnOpenLeveragedTrove
FNDA:0,LeverageWETHZapper.receiveFlashLoanOnOpenLeveragedTrove
DA:71,0
BRDA:71,1,0,-
BRDA:71,1,1,-
DA:73,0
DA:74,0
DA:75,0
DA:77,0
DA:81,0
DA:98,0
DA:99,0
DA:102,0
DA:105,0
FN:109,LeverageWETHZapper.leverUpTrove
FNDA:0,LeverageWETHZapper.leverUpTrove
DA:110,0
DA:111,0
DA:114,0
FN:124,LeverageWETHZapper.receiveFlashLoanOnLeverUpTrove
FNDA:0,LeverageWETHZapper.receiveFlashLoanOnLeverUpTrove
DA:127,0
BRDA:127,2,0,-
BRDA:127,2,1,-
DA:131,0
DA:144,0
DA:147,0
FN:150,LeverageWETHZapper.leverDownTrove
FNDA:0,LeverageWETHZapper.leverDownTrove
DA:151,0
DA:152,0
DA:155,0
FN:165,LeverageWETHZapper.receiveFlashLoanOnLeverDownTrove
FNDA:0,LeverageWETHZapper.receiveFlashLoanOnLeverDownTrove
DA:168,0
BRDA:168,3,0,-
BRDA:168,3,1,-
DA:174,0
DA:175,0
DA:178,0
DA:188,0
FN:192,LeverageWETHZapper.leverageRatioToCollateralRatio
FNDA:0,LeverageWETHZapper.leverageRatioToCollateralRatio
DA:193,0
FNF:8
FNH:0
LF:38
LH:0
BRF:8
BRH:0
end_of_record
TN:
SF:src/Zappers/Modules/Exchanges/CurveExchange.sol
FN:22,CurveExchange.
FNDA:0,CurveExchange.
DA:29,0
DA:30,0
DA:31,0
DA:32,0
DA:33,0
FN:37,CurveExchange.getBoldAmountToSwap
FNDA:0,CurveExchange.getBoldAmountToSwap
DA:42,0
DA:43,0
DA:46,0
DA:50,0
DA:52,0
DA:53,0
BRDA:53,0,0,-
BRDA:53,0,1,-
DA:55,0
FN:58,CurveExchange.swapFromBold
FNDA:0,CurveExchange.swapFromBold
DA:59,0
DA:60,0
DA:61,0
DA:62,0
DA:66,0
DA:67,0
DA:69,0
FN:72,CurveExchange.swapToBold
FNDA:0,CurveExchange.swapToBold
DA:73,0
DA:74,0
DA:75,0
DA:76,0
DA:79,0
DA:80,0
DA:82,0
FNF:4
FNH:0
LF:26
LH:0
BRF:2
BRH:0
end_of_record
TN:
SF:src/Zappers/Modules/Exchanges/UniV3Exchange.sol
FN:32,UniV3Exchange.
FNDA:0,UniV3Exchange.
DA:39,0
DA:40,0
DA:41,0
DA:42,0
DA:43,0
FN:49,UniV3Exchange.getBoldAmountToSwap
FNDA:0,UniV3Exchange.getBoldAmountToSwap
DA:55,0
DA:56,0
DA:57,0
DA:64,0
DA:66,0
FN:69,UniV3Exchange.swapFromBold
FNDA:0,UniV3Exchange.swapFromBold
DA:70,0
DA:71,0
DA:72,0
DA:73,0
DA:75,0
DA:86,0
FN:89,UniV3Exchange.swapToBold
FNDA:0,UniV3Exchange.swapToBold
DA:90,0
DA:91,0
DA:92,0
DA:93,0
DA:95,0
DA:106,0
FN:109,UniV3Exchange.uniswapV3SwapCallback
FNDA:0,UniV3Exchange.uniswapV3SwapCallback
DA:111,0
DA:112,0
DA:113,0
DA:114,0
DA:115,0
BRDA:115,0,0,-
BRDA:115,0,1,-
DA:116,0
DA:117,0
DA:119,0
DA:120,0
DA:123,0
BRDA:123,1,0,-
DA:124,0
DA:126,0
BRDA:126,2,0,-
DA:127,0
FN:131,UniV3Exchange.priceToSqrtPrice
FNDA:0,UniV3Exchange.priceToSqrtPrice
DA:133,0
DA:134,0
FN:138,UniV3Exchange._zeroForOne
FNDA:0,UniV3Exchange._zeroForOne
DA:139,0
FN:142,UniV3Exchange._requireCallerIsUniV3Router
FNDA:0,UniV3Exchange._requireCallerIsUniV3Router
DA:143,0
BRDA:143,3,0,-
BRDA:143,3,1,-
FNF:8
FNH:0
LF:39
LH:0
BRF:6
BRH:0
end_of_record
TN:
SF:src/Zappers/Modules/FlashLoans/BalancerFlashLoan.sol
FN:20,BalancerFlashLoan.makeFlashLoan
FNDA:0,BalancerFlashLoan.makeFlashLoan
DA:27,0
DA:28,0
DA:29,0
DA:30,0
DA:33,0
DA:34,0
BRDA:34,0,0,-
BRDA:34,0,1,-
DA:35,0
DA:36,0
DA:37,0
DA:38,0
BRDA:38,1,0,-
BRDA:38,1,1,-
DA:39,0
DA:40,0
DA:41,0
DA:42,0
BRDA:42,2,0,-
BRDA:42,2,1,-
DA:43,0
DA:44,0
DA:45,0
DA:47,0
DA:50,0
FN:53,BalancerFlashLoan.receiveFlashLoan
FNDA:0,BalancerFlashLoan.receiveFlashLoan
DA:59,0
BRDA:59,3,0,-
BRDA:59,3,1,-
DA:62,0
DA:63,0
DA:65,0
BRDA:65,4,0,-
BRDA:65,4,1,-
DA:68,0
DA:69,0
DA:71,0
DA:73,0
DA:75,0
DA:76,0
BRDA:76,5,0,-
BRDA:76,5,1,-
DA:79,0
DA:80,0
DA:82,0
DA:84,0
DA:86,0
DA:87,0
BRDA:87,6,0,-
BRDA:87,6,1,-
DA:90,0
DA:91,0
DA:93,0
DA:95,0
DA:97,0
DA:99,0
DA:103,0
FNF:2
FNH:0
LF:42
LH:0
BRF:14
BRH:0
end_of_record
TN:
SF:src/Zappers/WETHZapper.sol
FN:19,WETHZapper.
FNDA:9,WETHZapper.
DA:20,9
DA:21,9
DA:22,9
DA:23,9
DA:24,9
BRDA:24,0,0,-
BRDA:24,0,1,9
FN:46,WETHZapper.openTroveWithRawETH
FNDA:0,WETHZapper.openTroveWithRawETH
DA:47,0
BRDA:47,1,0,-
BRDA:47,1,1,-
DA:49,0
DA:50,0
DA:51,0
DA:54,0
DA:57,0
DA:59,0
DA:75,0
DA:78,0
DA:79,0
DA:81,0
FN:86,WETHZapper.addCollWithRawETH
FNDA:0,WETHZapper.addCollWithRawETH
DA:87,0
DA:88,0
DA:90,0
DA:93,0
DA:94,0
DA:96,0
FN:99,WETHZapper.withdrawCollToRawETH
FNDA:0,WETHZapper.withdrawCollToRawETH
DA:100,0
DA:101,0
DA:103,0
DA:106,0
DA:107,0
DA:108,0
BRDA:108,2,0,-
BRDA:108,2,1,-
FN:111,WETHZapper.withdrawBold
FNDA:0,WETHZapper.withdrawBold
DA:112,0
DA:113,0
DA:115,0
DA:118,0
FN:121,WETHZapper.repayBold
FNDA:0,WETHZapper.repayBold
DA:122,0
DA:123,0
DA:126,0
DA:128,0
FN:131,WETHZapper.adjustTroveWithRawETH
FNDA:0,WETHZapper.adjustTroveWithRawETH
DA:139,0
DA:140,0
DA:143,0
FN:146,WETHZapper.adjustUnredeemableTroveWithRawETH
FNDA:0,WETHZapper.adjustUnredeemableTroveWithRawETH
DA:156,0
DA:157,0
DA:160,0
FN:163,WETHZapper._adjustTrovePre
FNDA:0,WETHZapper._adjustTrovePre
DA:170,0
BRDA:170,3,0,-
BRDA:170,3,1,-
DA:171,0
BRDA:171,4,0,-
BRDA:171,4,1,-
DA:173,0
BRDA:173,5,0,-
BRDA:173,5,1,-
DA:175,0
BRDA:175,6,0,-
BRDA:175,6,1,-
DA:177,0
DA:178,0
DA:180,0
BRDA:180,7,0,-
DA:181,0
DA:184,0
BRDA:184,8,0,-
DA:185,0
DA:189,0
BRDA:189,9,0,-
DA:190,0
DA:191,0
DA:192,0
DA:197,0
BRDA:197,10,0,-
DA:198,0
DA:201,0
FN:204,WETHZapper._adjustTrovePost
FNDA:0,WETHZapper._adjustTrovePost
DA:212,0
BRDA:212,11,0,-
DA:213,0
DA:214,0
DA:215,0
BRDA:215,12,0,-
BRDA:215,12,1,-
DA:218,0
BRDA:218,13,0,-
DA:219,0
FN:223,WETHZapper.closeTroveToRawETH
FNDA:0,WETHZapper.closeTroveToRawETH
DA:224,0
DA:225,0
DA:228,0
DA:229,0
DA:231,0
DA:233,0
DA:234,0
DA:235,0
BRDA:235,14,0,-
BRDA:235,14,1,-
FNF:11
FNH:1
LF:73
LH:5
BRF:24
BRH:1
end_of_record
TN:
SF:src/scripts/DeployLiquity2.s.sol
FN:97,DeployLiquity2Script.run
FNDA:0,DeployLiquity2Script.run
DA:98,0
DA:100,0
BRDA:100,0,0,-
BRDA:100,0,1,-
DA:102,0
DA:103,0
DA:106,0
DA:107,0
DA:108,0
DA:111,0
DA:113,0
DA:114,0
DA:117,0
DA:121,0
DA:122,0
DA:123,0
DA:125,0
BRDA:125,1,0,-
DA:128,0
DA:129,0
DA:130,0
DA:131,0
DA:132,0
DA:133,0
DA:134,0
DA:135,0
DA:136,0
DA:138,0
DA:140,0
DA:141,0
DA:142,0
DA:143,0
DA:145,0
DA:146,0
DA:147,0
DA:148,0
DA:150,0
DA:151,0
DA:152,0
DA:153,0
DA:155,0
DA:156,0
DA:157,0
DA:158,0
DA:160,0
DA:161,0
DA:164,0
FN:168,DeployLiquity2Script.tapFaucet
FNDA:0,DeployLiquity2Script.tapFaucet
DA:169,0
DA:170,0
DA:172,0
DA:173,0
DA:174,0
DA:176,0
FN:185,DeployLiquity2Script.openDemoTroves
FNDA:0,DeployLiquity2Script.openDemoTroves
DA:188,0
DA:189,0
DA:190,0
DA:192,0
DA:194,0
DA:195,0
DA:198,0
BRDA:198,2,0,-
BRDA:198,2,1,-
DA:199,0
DA:201,0
DA:202,0
DA:205,0
DA:219,0
FN:224,DeployLiquity2Script.getBytecode
FNDA:0,DeployLiquity2Script.getBytecode
DA:225,0
FN:228,DeployLiquity2Script._deployAndConnectContracts
FNDA:0,DeployLiquity2Script._deployAndConnectContracts
DA:238,0
DA:239,0
DA:241,0
DA:242,0
DA:243,0
DA:244,0
BRDA:244,3,0,-
BRDA:244,3,1,-
DA:246,0
DA:247,0
DA:248,0
DA:249,0
DA:252,0
DA:255,0
DA:256,0
DA:265,0
DA:266,0
DA:267,0
DA:268,0
DA:269,0
DA:272,0
DA:273,0
DA:274,0
DA:277,0
DA:278,0
DA:288,0
DA:291,0
FN:294,DeployLiquity2Script._deployAddressesRegistry
FNDA:0,DeployLiquity2Script._deployAddressesRegistry
DA:298,0
DA:306,0
DA:310,0
FN:313,DeployLiquity2Script._deployAndConnectCollateralContractsTestnet
FNDA:0,DeployLiquity2Script._deployAndConnectCollateralContractsTestnet
DA:323,0
DA:324,0
DA:327,0
DA:330,0
DA:331,0
DA:334,0
BRDA:334,4,0,-
BRDA:334,4,1,-
DA:336,0
DA:337,0
DA:338,0
DA:341,0
DA:342,0
DA:345,0
DA:348,0
DA:351,0
DA:354,0
DA:357,0
DA:360,0
DA:364,0
DA:384,0
DA:386,0
DA:387,0
DA:388,0
DA:389,0
DA:390,0
DA:391,0
DA:392,0
DA:393,0
DA:394,0
DA:396,0
BRDA:396,5,0,-
BRDA:396,5,1,-
DA:397,0
BRDA:397,6,0,-
BRDA:397,6,1,-
DA:398,0
BRDA:398,7,0,-
BRDA:398,7,1,-
DA:399,0
BRDA:399,8,0,-
BRDA:399,8,1,-
DA:400,0
BRDA:400,9,0,-
BRDA:400,9,1,-
DA:401,0
BRDA:401,10,0,-
BRDA:401,10,1,-
DA:402,0
BRDA:402,11,0,-
BRDA:402,11,1,-
DA:403,0
BRDA:403,12,0,-
BRDA:403,12,1,-
DA:404,0
BRDA:404,13,0,-
BRDA:404,13,1,-
DA:407,0
FN:415,DeployLiquity2Script.formatAmount
FNDA:0,DeployLiquity2Script.formatAmount
DA:416,0
BRDA:416,14,0,-
DA:417,0
DA:420,0
DA:421,0
DA:423,0
BRDA:423,15,0,-
DA:424,0
DA:427,0
DA:428,0
DA:429,0
DA:431,0
FNF:8
FNH:0
LF:139
LH:0
BRF:29
BRH:0
end_of_record
TN:
SF:src/scripts/OpenTroves.s.sol
FN:35,Proxy.tap
FNDA:0,Proxy.tap
DA:36,0
DA:37,0
FN:40,Proxy.sweepTrove
FNDA:0,Proxy.sweepTrove
DA:41,0
FN:54,OpenTroves._findHints
FNDA:0,OpenTroves._findHints
DA:60,0
DA:68,0
FN:71,OpenTroves.run
FNDA:0,OpenTroves.run
DA:72,0
DA:74,0
DA:75,0
DA:76,0
DA:77,0
DA:78,0
DA:79,0
DA:81,0
DA:82,0
DA:84,0
DA:85,0
DA:86,0
DA:87,0
DA:88,0
DA:89,0
DA:90,0
DA:91,0
DA:92,0
DA:93,0
DA:94,0
DA:95,0
DA:97,0
BRDA:97,0,0,-
DA:99,0
DA:108,0
DA:109,0
DA:110,0
DA:112,0
DA:113,0
DA:115,0
BRDA:115,1,0,-
BRDA:115,1,1,-
DA:117,0
DA:119,0
DA:120,0
DA:121,0
DA:124,0
DA:125,0
DA:127,0
DA:141,0
DA:142,0
DA:143,0
BRDA:143,2,0,-
DA:145,0
BRDA:145,3,0,-
DA:146,0
DA:147,0
DA:150,0
FNF:4
FNH:0
LF:48
LH:0
BRF:5
BRH:0
end_of_record
TN:
SF:src/scripts/RedeemCollateral.s.sol
FN:16,RedeemCollateral.run
[...]
DA:2921,0
DA:2924,123252
BRDA:2924,216,0,7363
DA:2925,7363
DA:2928,115889
BRDA:2928,217,0,94
DA:2929,94
DA:2932,115795
BRDA:2932,218,0,1536
DA:2933,1536
DA:2936,114259
BRDA:2936,219,0,64
DA:2937,64
DA:2940,114195
BRDA:2940,220,0,1739
DA:2941,1739
DA:2944,112456
BRDA:2944,221,0,15277
DA:2945,15277
DA:2948,97179
BRDA:2948,222,0,9
DA:2949,9
DA:2952,97170
BRDA:2952,223,0,2832
DA:2953,2832
DA:2956,94338
BRDA:2956,224,0,-
DA:2957,0
DA:2960,94338
BRDA:2960,225,0,943
DA:2961,943
DA:2964,93395
BRDA:2964,226,0,889
DA:2965,889
DA:2968,92506
BRDA:2968,227,0,54083
DA:2969,54083
DA:2972,38423
BRDA:2972,228,0,7286
DA:2973,7286
DA:2976,31137
BRDA:2976,229,0,-
DA:2977,0
DA:2980,31137
BRDA:2980,230,0,271
DA:2981,271
DA:2984,30866
BRDA:2984,231,0,-
DA:2985,0
DA:2988,30866
BRDA:2988,232,0,752
DA:2989,752
DA:2992,30114
BRDA:2992,233,0,104
DA:2993,104
DA:2996,30010
BRDA:2996,234,0,219
DA:2997,219
DA:3000,29791
BRDA:3000,235,0,4790
DA:3001,4790
DA:3004,25001
BRDA:3004,236,0,23983
DA:3005,23983
DA:3008,1018
BRDA:3008,237,0,-
DA:3009,0
DA:3012,1018
BRDA:3012,238,0,-
DA:3013,0
DA:3016,1018
BRDA:3016,239,0,1018
DA:3017,1018
DA:3020,0
BRDA:3020,240,0,-
DA:3021,0
DA:3025,0
BRDA:3025,241,0,-
DA:3026,0
DA:3028,0
BRDA:3028,242,0,-
DA:3029,0
DA:3033,0
FNF:86
FNH:71
LF:1415
LH:1274
BRF:337
BRH:230
end_of_record
TN:
SF:src/test/TestContracts/LQTYStakingMock.sol
FN:6,LQTYStakingMock.setAddresses
FNDA:0,LQTYStakingMock.setAddresses
FN:14,LQTYStakingMock.stake
FNDA:0,LQTYStakingMock.stake
FN:16,LQTYStakingMock.unstake
FNDA:0,LQTYStakingMock.unstake
FN:18,LQTYStakingMock.increaseF_ETH
FNDA:0,LQTYStakingMock.increaseF_ETH
FN:20,LQTYStakingMock.increaseF_bold
FNDA:0,LQTYStakingMock.increaseF_bold
FN:22,LQTYStakingMock.getPendingETHGain
FNDA:0,LQTYStakingMock.getPendingETHGain
FN:24,LQTYStakingMock.getPendingBoldGain
FNDA:0,LQTYStakingMock.getPendingBoldGain
FNF:7
FNH:0
LF:0
LH:0
BRF:0
BRH:0
end_of_record
TN:
SF:src/test/TestContracts/LQTYTokenMock.sol
FN:9,LQTYTokenMock.sendToLQTYStaking
FNDA:0,LQTYTokenMock.sendToLQTYStaking
FN:11,LQTYTokenMock.getDeploymentStartTime
FNDA:0,LQTYTokenMock.getDeploymentStartTime
FN:13,LQTYTokenMock.getLpRewardsEntitlement
FNDA:0,LQTYTokenMock.getLpRewardsEntitlement
FNF:3
FNH:0
LF:0
LH:0
BRF:0
BRH:0
end_of_record
TN:
SF:src/test/TestContracts/LiquityMathTester.sol
FN:12,LiquityMathTester.callMax
FNDA:0,LiquityMathTester.callMax
DA:13,0
FN:17,LiquityMathTester.callDecPowTx
FNDA:0,LiquityMathTester.callDecPowTx
DA:18,0
DA:19,0
FN:23,LiquityMathTester.callDecPow
FNDA:0,LiquityMathTester.callDecPow
DA:24,0
FNF:3
FNH:0
LF:4
LH:0
BRF:0
BRH:0
end_of_record
TN:
SF:src/test/TestContracts/MetadataDeployment.sol
FN:23,MetadataDeployment.deployMetadata
FNDA:0,MetadataDeployment.deployMetadata
DA:24,9
DA:25,9
DA:26,9
DA:28,9
DA:30,9
FN:33,MetadataDeployment._loadFiles
FNDA:9,MetadataDeployment._loadFiles
DA:34,9
DA:38,9
DA:42,9
DA:43,9
DA:45,9
DA:47,9
DA:50,9
DA:51,9
DA:53,9
DA:55,9
DA:58,9
DA:59,9
DA:61,9
DA:63,9
DA:66,9
DA:67,9
DA:69,9
DA:71,9
DA:74,9
DA:75,9
DA:77,9
DA:79,9
FN:82,MetadataDeployment._storeFile
FNDA:9,MetadataDeployment._storeFile
DA:83,9
DA:93,9
FN:96,MetadataDeployment._deployFixedAssetReader
FNDA:9,MetadataDeployment._deployFixedAssetReader
DA:97,9
DA:98,9
DA:99,9
DA:100,9
DA:101,9
DA:102,9
DA:104,9
DA:105,9
DA:108,9
DA:111,9
DA:114,9
DA:117,9
DA:121,9
FNF:4
FNH:3
LF:42
LH:42
BRF:0
BRH:0
end_of_record
TN:
SF:src/test/TestContracts/NonPayableSwitch.sol
FN:14,NonPayableSwitch.setColl
FNDA:0,NonPayableSwitch.setColl
DA:15,0
FN:18,NonPayableSwitch.setPayable
FNDA:0,NonPayableSwitch.setPayable
DA:19,0
FN:22,NonPayableSwitch.forward
FNDA:0,NonPayableSwitch.forward
DA:24,0
DA:28,0
BRDA:28,0,0,-
BRDA:28,0,1,-
FN:31,NonPayableSwitch.receiveColl
FNDA:0,NonPayableSwitch.receiveColl
DA:33,0
FNF:4
FNH:0
LF:5
LH:0
BRF:2
BRH:0
end_of_record
TN:
SF:src/test/TestContracts/PriceFeedMock.sol
FN:10,PriceFeedMock.setPrice
FNDA:0,PriceFeedMock.setPrice
DA:11,0
FN:14,PriceFeedMock.getPrice
FNDA:0,PriceFeedMock.getPrice
DA:15,0
FN:18,PriceFeedMock.fetchPrice
FNDA:0,PriceFeedMock.fetchPrice
DA:19,0
FN:22,PriceFeedMock.lastGoodPrice
FNDA:0,PriceFeedMock.lastGoodPrice
DA:23,0
FN:26,PriceFeedMock.getEthUsdStalenessThreshold
FNDA:0,PriceFeedMock.getEthUsdStalenessThreshold
DA:27,0
FN:30,PriceFeedMock.setAddresses
FNDA:0,PriceFeedMock.setAddresses
FNF:6
FNH:0
LF:5
LH:0
BRF:0
BRH:0
end_of_record
TN:
SF:src/test/TestContracts/PriceFeedTestnet.sol
FN:19,PriceFeedTestnet.getPrice
FNDA:9,PriceFeedTestnet.getPrice
DA:20,9
FN:23,PriceFeedTestnet.lastGoodPrice
FNDA:0,PriceFeedTestnet.lastGoodPrice
DA:24,0
FN:27,PriceFeedTestnet.fetchPrice
FNDA:135451,PriceFeedTestnet.fetchPrice
DA:30,135451
DA:31,135451
FN:35,PriceFeedTestnet.setPrice
FNDA:22752,PriceFeedTestnet.setPrice
DA:36,22752
DA:37,22752
FN:40,PriceFeedTestnet.setAddresses
FNDA:0,PriceFeedTestnet.setAddresses
FNF:5
FNH:3
LF:6
LH:5
BRF:0
BRH:0
end_of_record
TN:
SF:src/test/TestContracts/SPInvariantsTestHandler.t.sol
FN:69,SPInvariantsTestHandler.
FNDA:0,SPInvariantsTestHandler.
DA:70,0
DA:71,0
DA:72,0
DA:73,0
DA:74,0
DA:75,0
DA:76,0
DA:77,0
DA:79,0
FN:82,SPInvariantsTestHandler._getTroveId
FNDA:0,SPInvariantsTestHandler._getTroveId
DA:83,0
FN:86,SPInvariantsTestHandler.openTrove
FNDA:0,SPInvariantsTestHandler.openTrove
DA:87,0
DA:88,0
DA:93,0
DA:94,0
DA:95,0
DA:96,0
DA:97,0
DA:99,0
DA:100,0
DA:102,0
DA:103,0
DA:104,0
DA:105,0
DA:106,0
DA:119,0
DA:120,0
DA:123,0
DA:124,0
DA:125,0
DA:126,0
DA:129,0
DA:130,0
FN:133,SPInvariantsTestHandler.provideToSp
FNDA:0,SPInvariantsTestHandler.provideToSp
DA:134,0
DA:136,0
DA:137,0
DA:138,0
DA:141,0
BRDA:141,0,0,-
DA:142,0
DA:143,0
DA:146,0
DA:148,0
DA:150,0
DA:151,0
DA:153,0
DA:155,0
DA:156,0
DA:158,0
DA:159,0
DA:162,0
DA:163,0
DA:164,0
DA:165,0
DA:167,0
DA:168,0
DA:169,0
DA:171,0
DA:172,0
FN:175,SPInvariantsTestHandler.liquidateMe
FNDA:0,SPInvariantsTestHandler.liquidateMe
DA:176,0
DA:177,0
DA:178,0
DA:180,0
DA:181,0
DA:183,0
DA:185,0
DA:187,0
DA:188,0
DA:189,0
DA:191,0
DA:192,0
DA:194,0
DA:197,0
DA:204,0
DA:206,0
DA:207,0
DA:208,0
DA:210,0
DA:211,0
DA:214,0
DA:216,0
DA:217,0
DA:219,0
DA:220,0
DA:222,0
DA:223,0
FNF:5
FNH:0
LF:84
LH:0
BRF:1
BRH:0
end_of_record
TN:
SF:src/test/TestContracts/SortedTrovesTester.sol
FN:12,SortedTrovesTester.setSortedTroves
FNDA:0,SortedTrovesTester.setSortedTroves
DA:13,0
FN:16,SortedTrovesTester.insert
FNDA:0,SortedTrovesTester.insert
DA:17,0
FN:20,SortedTrovesTester.remove
FNDA:0,SortedTrovesTester.remove
DA:21,0
FN:24,SortedTrovesTester.reInsert
FNDA:0,SortedTrovesTester.reInsert
DA:25,0
FN:29,SortedTrovesTester.getTroveAnnualInterestRate
FNDA:0,SortedTrovesTester.getTroveAnnualInterestRate
DA:30,0
FNF:5
FNH:0
LF:5
LH:0
BRF:0
BRH:0
end_of_record
TN:
SF:src/test/TestContracts/TroveManagerTester.t.sol
FN:14,TroveManagerTester.
FNDA:9,TroveManagerTester.
FN:17,TroveManagerTester.liquidate
FNDA:0,TroveManagerTester.liquidate
DA:18,0
DA:19,0
DA:20,0
FN:23,TroveManagerTester.get_CCR
FNDA:9,TroveManagerTester.get_CCR
DA:24,9
FN:27,TroveManagerTester.get_MCR
FNDA:9,TroveManagerTester.get_MCR
DA:28,9
FN:31,TroveManagerTester.get_SCR
FNDA:9,TroveManagerTester.get_SCR
DA:32,9
FN:35,TroveManagerTester.get_LIQUIDATION_PENALTY_SP
FNDA:9,TroveManagerTester.get_LIQUIDATION_PENALTY_SP
DA:36,9
FN:39,TroveManagerTester.get_LIQUIDATION_PENALTY_REDISTRIBUTION
FNDA:9,TroveManagerTester.get_LIQUIDATION_PENALTY_REDISTRIBUTION
DA:40,9
FN:43,TroveManagerTester.getBoldToken
FNDA:0,TroveManagerTester.getBoldToken
DA:44,0
FN:47,TroveManagerTester.getBorrowerOperations
FNDA:0,TroveManagerTester.getBorrowerOperations
DA:48,0
FN:51,TroveManagerTester.get_L_coll
FNDA:0,TroveManagerTester.get_L_coll
DA:52,0
FN:55,TroveManagerTester.get_L_boldDebt
FNDA:0,TroveManagerTester.get_L_boldDebt
DA:56,0
FN:59,TroveManagerTester.getTotalStakes
FNDA:0,TroveManagerTester.getTotalStakes
DA:60,0
FN:63,TroveManagerTester.getTotalStakesSnapshot
FNDA:0,TroveManagerTester.getTotalStakesSnapshot
DA:64,0
FN:67,TroveManagerTester.getTotalCollateralSnapshot
FNDA:0,TroveManagerTester.getTotalCollateralSnapshot
DA:68,0
FN:71,TroveManagerTester.getTroveId
FNDA:0,TroveManagerTester.getTroveId
DA:72,0
FN:75,TroveManagerTester.getTCR
FNDA:0,TroveManagerTester.getTCR
DA:76,0
FN:79,TroveManagerTester.checkBelowCriticalThreshold
FNDA:0,TroveManagerTester.checkBelowCriticalThreshold
DA:80,0
FN:83,TroveManagerTester.computeICR
FNDA:0,TroveManagerTester.computeICR
DA:84,0
FN:87,TroveManagerTester.getCollGasCompensation
FNDA:0,TroveManagerTester.getCollGasCompensation
DA:88,0
FN:91,TroveManagerTester.getETHGasCompensation
FNDA:0,TroveManagerTester.getETHGasCompensation
DA:92,0
FN:121,TroveManagerTester.predictOpenTroveUpfrontFee
FNDA:0,TroveManagerTester.predictOpenTroveUpfrontFee
DA:122,0
DA:123,0
DA:124,0
DA:126,0
DA:127,0
FN:130,TroveManagerTester._calcUpfrontFee
FNDA:0,TroveManagerTester._calcUpfrontFee
DA:131,0
FN:134,TroveManagerTester.getEffectiveRedemptionFeeInColl
FNDA:0,TroveManagerTester.getEffectiveRedemptionFeeInColl
DA:135,0
FN:138,TroveManagerTester.callInternalRemoveTroveId
FNDA:0,TroveManagerTester.callInternalRemoveTroveId
DA:139,0
DA:140,0
FN:143,TroveManagerTester.ownerOf
FNDA:132141,TroveManagerTester.ownerOf
DA:144,132141
FN:147,TroveManagerTester.balanceOf
FNDA:0,TroveManagerTester.balanceOf
DA:148,0
FN:153,TroveManagerTester.checkTroveIsOpen
FNDA:0,TroveManagerTester.checkTroveIsOpen
DA:154,0
DA:155,0
FN:158,TroveManagerTester.checkTroveIsActive
FNDA:0,TroveManagerTester.checkTroveIsActive
DA:159,0
DA:160,0
FN:163,TroveManagerTester.checkTroveIsUnredeemable
FNDA:0,TroveManagerTester.checkTroveIsUnredeemable
DA:164,0
DA:165,0
FN:168,TroveManagerTester.hasRedistributionGains
FNDA:0,TroveManagerTester.hasRedistributionGains
DA:174,0
DA:176,0
FN:180,TroveManagerTester.getPendingCollReward
FNDA:0,TroveManagerTester.getPendingCollReward
DA:181,0
DA:182,0
DA:183,0
FN:187,TroveManagerTester.getPendingBoldDebtReward
FNDA:0,TroveManagerTester.getPendingBoldDebtReward
DA:188,0
DA:189,0
DA:190,0
FN:193,TroveManagerTester.getEntireDebtAndColl
FNDA:0,TroveManagerTester.getEntireDebtAndColl
DA:204,0
DA:205,0
DA:207,0
FN:211,TroveManagerTester.getTroveEntireDebt
FNDA:17891,TroveManagerTester.getTroveEntireDebt
DA:212,17891
DA:213,17891
DA:214,17891
FN:217,TroveManagerTester.getTroveEntireColl
FNDA:0,TroveManagerTester.getTroveEntireColl
DA:218,0
DA:219,0
DA:220,0
FN:229,TroveManagerTester.getTroveStake
FNDA:0,TroveManagerTester.getTroveStake
DA:230,0
FN:233,TroveManagerTester.getTroveDebt
FNDA:0,TroveManagerTester.getTroveDebt
DA:234,0
DA:235,0
DA:236,0
BRDA:236,1,0,-
DA:237,0
DA:238,0
DA:239,0
DA:241,0
FN:244,TroveManagerTester.getTroveWeightedRecordedDebt
FNDA:0,TroveManagerTester.getTroveWeightedRecordedDebt
DA:245,0
DA:246,0
DA:247,0
BRDA:247,3,0,-
DA:248,0
DA:249,0
DA:250,0
DA:252,0
FN:255,TroveManagerTester.getTroveColl
FNDA:0,TroveManagerTester.getTroveColl
DA:256,0
DA:257,0
FN:260,TroveManagerTester.getTroveLastDebtUpdateTime
FNDA:0,TroveManagerTester.getTroveLastDebtUpdateTime
DA:261,0
DA:262,0
DA:263,0
BRDA:263,5,0,-
DA:264,0
DA:266,0
FN:269,TroveManagerTester.troveIsStale
FNDA:0,TroveManagerTester.troveIsStale
DA:270,0
DA:271,0
DA:272,0
BRDA:272,6,0,-
DA:273,0
DA:275,0
FN:280,TroveManagerTester.calcTroveAccruedInterest
FNDA:0,TroveManagerTester.calcTroveAccruedInterest
DA:281,0
DA:284,0
DA:285,0
BRDA:285,7,0,-
DA:286,0
DA:287,0
DA:290,0
DA:292,0
DA:294,0
DA:296,0
FN:299,TroveManagerTester.calcBatchAccruedInterest
FNDA:0,TroveManagerTester.calcBatchAccruedInterest
DA:300,0
DA:301,0
DA:303,0
DA:305,0
DA:307,0
FN:310,TroveManagerTester.calcTroveAccruedBatchManagementFee
FNDA:0,TroveManagerTester.calcTroveAccruedBatchManagementFee
DA:311,0
DA:314,0
DA:315,0
DA:318,0
DA:319,0
DA:320,0
DA:321,0
FN:324,TroveManagerTester.calcBatchAccruedManagementFee
FNDA:0,TroveManagerTester.calcBatchAccruedManagementFee
DA:325,0
DA:327,0
FN:330,TroveManagerTester.getBatchAnnualInterestRate
FNDA:0,TroveManagerTester.getBatchAnnualInterestRate
DA:331,0
FN:334,TroveManagerTester.getBatchLastDebtUpdateTime
FNDA:0,TroveManagerTester.getBatchLastDebtUpdateTime
DA:335,0
FN:338,TroveManagerTester.getBatch
FNDA:0,TroveManagerTester.getBatch
DA:352,0
DA:354,0
FNF:48
FNH:8
LF:109
LH:9
BRF:5
BRH:0
end_of_record
TN:
SF:src/test/TestContracts/WETH.sol
FN:42,WETH9.deposit
FNDA:0,WETH9.deposit
DA:43,0
DA:44,0
FN:47,WETH9.withdraw
FNDA:0,WETH9.withdraw
DA:48,0
BRDA:48,0,0,-
BRDA:48,0,1,-
DA:49,0
DA:50,0
DA:51,0
FN:54,WETH9.totalSupply
FNDA:0,WETH9.totalSupply
DA:55,0
FN:58,WETH9.approve
FNDA:0,WETH9.approve
DA:59,0
DA:60,0
DA:61,0
FN:64,WETH9.transfer
FNDA:0,WETH9.transfer
DA:65,0
FN:68,WETH9.transferFrom
FNDA:0,WETH9.transferFrom
DA:69,0
BRDA:69,1,0,-
BRDA:69,1,1,-
DA:71,0
BRDA:71,2,0,-
DA:72,0
BRDA:72,3,0,-
BRDA:72,3,1,-
DA:73,0
DA:76,0
DA:77,0
DA:79,0
DA:81,0
FNF:6
FNH:0
LF:19
LH:0
BRF:7
BRH:0
end_of_record
TN:
SF:src/test/TestContracts/WETHTester.sol
FN:12,WETHTester.
FNDA:9,WETHTester.
FN:20,WETHTester.deposit
FNDA:0,WETHTester.deposit
DA:21,0
DA:22,0
FN:25,WETHTester.withdraw
FNDA:0,WETHTester.withdraw
DA:26,0
BRDA:26,0,0,-
BRDA:26,0,1,-
DA:27,0
DA:28,0
DA:29,0
FNF:3
FNH:1
LF:6
LH:0
BRF:2
BRH:0
end_of_record
TN:
SF:src/test/Utils/BatchIdSet.sol
FN:14,BatchIdSetMethods.add
FNDA:0,BatchIdSetMethods.add
DA:15,0
BRDA:15,0,0,-
DA:16,0
DA:17,0
FN:21,BatchIdSetMethods.clear
FNDA:0,BatchIdSetMethods.clear
DA:22,0
DA:23,0
DA:25,0
FN:28,BatchIdSetMethods.has
FNDA:0,BatchIdSetMethods.has
DA:29,0
FNF:3
FNH:0
LF:7
LH:0
BRF:1
BRH:0
end_of_record
TN:
SF:src/test/Utils/EnumerableSet.sol
FN:17,EnumerableSetMethods.has
FNDA:1261445,EnumerableSetMethods.has
DA:18,1261445
FN:21,EnumerableSetMethods.get
FNDA:305242,EnumerableSetMethods.get
DA:22,305242
FN:25,EnumerableSetMethods.size
FNDA:1579324,EnumerableSetMethods.size
DA:26,1579324
FN:29,EnumerableSetMethods.add
FNDA:141389,EnumerableSetMethods.add
DA:30,141389
DA:31,141256
BRDA:31,1,0,73762
DA:33,141256
DA:34,141256
FN:37,EnumerableSetMethods.add
FNDA:0,EnumerableSetMethods.add
DA:38,0
DA:39,0
FN:43,EnumerableSetMethods.add
FNDA:30667,EnumerableSetMethods.add
DA:44,30667
DA:45,41792
FN:49,EnumerableSetMethods.remove
FNDA:16774,EnumerableSetMethods.remove
DA:50,16774
DA:52,7598
DA:53,7598
DA:55,7598
DA:56,7598
DA:58,7598
DA:59,7598
FN:62,EnumerableSetMethods.remove
FNDA:0,EnumerableSetMethods.remove
DA:63,0
DA:64,0
FN:68,EnumerableSetMethods.remove
FNDA:0,EnumerableSetMethods.remove
DA:69,0
DA:70,0
FN:74,EnumerableSetMethods.reset
FNDA:31407,EnumerableSetMethods.reset
DA:75,31407
DA:76,12070
DA:78,31407
FN:83,EnumerableAddressSetMethods.has
FNDA:198482,EnumerableAddressSetMethods.has
DA:84,198482
FN:87,EnumerableAddressSetMethods.get
FNDA:127295,EnumerableAddressSetMethods.get
DA:88,127295
FN:91,EnumerableAddressSetMethods.size
FNDA:566105,EnumerableAddressSetMethods.size
DA:92,566105
FN:95,EnumerableAddressSetMethods.add
FNDA:29012,EnumerableAddressSetMethods.add
DA:96,29012
FN:99,EnumerableAddressSetMethods.add
FNDA:0,EnumerableAddressSetMethods.add
DA:100,0
DA:101,0
FN:105,EnumerableAddressSetMethods.add
FNDA:0,EnumerableAddressSetMethods.add
DA:106,0
FN:109,EnumerableAddressSetMethods.remove
FNDA:0,EnumerableAddressSetMethods.remove
DA:110,0
FN:113,EnumerableAddressSetMethods.remove
FNDA:0,EnumerableAddressSetMethods.remove
DA:114,0
DA:115,0
FN:119,EnumerableAddressSetMethods.remove
FNDA:0,EnumerableAddressSetMethods.remove
DA:120,0
FN:123,EnumerableAddressSetMethods.reset
FNDA:27036,EnumerableAddressSetMethods.reset
DA:124,27036
FNF:20
FNH:12
LF:37
LH:24
BRF:1
BRH:1
end_of_record
TN:
SF:src/test/Utils/Logging.sol
FN:7,Logging._log
FNDA:669268,Logging._log
DA:8,669268
FN:11,Logging._log
FNDA:0,Logging._log
DA:12,0
FN:15,Logging._log
FNDA:62336,Logging._log
DA:16,62336
FN:19,Logging._log
FNDA:2032779,Logging._log
DA:20,2032779
FN:23,Logging._log
FNDA:122244,Logging._log
DA:24,122244
FN:27,Logging._log
FNDA:606102,Logging._log
DA:28,606102
FN:31,Logging._log
FNDA:0,Logging._log
DA:35,0
FN:38,Logging._log
FNDA:0,Logging._log
DA:47,0
FN:50,Logging._log
FNDA:0,Logging._log
DA:60,0
FN:63,Logging._log
FNDA:0,Logging._log
DA:74,0
FN:77,Logging._log
FNDA:0,Logging._log
DA:89,0
FN:92,Logging._log
FNDA:0,Logging._log
DA:105,0
FN:108,Logging.info
FNDA:62336,Logging.info
DA:109,62336
FN:112,Logging.info
FNDA:1302097,Logging.info
DA:113,1302097
FN:116,Logging.info
FNDA:122244,Logging.info
DA:117,122244
FN:120,Logging.info
FNDA:0,Logging.info
DA:121,0
FN:124,Logging.info
FNDA:0,Logging.info
DA:125,0
FN:128,Logging.info
FNDA:0,Logging.info
DA:132,0
FN:135,Logging._csv
FNDA:113758,Logging._csv
DA:136,113758
FN:139,Logging._csv
FNDA:92032,Logging._csv
DA:140,92032
FN:143,Logging._csv
FNDA:124389,Logging._csv
DA:144,124389
FN:147,Logging._csv
FNDA:0,Logging._csv
DA:148,0
FN:151,Logging._csv
FNDA:92926,Logging._csv
DA:152,92926
FN:155,Logging._csv
FNDA:0,Logging._csv
DA:156,0
FN:161,Logging._csv
FNDA:0,Logging._csv
DA:162,0
FN:181,Logging._csv
FNDA:30406,Logging._csv
DA:182,30406
FNF:26
FNH:13
LF:26
LH:13
BRF:0
BRH:0
end_of_record
TN:
SF:src/test/Utils/StringFormatting.sol
FN:20,StringFormatting.equals
FNDA:148661,StringFormatting.equals
DA:21,148661
FN:24,StringFormatting.toString
FNDA:2657021,StringFormatting.toString
DA:25,2657021
FN:28,StringFormatting.toString
FNDA:122348,StringFormatting.toString
DA:29,122348
FN:32,StringFormatting.decimal
FNDA:0,StringFormatting.decimal
DA:33,0
BRDA:33,0,0,-
BRDA:33,0,1,-
DA:34,0
DA:35,0
BRDA:35,1,0,-
BRDA:35,1,1,-
DA:36,0
DA:37,0
BRDA:37,2,0,-
BRDA:37,2,1,-
DA:38,0
DA:40,0
FN:44,StringFormatting.decimal
FNDA:1321039,StringFormatting.decimal
DA:45,1321039
BRDA:45,3,0,-
DA:46,0
DA:49,1321039
DA:50,1321039
DA:52,1321039
BRDA:52,4,0,668039
BRDA:52,4,1,653000
DA:53,668039
DA:55,653000
FN:64,StringFormatting.groupRight
FNDA:1351021,StringFormatting.groupRight
DA:65,1351021
FN:68,StringFormatting.groupRight
FNDA:1351021,StringFormatting.groupRight
DA:69,1351021
FN:72,StringFormatting.groupRight
FNDA:1351021,StringFormatting.groupRight
DA:73,1351021
DA:74,1351021
DA:76,1351021
DA:77,1351021
DA:79,1351021
DA:80,1351021
DA:81,2132477
BRDA:81,6,0,145094
BRDA:81,6,1,1987383
DA:82,145094
DA:84,1987383
FN:89,StringFormatting.slice
FNDA:653000,StringFormatting.slice
DA:90,653000
FN:93,StringFormatting.slice
FNDA:0,StringFormatting.slice
DA:94,0
FN:97,StringFormatting.slice
FNDA:653000,StringFormatting.slice
DA:98,653000
FN:102,StringFormatting.slice
FNDA:1306000,StringFormatting.slice
DA:103,1306000
DA:104,1306000
DA:105,1306000
BRDA:105,7,0,-
BRDA:105,7,1,1306000
DA:107,1306000
DA:109,1306000
DA:110,23214989
FN:114,StringFormatting.trimEnd
FNDA:653000,StringFormatting.trimEnd
DA:115,653000
FN:118,StringFormatting.trimEnd
FNDA:653000,StringFormatting.trimEnd
DA:119,653000
DA:120,653000
DA:121,653000
FN:124,StringFormatting.join
FNDA:118738,StringFormatting.join
DA:125,118738
DA:127,68536
DA:128,68536
DA:129,145685
FNF:15
FNH:13
LF:45
LH:36
BRF:13
BRH:5
end_of_record
TN:
SF:src/test/Utils/Trove.sol
FN:30,TroveMethods.accrueInterest
FNDA:35594,TroveMethods.accrueInterest
DA:31,35594
FN:34,TroveMethods.accrueBatchManagementFee
FNDA:35594,TroveMethods.accrueBatchManagementFee
DA:38,35594
FN:41,TroveMethods.redist
FNDA:1220,TroveMethods.redist
DA:42,1220
DA:43,1220
FN:46,TroveMethods.applyPendingRedist
FNDA:36062,TroveMethods.applyPendingRedist
DA:47,36062
DA:48,36062
DA:50,36062
DA:51,36062
FN:54,TroveMethods.applyPendingInterest
FNDA:53626,TroveMethods.applyPendingInterest
DA:55,53626
DA:56,53626
FN:59,TroveMethods.applyPendingBatchManagementFee
FNDA:53626,TroveMethods.applyPendingBatchManagementFee
DA:60,53626
DA:61,53626
FN:64,TroveMethods.applyPending
FNDA:34842,TroveMethods.applyPending
DA:65,34842
DA:66,34842
DA:67,34842
FNF:7
FNH:7
LF:15
LH:15
BRF:0
BRH:0
end_of_record
TN:
SF:src/test/Utils/UniPriceConverter.sol
FN:16,UniPriceConverter.priceToSqrtPrice
FNDA:0,UniPriceConverter.priceToSqrtPrice
DA:17,0
DA:18,0
DA:19,0
DA:21,0
DA:22,0
DA:23,0
DA:24,0
DA:26,0
DA:27,0
DA:28,0
DA:29,0
DA:31,0
FN:34,UniPriceConverter.sqrtPriceToPrice
FNDA:0,UniPriceConverter.sqrtPriceToPrice
DA:35,0
DA:37,0
DA:38,0
DA:39,0
DA:40,0
FNF:2
FNH:0
LF:17
LH:0
BRF:0
BRH:0
end_of_record
