TN:
SF:src/ActivePool.sol
FN:77,ActivePool.
FNDA:2,ActivePool.
DA:78,2
DA:79,2
DA:80,2
DA:81,2
DA:82,2
DA:83,2
DA:84,2
DA:86,2
DA:87,2
DA:88,2
DA:89,2
DA:90,2
DA:93,2
FN:103,ActivePool.getCollBalance
FNDA:19630,ActivePool.getCollBalance
DA:104,19630
FN:107,ActivePool.calcPendingAggInterest
FNDA:0,ActivePool.calcPendingAggInterest
DA:108,62925
DA:115,62925
FN:118,ActivePool.calcPendingSPYield
FNDA:8815,ActivePool.calcPendingSPYield
DA:119,8815
FN:122,ActivePool.calcPendingAggBatchManagementFee
FNDA:0,ActivePool.calcPendingAggBatchManagementFee
DA:123,14524
DA:124,14524
DA:126,14524
FN:129,ActivePool.getNewApproxAvgInterestRateFromTroveChange
FNDA:14524,ActivePool.getNewApproxAvgInterestRateFromTroveChange
DA:137,14524
BRDA:137,1,0,-
BRDA:137,1,1,14524
DA:139,14524
DA:141,14524
DA:142,14524
DA:143,14524
DA:144,14524
DA:145,14524
DA:146,14524
DA:148,14524
DA:149,14524
DA:150,14524
DA:155,14524
FN:159,ActivePool.getBoldDebt
FNDA:14524,ActivePool.getBoldDebt
DA:160,14524
FN:165,ActivePool.sendColl
FNDA:15318,ActivePool.sendColl
DA:166,15318
DA:168,15318
DA:170,15318
FN:173,ActivePool.sendCollToDefaultPool
FNDA:0,ActivePool.sendCollToDefaultPool
DA:174,0
DA:176,0
DA:178,0
FN:181,ActivePool._accountForSendColl
FNDA:15318,ActivePool._accountForSendColl
DA:182,15318
DA:183,15318
DA:184,15318
DA:185,15318
FN:188,ActivePool.receiveColl
FNDA:0,ActivePool.receiveColl
DA:189,0
DA:191,0
DA:194,0
FN:197,ActivePool.accountForReceivedColl
FNDA:7262,ActivePool.accountForReceivedColl
DA:198,7262
DA:200,7262
FN:203,ActivePool._accountForReceivedColl
FNDA:7262,ActivePool._accountForReceivedColl
DA:204,7262
DA:205,7262
DA:207,7262
FN:219,ActivePool.mintAggInterestAndAccountForTroveChange
FNDA:12368,ActivePool.mintAggInterestAndAccountForTroveChange
DA:222,12368
DA:225,12368
BRDA:225,3,0,-
DA:226,0
DA:230,12368
DA:231,12368
DA:232,12368
DA:233,12368
DA:234,12368
DA:235,12368
DA:241,12368
DA:242,12368
DA:243,12368
DA:244,12368
FN:247,ActivePool.mintAggInterest
FNDA:12694,ActivePool.mintAggInterest
DA:248,12694
DA:249,12694
FN:252,ActivePool._mintAggInterest
FNDA:25062,ActivePool._mintAggInterest
DA:253,25062
DA:256,25062
BRDA:256,4,0,7262
DA:257,7262
DA:258,7262
DA:260,7262
DA:261,7262
DA:263,7262
DA:266,25062
FN:269,ActivePool.mintBatchManagementFeeAndAccountForChange
FNDA:0,ActivePool.mintBatchManagementFeeAndAccountForChange
DA:273,0
DA:274,0
FN:277,ActivePool._mintBatchManagementFeeAndAccountForChange
FNDA:0,ActivePool._mintBatchManagementFeeAndAccountForChange
DA:282,0
DA:285,0
DA:286,0
DA:287,0
DA:288,0
DA:291,0
DA:292,0
DA:293,0
DA:294,0
DA:297,0
BRDA:297,5,0,-
DA:298,0
DA:301,0
FN:306,ActivePool.setShutdownFlag
FNDA:0,ActivePool.setShutdownFlag
DA:307,0
DA:308,0
FN:311,ActivePool.hasBeenShutDown
FNDA:0,ActivePool.hasBeenShutDown
DA:312,0
FN:317,ActivePool._requireCallerIsBorrowerOperationsOrDefaultPool
FNDA:7262,ActivePool._requireCallerIsBorrowerOperationsOrDefaultPool
DA:318,7262
BRDA:318,6,0,-
BRDA:318,6,1,7262
FN:324,ActivePool._requireCallerIsBOorTroveMorSP
FNDA:15318,ActivePool._requireCallerIsBOorTroveMorSP
DA:325,15318
BRDA:325,7,0,-
BRDA:325,7,1,15318
FN:332,ActivePool._requireCallerIsBOorSP
FNDA:12694,ActivePool._requireCallerIsBOorSP
DA:333,12694
BRDA:333,8,0,-
BRDA:333,8,1,12694
FN:339,ActivePool._requireCallerIsBOorTroveM
FNDA:12368,ActivePool._requireCallerIsBOorTroveM
DA:340,12368
BRDA:340,9,0,-
BRDA:340,9,1,12368
FN:346,ActivePool._requireCallerIsTroveManager
FNDA:0,ActivePool._requireCallerIsTroveManager
DA:347,0
BRDA:347,10,0,-
BRDA:347,10,1,-
FNF:25
FNH:16
LF:96
LH:71
BRF:15
BRH:6
end_of_record
TN:
SF:src/AddressesRegistry.sol
FN:68,AddressesRegistry.
FNDA:2,AddressesRegistry.
DA:76,2
BRDA:76,0,0,-
DA:77,2
BRDA:77,1,0,-
DA:78,2
BRDA:78,2,0,-
DA:79,2
BRDA:79,3,0,-
DA:80,2
BRDA:80,4,0,-
DA:81,2
BRDA:81,5,0,-
DA:83,2
DA:84,2
DA:85,2
DA:86,2
DA:87,2
FN:90,AddressesRegistry.setAddresses
FNDA:2,AddressesRegistry.setAddresses
DA:91,2
DA:92,2
DA:93,2
DA:94,2
DA:95,2
DA:96,2
DA:97,2
DA:98,2
DA:99,2
DA:100,2
DA:101,2
DA:102,2
DA:103,2
DA:104,2
DA:105,2
DA:106,2
DA:107,2
DA:108,2
DA:110,2
DA:111,2
DA:112,2
DA:113,2
DA:114,2
DA:115,2
DA:116,2
DA:117,2
DA:118,2
DA:119,2
DA:120,2
DA:121,2
DA:122,2
DA:123,2
DA:124,2
DA:125,2
DA:126,2
DA:127,2
DA:129,2
FNF:2
FNH:2
LF:48
LH:48
BRF:6
BRH:0
end_of_record
TN:
SF:src/BoldToken.sol
FN:39,BoldToken.
FNDA:2,BoldToken.
FN:41,BoldToken.setBranchAddresses
FNDA:2,BoldToken.setBranchAddresses
DA:47,2
DA:48,2
DA:50,2
DA:51,2
DA:53,2
DA:54,2
DA:56,2
DA:57,2
FN:60,BoldToken.setCollateralRegistry
FNDA:2,BoldToken.setCollateralRegistry
DA:61,2
DA:62,2
DA:64,2
FN:69,BoldToken.mint
FNDA:21786,BoldToken.mint
DA:70,21786
DA:71,21786
FN:74,BoldToken.burn
FNDA:5106,BoldToken.burn
DA:75,5106
DA:76,5106
FN:79,BoldToken.sendToPool
FNDA:12694,BoldToken.sendToPool
DA:80,12694
DA:81,12694
FN:84,BoldToken.returnFromPool
FNDA:6460,BoldToken.returnFromPool
DA:85,6460
DA:86,6460
FN:91,BoldToken.transfer
FNDA:32650,BoldToken.transfer
DA:92,32650
DA:93,32650
FN:96,BoldToken.transferFrom
FNDA:0,BoldToken.transferFrom
DA:101,0
DA:102,0
FN:107,BoldToken._requireValidRecipient
FNDA:32650,BoldToken._requireValidRecipient
DA:108,32650
BRDA:108,0,0,-
BRDA:108,0,1,32650
FN:114,BoldToken._requireCallerIsBOorAP
FNDA:21786,BoldToken._requireCallerIsBOorAP
DA:115,21786
BRDA:115,1,0,-
BRDA:115,1,1,21786
FN:121,BoldToken._requireCallerIsCRorBOorTMorSP
FNDA:5106,BoldToken._requireCallerIsCRorBOorTMorSP
DA:122,5106
BRDA:122,2,0,-
BRDA:122,2,1,5106
FN:129,BoldToken._requireCallerIsStabilityPool
FNDA:19154,BoldToken._requireCallerIsStabilityPool
DA:130,19154
BRDA:130,3,0,-
BRDA:130,3,1,19154
FNF:13
FNH:12
LF:27
LH:25
BRF:8
BRH:4
end_of_record
TN:
SF:src/BorrowerOperations.sol
FN:165,BorrowerOperations.
FNDA:2,BorrowerOperations.
DA:167,2
BRDA:167,0,0,-
BRDA:167,0,1,2
DA:169,2
DA:171,2
DA:173,2
DA:174,2
DA:175,2
DA:177,2
DA:178,2
DA:179,2
DA:180,2
DA:181,2
DA:183,2
DA:184,2
DA:185,2
DA:186,2
DA:187,2
DA:190,2
FN:195,BorrowerOperations.openTrove
FNDA:7262,BorrowerOperations.openTrove
DA:208,7262
DA:210,7262
DA:212,7262
DA:229,7262
DA:231,7262
DA:233,7262
FN:236,BorrowerOperations.openTroveAndJoinInterestBatchManager
FNDA:0,BorrowerOperations.openTroveAndJoinInterestBatchManager
DA:241,0
DA:243,0
DA:244,0
DA:246,0
DA:249,0
DA:250,0
DA:251,0
DA:252,0
DA:268,0
DA:271,0
DA:280,0
DA:288,0
FN:291,BorrowerOperations._openTrove
FNDA:7262,BorrowerOperations._openTrove
DA:306,7262
DA:308,7262
DA:311,7262
DA:312,7262
DA:313,7262
DA:315,7262
DA:319,7262
DA:321,7262
DA:322,7262
DA:324,7262
DA:325,7262
DA:328,7262
DA:330,7262
DA:331,7262
DA:332,7262
DA:334,7262
DA:335,7262
DA:338,7262
BRDA:338,1,0,7262
BRDA:338,1,1,-
DA:339,7262
DA:342,0
DA:343,0
DA:348,7262
DA:349,7262
DA:351,7262
DA:352,7262
DA:361,7262
DA:362,7262
DA:364,7262
DA:367,7262
DA:370,7262
DA:371,7262
DA:373,7262
FN:377,BorrowerOperations.addColl
FNDA:0,BorrowerOperations.addColl
DA:378,0
DA:379,0
DA:381,0
DA:382,0
DA:384,0
FN:393,BorrowerOperations.withdrawColl
FNDA:0,BorrowerOperations.withdrawColl
DA:394,0
DA:395,0
DA:397,0
DA:398,0
DA:400,0
FN:409,BorrowerOperations.withdrawBold
FNDA:0,BorrowerOperations.withdrawBold
DA:410,0
DA:411,0
DA:413,0
DA:414,0
DA:415,0
FN:419,BorrowerOperations.repayBold
FNDA:0,BorrowerOperations.repayBold
DA:420,0
DA:421,0
DA:423,0
DA:424,0
DA:426,0
FN:434,BorrowerOperations._initTroveChange
FNDA:0,BorrowerOperations._initTroveChange
DA:441,0
BRDA:441,2,0,-
BRDA:441,2,1,-
DA:442,0
DA:444,0
DA:447,0
BRDA:447,3,0,-
BRDA:447,3,1,-
DA:448,0
DA:450,0
FN:454,BorrowerOperations.adjustTrove
FNDA:0,BorrowerOperations.adjustTrove
DA:462,0
DA:463,0
DA:465,0
DA:466,0
DA:467,0
FN:470,BorrowerOperations.adjustUnredeemableTrove
FNDA:0,BorrowerOperations.adjustUnredeemableTrove
DA:480,0
DA:481,0
DA:483,0
DA:484,0
DA:485,0
DA:487,0
DA:489,0
DA:490,0
DA:491,0
BRDA:491,4,0,-
DA:492,0
DA:493,0
DA:495,0
FN:505,BorrowerOperations.adjustTroveInterestRate
FNDA:0,BorrowerOperations.adjustTroveInterestRate
DA:512,0
DA:514,0
DA:516,0
DA:517,0
DA:518,0
DA:519,0
DA:520,0
DA:521,0
DA:523,0
DA:524,0
DA:526,0
DA:528,0
DA:529,0
DA:530,0
DA:531,0
DA:532,0
DA:536,0
DA:537,0
DA:538,0
BRDA:538,5,0,-
DA:539,0
DA:543,0
DA:545,0
DA:547,0
DA:548,0
FN:556,BorrowerOperations._adjustTrove
FNDA:0,BorrowerOperations._adjustTrove
DA:562,0
DA:564,0
DA:565,0
DA:566,0
DA:568,0
DA:569,0
DA:573,0
DA:575,0
DA:576,0
DA:578,0
BRDA:578,6,0,-
DA:579,0
DA:582,0
BRDA:582,7,0,-
DA:583,0
DA:586,0
DA:589,0
BRDA:589,8,0,-
DA:590,0
DA:591,0
BRDA:591,9,0,-
DA:592,0
DA:594,0
DA:597,0
DA:600,0
BRDA:600,10,0,-
DA:601,0
DA:604,0
DA:605,0
DA:607,0
DA:608,0
DA:609,0
DA:610,0
DA:611,0
BRDA:611,11,0,-
BRDA:611,11,1,-
DA:612,0
DA:614,0
DA:618,0
DA:619,0
DA:620,0
DA:621,0
DA:622,0
DA:623,0
DA:624,0
DA:626,0
DA:627,0
DA:628,0
DA:629,0
DA:633,0
BRDA:633,12,0,-
DA:634,0
DA:635,0
DA:636,0
DA:638,0
DA:639,0
BRDA:639,13,0,-
BRDA:639,13,1,-
DA:640,0
DA:642,0
DA:643,0
DA:646,0
DA:652,0
DA:654,0
DA:657,0
DA:661,0
BRDA:661,14,0,-
BRDA:661,14,1,-
DA:662,0
DA:671,0
DA:674,0
DA:675,0
FN:678,BorrowerOperations.closeTrove
FNDA:0,BorrowerOperations.closeTrove
DA:679,0
DA:680,0
DA:681,0
DA:685,0
DA:686,0
DA:687,0
DA:689,0
DA:692,0
DA:694,0
DA:695,0
DA:696,0
DA:697,0
DA:698,0
DA:700,0
DA:701,0
DA:702,0
BRDA:702,15,0,-
BRDA:702,15,1,-
DA:703,0
DA:704,0
DA:705,0
DA:706,0
DA:707,0
DA:708,0
DA:709,0
DA:710,0
DA:712,0
DA:716,0
DA:717,0
DA:718,0
BRDA:718,16,0,-
DA:720,0
DA:729,0
BRDA:729,17,0,-
DA:731,0
DA:734,0
DA:737,0
DA:739,0
DA:742,0
DA:744,0
FN:747,BorrowerOperations.applyPendingDebt
FNDA:0,BorrowerOperations.applyPendingDebt
DA:748,0
DA:750,0
DA:752,0
DA:754,0
DA:755,0
DA:756,0
DA:757,0
DA:759,0
DA:760,0
DA:762,0
BRDA:762,18,0,-
BRDA:762,18,1,-
DA:763,0
DA:764,0
DA:766,0
DA:767,0
DA:768,0
DA:769,0
DA:771,0
DA:772,0
DA:776,0
DA:785,0
DA:788,0
BRDA:788,19,0,-
DA:789,0
DA:790,0
FN:796,BorrowerOperations.getInterestIndividualDelegateOf
FNDA:0,BorrowerOperations.getInterestIndividualDelegateOf
DA:801,0
FN:804,BorrowerOperations.setInterestIndividualDelegate
FNDA:0,BorrowerOperations.setInterestIndividualDelegate
DA:815,0
DA:816,0
DA:817,0
DA:820,0
BRDA:820,20,0,-
DA:821,0
FN:825,BorrowerOperations.removeInterestIndividualDelegate
FNDA:0,BorrowerOperations.removeInterestIndividualDelegate
DA:826,0
DA:827,0
FN:830,BorrowerOperations.getInterestBatchManager
FNDA:0,BorrowerOperations.getInterestBatchManager
DA:831,0
FN:834,BorrowerOperations.registerBatchManager
FNDA:0,BorrowerOperations.registerBatchManager
DA:841,0
DA:842,0
DA:843,0
DA:844,0
DA:846,0
BRDA:846,21,0,-
DA:847,0
DA:850,0
BRDA:850,22,0,-
DA:851,0
BRDA:851,23,0,-
DA:853,0
DA:856,0
FN:859,BorrowerOperations.lowerBatchManagementFee
FNDA:0,BorrowerOperations.lowerBatchManagementFee
DA:860,0
DA:861,0
DA:863,0
DA:865,0
DA:866,0
BRDA:866,24,0,-
DA:867,0
DA:871,0
DA:879,0
DA:880,0
DA:881,0
DA:882,0
DA:883,0
DA:884,0
DA:887,0
FN:890,BorrowerOperations.setBatchManagerAnnualInterestRate
FNDA:0,BorrowerOperations.setBatchManagerAnnualInterestRate
DA:896,0
DA:897,0
DA:898,0
DA:902,0
DA:903,0
DA:905,0
DA:906,0
DA:908,0
DA:910,0
DA:911,0
DA:912,0
DA:913,0
DA:914,0
DA:915,0
DA:919,0
DA:920,0
DA:921,0
BRDA:921,25,0,-
DA:922,0
DA:924,0
DA:925,0
DA:926,0
DA:928,0
DA:931,0
DA:932,0
DA:936,0
DA:937,0
DA:940,0
DA:943,0
BRDA:943,26,0,-
DA:944,0
DA:947,0
FN:952,BorrowerOperations.setInterestBatchManager
FNDA:0,BorrowerOperations.setInterestBatchManager
DA:959,0
DA:960,0
DA:961,0
DA:962,0
DA:963,0
DA:965,0
DA:966,0
DA:967,0
DA:968,0
DA:970,0
DA:972,0
BRDA:972,27,0,-
DA:974,0
DA:975,0
DA:977,0
DA:978,0
DA:979,0
DA:980,0
DA:981,0
DA:983,0
DA:990,0
BRDA:990,28,0,-
DA:991,0
DA:996,0
DA:1000,0
DA:1001,0
DA:1003,0
DA:1005,0
DA:1017,0
DA:1018,0
FN:1023,BorrowerOperations.removeFromBatch
FNDA:0,BorrowerOperations.removeFromBatch
DA:1030,0
DA:1032,0
DA:1033,0
DA:1034,0
DA:1036,0
DA:1037,0
DA:1038,0
DA:1040,0
DA:1041,0
DA:1044,0
DA:1046,0
DA:1048,0
DA:1049,0
DA:1051,0
DA:1052,0
DA:1053,0
DA:1054,0
DA:1055,0
DA:1057,0
DA:1062,0
DA:1063,0
DA:1064,0
BRDA:1064,29,0,-
DA:1065,0
DA:1070,0
DA:1073,0
DA:1076,0
DA:1079,0
DA:1081,0
FN:1093,BorrowerOperations.switchBatchManager
FNDA:0,BorrowerOperations.switchBatchManager
DA:1102,0
DA:1103,0
DA:1105,0
DA:1107,0
DA:1108,0
FN:1111,BorrowerOperations._applyUpfrontFee
FNDA:0,BorrowerOperations._applyUpfrontFee
DA:1117,0
DA:1119,0
DA:1120,0
DA:1121,0
DA:1123,0
DA:1126,0
DA:1127,0
DA:1131,0
DA:1132,0
DA:1134,0
FN:1137,BorrowerOperations._calcUpfrontFee
FNDA:7262,BorrowerOperations._calcUpfrontFee
DA:1138,7262
FN:1142,BorrowerOperations.onLiquidateTrove
FNDA:5106,BorrowerOperations.onLiquidateTrove
DA:1143,5106
DA:1145,5106
FN:1148,BorrowerOperations._wipeTroveMappings
FNDA:5106,BorrowerOperations._wipeTroveMappings
DA:1149,5106
DA:1150,5106
DA:1151,5106
DA:1152,5106
FN:1158,BorrowerOperations.claimCollateral
FNDA:0,BorrowerOperations.claimCollateral
DA:1160,0
FN:1163,BorrowerOperations.shutdown
FNDA:0,BorrowerOperations.shutdown
DA:1164,0
BRDA:1164,30,0,-
DA:1166,0
DA:1167,0
DA:1168,0
DA:1170,0
DA:1171,0
BRDA:1171,31,0,-
DA:1173,0
DA:1175,0
FN:1179,BorrowerOperations.shutdownFromOracleFailure
FNDA:0,BorrowerOperations.shutdownFromOracleFailure
DA:1180,0
DA:1186,0
DA:1188,0
FN:1191,BorrowerOperations._applyShutdown
FNDA:0,BorrowerOperations._applyShutdown
DA:1192,0
DA:1193,0
DA:1194,0
FN:1199,BorrowerOperations._reInsertIntoSortedTroves
FNDA:0,BorrowerOperations._reInsertIntoSortedTroves
DA:1208,0
BRDA:1208,33,0,-
BRDA:1208,33,1,-
DA:1209,0
DA:1211,0
FN:1219,BorrowerOperations._moveTokensFromAdjustment
FNDA:0,BorrowerOperations._moveTokensFromAdjustment
DA:1225,0
BRDA:1225,34,0,-
BRDA:1225,34,1,-
DA:1226,0
DA:1227,0
BRDA:1227,35,0,-
DA:1228,0
DA:1231,0
BRDA:1231,36,0,-
BRDA:1231,36,1,-
DA:1233,0
DA:1234,0
BRDA:1234,37,0,-
DA:1236,0
FN:1240,BorrowerOperations._pullCollAndSendToActivePool
FNDA:7262,BorrowerOperations._pullCollAndSendToActivePool
DA:1242,7262
DA:1244,7262
FN:1247,BorrowerOperations.checkBatchManagerExists
FNDA:0,BorrowerOperations.checkBatchManagerExists
DA:1248,0
FN:1253,BorrowerOperations._requireIsNotShutDown
FNDA:7262,BorrowerOperations._requireIsNotShutDown
DA:1254,0
BRDA:1254,38,0,-
DA:1255,0
FN:1259,BorrowerOperations._requireIsShutDown
FNDA:0,BorrowerOperations._requireIsShutDown
DA:1260,0
BRDA:1260,39,0,-
DA:1261,0
FN:1265,BorrowerOperations._requireNonZeroAdjustment
FNDA:0,BorrowerOperations._requireNonZeroAdjustment
DA:1267,0
DA:1268,0
DA:1269,0
BRDA:1269,40,0,-
DA:1270,0
FN:1274,BorrowerOperations._requireSenderIsOwnerOrInterestManager
FNDA:0,BorrowerOperations._requireSenderIsOwnerOrInterestManager
DA:1275,0
BRDA:1275,41,0,-
DA:1276,0
FN:1280,BorrowerOperations._requireIsNotInBatch
FNDA:0,BorrowerOperations._requireIsNotInBatch
DA:1281,0
BRDA:1281,42,0,-
DA:1282,0
FN:1286,BorrowerOperations._requireIsInBatch
FNDA:0,BorrowerOperations._requireIsInBatch
DA:1287,0
DA:1288,0
BRDA:1288,43,0,-
DA:1289,0
DA:1292,0
FN:1295,BorrowerOperations._requireInterestRateInDelegateRange
FNDA:0,BorrowerOperations._requireInterestRateInDelegateRange
DA:1296,0
DA:1297,0
BRDA:1297,44,0,-
DA:1298,0
FN:1304,BorrowerOperations._requireInterestRateInBatchManagerRange
FNDA:0,BorrowerOperations._requireInterestRateInBatchManagerRange
DA:1308,0
DA:1309,0
FN:1314,BorrowerOperations._requireInterestRateInRange
FNDA:0,BorrowerOperations._requireInterestRateInRange
DA:1319,0
BRDA:1319,45,0,-
DA:1320,0
FN:1324,BorrowerOperations._requireInterestRateChangePeriodPassed
FNDA:0,BorrowerOperations._requireInterestRateChangePeriodPassed
DA:1328,0
DA:1329,0
BRDA:1329,46,0,-
DA:1330,0
FN:1334,BorrowerOperations._requireTroveIsOpen
FNDA:0,BorrowerOperations._requireTroveIsOpen
DA:1335,0
DA:1336,0
BRDA:1336,47,0,-
DA:1337,0
FN:1341,BorrowerOperations._requireTroveIsActive
FNDA:0,BorrowerOperations._requireTroveIsActive
DA:1342,0
DA:1343,0
BRDA:1343,48,0,-
DA:1344,0
FN:1348,BorrowerOperations._requireTroveIsUnredeemable
FNDA:0,BorrowerOperations._requireTroveIsUnredeemable
DA:1349,0
BRDA:1349,49,0,-
DA:1350,0
FN:1354,BorrowerOperations._checkTroveIsUnredeemable
FNDA:0,BorrowerOperations._checkTroveIsUnredeemable
DA:1355,0
DA:1356,0
FN:1359,BorrowerOperations._requireTroveIsNotOpen
FNDA:7262,BorrowerOperations._requireTroveIsNotOpen
DA:1360,7262
DA:1361,7262
BRDA:1361,50,0,-
DA:1362,0
FN:1366,BorrowerOperations._requireUserAcceptsUpfrontFee
FNDA:7262,BorrowerOperations._requireUserAcceptsUpfrontFee
DA:1367,7262
BRDA:1367,51,0,-
DA:1368,0
FN:1372,BorrowerOperations._requireNotBelowCriticalThreshold
FNDA:7262,BorrowerOperations._requireNotBelowCriticalThreshold
DA:1373,7262
BRDA:1373,52,0,-
DA:1374,0
FN:1378,BorrowerOperations._requireNoBorrowing
FNDA:0,BorrowerOperations._requireNoBorrowing
DA:1379,0
BRDA:1379,53,0,-
DA:1380,0
FN:1384,BorrowerOperations._requireValidAdjustmentInCurrentMode
FNDA:0,BorrowerOperations._requireValidAdjustmentInCurrentMode
DA:1401,0
DA:1403,0
BRDA:1403,54,0,-
BRDA:1403,54,1,-
DA:1404,0
DA:1405,0
DA:1408,0
DA:1409,0
FN:1413,BorrowerOperations._requireICRisAboveMCR
FNDA:7262,BorrowerOperations._requireICRisAboveMCR
DA:1414,7262
BRDA:1414,55,0,-
DA:1415,0
FN:1419,BorrowerOperations._requireDebtRepaymentGeCollWithdrawal
FNDA:0,BorrowerOperations._requireDebtRepaymentGeCollWithdrawal
DA:1420,0
BRDA:1420,56,0,-
DA:1421,0
FN:1425,BorrowerOperations._requireNewTCRisAboveCCR
FNDA:7262,BorrowerOperations._requireNewTCRisAboveCCR
DA:1426,7262
BRDA:1426,57,0,-
DA:1427,0
FN:1431,BorrowerOperations._requireAtLeastMinDebt
FNDA:7262,BorrowerOperations._requireAtLeastMinDebt
DA:1432,7262
BRDA:1432,58,0,-
DA:1433,0
FN:1437,BorrowerOperations._requireValidCollWithdrawal
FNDA:0,BorrowerOperations._requireValidCollWithdrawal
DA:1438,0
BRDA:1438,59,0,-
DA:1439,0
FN:1443,BorrowerOperations._requireSufficientBoldBalance
FNDA:0,BorrowerOperations._requireSufficientBoldBalance
DA:1447,0
BRDA:1447,60,0,-
DA:1448,0
FN:1452,BorrowerOperations._requireValidAnnualInterestRate
FNDA:7262,BorrowerOperations._requireValidAnnualInterestRate
DA:1453,7262
BRDA:1453,61,0,-
DA:1454,0
DA:1456,7262
BRDA:1456,62,0,-
DA:1457,0
FN:1461,BorrowerOperations._requireAnnualInterestRateIsNew
FNDA:0,BorrowerOperations._requireAnnualInterestRateIsNew
DA:1465,0
BRDA:1465,63,0,-
DA:1466,0
FN:1470,BorrowerOperations._requireValidInterestBatchManager
FNDA:0,BorrowerOperations._requireValidInterestBatchManager
DA:1471,0
BRDA:1471,64,0,-
DA:1472,0
FN:1476,BorrowerOperations._requireNonExistentInterestBatchManager
FNDA:0,BorrowerOperations._requireNonExistentInterestBatchManager
DA:1477,0
BRDA:1477,65,0,-
DA:1478,0
FN:1482,BorrowerOperations._requireNewInterestBatchManager
FNDA:0,BorrowerOperations._requireNewInterestBatchManager
DA:1486,0
BRDA:1486,66,0,-
DA:1487,0
FN:1491,BorrowerOperations._requireCallerIsTroveManager
FNDA:5106,BorrowerOperations._requireCallerIsTroveManager
DA:1492,5106
BRDA:1492,67,0,-
DA:1493,0
FN:1497,BorrowerOperations._requireCallerIsPriceFeed
FNDA:0,BorrowerOperations._requireCallerIsPriceFeed
DA:1498,0
BRDA:1498,68,0,-
DA:1499,0
FN:1503,BorrowerOperations._requireOraclesLive
FNDA:7262,BorrowerOperations._requireOraclesLive
DA:1504,7262
DA:1505,0
BRDA:1505,69,0,-
DA:1506,0
DA:1509,7262
FN:1514,BorrowerOperations._getNewTCRFromTroveChange
FNDA:7262,BorrowerOperations._getNewTCRFromTroveChange
DA:1519,7262
DA:1520,7262
DA:1521,7262
DA:1523,7262
DA:1524,7262
DA:1525,7262
DA:1526,7262
DA:1528,7262
FNF:71
FNH:18
LF:514
LH:82
BRF:82
BRH:2
end_of_record
TN:
SF:src/CollSurplusPool.sol
FN:32,CollSurplusPool.
FNDA:2,CollSurplusPool.
DA:33,2
DA:34,2
DA:35,2
DA:37,2
DA:38,2
FN:43,CollSurplusPool.getCollBalance
FNDA:0,CollSurplusPool.getCollBalance
DA:44,0
FN:47,CollSurplusPool.getCollateral
FNDA:10212,CollSurplusPool.getCollateral
DA:48,10212
FN:53,CollSurplusPool.accountSurplus
FNDA:5106,CollSurplusPool.accountSurplus
DA:54,5106
DA:56,5106
DA:57,5106
DA:58,5106
DA:60,5106
FN:63,CollSurplusPool.claimColl
FNDA:0,CollSurplusPool.claimColl
DA:64,0
DA:65,0
DA:66,0
BRDA:66,0,0,-
BRDA:66,0,1,-
DA:68,0
DA:69,0
DA:71,0
DA:72,0
DA:74,0
FN:79,CollSurplusPool._requireCallerIsBorrowerOperations
FNDA:0,CollSurplusPool._requireCallerIsBorrowerOperations
DA:80,0
BRDA:80,1,0,-
BRDA:80,1,1,-
FN:83,CollSurplusPool._requireCallerIsTroveManager
FNDA:5106,CollSurplusPool._requireCallerIsTroveManager
DA:84,5106
BRDA:84,2,0,-
BRDA:84,2,1,5106
FNF:7
FNH:4
LF:22
LH:12
BRF:6
BRH:1
end_of_record
TN:
SF:src/CollateralRegistry.sol
FN:54,CollateralRegistry.
FNDA:2,CollateralRegistry.
DA:55,2
DA:56,2
BRDA:56,0,0,-
BRDA:56,0,1,2
DA:57,2
BRDA:57,1,0,-
BRDA:57,1,1,2
DA:58,2
DA:60,2
DA:62,2
DA:63,2
DA:64,2
DA:65,2
DA:66,2
DA:67,2
DA:68,2
DA:69,2
DA:70,2
DA:71,2
DA:73,2
DA:74,2
DA:75,2
DA:76,2
DA:77,2
DA:78,2
DA:79,2
DA:80,2
DA:81,2
DA:82,2
DA:85,2
DA:86,2
FN:96,CollateralRegistry.redeemCollateral
FNDA:0,CollateralRegistry.redeemCollateral
DA:99,0
DA:100,0
DA:101,0
DA:103,0
DA:105,0
DA:106,0
DA:107,0
DA:109,0
DA:115,0
DA:116,0
DA:117,0
BRDA:117,2,0,-
BRDA:117,2,1,-
DA:122,0
DA:123,0
DA:124,0
DA:125,0
DA:126,0
DA:127,0
BRDA:127,3,0,-
DA:128,0
DA:129,0
DA:135,0
BRDA:135,4,0,-
DA:136,0
DA:137,0
DA:138,0
DA:139,0
DA:140,0
BRDA:140,5,0,-
DA:141,0
DA:142,0
DA:143,0
DA:149,0
DA:151,0
BRDA:151,6,0,-
DA:152,0
DA:153,0
BRDA:153,7,0,-
DA:154,0
DA:155,0
DA:158,0
DA:163,0
DA:166,0
BRDA:166,8,0,-
DA:167,0
FN:174,CollateralRegistry._updateLastFeeOpTime
FNDA:0,CollateralRegistry._updateLastFeeOpTime
DA:175,0
DA:177,0
BRDA:177,9,0,-
DA:178,0
DA:179,0
FN:183,CollateralRegistry._minutesPassedSinceLastFeeOp
FNDA:0,CollateralRegistry._minutesPassedSinceLastFeeOp
DA:184,0
FN:188,CollateralRegistry._updateBaseRateAndGetRedemptionRate
FNDA:0,CollateralRegistry._updateBaseRateAndGetRedemptionRate
DA:189,0
DA:194,0
DA:195,0
DA:197,0
FN:206,CollateralRegistry._getUpdatedBaseRateFromRedemption
FNDA:0,CollateralRegistry._getUpdatedBaseRateFromRedemption
DA:212,0
DA:215,0
DA:217,0
DA:218,0
DA:220,0
FN:223,CollateralRegistry._calcDecayedBaseRate
FNDA:0,CollateralRegistry._calcDecayedBaseRate
DA:224,0
DA:225,0
DA:227,0
FN:230,CollateralRegistry._calcRedemptionRate
FNDA:0,CollateralRegistry._calcRedemptionRate
DA:231,0
FN:237,CollateralRegistry._calcRedemptionFee
FNDA:0,CollateralRegistry._calcRedemptionFee
DA:238,0
DA:239,0
FN:244,CollateralRegistry.getRedemptionRate
FNDA:0,CollateralRegistry.getRedemptionRate
DA:245,0
FN:248,CollateralRegistry.getRedemptionRateWithDecay
FNDA:0,CollateralRegistry.getRedemptionRateWithDecay
DA:249,0
FN:252,CollateralRegistry.getRedemptionRateForRedeemedAmount
FNDA:0,CollateralRegistry.getRedemptionRateForRedeemedAmount
DA:253,0
DA:254,0
DA:255,0
FN:258,CollateralRegistry.getRedemptionFeeWithDecay
FNDA:0,CollateralRegistry.getRedemptionFeeWithDecay
DA:259,0
FN:262,CollateralRegistry.getEffectiveRedemptionFeeInBold
FNDA:0,CollateralRegistry.getEffectiveRedemptionFeeInBold
DA:263,0
DA:264,0
DA:265,0
FN:270,CollateralRegistry.getToken
FNDA:0,CollateralRegistry.getToken
DA:271,0
BRDA:271,10,0,-
BRDA:271,10,1,-
DA:272,0
BRDA:272,11,0,-
BRDA:272,11,1,-
DA:273,0
BRDA:273,12,0,-
BRDA:273,12,1,-
DA:274,0
BRDA:274,13,0,-
BRDA:274,13,1,-
DA:275,0
BRDA:275,14,0,-
BRDA:275,14,1,-
DA:276,0
BRDA:276,15,0,-
BRDA:276,15,1,-
DA:277,0
BRDA:277,16,0,-
BRDA:277,16,1,-
DA:278,0
BRDA:278,17,0,-
BRDA:278,17,1,-
DA:279,0
BRDA:279,18,0,-
BRDA:279,18,1,-
DA:280,0
BRDA:280,19,0,-
BRDA:280,19,1,-
DA:281,0
FN:284,CollateralRegistry.getTroveManager
FNDA:7262,CollateralRegistry.getTroveManager
DA:285,7262
BRDA:285,20,0,7262
BRDA:285,20,1,-
DA:286,0
BRDA:286,21,0,-
BRDA:286,21,1,-
DA:287,0
BRDA:287,22,0,-
BRDA:287,22,1,-
DA:288,0
BRDA:288,23,0,-
BRDA:288,23,1,-
DA:289,0
BRDA:289,24,0,-
BRDA:289,24,1,-
DA:290,0
BRDA:290,25,0,-
BRDA:290,25,1,-
DA:291,0
BRDA:291,26,0,-
BRDA:291,26,1,-
DA:292,0
BRDA:292,27,0,-
BRDA:292,27,1,-
DA:293,0
BRDA:293,28,0,-
BRDA:293,28,1,-
DA:294,0
BRDA:294,29,0,-
BRDA:294,29,1,-
DA:295,0
FN:300,CollateralRegistry._requireValidMaxFeePercentage
FNDA:0,CollateralRegistry._requireValidMaxFeePercentage
DA:301,0
BRDA:301,30,0,-
BRDA:301,30,1,-
FN:307,CollateralRegistry._requireAmountGreaterThanZero
FNDA:0,CollateralRegistry._requireAmountGreaterThanZero
DA:308,0
BRDA:308,31,0,-
BRDA:308,31,1,-
FN:311,CollateralRegistry._requireBoldBalanceCoversRedemption
FNDA:0,CollateralRegistry._requireBoldBalanceCoversRedemption
DA:315,0
DA:317,0
BRDA:317,32,0,-
BRDA:317,32,1,-
DA:318,0
BRDA:318,33,0,-
BRDA:318,33,1,-
FNF:19
FNH:2
LF:121
LH:28
BRF:61
BRH:3
end_of_record
TN:
SF:src/DefaultPool.sol
FN:38,DefaultPool.
FNDA:2,DefaultPool.
DA:39,2
DA:40,2
DA:41,2
DA:43,2
DA:44,2
DA:45,2
DA:48,2
FN:58,DefaultPool.getCollBalance
FNDA:19630,DefaultPool.getCollBalance
DA:59,19630
FN:62,DefaultPool.getBoldDebt
FNDA:14524,DefaultPool.getBoldDebt
DA:63,14524
FN:68,DefaultPool.sendCollToActivePool
FNDA:0,DefaultPool.sendCollToActivePool
DA:69,0
DA:70,0
DA:71,0
DA:72,0
DA:73,0
DA:76,0
FN:79,DefaultPool.receiveColl
FNDA:0,DefaultPool.receiveColl
DA:80,0
DA:82,0
DA:83,0
DA:86,0
DA:88,0
FN:91,DefaultPool.increaseBoldDebt
FNDA:0,DefaultPool.increaseBoldDebt
DA:92,0
DA:93,0
DA:94,0
FN:97,DefaultPool.decreaseBoldDebt
FNDA:0,DefaultPool.decreaseBoldDebt
DA:98,0
DA:99,0
DA:100,0
FN:105,DefaultPool._requireCallerIsActivePool
FNDA:0,DefaultPool._requireCallerIsActivePool
DA:106,0
BRDA:106,0,0,-
BRDA:106,0,1,-
FN:109,DefaultPool._requireCallerIsTroveManager
FNDA:0,DefaultPool._requireCallerIsTroveManager
DA:110,0
BRDA:110,1,0,-
BRDA:110,1,1,-
FNF:9
FNH:3
LF:28
LH:9
BRF:4
BRH:0
end_of_record
TN:
SF:src/Dependencies/AddRemoveManagers.sol
FN:43,AddRemoveManagers.
FNDA:4,AddRemoveManagers.
DA:44,4
DA:45,4
FN:48,AddRemoveManagers.setAddManager
FNDA:0,AddRemoveManagers.setAddManager
DA:49,0
DA:50,0
FN:53,AddRemoveManagers._setAddManager
FNDA:7262,AddRemoveManagers._setAddManager
DA:54,7262
FN:57,AddRemoveManagers.setRemoveManager
FNDA:0,AddRemoveManagers.setRemoveManager
DA:58,0
FN:61,AddRemoveManagers.setRemoveManagerWithReceiver
FNDA:0,AddRemoveManagers.setRemoveManagerWithReceiver
DA:62,0
DA:63,0
FN:66,AddRemoveManagers._setRemoveManagerAndReceiver
FNDA:7262,AddRemoveManagers._setRemoveManagerAndReceiver
DA:67,7262
DA:68,7262
DA:69,7262
FN:72,AddRemoveManagers._requireNonZeroManagerUnlessWiping
FNDA:7262,AddRemoveManagers._requireNonZeroManagerUnlessWiping
DA:73,7262
BRDA:73,0,0,-
DA:74,0
FN:78,AddRemoveManagers._requireCallerIsBorrower
FNDA:0,AddRemoveManagers._requireCallerIsBorrower
DA:79,0
BRDA:79,1,0,-
DA:80,0
FN:84,AddRemoveManagers._requireSenderIsOwnerOrAddManager
FNDA:0,AddRemoveManagers._requireSenderIsOwnerOrAddManager
DA:85,0
DA:86,0
BRDA:86,2,0,-
DA:87,0
FN:91,AddRemoveManagers._requireSenderIsOwnerOrRemoveManagerAndGetReceiver
FNDA:0,AddRemoveManagers._requireSenderIsOwnerOrRemoveManagerAndGetReceiver
DA:96,0
DA:97,0
DA:98,0
BRDA:98,3,0,-
DA:99,0
DA:101,0
BRDA:101,4,0,-
DA:102,0
DA:104,0
FNF:10
FNH:4
LF:25
LH:7
BRF:5
BRH:0
end_of_record
TN:
SF:src/Dependencies/LiquityBase.sol
FN:28,LiquityBase.
FNDA:6,LiquityBase.
DA:29,6
DA:30,6
DA:31,6
DA:33,6
DA:34,6
DA:35,6
FN:39,LiquityBase.getEntireSystemColl
FNDA:0,LiquityBase.getEntireSystemColl
DA:40,14524
DA:41,14524
DA:43,14524
FN:46,LiquityBase.getEntireSystemDebt
FNDA:0,LiquityBase.getEntireSystemDebt
DA:47,14524
DA:48,14524
DA:50,14524
FN:53,LiquityBase._getTCR
FNDA:7262,LiquityBase._getTCR
DA:54,7262
DA:55,7262
DA:57,7262
DA:59,7262
FN:62,LiquityBase._checkBelowCriticalThreshold
FNDA:7262,LiquityBase._checkBelowCriticalThreshold
DA:63,7262
DA:65,7262
FN:68,LiquityBase._calcInterest
FNDA:30940,LiquityBase._calcInterest
DA:69,30940
FNF:6
FNH:4
LF:19
LH:19
BRF:0
BRH:0
end_of_record
TN:
SF:src/Dependencies/LiquityMath.sol
FN:8,LiquityMath._min
FNDA:15318,LiquityMath._min
DA:9,15318
FN:12,LiquityMath._max
FNDA:0,LiquityMath._max
DA:13,0
FN:16,LiquityMath._sub_min_0
FNDA:0,LiquityMath._sub_min_0
DA:17,0
FN:27,LiquityMath.decMul
FNDA:0,LiquityMath.decMul
DA:28,0
DA:30,0
FN:51,LiquityMath._decPow
FNDA:0,LiquityMath._decPow
DA:52,0
BRDA:52,0,0,-
DA:54,0
DA:56,0
DA:57,0
DA:58,0
DA:61,0
DA:62,0
BRDA:62,2,0,-
BRDA:62,2,1,-
DA:63,0
DA:64,0
DA:67,0
DA:68,0
DA:69,0
DA:73,0
FN:76,LiquityMath._getAbsoluteDifference
FNDA:0,LiquityMath._getAbsoluteDifference
DA:77,0
FN:80,LiquityMath._computeCR
FNDA:26892,LiquityMath._computeCR
DA:81,26892
BRDA:81,3,0,26390
BRDA:81,3,1,502
DA:82,26390
DA:84,26390
DA:89,502
FNF:7
FNH:2
LF:23
LH:5
BRF:5
BRH:2
end_of_record
TN:
SF:src/Dependencies/Ownable.sol
FN:25,Ownable.
FNDA:4,Ownable.
DA:26,4
DA:27,4
FN:33,Ownable.owner
FNDA:0,Ownable.owner
DA:34,0
FN:40,Ownable.onlyOwner
FNDA:4,Ownable.onlyOwner
DA:41,4
BRDA:41,0,0,-
BRDA:41,0,1,4
FN:48,Ownable.isOwner
FNDA:0,Ownable.isOwner
DA:49,6
FN:62,Ownable._renounceOwnership
FNDA:4,Ownable._renounceOwnership
DA:63,4
DA:64,4
FNF:5
FNH:3
LF:7
LH:6
BRF:2
BRH:1
end_of_record
TN:
SF:src/GasPool.sol
FN:19,GasPool.
FNDA:2,GasPool.
DA:20,2
DA:21,2
DA:22,2
DA:25,2
DA:27,2
FNF:1
FNH:1
LF:5
LH:5
BRF:0
BRH:0
end_of_record
TN:
SF:src/HintHelpers.sol
FN:17,HintHelpers.
FNDA:2,HintHelpers.
DA:18,2
FN:30,HintHelpers.getApproxHint
FNDA:0,HintHelpers.getApproxHint
DA:35,0
DA:36,0
DA:38,0
DA:40,0
BRDA:40,0,0,-
DA:41,0
DA:44,0
DA:45,0
DA:46,0
DA:48,0
DA:49,0
DA:51,0
DA:52,0
DA:55,0
DA:57,0
DA:60,0
DA:62,0
BRDA:62,2,0,-
DA:63,0
DA:64,0
FN:69,HintHelpers._calcUpfrontFee
FNDA:7262,HintHelpers._calcUpfrontFee
DA:70,7262
FN:73,HintHelpers.predictOpenTroveUpfrontFee
FNDA:7262,HintHelpers.predictOpenTroveUpfrontFee
DA:78,7262
DA:79,7262
DA:81,7262
DA:82,7262
DA:83,7262
DA:85,7262
DA:86,7262
FN:89,HintHelpers.predictAdjustInterestRateUpfrontFee
FNDA:0,HintHelpers.predictAdjustInterestRateUpfrontFee
DA:94,0
DA:95,0
DA:96,0
DA:98,0
BRDA:98,3,0,-
DA:99,0
DA:102,0
FN:105,HintHelpers.forcePredictAdjustInterestRateUpfrontFee
FNDA:0,HintHelpers.forcePredictAdjustInterestRateUpfrontFee
DA:110,0
DA:111,0
DA:112,0
DA:114,0
FN:117,HintHelpers._predictAdjustInterestRateUpfrontFee
FNDA:0,HintHelpers._predictAdjustInterestRateUpfrontFee
DA:122,0
DA:123,0
DA:124,0
DA:125,0
DA:127,0
DA:128,0
FN:131,HintHelpers.predictAdjustTroveUpfrontFee
FNDA:0,HintHelpers.predictAdjustTroveUpfrontFee
DA:136,0
DA:138,0
DA:139,0
DA:140,0
DA:141,0
DA:143,0
DA:144,0
DA:145,0
DA:147,0
BRDA:147,5,0,-
BRDA:147,5,1,-
DA:148,0
DA:149,0
DA:151,0
DA:152,0
DA:153,0
DA:156,0
DA:159,0
DA:160,0
FN:163,HintHelpers.predictAdjustBatchInterestRateUpfrontFee
FNDA:0,HintHelpers.predictAdjustBatchInterestRateUpfrontFee
DA:168,0
DA:169,0
DA:170,0
DA:172,0
BRDA:172,6,0,-
DA:173,0
DA:176,0
DA:177,0
DA:178,0
DA:179,0
DA:181,0
DA:182,0
FN:185,HintHelpers.predictOpenTroveAndJoinBatchUpfrontFee
FNDA:0,HintHelpers.predictOpenTroveAndJoinBatchUpfrontFee
DA:190,0
DA:191,0
DA:192,0
DA:194,0
DA:195,0
DA:196,0
DA:197,0
DA:198,0
DA:201,0
DA:202,0
FN:205,HintHelpers.predictJoinBatchInterestRateUpfrontFee
FNDA:0,HintHelpers.predictJoinBatchInterestRateUpfrontFee
DA:210,0
DA:211,0
DA:212,0
DA:213,0
DA:215,0
BRDA:215,7,0,-
DA:216,0
DA:219,0
FN:222,HintHelpers.forcePredictJoinBatchInterestRateUpfrontFee
FNDA:0,HintHelpers.forcePredictJoinBatchInterestRateUpfrontFee
DA:227,0
DA:228,0
DA:229,0
DA:230,0
DA:232,0
FN:235,HintHelpers._predictJoinBatchInterestRateUpfrontFee
FNDA:0,HintHelpers._predictJoinBatchInterestRateUpfrontFee
DA:240,0
DA:241,0
DA:242,0
DA:243,0
DA:244,0
DA:247,0
DA:248,0
FN:251,HintHelpers.predictRemoveFromBatchUpfrontFee
FNDA:0,HintHelpers.predictRemoveFromBatchUpfrontFee
DA:256,0
DA:257,0
DA:258,0
DA:259,0
DA:260,0
DA:263,0
DA:264,0
DA:265,0
BRDA:265,8,0,-
DA:266,0
DA:269,0
DA:270,0
DA:271,0
DA:272,0
DA:273,0
DA:277,0
DA:278,0
FNF:14
FNH:3
LF:116
LH:9
BRF:8
BRH:0
end_of_record
TN:
SF:src/MultiTroveGetter.sol
FN:13,MultiTroveGetter.
FNDA:2,MultiTroveGetter.
DA:14,2
FN:17,MultiTroveGetter.getMultipleSortedTroves
FNDA:0,MultiTroveGetter.getMultipleSortedTroves
DA:22,0
DA:23,0
BRDA:23,0,0,-
BRDA:23,0,1,-
DA:25,0
DA:26,0
BRDA:26,1,0,-
BRDA:26,1,1,-
DA:28,0
DA:29,0
DA:31,0
BRDA:31,2,0,-
BRDA:31,2,1,-
DA:32,0
DA:33,0
DA:35,0
DA:36,0
DA:39,0
DA:41,0
BRDA:41,3,0,-
BRDA:41,3,1,-
DA:42,0
DA:44,0
DA:46,0
BRDA:46,4,0,-
DA:47,0
DA:50,0
BRDA:50,5,0,-
BRDA:50,5,1,-
DA:51,0
DA:53,0
FN:58,MultiTroveGetter._getOneTrove
FNDA:0,MultiTroveGetter._getOneTrove
DA:59,0
DA:61,0
DA:74,0
FN:77,MultiTroveGetter._getMultipleSortedTrovesFromHead
FNDA:0,MultiTroveGetter._getMultipleSortedTrovesFromHead
DA:83,0
DA:85,0
DA:86,0
DA:89,0
DA:91,0
DA:92,0
DA:93,0
FN:97,MultiTroveGetter._getMultipleSortedTrovesFromTail
FNDA:0,MultiTroveGetter._getMultipleSortedTrovesFromTail
DA:103,0
DA:105,0
DA:106,0
DA:109,0
DA:111,0
DA:112,0
DA:113,0
FN:117,MultiTroveGetter.getDebtPerInterestRateAscending
FNDA:0,MultiTroveGetter.getDebtPerInterestRateAscending
DA:122,0
DA:123,0
BRDA:123,6,0,-
BRDA:123,6,1,-
DA:125,0
DA:126,0
BRDA:126,7,0,-
BRDA:126,7,1,-
DA:128,0
DA:129,0
DA:131,0
DA:132,0
DA:134,0
DA:135,0
DA:136,0
DA:137,0
DA:138,0
DA:140,0
FNF:6
FNH:1
LF:52
LH:1
BRF:15
BRH:0
end_of_record
TN:
SF:src/NFTMetadata/MetadataNFT.sol
FN:33,MetadataNFT.
FNDA:2,MetadataNFT.
DA:34,2
FN:37,MetadataNFT.uri
FNDA:0,MetadataNFT.uri
DA:38,0
FN:41,MetadataNFT.renderSVGImage
FNDA:0,MetadataNFT.renderSVGImage
DA:42,0
FN:48,MetadataNFT.dynamicTextComponents
FNDA:0,MetadataNFT.dynamicTextComponents
DA:49,0
DA:50,0
DA:52,0
FN:61,MetadataNFT._status2Str
FNDA:0,MetadataNFT._status2Str
DA:62,0
DA:63,0
DA:64,0
DA:65,0
DA:66,0
FNF:5
FNH:1
LF:11
LH:1
BRF:0
BRH:0
end_of_record
TN:
SF:src/NFTMetadata/utils/FixedAssets.sol
FN:16,FixedAssetReader.readAsset
FNDA:0,FixedAssetReader.readAsset
DA:17,0
FN:20,FixedAssetReader.
FNDA:0,FixedAssetReader.
DA:21,0
DA:22,0
BRDA:22,0,0,-
BRDA:22,0,1,-
DA:23,0
DA:24,0
FNF:2
FNH:0
LF:5
LH:0
BRF:2
BRH:0
end_of_record
TN:
SF:src/NFTMetadata/utils/JSON.sol
FN:13,json.formattedMetadata
FNDA:0,json.formattedMetadata
DA:18,0
FN:28,json._xmlImage
FNDA:0,json._xmlImage
DA:29,0
FN:32,json._prop
FNDA:0,json._prop
DA:33,0
FN:36,json._prop
FNDA:0,json._prop
DA:37,0
BRDA:37,0,0,-
BRDA:37,0,1,-
DA:38,0
DA:40,0
FN:44,json._object
FNDA:0,json._object
DA:45,0
FN:57,json.encode
FNDA:0,json.encode
DA:62,0
DA:65,0
DA:73,0
DA:77,0
DA:80,0
DA:86,0
DA:88,0
DA:89,0
DA:99,0
DA:100,0
DA:102,0
DA:103,0
DA:105,0
DA:106,0
DA:108,0
DA:109,0
DA:115,0
DA:116,0
DA:117,0
DA:119,0
DA:122,0
FNF:6
FNH:0
LF:28
LH:0
BRF:2
BRH:0
end_of_record
TN:
SF:src/NFTMetadata/utils/SVG.sol
FN:16,svg.g
FNDA:0,svg.g
DA:17,0
FN:20,svg._svg
FNDA:0,svg._svg
DA:21,0
FN:24,svg.style
FNDA:0,svg.style
DA:25,0
FN:28,svg.path
FNDA:0,svg.path
DA:29,0
FN:32,svg.path
FNDA:0,svg.path
DA:33,0
FN:36,svg.path
FNDA:0,svg.path
DA:41,0
FN:44,svg.text
FNDA:0,svg.text
DA:45,0
FN:48,svg.line
FNDA:0,svg.line
DA:49,0
FN:52,svg.line
FNDA:0,svg.line
DA:53,0
FN:56,svg.circle
FNDA:0,svg.circle
DA:57,0
FN:60,svg.circle
FNDA:0,svg.circle
DA:61,0
FN:64,svg.circle
FNDA:0,svg.circle
DA:65,0
FN:68,svg.circle
FNDA:0,svg.circle
DA:73,0
FN:76,svg.circle
FNDA:0,svg.circle
DA:81,0
FN:84,svg.ellipse
FNDA:0,svg.ellipse
DA:85,0
FN:88,svg.ellipse
FNDA:0,svg.ellipse
DA:89,0
FN:92,svg.polygon
FNDA:0,svg.polygon
DA:93,0
FN:96,svg.polygon
FNDA:0,svg.polygon
DA:97,0
FN:100,svg.polyline
FNDA:0,svg.polyline
DA:101,0
FN:104,svg.polyline
FNDA:0,svg.polyline
DA:105,0
FN:108,svg.rect
FNDA:0,svg.rect
DA:109,0
FN:112,svg.rect
FNDA:0,svg.rect
DA:113,0
FN:116,svg.filter
FNDA:0,svg.filter
DA:117,0
FN:120,svg.cdata
FNDA:0,svg.cdata
DA:121,0
FN:125,svg.radialGradient
FNDA:0,svg.radialGradient
DA:126,0
FN:129,svg.linearGradient
FNDA:0,svg.linearGradient
DA:130,0
FN:133,svg.gradientStop
FNDA:0,svg.gradientStop
DA:138,0
FN:152,svg.animateTransform
FNDA:0,svg.animateTransform
DA:153,0
FN:156,svg.animate
FNDA:0,svg.animate
DA:157,0
FN:162,svg.el
FNDA:0,svg.el
DA:167,0
FN:171,svg.el
FNDA:0,svg.el
DA:172,0
FN:176,svg.prop
FNDA:0,svg.prop
DA:177,0
FN:180,svg.prop
FNDA:0,svg.prop
DA:181,0
BRDA:181,0,0,-
BRDA:181,0,1,-
DA:182,0
DA:184,0
FNF:33
FNH:0
LF:35
LH:0
BRF:2
BRH:0
end_of_record
TN:
SF:src/NFTMetadata/utils/Utils.sol
FN:7,numUtils.toLocale
FNDA:0,numUtils.toLocale
DA:8,0
DA:9,0
DA:10,0
DA:12,0
DA:14,0
DA:16,0
DA:17,0
DA:18,0
DA:19,0
DA:20,0
DA:21,0
DA:22,0
BRDA:22,1,0,-
DA:23,0
DA:24,0
DA:28,0
FN:32,numUtils.toLocaleString
FNDA:0,numUtils.toLocaleString
DA:33,0
DA:34,0
DA:36,0
DA:38,0
BRDA:38,2,0,-
DA:39,0
DA:42,0
DA:44,0
FN:54,utils.setCssVar
FNDA:0,utils.setCssVar
DA:55,0
FN:59,utils.getCssVar
FNDA:0,utils.getCssVar
DA:60,0
FN:64,utils.getDefURL
FNDA:0,utils.getDefURL
DA:65,0
FN:69,utils.white_a
FNDA:0,utils.white_a
DA:70,0
FN:74,utils.black_a
FNDA:0,utils.black_a
DA:75,0
FN:79,utils.rgba
FNDA:0,utils.rgba
DA:80,0
DA:81,0
FN:94,utils.cssBraces
FNDA:0,utils.cssBraces
DA:95,0
FN:98,utils.cssBraces
FNDA:0,utils.cssBraces
DA:99,0
BRDA:99,0,0,-
BRDA:99,0,1,-
DA:101,0
DA:103,0
DA:105,0
DA:106,0
DA:109,0
FN:113,utils.points
FNDA:0,utils.points
DA:114,0
BRDA:114,1,0,-
BRDA:114,1,1,-
DA:116,0
DA:118,0
DA:120,0
DA:121,0
DA:126,0
FN:132,utils.points
FNDA:0,utils.points
DA:133,0
BRDA:133,2,0,-
BRDA:133,2,1,-
DA:135,0
DA:137,0
DA:139,0
DA:140,0
DA:149,0
FN:159,utils.stringsEqual
FNDA:0,utils.stringsEqual
DA:160,0
FN:164,utils.utfStringLength
FNDA:0,utils.utfStringLength
DA:165,0
DA:166,0
DA:168,0
DA:169,0
BRDA:169,3,0,-
BRDA:169,3,1,-
DA:170,0
DA:171,0
BRDA:171,4,0,-
BRDA:171,4,1,-
DA:172,0
DA:173,0
BRDA:173,5,0,-
BRDA:173,5,1,-
DA:174,0
DA:175,0
BRDA:175,6,0,-
BRDA:175,6,1,-
DA:176,0
DA:180,0
DA:183,0
FN:188,utils.toString
FNDA:0,utils.toString
DA:192,0
BRDA:192,7,0,-
DA:193,0
DA:195,0
DA:196,0
DA:197,0
DA:198,0
DA:199,0
DA:201,0
BRDA:201,8,0,-
BRDA:201,8,1,-
DA:202,0
DA:204,0
DA:205,0
DA:207,0
DA:208,0
BRDA:208,9,0,-
DA:209,0
DA:212,0
DA:213,0
DA:214,0
BRDA:214,10,0,-
DA:215,0
DA:216,0
DA:220,0
FNF:15
FNH:0
LF:82
LH:0
BRF:21
BRH:0
end_of_record
TN:
SF:src/NFTMetadata/utils/baseSVG.sol
FN:11,baseSVG._svgProps
FNDA:0,baseSVG._svgProps
DA:12,0
FN:20,baseSVG._baseElements
FNDA:0,baseSVG._baseElements
DA:21,0
FN:37,baseSVG._styles
FNDA:0,baseSVG._styles
DA:38,0
FN:49,baseSVG._leverageLogo
FNDA:0,baseSVG._leverageLogo
DA:50,0
FN:62,baseSVG._boldLogo
FNDA:0,baseSVG._boldLogo
DA:63,0
FN:78,baseSVG._staticTextEls
FNDA:0,baseSVG._staticTextEls
DA:79,0
FN:133,baseSVG._formattedDynamicEl
FNDA:0,baseSVG._formattedDynamicEl
DA:134,0
FN:147,baseSVG._formattedIdEl
FNDA:0,baseSVG._formattedIdEl
DA:148,0
FN:161,baseSVG._formattedAddressEl
FNDA:0,baseSVG._formattedAddressEl
DA:162,0
FN:178,baseSVG._collLogo
FNDA:0,baseSVG._collLogo
DA:179,0
FN:196,baseSVG._statusEl
FNDA:0,baseSVG._statusEl
DA:197,0
FN:205,baseSVG._dynamicTextEls
FNDA:0,baseSVG._dynamicTextEls
DA:210,0
FNF:12
FNH:0
LF:12
LH:0
BRF:0
BRH:0
end_of_record
TN:
SF:src/NFTMetadata/utils/bauhaus.sol
FN:7,bauhaus._bauhaus
FNDA:0,bauhaus._bauhaus
DA:8,0
FN:11,bauhaus._circles
FNDA:0,bauhaus._circles
DA:12,0
FN:29,bauhaus._rects
FNDA:0,bauhaus._rects
DA:30,0
FNF:3
FNH:0
LF:3
LH:0
BRF:0
BRH:0
end_of_record
TN:
SF:src/PriceFeeds/CompositePriceFeed.sol
FN:19,CompositePriceFeed.
FNDA:0,CompositePriceFeed.
DA:28,0
DA:29,0
DA:30,0
DA:31,0
BRDA:31,0,0,-
BRDA:31,0,1,-
DA:34,0
DA:35,0
DA:36,0
DA:39,0
DA:41,0
DA:44,0
BRDA:44,1,0,-
BRDA:44,1,1,-
FN:47,CompositePriceFeed._fetchPrice
FNDA:0,CompositePriceFeed._fetchPrice
DA:48,0
DA:49,0
DA:53,0
BRDA:53,2,0,-
DA:54,0
BRDA:54,3,0,-
DA:57,0
DA:61,0
DA:64,0
DA:67,0
DA:69,0
DA:71,0
FN:75,CompositePriceFeed._getCanonicalRate
FNDA:0,CompositePriceFeed._getCanonicalRate
FNF:3
FNH:0
LF:20
LH:0
BRF:6
BRH:0
end_of_record
TN:
SF:src/PriceFeeds/ETHXPriceFeed.sol
FN:11,ETHXPriceFeed.
FNDA:0,ETHXPriceFeed.
FN:29,ETHXPriceFeed._getCanonicalRate
FNDA:0,ETHXPriceFeed._getCanonicalRate
DA:32,0
DA:36,0
DA:38,0
FNF:2
FNH:0
LF:3
LH:0
BRF:0
BRH:0
end_of_record
TN:
SF:src/PriceFeeds/MainnetPriceFeedBase.sol
FN:35,MainnetPriceFeedBase.
FNDA:0,MainnetPriceFeedBase.
FN:38,MainnetPriceFeedBase.setAddresses
FNDA:0,MainnetPriceFeedBase.setAddresses
DA:39,0
DA:41,0
FN:47,MainnetPriceFeedBase.fetchPrice
FNDA:0,MainnetPriceFeedBase.fetchPrice
DA:48,0
BRDA:48,0,0,-
DA:50,0
FN:56,MainnetPriceFeedBase._fetchPrice
FNDA:0,MainnetPriceFeedBase._fetchPrice
FN:58,MainnetPriceFeedBase._getOracleAnswer
FNDA:0,MainnetPriceFeedBase._getOracleAnswer
DA:59,0
DA:61,0
DA:62,0
DA:64,0
BRDA:64,1,0,-
BRDA:64,1,1,-
DA:65,0
DA:67,0
DA:70,0
FN:73,MainnetPriceFeedBase._disableFeedAndShutDown
FNDA:0,MainnetPriceFeedBase._disableFeedAndShutDown
DA:75,0
DA:77,0
DA:78,0
FN:81,MainnetPriceFeedBase._getCurrentChainlinkResponse
FNDA:0,MainnetPriceFeedBase._getCurrentChainlinkResponse
DA:87,0
DA:89,0
DA:91,0
DA:92,0
DA:93,0
DA:94,0
DA:96,0
DA:97,0
DA:99,0
FN:107,MainnetPriceFeedBase._isValidChainlinkPrice
FNDA:0,MainnetPriceFeedBase._isValidChainlinkPrice
DA:112,0
DA:113,0
FN:117,MainnetPriceFeedBase._scaleChainlinkPriceTo18decimals
FNDA:0,MainnetPriceFeedBase._scaleChainlinkPriceTo18decimals
DA:119,0
FNF:9
FNH:0
LF:26
LH:0
BRF:3
BRH:0
end_of_record
TN:
SF:src/PriceFeeds/OSETHPriceFeed.sol
FN:11,OSETHPriceFeed.
FNDA:0,OSETHPriceFeed.
FN:29,OSETHPriceFeed._getCanonicalRate
FNDA:0,OSETHPriceFeed._getCanonicalRate
DA:31,0
FNF:2
FNH:0
LF:1
LH:0
BRF:0
BRH:0
end_of_record
TN:
SF:src/PriceFeeds/RETHPriceFeed.sol
FN:11,RETHPriceFeed.
FNDA:0,RETHPriceFeed.
FN:29,RETHPriceFeed._getCanonicalRate
FNDA:0,RETHPriceFeed._getCanonicalRate
DA:31,0
FNF:2
FNH:0
LF:1
LH:0
BRF:0
BRH:0
end_of_record
TN:
SF:src/PriceFeeds/WETHPriceFeed.sol
FN:13,WETHPriceFeed.
FNDA:0,WETHPriceFeed.
DA:16,0
DA:17,0
DA:18,0
DA:21,0
BRDA:21,0,0,-
BRDA:21,0,1,-
DA:23,0
DA:26,0
BRDA:26,1,0,-
BRDA:26,1,1,-
FN:29,WETHPriceFeed._fetchPrice
FNDA:0,WETHPriceFeed._fetchPrice
DA:30,0
DA:33,0
BRDA:33,2,0,-
DA:35,0
DA:37,0
FNF:2
FNH:0
LF:10
LH:0
BRF:5
BRH:0
end_of_record
TN:
SF:src/PriceFeeds/WSTETHPriceFeed.sol
FN:13,WSTETHPriceFeed.
FNDA:0,WSTETHPriceFeed.
DA:19,0
DA:20,0
DA:21,0
DA:23,0
DA:26,0
BRDA:26,0,0,-
BRDA:26,0,1,-
DA:28,0
DA:31,0
BRDA:31,1,0,-
BRDA:31,1,1,-
FN:34,WSTETHPriceFeed._fetchPrice
FNDA:0,WSTETHPriceFeed._fetchPrice
DA:35,0
DA:39,0
BRDA:39,2,0,-
DA:42,0
DA:44,0
DA:46,0
FNF:2
FNH:0
LF:12
LH:0
BRF:5
BRH:0
end_of_record
TN:
SF:src/SortedTroves.sol
FN:81,SortedTroves.
FNDA:2,SortedTroves.
DA:83,2
DA:84,2
DA:86,2
DA:87,2
DA:89,2
DA:90,2
FN:96,SortedTroves._insertSliceIntoVerifiedPosition
FNDA:7262,SortedTroves._insertSliceIntoVerifiedPosition
DA:99,7262
DA:100,7262
DA:101,7262
DA:102,7262
FN:105,SortedTroves._insertSlice
FNDA:7262,SortedTroves._insertSlice
DA:113,7262
BRDA:113,0,0,6760
DA:116,6760
DA:119,7262
FN:129,SortedTroves.insert
FNDA:7262,SortedTroves.insert
DA:130,7262
DA:131,7262
BRDA:131,1,0,-
BRDA:131,1,1,7262
DA:132,7262
BRDA:132,2,0,-
BRDA:132,2,1,7262
DA:134,7262
DA:135,7262
DA:136,7262
FN:143,SortedTroves._removeSlice
FNDA:5106,SortedTroves._removeSlice
DA:144,5106
DA:145,5106
FN:152,SortedTroves.remove
FNDA:5106,SortedTroves.remove
DA:153,5106
DA:154,5106
BRDA:154,3,0,-
BRDA:154,3,1,5106
DA:155,5106
BRDA:155,4,0,-
BRDA:155,4,1,5106
DA:157,5106
DA:158,5106
DA:159,5106
FN:162,SortedTroves._reInsertSlice
FNDA:0,SortedTroves._reInsertSlice
DA:170,0
BRDA:170,5,0,-
DA:173,0
DA:177,0
BRDA:177,6,0,-
DA:178,0
DA:179,0
FN:190,SortedTroves.reInsert
FNDA:0,SortedTroves.reInsert
DA:194,0
DA:195,0
BRDA:195,7,0,-
BRDA:195,7,1,-
DA:196,0
BRDA:196,8,0,-
BRDA:196,8,1,-
DA:198,0
FN:209,SortedTroves.insertIntoBatch
FNDA:0,SortedTroves.insertIntoBatch
DA:216,0
DA:217,0
BRDA:217,9,0,-
BRDA:217,9,1,-
DA:218,0
BRDA:218,10,0,-
BRDA:218,10,1,-
DA:219,0
BRDA:219,11,0,-
BRDA:219,11,1,-
DA:221,0
DA:223,0
BRDA:223,12,0,-
BRDA:223,12,1,-
DA:224,0
DA:226,0
DA:229,0
DA:232,0
DA:233,0
DA:234,0
DA:235,0
FN:242,SortedTroves.removeFromBatch
FNDA:0,SortedTroves.removeFromBatch
DA:243,0
DA:244,0
DA:246,0
BRDA:246,13,0,-
BRDA:246,13,1,-
DA:248,0
DA:250,0
BRDA:250,14,0,-
BRDA:250,14,1,-
DA:252,0
DA:253,0
BRDA:253,15,0,-
BRDA:253,15,1,-
DA:254,0
DA:255,0
BRDA:255,16,0,-
DA:256,0
DA:259,0
DA:260,0
DA:261,0
FN:271,SortedTroves.reInsertBatch
FNDA:0,SortedTroves.reInsertBatch
DA:275,0
DA:277,0
DA:278,0
BRDA:278,17,0,-
BRDA:278,17,1,-
DA:280,0
FN:286,SortedTroves.contains
FNDA:0,SortedTroves.contains
DA:287,12368
FN:293,SortedTroves.isBatchedNode
FNDA:0,SortedTroves.isBatchedNode
DA:294,5106
FN:297,SortedTroves.isEmptyBatch
FNDA:0,SortedTroves.isEmptyBatch
DA:298,0
FN:304,SortedTroves.isEmpty
FNDA:0,SortedTroves.isEmpty
DA:305,0
FN:311,SortedTroves.getSize
FNDA:0,SortedTroves.getSize
DA:312,0
FN:318,SortedTroves.getFirst
FNDA:0,SortedTroves.getFirst
DA:319,0
FN:325,SortedTroves.getLast
FNDA:0,SortedTroves.getLast
DA:326,0
FN:333,SortedTroves.getNext
FNDA:0,SortedTroves.getNext
DA:334,0
FN:341,SortedTroves.getPrev
FNDA:0,SortedTroves.getPrev
DA:342,0
FN:351,SortedTroves.validInsertPosition
FNDA:0,SortedTroves.validInsertPosition
DA:357,0
FN:360,SortedTroves._validInsertPosition
FNDA:7262,SortedTroves._validInsertPosition
DA:366,7262
DA:369,7262
FN:381,SortedTroves._skipToBatchTail
FNDA:22273,SortedTroves._skipToBatchTail
DA:382,22273
DA:383,22273
FN:386,SortedTroves._skipToBatchHead
FNDA:0,SortedTroves._skipToBatchHead
DA:387,0
DA:388,0
FN:391,SortedTroves._descendOne
FNDA:29033,SortedTroves._descendOne
DA:396,29033
DA:397,6760
BRDA:397,18,0,6760
BRDA:396,18,1,22273
DA:398,6760
DA:400,22273
DA:401,22273
FN:405,SortedTroves._ascendOne
FNDA:0,SortedTroves._ascendOne
DA:410,0
DA:411,0
BRDA:411,19,0,-
BRDA:410,19,1,-
DA:412,0
DA:414,0
DA:415,0
FN:425,SortedTroves._descendList
FNDA:6760,SortedTroves._descendList
DA:430,6760
DA:432,29033
DA:433,6760
FN:442,SortedTroves._ascendList
FNDA:0,SortedTroves._ascendList
DA:447,0
DA:449,0
DA:450,0
FN:453,SortedTroves._descendAndAscendList
FNDA:0,SortedTroves._descendAndAscendList
DA:459,0
DA:460,0
DA:463,0
BRDA:463,20,0,-
DA:464,0
DA:467,0
BRDA:467,21,0,-
DA:468,0
DA:472,0
BRDA:472,22,0,-
BRDA:472,22,1,-
FN:481,SortedTroves.findInsertPosition
FNDA:0,SortedTroves.findInsertPosition
DA:487,0
FN:493,SortedTroves._findInsertPosition
FNDA:6760,SortedTroves._findInsertPosition
DA:499,6760
BRDA:499,23,0,6760
BRDA:499,23,1,-
DA:502,6760
DA:504,0
BRDA:504,24,0,-
DA:506,0
DA:510,0
BRDA:510,25,0,-
BRDA:510,25,1,-
DA:513,0
DA:515,0
BRDA:515,26,0,-
DA:517,0
DA:521,0
BRDA:521,27,0,-
BRDA:521,27,1,-
DA:527,0
DA:528,0
BRDA:528,28,0,-
BRDA:528,28,1,-
DA:530,0
DA:531,0
BRDA:531,29,0,-
BRDA:531,29,1,-
DA:533,0
DA:538,0
FN:546,SortedTroves._requireCallerIsBOorTM
FNDA:5106,SortedTroves._requireCallerIsBOorTM
DA:547,5106
BRDA:547,30,0,-
BRDA:547,30,1,5106
FN:553,SortedTroves._requireCallerIsBorrowerOperations
FNDA:7262,SortedTroves._requireCallerIsBorrowerOperations
DA:554,7262
BRDA:554,31,0,-
BRDA:554,31,1,7262
FNF:33
FNH:13
LF:123
LH:45
BRF:56
BRH:10
end_of_record
TN:
SF:src/StabilityPool.sol
FN:210,StabilityPool.
FNDA:2,StabilityPool.
DA:211,2
DA:212,2
DA:213,2
DA:214,2
DA:216,2
DA:217,2
DA:218,2
FN:223,StabilityPool.getCollBalance
FNDA:17804,StabilityPool.getCollBalance
DA:224,17804
FN:227,StabilityPool.getTotalBoldDeposits
FNDA:40710,StabilityPool.getTotalBoldDeposits
DA:228,40710
FN:231,StabilityPool.getYieldGainsOwed
FNDA:4,StabilityPool.getYieldGainsOwed
DA:232,4
FN:243,StabilityPool.provideToSP
FNDA:12694,StabilityPool.provideToSP
DA:244,12694
DA:246,12694
DA:248,12694
DA:250,12694
DA:251,12694
DA:252,12694
DA:253,12694
DA:254,12694
DA:255,12694
DA:256,12694
DA:258,12694
DA:269,12694
DA:270,12694
DA:271,12694
DA:272,12694
DA:273,12694
DA:274,12694
FN:277,StabilityPool._getYieldToKeepOrSend
FNDA:12694,StabilityPool._getYieldToKeepOrSend
DA:278,12694
DA:279,12694
DA:281,12694
BRDA:281,0,0,12694
BRDA:281,0,1,-
DA:282,12694
DA:283,12694
DA:285,0
DA:286,0
DA:289,12694
FN:299,StabilityPool.withdrawFromSP
FNDA:0,StabilityPool.withdrawFromSP
DA:300,0
DA:301,0
DA:303,0
DA:305,0
DA:306,0
DA:307,0
DA:308,0
DA:309,0
DA:310,0
DA:311,0
DA:312,0
DA:314,0
DA:325,0
DA:326,0
DA:327,0
DA:328,0
DA:329,0
FN:332,StabilityPool._getNewStashedCollAndCollToSend
FNDA:12694,StabilityPool._getNewStashedCollAndCollToSend
DA:337,12694
BRDA:337,1,0,12694
BRDA:337,1,1,-
DA:338,12694
DA:339,12694
DA:341,0
DA:342,0
FN:347,StabilityPool.claimAllCollGains
FNDA:0,StabilityPool.claimAllCollGains
DA:348,0
DA:350,0
DA:352,0
DA:353,0
DA:354,0
DA:356,0
DA:357,0
DA:359,0
FN:364,StabilityPool.triggerBoldRewards
FNDA:7262,StabilityPool.triggerBoldRewards
DA:365,7262
DA:369,7262
DA:371,6273
DA:373,6273
DA:374,6273
FN:384,StabilityPool.offset
FNDA:5106,StabilityPool.offset
DA:385,5106
DA:387,5106
DA:388,5106
DA:390,5106
DA:392,5106
BRDA:392,3,0,4
BRDA:392,3,1,5102
DA:393,4
DA:395,4
DA:396,4
DA:398,4
DA:399,4
DA:401,5142
DA:402,40
DA:403,40
DA:406,5102
DA:409,5106
DA:411,5106
FN:414,StabilityPool._moveOffsetCollAndDebt
FNDA:5106,StabilityPool._moveOffsetCollAndDebt
DA:416,5106
DA:419,5106
DA:422,5106
DA:423,5106
DA:426,5106
DA:428,5106
FN:431,StabilityPool._updateTotalBoldDeposits
FNDA:17800,StabilityPool._updateTotalBoldDeposits
DA:432,17800
DA:433,17800
DA:434,17800
DA:435,17800
FN:438,StabilityPool._decreaseYieldGainsOwed
FNDA:12694,StabilityPool._decreaseYieldGainsOwed
DA:439,12694
DA:440,6460
DA:441,6460
FN:451,StabilityPool.getDepositorCollGain
FNDA:12726,StabilityPool.getDepositorCollGain
DA:452,25420
DA:453,25420
DA:455,17687
DA:462,17687
DA:463,17687
DA:465,17687
DA:466,17687
DA:468,17687
DA:469,70748
DA:470,70748
DA:473,17687
DA:474,17687
FN:477,StabilityPool.getDepositorYieldGain
FNDA:32,StabilityPool.getDepositorYieldGain
DA:478,12726
DA:479,12726
DA:481,8847
DA:488,8847
DA:489,8847
DA:491,8847
DA:492,8847
DA:494,8847
DA:495,35388
DA:496,35388
DA:499,8847
DA:500,8847
FN:503,StabilityPool.getDepositorYieldGainWithPending
FNDA:12694,StabilityPool.getDepositorYieldGainWithPending
DA:504,12694
DA:505,12694
DA:507,8840
DA:509,8840
DA:510,8840
DA:511,8840
DA:513,8840
DA:514,44200
DA:516,44200
BRDA:516,9,0,8815
DA:517,8815
DA:521,8840
DA:522,8840
FN:531,StabilityPool.getCompoundedBoldDeposit
FNDA:33,StabilityPool.getCompoundedBoldDeposit
DA:532,12727
DA:533,12727
DA:535,8848
DA:538,8848
DA:540,8844
DA:541,8844
DA:547,8844
BRDA:547,12,0,8844
BRDA:547,12,1,-
DA:548,8844
DA:550,0
DA:553,8844
FN:558,StabilityPool._sendCollGainToDepositor
FNDA:12694,StabilityPool._sendCollGainToDepositor
DA:559,12694
DA:561,6294
DA:562,6294
DA:563,6294
DA:564,6294
DA:565,6294
FN:569,StabilityPool._sendBoldtoDepositor
FNDA:12694,StabilityPool._sendBoldtoDepositor
DA:570,12694
DA:571,6460
FN:576,StabilityPool._updateDepositAndSnapshots
FNDA:12694,StabilityPool._updateDepositAndSnapshots
DA:577,12694
DA:578,12694
DA:580,12694
BRDA:580,15,0,-
DA:581,0
DA:582,0
DA:583,0
DA:586,12694
DA:587,12694
DA:588,12694
DA:591,12694
DA:592,12694
DA:595,12694
DA:596,12694
DA:597,12694
DA:598,12694
DA:599,12694
DA:601,12694
FN:615,StabilityPool._requireCallerIsActivePool
FNDA:7262,StabilityPool._requireCallerIsActivePool
DA:616,7262
BRDA:616,16,0,-
BRDA:616,16,1,7262
FN:619,StabilityPool._requireCallerIsTroveManager
FNDA:5106,StabilityPool._requireCallerIsTroveManager
DA:620,5106
BRDA:620,17,0,-
BRDA:620,17,1,5106
FN:623,StabilityPool._requireUserHasDeposit
FNDA:0,StabilityPool._requireUserHasDeposit
DA:624,0
BRDA:624,18,0,-
BRDA:624,18,1,-
FN:627,StabilityPool._requireUserHasNoDeposit
FNDA:0,StabilityPool._requireUserHasNoDeposit
DA:628,0
DA:629,0
BRDA:629,19,0,-
BRDA:629,19,1,-
FN:632,StabilityPool._requireNonZeroAmount
FNDA:12694,StabilityPool._requireNonZeroAmount
DA:633,12694
BRDA:633,20,0,-
BRDA:633,20,1,12694
FNF:26
FNH:22
LF:176
LH:140
BRF:20
BRH:9
end_of_record
TN:
SF:src/TroveManager.sol
FN:178,TroveManager.
FNDA:2,TroveManager.
DA:179,2
DA:180,2
DA:181,2
DA:182,2
DA:183,2
DA:185,2
DA:186,2
DA:187,2
DA:188,2
DA:189,2
DA:190,2
DA:191,2
DA:192,2
DA:193,2
DA:195,2
DA:196,2
DA:197,2
DA:198,2
DA:199,2
DA:200,2
DA:201,2
DA:202,2
FN:207,TroveManager.getTroveIdsCount
FNDA:13553,TroveManager.getTroveIdsCount
DA:208,13553
FN:211,TroveManager.getTroveFromTroveIdsArray
FNDA:0,TroveManager.getTroveFromTroveIdsArray
DA:212,0
FN:220,TroveManager._liquidate
FNDA:5106,TroveManager._liquidate
DA:228,5106
DA:230,5106
DA:231,5106
DA:232,5106
DA:233,5106
DA:234,0
BRDA:234,0,0,-
DA:236,5106
DA:238,5106
DA:239,5106
DA:241,5106
DA:249,5106
DA:250,5106
DA:251,5106
DA:252,5106
DA:253,5106
DA:254,5106
DA:263,0
BRDA:263,1,0,-
BRDA:263,1,1,-
DA:264,0
DA:266,0
DA:268,0
DA:269,0
DA:271,0
DA:273,0
DA:275,5106
DA:279,5106
BRDA:279,2,0,5106
DA:280,5106
DA:284,5106
DA:286,5106
DA:296,5106
DA:307,5106
FN:319,TroveManager._getCollGasCompensation
FNDA:10212,TroveManager._getCollGasCompensation
DA:320,10212
FN:326,TroveManager._getOffsetAndRedistributionVals
FNDA:5106,TroveManager._getOffsetAndRedistributionVals
DA:342,5106
DA:353,5106
BRDA:353,3,0,5106
DA:354,5106
DA:355,5106
DA:356,5106
DA:361,5106
DA:362,5106
BRDA:362,4,0,-
DA:363,0
DA:364,0
BRDA:364,5,0,-
DA:365,0
FN:376,TroveManager._getCollPenaltyAndSurplus
FNDA:5106,TroveManager._getCollPenaltyAndSurplus
DA:382,5106
DA:383,5106
BRDA:383,6,0,5106
BRDA:383,6,1,-
DA:384,5106
DA:385,5106
DA:387,0
DA:388,0
FN:395,TroveManager.batchLiquidateTroves
FNDA:0,TroveManager.batchLiquidateTroves
DA:396,5106
BRDA:396,7,0,-
DA:397,0
DA:400,5106
DA:401,5106
DA:402,5106
DA:404,5106
DA:405,5106
DA:407,5106
DA:408,5106
DA:411,5106
DA:413,5106
BRDA:413,8,0,-
DA:414,0
DA:417,5106
DA:420,5106
BRDA:420,9,0,5106
DA:421,5106
DA:424,5106
DA:427,5106
BRDA:427,10,0,5106
DA:428,5106
DA:432,5106
DA:434,5106
DA:448,5106
FN:451,TroveManager._isLiquidatableStatus
FNDA:5106,TroveManager._isLiquidatableStatus
DA:452,5106
FN:455,TroveManager._batchLiquidateTroves
FNDA:5106,TroveManager._batchLiquidateTroves
DA:463,5106
DA:465,5106
DA:466,5106
DA:469,5106
DA:471,5106
DA:473,5106
BRDA:473,12,0,5106
DA:474,5106
DA:475,5106
DA:477,5106
DA:478,5106
DA:481,5106
FN:489,TroveManager._addLiquidationValuesToTotals
FNDA:5106,TroveManager._addLiquidationValuesToTotals
DA:496,5106
DA:497,5106
DA:498,5106
DA:499,5106
DA:500,5106
DA:501,5106
DA:502,5106
DA:503,5106
DA:504,5106
DA:505,5106
DA:506,5106
DA:507,5106
FN:510,TroveManager._sendGasCompensation
FNDA:5106,TroveManager._sendGasCompensation
DA:511,5106
BRDA:511,13,0,5106
DA:512,5106
DA:515,5106
BRDA:515,14,0,5106
DA:516,5106
FN:521,TroveManager._movePendingTroveRewardsToActivePool
FNDA:5106,TroveManager._movePendingTroveRewardsToActivePool
DA:522,5106
BRDA:522,15,0,-
DA:523,0
DA:526,5106
BRDA:526,16,0,-
DA:527,0
FN:533,TroveManager._applySingleRedemption
FNDA:0,TroveManager._applySingleRedemption
DA:539,0
DA:540,0
DA:542,0
DA:544,0
BRDA:544,17,0,-
BRDA:544,17,1,-
DA:545,0
DA:547,0
DA:549,0
DA:550,0
DA:553,0
DA:554,0
DA:555,0
DA:556,0
DA:557,0
DA:559,0
DA:561,0
DA:564,0
DA:566,0
DA:568,0
DA:576,0
DA:577,0
DA:578,0
DA:579,0
DA:580,0
DA:583,0
DA:584,0
DA:587,0
DA:589,0
BRDA:589,18,0,-
BRDA:589,18,1,-
DA:590,0
DA:600,0
DA:611,0
DA:622,0
DA:624,0
FN:628,TroveManager._redeemCollateralFromTrove
FNDA:0,TroveManager._redeemCollateralFromTrove
DA:635,0
DA:638,0
DA:641,0
DA:643,0
DA:645,0
DA:647,0
DA:648,0
DA:651,0
BRDA:651,19,0,-
DA:652,0
DA:653,0
BRDA:653,20,0,-
BRDA:653,20,1,-
DA:654,0
DA:656,0
FN:661,TroveManager._updateBatchInterestPriorToRedemption
FNDA:0,TroveManager._updateBatchInterestPriorToRedemption
DA:662,0
DA:663,0
DA:664,0
DA:665,0
DA:667,0
DA:668,0
DA:669,0
DA:670,0
DA:671,0
DA:672,0
DA:675,0
DA:677,0
FN:709,TroveManager.redeemCollateral
FNDA:0,TroveManager.redeemCollateral
DA:716,0
DA:718,0
DA:719,0
DA:721,0
DA:722,0
DA:724,0
DA:726,0
DA:727,0
DA:728,0
DA:731,0
BRDA:731,21,0,-
DA:732,0
DA:733,0
DA:735,0
DA:737,0
BRDA:737,22,0,-
DA:738,0
DA:739,0
DA:744,0
DA:746,0
DA:747,0
BRDA:747,23,0,-
DA:748,0
DA:749,0
DA:752,0
DA:754,0
DA:755,0
DA:756,0
DA:760,0
DA:761,0
DA:762,0
DA:764,0
DA:765,0
DA:771,0
DA:775,0
DA:778,0
DA:781,0
FN:785,TroveManager._urgentRedeemCollateralFromTrove
FNDA:0,TroveManager._urgentRedeemCollateralFromTrove
DA:791,0
DA:794,0
DA:797,0
DA:799,0
BRDA:799,24,0,-
DA:800,0
DA:801,0
DA:805,0
DA:806,0
FN:813,TroveManager.urgentRedemption
FNDA:0,TroveManager.urgentRedemption
DA:814,0
DA:815,0
DA:817,0
DA:818,0
DA:820,0
DA:822,0
DA:823,0
DA:824,0
DA:825,0
DA:829,0
DA:830,0
BRDA:830,25,0,-
DA:831,0
DA:834,0
DA:836,0
DA:837,0
DA:838,0
DA:842,0
DA:843,0
DA:845,0
DA:846,0
DA:849,0
BRDA:849,27,0,-
DA:850,0
DA:853,0
DA:857,0
DA:860,0
DA:862,0
FN:865,TroveManager.shutdown
FNDA:0,TroveManager.shutdown
DA:866,0
DA:867,0
DA:868,0
FN:874,TroveManager.getCurrentICR
FNDA:0,TroveManager.getCurrentICR
DA:875,5106
DA:876,5106
DA:877,5106
FN:880,TroveManager._updateTroveRewardSnapshots
FNDA:7262,TroveManager._updateTroveRewardSnapshots
DA:881,7262
DA:882,7262
FN:886,TroveManager._getLatestTroveData
FNDA:23678,TroveManager._getLatestTroveData
DA:888,23678
DA:889,23678
BRDA:889,28,0,-
DA:890,0
DA:891,0
DA:892,0
DA:893,0
DA:896,23678
DA:897,23678
DA:898,23678
DA:900,23678
DA:901,23678
DA:902,23678
DA:904,23678
DA:905,23678
DA:907,23678
DA:908,23678
DA:909,23678
FN:912,TroveManager._getLatestTroveDataFromBatch
FNDA:0,TroveManager._getLatestTroveDataFromBatch
DA:918,0
DA:919,0
DA:920,0
DA:921,0
DA:923,0
DA:925,0
DA:927,0
DA:929,0
BRDA:929,29,0,-
DA:930,0
DA:931,0
DA:933,0
DA:934,0
DA:937,0
DA:940,0
DA:942,0
DA:943,0
FN:947,TroveManager.getLatestTroveData
FNDA:0,TroveManager.getLatestTroveData
DA:948,0
FN:951,TroveManager.getTroveAnnualInterestRate
FNDA:22273,TroveManager.getTroveAnnualInterestRate
DA:952,22273
DA:953,22273
DA:954,22273
BRDA:954,30,0,-
DA:955,0
DA:957,22273
FN:960,TroveManager._getBatchManager
FNDA:28784,TroveManager._getBatchManager
DA:961,28784
FN:964,TroveManager._getBatchManager
FNDA:22273,TroveManager._getBatchManager
DA:965,22273
FN:969,TroveManager._getLatestBatchData
FNDA:0,TroveManager._getLatestBatchData
DA:970,0
DA:972,0
DA:973,0
DA:974,0
DA:975,0
DA:976,0
DA:977,0
DA:978,0
DA:980,0
DA:983,0
DA:985,0
DA:986,0
DA:987,0
FN:990,TroveManager.getLatestBatchData
FNDA:0,TroveManager.getLatestBatchData
DA:991,0
FN:995,TroveManager._updateStakeAndTotalStakes
FNDA:0,TroveManager._updateStakeAndTotalStakes
DA:996,0
DA:997,0
DA:998,0
DA:1000,0
FN:1004,TroveManager._computeNewStake
FNDA:7262,TroveManager._computeNewStake
DA:1005,7262
DA:1006,7262
BRDA:1006,31,0,2067
BRDA:1006,31,1,5195
DA:1007,2067
DA:1016,5195
DA:1018,7262
FN:1021,TroveManager._redistributeDebtAndColl
FNDA:5106,TroveManager._redistributeDebtAndColl
DA:1027,5106
DA:1040,0
DA:1041,0
DA:1044,0
DA:1045,0
DA:1047,0
DA:1048,0
DA:1051,0
DA:1052,0
DA:1054,0
DA:1055,0
FN:1062,TroveManager._updateSystemSnapshots_excludeCollRemainder
FNDA:5106,TroveManager._updateSystemSnapshots_excludeCollRemainder
DA:1063,5106
DA:1065,5106
DA:1066,5106
DA:1067,5106
FN:1074,TroveManager._removeTroveId
FNDA:5106,TroveManager._removeTroveId
DA:1075,5106
DA:1076,5106
DA:1080,5106
DA:1082,5106
DA:1083,5106
DA:1085,5106
FN:1088,TroveManager.getTroveStatus
FNDA:32748,TroveManager.getTroveStatus
DA:1089,32748
FN:1094,TroveManager._getInterestPeriod
FNDA:23678,TroveManager._getInterestPeriod
DA:1095,23678
BRDA:1095,33,0,23678
BRDA:1095,33,1,-
DA:1097,23678
DA:1098,0
BRDA:1098,34,0,-
BRDA:1098,34,1,-
DA:1100,0
DA:1104,0
FN:1110,TroveManager._requireCallerIsBorrowerOperations
FNDA:7262,TroveManager._requireCallerIsBorrowerOperations
DA:1111,7262
BRDA:1111,35,0,-
DA:1112,0
FN:1116,TroveManager._requireCallerIsCollateralRegistry
FNDA:0,TroveManager._requireCallerIsCollateralRegistry
DA:1117,0
BRDA:1117,36,0,-
DA:1118,0
FN:1122,TroveManager._requireMoreThanOneTroveInSystem
FNDA:5106,TroveManager._requireMoreThanOneTroveInSystem
DA:1123,5106
BRDA:1123,37,0,-
DA:1124,0
FN:1128,TroveManager._requireIsShutDown
FNDA:0,TroveManager._requireIsShutDown
DA:1129,0
BRDA:1129,38,0,-
DA:1130,0
FN:1134,TroveManager._requireBoldBalanceCoversRedemption
FNDA:0,TroveManager._requireBoldBalanceCoversRedemption
DA:1138,0
DA:1139,0
BRDA:1139,39,0,-
DA:1140,0
FN:1146,TroveManager.getUnbackedPortionPriceAndRedeemability
FNDA:0,TroveManager.getUnbackedPortionPriceAndRedeemability
DA:1147,0
DA:1148,0
DA:1149,0
DA:1151,0
DA:1153,0
DA:1155,0
FN:1160,TroveManager.onOpenTrove
FNDA:7262,TroveManager.onOpenTrove
DA:1163,7262
DA:1165,7262
DA:1168,7262
DA:1169,7262
DA:1170,7262
DA:1171,7262
DA:1172,7262
DA:1173,7262
DA:1174,7262
DA:1175,7262
DA:1178,7262
DA:1180,7262
DA:1181,7262
DA:1184,7262
DA:1186,7262
DA:1188,7262
DA:1198,7262
FN:1210,TroveManager.onOpenTroveAndJoinBatch
FNDA:0,TroveManager.onOpenTroveAndJoinBatch
DA:1218,0
DA:1221,0
DA:1224,0
DA:1225,0
DA:1226,0
DA:1227,0
DA:1228,0
DA:1229,0
DA:1231,0
DA:1234,0
DA:1236,0
DA:1238,0
DA:1239,0
DA:1242,0
DA:1244,0
DA:1254,0
DA:1265,0
FN:1276,TroveManager.setTroveStatusToActive
FNDA:0,TroveManager.setTroveStatusToActive
DA:1277,0
DA:1278,0
FN:1281,TroveManager.onAdjustTroveInterestRate
FNDA:0,TroveManager.onAdjustTroveInterestRate
DA:1288,0
DA:1290,0
DA:1291,0
DA:1292,0
DA:1293,0
DA:1294,0
DA:1296,0
DA:1300,0
DA:1302,0
DA:1312,0
FN:1324,TroveManager.onAdjustTrove
FNDA:0,TroveManager.onAdjustTrove
DA:1327,0
DA:1329,0
DA:1330,0
DA:1331,0
DA:1333,0
DA:1337,0
DA:1338,0
DA:1340,0
DA:1350,0
FN:1362,TroveManager.onCloseTrove
FNDA:0,TroveManager.onCloseTrove
DA:1369,0
DA:1370,0
DA:1371,0
DA:1375,0
DA:1385,0
DA:1396,0
BRDA:1396,40,0,-
DA:1397,0
FN:1409,TroveManager._closeTrove
FNDA:5106,TroveManager._closeTrove
DA:1419,5106
DA:1420,5106
DA:1422,5106
DA:1424,5106
DA:1427,5106
BRDA:1427,41,0,-
BRDA:1427,41,1,5106
DA:1428,0
BRDA:1428,42,0,-
DA:1429,0
DA:1432,0
DA:1442,5106
BRDA:1442,43,0,5106
DA:1443,5106
DA:1447,5106
DA:1448,5106
DA:1451,5106
DA:1452,5106
DA:1455,5106
DA:1458,5106
FN:1461,TroveManager.onAdjustTroveInsideBatch
FNDA:0,TroveManager.onAdjustTroveInsideBatch
DA:1469,0
DA:1472,0
DA:1473,0
DA:1474,0
DA:1477,0
DA:1479,0
DA:1483,0
DA:1493,0
DA:1504,0
FN:1515,TroveManager.onApplyTroveInterest
FNDA:0,TroveManager.onApplyTroveInterest
DA:1524,0
DA:1526,0
DA:1528,0
BRDA:1528,44,0,-
BRDA:1528,44,1,-
DA:1529,0
DA:1531,0
DA:1541,0
DA:1542,0
DA:1545,0
DA:1549,0
DA:1551,0
DA:1561,0
FN:1573,TroveManager.onRegisterBatchManager
FNDA:0,TroveManager.onRegisterBatchManager
DA:1576,0
DA:1578,0
DA:1579,0
DA:1580,0
DA:1581,0
DA:1583,0
DA:1585,0
FN:1596,TroveManager.onLowerBatchManagerAnnualFee
FNDA:0,TroveManager.onLowerBatchManagerAnnualFee
DA:1602,0
DA:1604,0
DA:1605,0
DA:1606,0
DA:1607,0
DA:1609,0
FN:1620,TroveManager.onSetBatchManagerAnnualInterestRate
FNDA:0,TroveManager.onSetBatchManagerAnnualInterestRate
DA:1626,0
DA:1628,0
DA:1629,0
DA:1630,0
DA:1631,0
DA:1632,0
DA:1634,0
FN:1645,TroveManager.onSetInterestBatchManager
FNDA:0,TroveManager.onSetInterestBatchManager
DA:1646,0
DA:1647,0
DA:1651,0
DA:1654,0
DA:1655,0
DA:1656,0
DA:1657,0
DA:1659,0
DA:1660,0
DA:1662,0
DA:1663,0
DA:1664,0
DA:1668,0
DA:1672,0
DA:1682,0
DA:1693,0
FN:1704,TroveManager._updateBatchShares
FNDA:0,TroveManager._updateBatchShares
DA:1712,0
DA:1713,0
DA:1714,0
DA:1715,0
DA:1716,0
DA:1717,0
BRDA:1717,45,0,-
BRDA:1717,45,1,-
DA:1718,0
DA:1720,0
DA:1721,0
DA:1724,0
BRDA:1724,46,0,-
BRDA:1724,46,1,-
DA:1725,0
DA:1727,0
BRDA:1727,47,0,-
BRDA:1727,47,1,-
DA:1729,0
BRDA:1729,48,0,-
BRDA:1729,48,1,-
DA:1730,0
DA:1732,0
DA:1735,0
DA:1736,0
DA:1737,0
DA:1738,0
BRDA:1738,49,0,-
DA:1740,0
DA:1742,0
DA:1743,0
DA:1744,0
DA:1748,0
DA:1751,0
DA:1752,0
DA:1753,0
BRDA:1753,50,0,-
BRDA:1753,50,1,-
DA:1754,0
DA:1756,0
DA:1757,0
DA:1760,0
BRDA:1760,51,0,-
BRDA:1760,51,1,-
DA:1761,0
DA:1763,0
BRDA:1763,52,0,-
BRDA:1763,52,1,-
DA:1765,0
DA:1766,0
BRDA:1766,53,0,-
DA:1768,0
FN:1773,TroveManager.onRemoveFromBatch
FNDA:0,TroveManager.onRemoveFromBatch
DA:1783,0
DA:1787,0
DA:1792,0
DA:1793,0
DA:1794,0
DA:1795,0
DA:1796,0
DA:1798,0
DA:1799,0
DA:1803,0
DA:1813,0
DA:1824,0
FN:1835,TroveManager._removeTroveSharesFromBatch
FNDA:0,TroveManager._removeTroveSharesFromBatch
DA:1847,0
DA:1851,0
DA:1852,0
DA:1854,0
DA:1855,0
DA:1856,0
DA:1857,0
DA:1859,0
DA:1860,0
FNF:59
FNH:26
LF:555
LH:181
BRF:68
BRH:13
end_of_record
TN:
SF:src/TroveNFT.sol
FN:22,TroveNFT.
FNDA:2,TroveNFT.
DA:28,2
DA:29,2
DA:30,2
FN:33,TroveNFT.tokenURI
FNDA:0,TroveNFT.tokenURI
DA:34,0
DA:35,0
DA:37,0
DA:47,0
FN:50,TroveNFT.mint
FNDA:7262,TroveNFT.mint
DA:51,7262
DA:52,7262
FN:55,TroveNFT.burn
FNDA:5106,TroveNFT.burn
DA:56,5106
DA:57,5106
FN:60,TroveNFT._requireCallerIsTroveManager
FNDA:12368,TroveNFT._requireCallerIsTroveManager
DA:61,12368
BRDA:61,0,0,-
BRDA:61,0,1,12368
FNF:5
FNH:4
LF:12
LH:8
BRF:2
BRH:1
end_of_record
TN:
SF:src/Zappers/GasCompZapper.sol
FN:24,GasCompZapper.
FNDA:0,GasCompZapper.
DA:25,0
DA:26,0
DA:27,0
DA:28,0
DA:29,0
DA:30,0
BRDA:30,0,0,-
BRDA:30,0,1,-
FN:54,GasCompZapper.openTroveWithRawETH
FNDA:0,GasCompZapper.openTroveWithRawETH
DA:55,0
BRDA:55,1,0,-
BRDA:55,1,1,-
DA:57,0
DA:58,0
DA:59,0
DA:60,0
DA:63,0
DA:66,0
DA:69,0
DA:70,0
DA:72,0
DA:88,0
DA:91,0
DA:92,0
DA:94,0
FN:99,GasCompZapper.addColl
FNDA:0,GasCompZapper.addColl
DA:100,0
DA:101,0
DA:103,0
DA:106,0
DA:107,0
DA:108,0
DA:110,0
FN:113,GasCompZapper.withdrawColl
FNDA:0,GasCompZapper.withdrawColl
DA:114,0
DA:115,0
DA:117,0
DA:120,0
FN:123,GasCompZapper.withdrawBold
FNDA:0,GasCompZapper.withdrawBold
DA:124,0
DA:125,0
DA:127,0
DA:130,0
FN:133,GasCompZapper.repayBold
FNDA:0,GasCompZapper.repayBold
DA:134,0
DA:135,0
DA:138,0
DA:140,0
FN:143,GasCompZapper.adjustTroveWithRawETH
FNDA:0,GasCompZapper.adjustTroveWithRawETH
DA:151,0
DA:152,0
DA:155,0
FN:158,GasCompZapper.adjustUnredeemableTroveWithRawETH
FNDA:0,GasCompZapper.adjustUnredeemableTroveWithRawETH
DA:168,0
DA:169,0
DA:172,0
FN:175,GasCompZapper._adjustTrovePre
FNDA:0,GasCompZapper._adjustTrovePre
DA:182,0
DA:183,0
DA:185,0
BRDA:185,2,0,-
DA:186,0
DA:189,0
BRDA:189,3,0,-
DA:190,0
DA:194,0
BRDA:194,4,0,-
DA:195,0
DA:196,0
DA:197,0
DA:202,0
BRDA:202,5,0,-
DA:203,0
DA:206,0
FN:209,GasCompZapper._adjustTrovePost
FNDA:0,GasCompZapper._adjustTrovePost
DA:217,0
BRDA:217,6,0,-
DA:218,0
DA:222,0
BRDA:222,7,0,-
DA:223,0
FN:227,GasCompZapper.closeTroveToRawETH
FNDA:0,GasCompZapper.closeTroveToRawETH
DA:228,0
DA:229,0
DA:232,0
DA:233,0
DA:235,0
DA:238,0
DA:241,0
DA:242,0
DA:243,0
BRDA:243,8,0,-
BRDA:243,8,1,-
FNF:11
FNH:0
LF:71
LH:0
BRF:12
BRH:0
end_of_record
TN:
SF:src/Zappers/LeverageLSTZapper.sol
FN:26,LeverageLSTZapper.
FNDA:0,LeverageLSTZapper.
DA:30,0
DA:31,0
DA:32,0
DA:34,0
DA:36,0
DA:37,0
DA:40,0
DA:41,0
DA:43,0
DA:45,0
FN:55,LeverageLSTZapper.openLeveragedTroveWithRawETH
FNDA:0,LeverageLSTZapper.openLeveragedTroveWithRawETH
DA:56,0
BRDA:56,0,0,-
BRDA:56,0,1,-
DA:59,0
DA:61,0
DA:63,0
DA:66,0
FN:76,LeverageLSTZapper.receiveFlashLoanOnOpenLeveragedTrove
FNDA:0,LeverageLSTZapper.receiveFlashLoanOnOpenLeveragedTrove
DA:80,0
BRDA:80,1,0,-
BRDA:80,1,1,-
DA:82,0
DA:83,0
DA:84,0
DA:86,0
DA:90,0
DA:107,0
DA:108,0
DA:111,0
DA:114,0
FN:117,LeverageLSTZapper.leverUpTrove
FNDA:0,LeverageLSTZapper.leverUpTrove
DA:118,0
DA:119,0
DA:122,0
FN:132,LeverageLSTZapper.receiveFlashLoanOnLeverUpTrove
FNDA:0,LeverageLSTZapper.receiveFlashLoanOnLeverUpTrove
DA:135,0
BRDA:135,2,0,-
BRDA:135,2,1,-
DA:139,0
DA:152,0
DA:155,0
FN:158,LeverageLSTZapper.leverDownTrove
FNDA:0,LeverageLSTZapper.leverDownTrove
DA:159,0
DA:160,0
DA:163,0
FN:173,LeverageLSTZapper.receiveFlashLoanOnLeverDownTrove
FNDA:0,LeverageLSTZapper.receiveFlashLoanOnLeverDownTrove
DA:176,0
BRDA:176,3,0,-
BRDA:176,3,1,-
DA:182,0
DA:183,0
DA:186,0
DA:196,0
FN:200,LeverageLSTZapper.leverageRatioToCollateralRatio
FNDA:0,LeverageLSTZapper.leverageRatioToCollateralRatio
DA:201,0
FNF:8
FNH:0
LF:41
LH:0
BRF:8
BRH:0
end_of_record
TN:
SF:src/Zappers/LeverageWETHZapper.sol
FN:22,LeverageWETHZapper.
FNDA:0,LeverageWETHZapper.
DA:26,0
DA:27,0
DA:29,0
DA:31,0
DA:32,0
DA:35,0
DA:36,0
DA:38,0
FN:48,LeverageWETHZapper.openLeveragedTroveWithRawETH
FNDA:0,LeverageWETHZapper.openLeveragedTroveWithRawETH
DA:49,0
BRDA:49,0,0,-
BRDA:49,0,1,-
DA:51,0
DA:54,0
DA:57,0
FN:67,LeverageWETHZapper.receiveFlashLoanOnOpenLeveragedTrove
FNDA:0,LeverageWETHZapper.receiveFlashLoanOnOpenLeveragedTrove
DA:71,0
BRDA:71,1,0,-
BRDA:71,1,1,-
DA:73,0
DA:74,0
DA:75,0
DA:77,0
DA:81,0
DA:98,0
DA:99,0
DA:102,0
DA:105,0
FN:109,LeverageWETHZapper.leverUpTrove
FNDA:0,LeverageWETHZapper.leverUpTrove
DA:110,0
DA:111,0
DA:114,0
FN:124,LeverageWETHZapper.receiveFlashLoanOnLeverUpTrove
FNDA:0,LeverageWETHZapper.receiveFlashLoanOnLeverUpTrove
DA:127,0
BRDA:127,2,0,-
BRDA:127,2,1,-
DA:131,0
DA:144,0
DA:147,0
FN:150,LeverageWETHZapper.leverDownTrove
FNDA:0,LeverageWETHZapper.leverDownTrove
DA:151,0
DA:152,0
DA:155,0
FN:165,LeverageWETHZapper.receiveFlashLoanOnLeverDownTrove
FNDA:0,LeverageWETHZapper.receiveFlashLoanOnLeverDownTrove
DA:168,0
BRDA:168,3,0,-
BRDA:168,3,1,-
DA:174,0
DA:175,0
DA:178,0
DA:188,0
FN:192,LeverageWETHZapper.leverageRatioToCollateralRatio
FNDA:0,LeverageWETHZapper.leverageRatioToCollateralRatio
DA:193,0
FNF:8
FNH:0
LF:38
LH:0
BRF:8
BRH:0
end_of_record
TN:
SF:src/Zappers/Modules/Exchanges/CurveExchange.sol
FN:22,CurveExchange.
FNDA:0,CurveExchange.
DA:29,0
DA:30,0
DA:31,0
DA:32,0
DA:33,0
FN:37,CurveExchange.getBoldAmountToSwap
FNDA:0,CurveExchange.getBoldAmountToSwap
DA:42,0
DA:43,0
DA:46,0
DA:50,0
DA:52,0
DA:53,0
BRDA:53,0,0,-
BRDA:53,0,1,-
DA:55,0
FN:58,CurveExchange.swapFromBold
FNDA:0,CurveExchange.swapFromBold
DA:59,0
DA:60,0
DA:61,0
DA:62,0
DA:66,0
DA:67,0
DA:69,0
FN:72,CurveExchange.swapToBold
FNDA:0,CurveExchange.swapToBold
DA:73,0
DA:74,0
DA:75,0
DA:76,0
DA:79,0
DA:80,0
DA:82,0
FNF:4
FNH:0
LF:26
LH:0
BRF:2
BRH:0
end_of_record
TN:
SF:src/Zappers/Modules/Exchanges/UniV3Exchange.sol
FN:32,UniV3Exchange.
FNDA:0,UniV3Exchange.
DA:39,0
DA:40,0
DA:41,0
DA:42,0
DA:43,0
FN:49,UniV3Exchange.getBoldAmountToSwap
FNDA:0,UniV3Exchange.getBoldAmountToSwap
DA:55,0
DA:56,0
DA:57,0
DA:64,0
DA:66,0
FN:69,UniV3Exchange.swapFromBold
FNDA:0,UniV3Exchange.swapFromBold
DA:70,0
DA:71,0
DA:72,0
DA:73,0
DA:75,0
DA:86,0
FN:89,UniV3Exchange.swapToBold
FNDA:0,UniV3Exchange.swapToBold
DA:90,0
DA:91,0
DA:92,0
DA:93,0
DA:95,0
DA:106,0
FN:109,UniV3Exchange.uniswapV3SwapCallback
FNDA:0,UniV3Exchange.uniswapV3SwapCallback
DA:111,0
DA:112,0
DA:113,0
DA:114,0
DA:115,0
BRDA:115,0,0,-
BRDA:115,0,1,-
DA:116,0
DA:117,0
DA:119,0
DA:120,0
DA:123,0
BRDA:123,1,0,-
DA:124,0
DA:126,0
BRDA:126,2,0,-
DA:127,0
FN:131,UniV3Exchange.priceToSqrtPrice
FNDA:0,UniV3Exchange.priceToSqrtPrice
DA:133,0
DA:134,0
FN:138,UniV3Exchange._zeroForOne
FNDA:0,UniV3Exchange._zeroForOne
DA:139,0
FN:142,UniV3Exchange._requireCallerIsUniV3Router
FNDA:0,UniV3Exchange._requireCallerIsUniV3Router
DA:143,0
BRDA:143,3,0,-
BRDA:143,3,1,-
FNF:8
FNH:0
LF:39
LH:0
BRF:6
BRH:0
end_of_record
TN:
SF:src/Zappers/Modules/FlashLoans/BalancerFlashLoan.sol
FN:20,BalancerFlashLoan.makeFlashLoan
FNDA:0,BalancerFlashLoan.makeFlashLoan
DA:27,0
DA:28,0
DA:29,0
DA:30,0
DA:33,0
DA:34,0
BRDA:34,0,0,-
BRDA:34,0,1,-
DA:35,0
DA:36,0
DA:37,0
DA:38,0
BRDA:38,1,0,-
BRDA:38,1,1,-
DA:39,0
DA:40,0
DA:41,0
DA:42,0
BRDA:42,2,0,-
BRDA:42,2,1,-
DA:43,0
DA:44,0
DA:45,0
DA:47,0
DA:50,0
FN:53,BalancerFlashLoan.receiveFlashLoan
FNDA:0,BalancerFlashLoan.receiveFlashLoan
DA:59,0
BRDA:59,3,0,-
BRDA:59,3,1,-
DA:62,0
DA:63,0
DA:65,0
BRDA:65,4,0,-
BRDA:65,4,1,-
DA:68,0
DA:69,0
DA:71,0
DA:73,0
DA:75,0
DA:76,0
BRDA:76,5,0,-
BRDA:76,5,1,-
DA:79,0
DA:80,0
DA:82,0
DA:84,0
DA:86,0
DA:87,0
BRDA:87,6,0,-
BRDA:87,6,1,-
DA:90,0
DA:91,0
DA:93,0
DA:95,0
DA:97,0
DA:99,0
DA:103,0
FNF:2
FNH:0
LF:42
LH:0
BRF:14
BRH:0
end_of_record
TN:
SF:src/Zappers/WETHZapper.sol
FN:19,WETHZapper.
FNDA:2,WETHZapper.
DA:20,2
DA:21,2
DA:22,2
DA:23,2
DA:24,2
BRDA:24,0,0,-
BRDA:24,0,1,2
FN:46,WETHZapper.openTroveWithRawETH
FNDA:0,WETHZapper.openTroveWithRawETH
DA:47,0
BRDA:47,1,0,-
BRDA:47,1,1,-
DA:49,0
DA:50,0
DA:51,0
DA:54,0
DA:57,0
DA:59,0
DA:75,0
DA:78,0
DA:79,0
DA:81,0
FN:86,WETHZapper.addCollWithRawETH
FNDA:0,WETHZapper.addCollWithRawETH
DA:87,0
DA:88,0
DA:90,0
DA:93,0
DA:94,0
DA:96,0
FN:99,WETHZapper.withdrawCollToRawETH
FNDA:0,WETHZapper.withdrawCollToRawETH
DA:100,0
DA:101,0
DA:103,0
DA:106,0
DA:107,0
DA:108,0
BRDA:108,2,0,-
BRDA:108,2,1,-
FN:111,WETHZapper.withdrawBold
FNDA:0,WETHZapper.withdrawBold
DA:112,0
DA:113,0
DA:115,0
DA:118,0
FN:121,WETHZapper.repayBold
FNDA:0,WETHZapper.repayBold
DA:122,0
DA:123,0
DA:126,0
DA:128,0
FN:131,WETHZapper.adjustTroveWithRawETH
FNDA:0,WETHZapper.adjustTroveWithRawETH
DA:139,0
DA:140,0
DA:143,0
FN:146,WETHZapper.adjustUnredeemableTroveWithRawETH
FNDA:0,WETHZapper.adjustUnredeemableTroveWithRawETH
DA:156,0
DA:157,0
DA:160,0
FN:163,WETHZapper._adjustTrovePre
FNDA:0,WETHZapper._adjustTrovePre
DA:170,0
BRDA:170,3,0,-
BRDA:170,3,1,-
DA:171,0
BRDA:171,4,0,-
BRDA:171,4,1,-
DA:173,0
BRDA:173,5,0,-
BRDA:173,5,1,-
DA:175,0
BRDA:175,6,0,-
BRDA:175,6,1,-
DA:177,0
DA:178,0
DA:180,0
BRDA:180,7,0,-
DA:181,0
DA:184,0
BRDA:184,8,0,-
DA:185,0
DA:189,0
BRDA:189,9,0,-
DA:190,0
DA:191,0
DA:192,0
DA:197,0
BRDA:197,10,0,-
DA:198,0
DA:201,0
FN:204,WETHZapper._adjustTrovePost
FNDA:0,WETHZapper._adjustTrovePost
DA:212,0
BRDA:212,11,0,-
DA:213,0
DA:214,0
DA:215,0
BRDA:215,12,0,-
BRDA:215,12,1,-
DA:218,0
BRDA:218,13,0,-
DA:219,0
FN:223,WETHZapper.closeTroveToRawETH
FNDA:0,WETHZapper.closeTroveToRawETH
DA:224,0
DA:225,0
DA:228,0
DA:229,0
DA:231,0
DA:233,0
DA:234,0
DA:235,0
BRDA:235,14,0,-
BRDA:235,14,1,-
FNF:11
FNH:1
LF:73
LH:5
BRF:24
BRH:1
end_of_record
TN:
SF:src/scripts/DeployLiquity2.s.sol
FN:97,DeployLiquity2Script.run
FNDA:0,DeployLiquity2Script.run
DA:98,0
DA:100,0
BRDA:100,0,0,-
BRDA:100,0,1,-
DA:102,0
DA:103,0
DA:106,0
DA:107,0
DA:108,0
DA:111,0
DA:113,0
DA:114,0
DA:117,0
DA:121,0
DA:122,0
DA:123,0
DA:125,0
BRDA:125,1,0,-
DA:128,0
DA:129,0
DA:130,0
DA:131,0
DA:132,0
DA:133,0
DA:134,0
DA:135,0
DA:136,0
DA:138,0
DA:140,0
DA:141,0
DA:142,0
DA:143,0
DA:145,0
DA:146,0
DA:147,0
DA:148,0
DA:150,0
DA:151,0
DA:152,0
DA:153,0
DA:155,0
DA:156,0
DA:157,0
DA:158,0
DA:160,0
DA:161,0
DA:164,0
FN:168,DeployLiquity2Script.tapFaucet
FNDA:0,DeployLiquity2Script.tapFaucet
DA:169,0
DA:170,0
DA:172,0
DA:173,0
DA:174,0
DA:176,0
FN:185,DeployLiquity2Script.openDemoTroves
FNDA:0,DeployLiquity2Script.openDemoTroves
DA:188,0
DA:189,0
DA:190,0
DA:192,0
DA:194,0
DA:195,0
DA:198,0
BRDA:198,2,0,-
BRDA:198,2,1,-
DA:199,0
DA:201,0
DA:202,0
DA:205,0
DA:219,0
FN:224,DeployLiquity2Script.getBytecode
FNDA:0,DeployLiquity2Script.getBytecode
DA:225,0
FN:228,DeployLiquity2Script._deployAndConnectContracts
FNDA:0,DeployLiquity2Script._deployAndConnectContracts
DA:238,0
DA:239,0
DA:241,0
DA:242,0
DA:243,0
DA:244,0
BRDA:244,3,0,-
BRDA:244,3,1,-
DA:246,0
DA:247,0
DA:248,0
DA:249,0
DA:252,0
DA:255,0
DA:256,0
DA:265,0
DA:266,0
DA:267,0
DA:268,0
DA:269,0
DA:272,0
DA:273,0
DA:274,0
DA:277,0
DA:278,0
DA:288,0
DA:291,0
FN:294,DeployLiquity2Script._deployAddressesRegistry
FNDA:0,DeployLiquity2Script._deployAddressesRegistry
DA:298,0
DA:306,0
DA:310,0
FN:313,DeployLiquity2Script._deployAndConnectCollateralContractsTestnet
FNDA:0,DeployLiquity2Script._deployAndConnectCollateralContractsTestnet
DA:323,0
DA:324,0
DA:327,0
DA:330,0
DA:331,0
DA:334,0
BRDA:334,4,0,-
BRDA:334,4,1,-
DA:336,0
DA:337,0
DA:338,0
DA:341,0
DA:342,0
DA:345,0
DA:348,0
DA:351,0
DA:354,0
DA:357,0
DA:360,0
DA:364,0
DA:384,0
DA:386,0
DA:387,0
DA:388,0
DA:389,0
DA:390,0
DA:391,0
DA:392,0
DA:393,0
DA:394,0
DA:396,0
BRDA:396,5,0,-
BRDA:396,5,1,-
DA:397,0
BRDA:397,6,0,-
BRDA:397,6,1,-
DA:398,0
BRDA:398,7,0,-
BRDA:398,7,1,-
DA:399,0
BRDA:399,8,0,-
BRDA:399,8,1,-
DA:400,0
BRDA:400,9,0,-
BRDA:400,9,1,-
DA:401,0
BRDA:401,10,0,-
BRDA:401,10,1,-
DA:402,0
BRDA:402,11,0,-
BRDA:402,11,1,-
DA:403,0
BRDA:403,12,0,-
BRDA:403,12,1,-
DA:404,0
BRDA:404,13,0,-
BRDA:404,13,1,-
DA:407,0
FN:415,DeployLiquity2Script.formatAmount
FNDA:0,DeployLiquity2Script.formatAmount
DA:416,0
BRDA:416,14,0,-
DA:417,0
DA:420,0
DA:421,0
DA:423,0
BRDA:423,15,0,-
DA:424,0
DA:427,0
DA:428,0
DA:429,0
DA:431,0
FNF:8
FNH:0
LF:139
LH:0
BRF:29
BRH:0
end_of_record
TN:
SF:src/scripts/OpenTroves.s.sol
FN:35,Proxy.tap
FNDA:0,Proxy.tap
DA:36,0
DA:37,0
FN:40,Proxy.sweepTrove
FNDA:0,Proxy.sweepTrove
DA:41,0
FN:54,OpenTroves._findHints
FNDA:0,OpenTroves._findHints
DA:60,0
DA:68,0
FN:71,OpenTroves.run
FNDA:0,OpenTroves.run
DA:72,0
DA:74,0
DA:75,0
DA:76,0
DA:77,0
DA:78,0
DA:79,0
DA:81,0
DA:82,0
DA:84,0
DA:85,0
DA:86,0
DA:87,0
DA:88,0
DA:89,0
DA:90,0
DA:91,0
DA:92,0
DA:93,0
DA:94,0
DA:95,0
DA:97,0
BRDA:97,0,0,-
DA:99,0
DA:108,0
DA:109,0
DA:110,0
DA:112,0
DA:113,0
DA:115,0
BRDA:115,1,0,-
BRDA:115,1,1,-
DA:117,0
DA:119,0
DA:120,0
DA:121,0
DA:124,0
DA:125,0
DA:127,0
DA:141,0
DA:142,0
DA:143,0
BRDA:143,2,0,-
DA:145,0
BRDA:145,3,0,-
DA:146,0
DA:147,0
DA:150,0
FNF:4
FNH:0
LF:48
LH:0
BRF:5
BRH:0
end_of_record
TN:
SF:src/scripts/RedeemCollateral.s.sol
FN:16,RedeemCollateral.run
FNDA:0,RedeemCollateral.run
DA:17,0
DA:19,0
DA:20,0
DA:21,0
DA:22,0
DA:24,0
DA:25,0
DA:26,0
DA:27,0
DA:30,0
DA:31,0
DA:33,0
DA:34,0
DA:36,0
DA:37,0
DA:39,0
DA:40,0
DA:41,0
DA:42,0
FNF:1
FNH:0
LF:19
LH:0
BRF:0
BRH:0
end_of_record
TN:
SF:src/test/Invariants.t.sol
FN:22,SortedTrovesHelpers.getBatchOf
FNDA:0,SortedTrovesHelpers.getBatchOf
DA:23,0
FN:26,SortedTrovesHelpers.getBatchHead
FNDA:0,SortedTrovesHelpers.getBatchHead
DA:27,0
FN:30,SortedTrovesHelpers.getBatchTail
FNDA:0,SortedTrovesHelpers.getBatchTail
DA:31,0
FN:36,ToStringFunctions.toString
FNDA:0,ToStringFunctions.toString
DA:37,0
DA:38,0
DA:39,0
DA:40,0
DA:41,0
DA:42,0
FNF:4
FNH:0
LF:9
LH:0
BRF:0
BRH:0
end_of_record
TN:
SF:src/test/TestContracts/Accounts.sol
FN:21,Accounts.getAccountsCount
FNDA:0,Accounts.getAccountsCount
DA:22,0
FN:38,TestAccounts.createAccounts
FNDA:0,TestAccounts.createAccounts
DA:39,0
DA:40,0
DA:41,0
DA:44,0
FNF:2
FNH:0
LF:5
LH:0
BRF:0
BRH:0
end_of_record
TN:
SF:src/test/TestContracts/BaseHandler.sol
FN:8,BaseHandler._logCaller
FNDA:25062,BaseHandler._logCaller
DA:9,25062
FN:12,BaseHandler._callPrefix
FNDA:25062,BaseHandler._callPrefix
DA:13,25062
FN:16,BaseHandler.logCall
FNDA:5106,BaseHandler.logCall
DA:17,5106
DA:18,5106
DA:19,5106
FN:22,BaseHandler.logCall
FNDA:7262,BaseHandler.logCall
DA:23,7262
DA:24,7262
DA:25,7262
FN:28,BaseHandler.logCall
FNDA:12694,BaseHandler.logCall
DA:29,12694
DA:30,12694
DA:31,12694
FN:34,BaseHandler.logCall
FNDA:0,BaseHandler.logCall
DA:35,0
DA:36,0
DA:37,0
FN:40,BaseHandler.logCall
FNDA:0,BaseHandler.logCall
DA:44,0
DA:45,0
DA:46,0
FN:49,BaseHandler.logCall
FNDA:0,BaseHandler.logCall
DA:57,0
DA:58,0
DA:59,0
FN:62,BaseHandler.logCall
FNDA:0,BaseHandler.logCall
DA:71,0
DA:72,0
DA:73,0
FN:76,BaseHandler.logCall
FNDA:0,BaseHandler.logCall
DA:86,0
DA:87,0
DA:88,0
FN:91,BaseHandler.logCall
FNDA:0,BaseHandler.logCall
DA:102,0
DA:103,0
DA:104,0
FN:107,BaseHandler.logCall
FNDA:0,BaseHandler.logCall
DA:119,0
DA:120,0
DA:121,0
FNF:12
FNH:5
LF:32
LH:11
BRF:0
BRH:0
end_of_record
TN:
SF:src/test/TestContracts/BaseInvariantTest.sol
FN:23,BaseInvariantTest.
FNDA:0,BaseInvariantTest.
DA:24,0
DA:25,0
DA:26,0
DA:27,0
DA:28,0
DA:29,0
DA:30,0
DA:31,0
FN:34,BaseInvariantTest.setUp
FNDA:2,BaseInvariantTest.setUp
DA:35,2
DA:36,16
DA:37,16
FNF:2
FNH:1
LF:11
LH:3
BRF:0
BRH:0
end_of_record
TN:
SF:src/test/TestContracts/BaseMultiCollateralTest.sol
FN:26,BaseMultiCollateralTest.setupContracts
FNDA:0,BaseMultiCollateralTest.setupContracts
DA:27,0
DA:28,0
DA:29,0
DA:30,0
DA:32,0
DA:33,0
FNF:1
FNH:0
LF:6
LH:0
BRF:0
BRH:0
end_of_record
TN:
SF:src/test/TestContracts/BoldTokenTester.sol
FN:8,BoldTokenTester.
FNDA:0,BoldTokenTester.
FN:10,BoldTokenTester.unprotectedMint
FNDA:0,BoldTokenTester.unprotectedMint
DA:11,0
FNF:2
FNH:0
LF:1
LH:0
BRF:0
BRH:0
end_of_record
TN:
SF:src/test/TestContracts/BorrowerOperationsTester.t.sol
FN:12,BorrowerOperationsTester.
FNDA:2,BorrowerOperationsTester.
FN:14,BorrowerOperationsTester.get_CCR
FNDA:0,BorrowerOperationsTester.get_CCR
DA:15,0
FN:18,BorrowerOperationsTester.getCollToken
FNDA:0,BorrowerOperationsTester.getCollToken
DA:19,0
FN:22,BorrowerOperationsTester.getSortedTroves
FNDA:0,BorrowerOperationsTester.getSortedTroves
DA:23,0
FN:26,BorrowerOperationsTester.getBoldToken
FNDA:0,BorrowerOperationsTester.getBoldToken
DA:27,0
FN:30,BorrowerOperationsTester.applyPendingDebt
FNDA:0,BorrowerOperationsTester.applyPendingDebt
DA:31,0
FN:34,BorrowerOperationsTester.getNewTCRFromTroveChange
FNDA:0,BorrowerOperationsTester.getNewTCRFromTroveChange
DA:41,0
DA:42,0
DA:43,0
FNF:7
FNH:1
LF:8
LH:0
BRF:0
BRH:0
end_of_record
TN:
SF:src/test/TestContracts/ChainlinkOracleMock.sol
FN:9,ChainlinkOracleMock.decimals
FNDA:0,ChainlinkOracleMock.decimals
DA:10,0
FN:13,ChainlinkOracleMock.latestRoundData
FNDA:0,ChainlinkOracleMock.latestRoundData
DA:18,0
DA:19,0
DA:21,0
FNF:2
FNH:0
LF:4
LH:0
BRF:0
BRH:0
end_of_record
TN:
SF:src/test/TestContracts/CollateralRegistryTester.sol
FN:11,CollateralRegistryTester.
FNDA:0,CollateralRegistryTester.
FN:15,CollateralRegistryTester.unprotectedDecayBaseRateFromBorrowing
FNDA:0,CollateralRegistryTester.unprotectedDecayBaseRateFromBorrowing
DA:16,0
DA:17,0
BRDA:17,0,0,-
BRDA:17,0,1,-
DA:19,0
DA:20,0
FN:23,CollateralRegistryTester.minutesPassedSinceLastFeeOp
FNDA:0,CollateralRegistryTester.minutesPassedSinceLastFeeOp
DA:24,0
FN:27,CollateralRegistryTester.setLastFeeOpTimeToNow
FNDA:0,CollateralRegistryTester.setLastFeeOpTimeToNow
DA:28,0
FN:31,CollateralRegistryTester.setBaseRate
FNDA:0,CollateralRegistryTester.setBaseRate
DA:32,0
FNF:5
FNH:0
LF:7
LH:0
BRF:2
BRH:0
[...]
BRDA:2888,207,0,-
DA:2889,0
DA:2892,0
BRDA:2892,208,0,-
DA:2893,0
DA:2896,0
BRDA:2896,209,0,-
DA:2897,0
DA:2900,0
BRDA:2900,210,0,-
DA:2901,0
DA:2904,0
BRDA:2904,211,0,-
DA:2905,0
DA:2908,0
BRDA:2908,212,0,-
DA:2909,0
DA:2912,0
BRDA:2912,213,0,-
DA:2913,0
DA:2916,0
BRDA:2916,214,0,-
DA:2917,0
DA:2920,0
BRDA:2920,215,0,-
DA:2921,0
DA:2924,0
BRDA:2924,216,0,-
DA:2925,0
DA:2928,0
BRDA:2928,217,0,-
DA:2929,0
DA:2932,0
BRDA:2932,218,0,-
DA:2933,0
DA:2936,0
BRDA:2936,219,0,-
DA:2937,0
DA:2940,0
BRDA:2940,220,0,-
DA:2941,0
DA:2944,0
BRDA:2944,221,0,-
DA:2945,0
DA:2948,0
BRDA:2948,222,0,-
DA:2949,0
DA:2952,0
BRDA:2952,223,0,-
DA:2953,0
DA:2956,0
BRDA:2956,224,0,-
DA:2957,0
DA:2960,0
BRDA:2960,225,0,-
DA:2961,0
DA:2964,0
BRDA:2964,226,0,-
DA:2965,0
DA:2968,0
BRDA:2968,227,0,-
DA:2969,0
DA:2972,0
BRDA:2972,228,0,-
DA:2973,0
DA:2976,0
BRDA:2976,229,0,-
DA:2977,0
DA:2980,0
BRDA:2980,230,0,-
DA:2981,0
DA:2984,0
BRDA:2984,231,0,-
DA:2985,0
DA:2988,0
BRDA:2988,232,0,-
DA:2989,0
DA:2992,0
BRDA:2992,233,0,-
DA:2993,0
DA:2996,0
BRDA:2996,234,0,-
DA:2997,0
DA:3000,0
BRDA:3000,235,0,-
DA:3001,0
DA:3004,0
BRDA:3004,236,0,-
DA:3005,0
DA:3008,0
BRDA:3008,237,0,-
DA:3009,0
DA:3012,0
BRDA:3012,238,0,-
DA:3013,0
DA:3016,0
BRDA:3016,239,0,-
DA:3017,0
DA:3020,0
BRDA:3020,240,0,-
DA:3021,0
DA:3025,0
BRDA:3025,241,0,-
DA:3026,0
DA:3028,0
BRDA:3028,242,0,-
DA:3029,0
DA:3033,0
FNF:86
FNH:0
LF:1415
LH:0
BRF:337
BRH:0
end_of_record
TN:
SF:src/test/TestContracts/LQTYStakingMock.sol
FN:6,LQTYStakingMock.setAddresses
FNDA:0,LQTYStakingMock.setAddresses
FN:14,LQTYStakingMock.stake
FNDA:0,LQTYStakingMock.stake
FN:16,LQTYStakingMock.unstake
FNDA:0,LQTYStakingMock.unstake
FN:18,LQTYStakingMock.increaseF_ETH
FNDA:0,LQTYStakingMock.increaseF_ETH
FN:20,LQTYStakingMock.increaseF_bold
FNDA:0,LQTYStakingMock.increaseF_bold
FN:22,LQTYStakingMock.getPendingETHGain
FNDA:0,LQTYStakingMock.getPendingETHGain
FN:24,LQTYStakingMock.getPendingBoldGain
FNDA:0,LQTYStakingMock.getPendingBoldGain
FNF:7
FNH:0
LF:0
LH:0
BRF:0
BRH:0
end_of_record
TN:
SF:src/test/TestContracts/LQTYTokenMock.sol
FN:9,LQTYTokenMock.sendToLQTYStaking
FNDA:0,LQTYTokenMock.sendToLQTYStaking
FN:11,LQTYTokenMock.getDeploymentStartTime
FNDA:0,LQTYTokenMock.getDeploymentStartTime
FN:13,LQTYTokenMock.getLpRewardsEntitlement
FNDA:0,LQTYTokenMock.getLpRewardsEntitlement
FNF:3
FNH:0
LF:0
LH:0
BRF:0
BRH:0
end_of_record
TN:
SF:src/test/TestContracts/LiquityMathTester.sol
FN:12,LiquityMathTester.callMax
FNDA:0,LiquityMathTester.callMax
DA:13,0
FN:17,LiquityMathTester.callDecPowTx
FNDA:0,LiquityMathTester.callDecPowTx
DA:18,0
DA:19,0
FN:23,LiquityMathTester.callDecPow
FNDA:0,LiquityMathTester.callDecPow
DA:24,0
FNF:3
FNH:0
LF:4
LH:0
BRF:0
BRH:0
end_of_record
TN:
SF:src/test/TestContracts/MetadataDeployment.sol
FN:23,MetadataDeployment.deployMetadata
FNDA:0,MetadataDeployment.deployMetadata
DA:24,2
DA:25,2
DA:26,2
DA:28,2
DA:30,2
FN:33,MetadataDeployment._loadFiles
FNDA:2,MetadataDeployment._loadFiles
DA:34,2
DA:38,2
DA:42,2
DA:43,2
DA:45,2
DA:47,2
DA:50,2
DA:51,2
DA:53,2
DA:55,2
DA:58,2
DA:59,2
DA:61,2
DA:63,2
DA:66,2
DA:67,2
DA:69,2
DA:71,2
DA:74,2
DA:75,2
DA:77,2
DA:79,2
FN:82,MetadataDeployment._storeFile
FNDA:2,MetadataDeployment._storeFile
DA:83,2
DA:93,2
FN:96,MetadataDeployment._deployFixedAssetReader
FNDA:2,MetadataDeployment._deployFixedAssetReader
DA:97,2
DA:98,2
DA:99,2
DA:100,2
DA:101,2
DA:102,2
DA:104,2
DA:105,2
DA:108,2
DA:111,2
DA:114,2
DA:117,2
DA:121,2
FNF:4
FNH:3
LF:42
LH:42
BRF:0
BRH:0
end_of_record
TN:
SF:src/test/TestContracts/NonPayableSwitch.sol
FN:14,NonPayableSwitch.setColl
FNDA:0,NonPayableSwitch.setColl
DA:15,0
FN:18,NonPayableSwitch.setPayable
FNDA:0,NonPayableSwitch.setPayable
DA:19,0
FN:22,NonPayableSwitch.forward
FNDA:0,NonPayableSwitch.forward
DA:24,0
DA:28,0
BRDA:28,0,0,-
BRDA:28,0,1,-
FN:31,NonPayableSwitch.receiveColl
FNDA:0,NonPayableSwitch.receiveColl
DA:33,0
FNF:4
FNH:0
LF:5
LH:0
BRF:2
BRH:0
end_of_record
TN:
SF:src/test/TestContracts/PriceFeedMock.sol
FN:10,PriceFeedMock.setPrice
FNDA:0,PriceFeedMock.setPrice
DA:11,0
FN:14,PriceFeedMock.getPrice
FNDA:0,PriceFeedMock.getPrice
DA:15,0
FN:18,PriceFeedMock.fetchPrice
FNDA:0,PriceFeedMock.fetchPrice
DA:19,0
FN:22,PriceFeedMock.lastGoodPrice
FNDA:0,PriceFeedMock.lastGoodPrice
DA:23,0
FN:26,PriceFeedMock.getEthUsdStalenessThreshold
FNDA:0,PriceFeedMock.getEthUsdStalenessThreshold
DA:27,0
FN:30,PriceFeedMock.setAddresses
FNDA:0,PriceFeedMock.setAddresses
FNF:6
FNH:0
LF:5
LH:0
BRF:0
BRH:0
end_of_record
TN:
SF:src/test/TestContracts/PriceFeedTestnet.sol
FN:19,PriceFeedTestnet.getPrice
FNDA:12370,PriceFeedTestnet.getPrice
DA:20,12370
FN:23,PriceFeedTestnet.lastGoodPrice
FNDA:0,PriceFeedTestnet.lastGoodPrice
DA:24,0
FN:27,PriceFeedTestnet.fetchPrice
FNDA:12368,PriceFeedTestnet.fetchPrice
DA:30,12368
DA:31,12368
FN:35,PriceFeedTestnet.setPrice
FNDA:10212,PriceFeedTestnet.setPrice
DA:36,10212
DA:37,10212
FN:40,PriceFeedTestnet.setAddresses
FNDA:0,PriceFeedTestnet.setAddresses
FNF:5
FNH:3
LF:6
LH:5
BRF:0
BRH:0
end_of_record
TN:
SF:src/test/TestContracts/SPInvariantsTestHandler.t.sol
FN:69,SPInvariantsTestHandler.
FNDA:2,SPInvariantsTestHandler.
DA:70,2
DA:71,2
DA:72,2
DA:73,2
DA:74,2
DA:75,2
DA:76,2
DA:77,2
DA:79,2
FN:82,SPInvariantsTestHandler._getTroveId
FNDA:25486,SPInvariantsTestHandler._getTroveId
DA:83,25486
FN:86,SPInvariantsTestHandler.openTrove
FNDA:13328,SPInvariantsTestHandler.openTrove
DA:87,13328
DA:88,13328
DA:93,7262
DA:94,7262
DA:95,7262
DA:96,7262
DA:97,7262
DA:99,7262
DA:100,7262
DA:102,7262
DA:103,7262
DA:104,7262
DA:105,7262
DA:106,7262
DA:119,7262
DA:120,7262
DA:123,7262
DA:124,7262
DA:125,7262
DA:126,7262
DA:129,7262
DA:130,7262
FN:133,SPInvariantsTestHandler.provideToSp
FNDA:13276,SPInvariantsTestHandler.provideToSp
DA:134,13276
DA:136,12694
DA:137,12694
DA:138,12694
DA:141,12694
BRDA:141,0,0,6304
DA:142,6304
DA:143,6304
DA:146,12694
DA:148,12694
DA:150,12694
DA:151,12694
DA:153,12694
DA:155,12694
DA:156,12694
DA:158,12694
DA:159,12694
DA:162,12694
DA:163,12694
DA:164,12694
DA:165,12694
DA:167,12694
DA:168,12694
DA:169,12694
DA:171,12694
DA:172,12694
FN:175,SPInvariantsTestHandler.liquidateMe
FNDA:13553,SPInvariantsTestHandler.liquidateMe
DA:176,13553
DA:177,12158
DA:178,12158
DA:180,6204
DA:181,6204
DA:183,5106
DA:185,5106
DA:187,5106
DA:188,5106
DA:189,5106
DA:191,5106
DA:192,5106
DA:194,5106
DA:197,5106
DA:204,5106
DA:206,5106
DA:207,5106
DA:208,5106
DA:210,5106
DA:211,5106
DA:214,5106
DA:216,5106
DA:217,5106
DA:219,5106
DA:220,5106
DA:222,5106
DA:223,5106
FNF:5
FNH:5
LF:84
LH:84
BRF:1
BRH:1
end_of_record
TN:
SF:src/test/TestContracts/SortedTrovesTester.sol
FN:12,SortedTrovesTester.setSortedTroves
FNDA:0,SortedTrovesTester.setSortedTroves
DA:13,0
FN:16,SortedTrovesTester.insert
FNDA:0,SortedTrovesTester.insert
DA:17,0
FN:20,SortedTrovesTester.remove
FNDA:0,SortedTrovesTester.remove
DA:21,0
FN:24,SortedTrovesTester.reInsert
FNDA:0,SortedTrovesTester.reInsert
DA:25,0
FN:29,SortedTrovesTester.getTroveAnnualInterestRate
FNDA:0,SortedTrovesTester.getTroveAnnualInterestRate
DA:30,0
FNF:5
FNH:0
LF:5
LH:0
BRF:0
BRH:0
end_of_record
TN:
SF:src/test/TestContracts/TroveManagerTester.t.sol
FN:14,TroveManagerTester.
FNDA:2,TroveManagerTester.
FN:17,TroveManagerTester.liquidate
FNDA:5106,TroveManagerTester.liquidate
DA:18,5106
DA:19,5106
DA:20,5106
FN:23,TroveManagerTester.get_CCR
FNDA:0,TroveManagerTester.get_CCR
DA:24,0
FN:27,TroveManagerTester.get_MCR
FNDA:0,TroveManagerTester.get_MCR
DA:28,0
FN:31,TroveManagerTester.get_SCR
FNDA:0,TroveManagerTester.get_SCR
DA:32,0
FN:35,TroveManagerTester.get_LIQUIDATION_PENALTY_SP
FNDA:5106,TroveManagerTester.get_LIQUIDATION_PENALTY_SP
DA:36,5106
FN:39,TroveManagerTester.get_LIQUIDATION_PENALTY_REDISTRIBUTION
FNDA:0,TroveManagerTester.get_LIQUIDATION_PENALTY_REDISTRIBUTION
DA:40,0
FN:43,TroveManagerTester.getBoldToken
FNDA:0,TroveManagerTester.getBoldToken
DA:44,0
FN:47,TroveManagerTester.getBorrowerOperations
FNDA:0,TroveManagerTester.getBorrowerOperations
DA:48,0
FN:51,TroveManagerTester.get_L_coll
FNDA:0,TroveManagerTester.get_L_coll
DA:52,0
FN:55,TroveManagerTester.get_L_boldDebt
FNDA:0,TroveManagerTester.get_L_boldDebt
DA:56,0
FN:59,TroveManagerTester.getTotalStakes
FNDA:0,TroveManagerTester.getTotalStakes
DA:60,0
FN:63,TroveManagerTester.getTotalStakesSnapshot
FNDA:0,TroveManagerTester.getTotalStakesSnapshot
DA:64,0
FN:67,TroveManagerTester.getTotalCollateralSnapshot
FNDA:0,TroveManagerTester.getTotalCollateralSnapshot
DA:68,0
FN:71,TroveManagerTester.getTroveId
FNDA:0,TroveManagerTester.getTroveId
DA:72,0
FN:75,TroveManagerTester.getTCR
FNDA:0,TroveManagerTester.getTCR
DA:76,0
FN:79,TroveManagerTester.checkBelowCriticalThreshold
FNDA:0,TroveManagerTester.checkBelowCriticalThreshold
DA:80,0
FN:83,TroveManagerTester.computeICR
FNDA:0,TroveManagerTester.computeICR
DA:84,0
FN:87,TroveManagerTester.getCollGasCompensation
FNDA:5106,TroveManagerTester.getCollGasCompensation
DA:88,5106
FN:91,TroveManagerTester.getETHGasCompensation
FNDA:0,TroveManagerTester.getETHGasCompensation
DA:92,0
FN:121,TroveManagerTester.predictOpenTroveUpfrontFee
FNDA:0,TroveManagerTester.predictOpenTroveUpfrontFee
DA:122,0
DA:123,0
DA:124,0
DA:126,0
DA:127,0
FN:130,TroveManagerTester._calcUpfrontFee
FNDA:0,TroveManagerTester._calcUpfrontFee
DA:131,0
FN:134,TroveManagerTester.getEffectiveRedemptionFeeInColl
FNDA:0,TroveManagerTester.getEffectiveRedemptionFeeInColl
DA:135,0
FN:138,TroveManagerTester.callInternalRemoveTroveId
FNDA:0,TroveManagerTester.callInternalRemoveTroveId
DA:139,0
DA:140,0
FN:143,TroveManagerTester.ownerOf
FNDA:0,TroveManagerTester.ownerOf
DA:144,0
FN:147,TroveManagerTester.balanceOf
FNDA:25486,TroveManagerTester.balanceOf
DA:148,25486
FN:153,TroveManagerTester.checkTroveIsOpen
FNDA:0,TroveManagerTester.checkTroveIsOpen
DA:154,0
DA:155,0
FN:158,TroveManagerTester.checkTroveIsActive
FNDA:0,TroveManagerTester.checkTroveIsActive
DA:159,0
DA:160,0
FN:163,TroveManagerTester.checkTroveIsUnredeemable
FNDA:0,TroveManagerTester.checkTroveIsUnredeemable
DA:164,0
DA:165,0
FN:168,TroveManagerTester.hasRedistributionGains
FNDA:0,TroveManagerTester.hasRedistributionGains
DA:174,0
DA:176,0
FN:180,TroveManagerTester.getPendingCollReward
FNDA:0,TroveManagerTester.getPendingCollReward
DA:181,0
DA:182,0
DA:183,0
FN:187,TroveManagerTester.getPendingBoldDebtReward
FNDA:0,TroveManagerTester.getPendingBoldDebtReward
DA:188,0
DA:189,0
DA:190,0
FN:193,TroveManagerTester.getEntireDebtAndColl
FNDA:13466,TroveManagerTester.getEntireDebtAndColl
DA:204,13466
DA:205,13466
DA:207,13466
FN:211,TroveManagerTester.getTroveEntireDebt
FNDA:0,TroveManagerTester.getTroveEntireDebt
DA:212,0
DA:213,0
DA:214,0
FN:217,TroveManagerTester.getTroveEntireColl
FNDA:0,TroveManagerTester.getTroveEntireColl
DA:218,0
DA:219,0
DA:220,0
FN:229,TroveManagerTester.getTroveStake
FNDA:0,TroveManagerTester.getTroveStake
DA:230,0
FN:233,TroveManagerTester.getTroveDebt
FNDA:0,TroveManagerTester.getTroveDebt
DA:234,0
DA:235,0
DA:236,0
BRDA:236,1,0,-
DA:237,0
DA:238,0
DA:239,0
DA:241,0
FN:244,TroveManagerTester.getTroveWeightedRecordedDebt
FNDA:0,TroveManagerTester.getTroveWeightedRecordedDebt
DA:245,0
DA:246,0
DA:247,0
BRDA:247,3,0,-
DA:248,0
DA:249,0
DA:250,0
DA:252,0
FN:255,TroveManagerTester.getTroveColl
FNDA:0,TroveManagerTester.getTroveColl
DA:256,0
DA:257,0
FN:260,TroveManagerTester.getTroveLastDebtUpdateTime
FNDA:0,TroveManagerTester.getTroveLastDebtUpdateTime
DA:261,0
DA:262,0
DA:263,0
BRDA:263,5,0,-
DA:264,0
DA:266,0
FN:269,TroveManagerTester.troveIsStale
FNDA:0,TroveManagerTester.troveIsStale
DA:270,0
DA:271,0
DA:272,0
BRDA:272,6,0,-
DA:273,0
DA:275,0
FN:280,TroveManagerTester.calcTroveAccruedInterest
FNDA:0,TroveManagerTester.calcTroveAccruedInterest
DA:281,0
DA:284,0
DA:285,0
BRDA:285,7,0,-
DA:286,0
DA:287,0
DA:290,0
DA:292,0
DA:294,0
DA:296,0
FN:299,TroveManagerTester.calcBatchAccruedInterest
FNDA:0,TroveManagerTester.calcBatchAccruedInterest
DA:300,0
DA:301,0
DA:303,0
DA:305,0
DA:307,0
FN:310,TroveManagerTester.calcTroveAccruedBatchManagementFee
FNDA:0,TroveManagerTester.calcTroveAccruedBatchManagementFee
DA:311,0
DA:314,0
DA:315,0
DA:318,0
DA:319,0
DA:320,0
DA:321,0
FN:324,TroveManagerTester.calcBatchAccruedManagementFee
FNDA:0,TroveManagerTester.calcBatchAccruedManagementFee
DA:325,0
DA:327,0
FN:330,TroveManagerTester.getBatchAnnualInterestRate
FNDA:0,TroveManagerTester.getBatchAnnualInterestRate
DA:331,0
FN:334,TroveManagerTester.getBatchLastDebtUpdateTime
FNDA:0,TroveManagerTester.getBatchLastDebtUpdateTime
DA:335,0
FN:338,TroveManagerTester.getBatch
FNDA:0,TroveManagerTester.getBatch
DA:352,0
DA:354,0
FNF:48
FNH:6
LF:109
LH:9
BRF:5
BRH:0
end_of_record
TN:
SF:src/test/TestContracts/WETH.sol
FN:42,WETH9.deposit
FNDA:0,WETH9.deposit
DA:43,0
DA:44,0
FN:47,WETH9.withdraw
FNDA:0,WETH9.withdraw
DA:48,0
BRDA:48,0,0,-
BRDA:48,0,1,-
DA:49,0
DA:50,0
DA:51,0
FN:54,WETH9.totalSupply
FNDA:0,WETH9.totalSupply
DA:55,0
FN:58,WETH9.approve
FNDA:0,WETH9.approve
DA:59,0
DA:60,0
DA:61,0
FN:64,WETH9.transfer
FNDA:0,WETH9.transfer
DA:65,0
FN:68,WETH9.transferFrom
FNDA:0,WETH9.transferFrom
DA:69,0
BRDA:69,1,0,-
BRDA:69,1,1,-
DA:71,0
BRDA:71,2,0,-
DA:72,0
BRDA:72,3,0,-
BRDA:72,3,1,-
DA:73,0
DA:76,0
DA:77,0
DA:79,0
DA:81,0
FNF:6
FNH:0
LF:19
LH:0
BRF:7
BRH:0
end_of_record
TN:
SF:src/test/TestContracts/WETHTester.sol
FN:12,WETHTester.
FNDA:2,WETHTester.
FN:20,WETHTester.deposit
FNDA:0,WETHTester.deposit
DA:21,0
DA:22,0
FN:25,WETHTester.withdraw
FNDA:0,WETHTester.withdraw
DA:26,0
BRDA:26,0,0,-
BRDA:26,0,1,-
DA:27,0
DA:28,0
DA:29,0
FNF:3
FNH:1
LF:6
LH:0
BRF:2
BRH:0
end_of_record
TN:
SF:src/test/Utils/BatchIdSet.sol
FN:14,BatchIdSetMethods.add
FNDA:0,BatchIdSetMethods.add
DA:15,0
BRDA:15,0,0,-
DA:16,0
DA:17,0
FN:21,BatchIdSetMethods.clear
FNDA:0,BatchIdSetMethods.clear
DA:22,0
DA:23,0
DA:25,0
FN:28,BatchIdSetMethods.has
FNDA:0,BatchIdSetMethods.has
DA:29,0
FNF:3
FNH:0
LF:7
LH:0
BRF:1
BRH:0
end_of_record
TN:
SF:src/test/Utils/EnumerableSet.sol
FN:17,EnumerableSetMethods.has
FNDA:0,EnumerableSetMethods.has
DA:18,0
FN:21,EnumerableSetMethods.get
FNDA:0,EnumerableSetMethods.get
DA:22,0
FN:25,EnumerableSetMethods.size
FNDA:0,EnumerableSetMethods.size
DA:26,0
FN:29,EnumerableSetMethods.add
FNDA:0,EnumerableSetMethods.add
DA:30,0
DA:31,0
BRDA:31,1,0,-
DA:33,0
DA:34,0
FN:37,EnumerableSetMethods.add
FNDA:0,EnumerableSetMethods.add
DA:38,0
DA:39,0
FN:43,EnumerableSetMethods.add
FNDA:0,EnumerableSetMethods.add
DA:44,0
DA:45,0
FN:49,EnumerableSetMethods.remove
FNDA:0,EnumerableSetMethods.remove
DA:50,0
DA:52,0
DA:53,0
DA:55,0
DA:56,0
DA:58,0
DA:59,0
FN:62,EnumerableSetMethods.remove
FNDA:0,EnumerableSetMethods.remove
DA:63,0
DA:64,0
FN:68,EnumerableSetMethods.remove
FNDA:0,EnumerableSetMethods.remove
DA:69,0
DA:70,0
FN:74,EnumerableSetMethods.reset
FNDA:0,EnumerableSetMethods.reset
DA:75,0
DA:76,0
DA:78,0
FN:83,EnumerableAddressSetMethods.has
FNDA:0,EnumerableAddressSetMethods.has
DA:84,0
FN:87,EnumerableAddressSetMethods.get
FNDA:0,EnumerableAddressSetMethods.get
DA:88,0
FN:91,EnumerableAddressSetMethods.size
FNDA:0,EnumerableAddressSetMethods.size
DA:92,0
FN:95,EnumerableAddressSetMethods.add
FNDA:0,EnumerableAddressSetMethods.add
DA:96,0
FN:99,EnumerableAddressSetMethods.add
FNDA:0,EnumerableAddressSetMethods.add
DA:100,0
DA:101,0
FN:105,EnumerableAddressSetMethods.add
FNDA:0,EnumerableAddressSetMethods.add
DA:106,0
FN:109,EnumerableAddressSetMethods.remove
FNDA:0,EnumerableAddressSetMethods.remove
DA:110,0
FN:113,EnumerableAddressSetMethods.remove
FNDA:0,EnumerableAddressSetMethods.remove
DA:114,0
DA:115,0
FN:119,EnumerableAddressSetMethods.remove
FNDA:0,EnumerableAddressSetMethods.remove
DA:120,0
FN:123,EnumerableAddressSetMethods.reset
FNDA:0,EnumerableAddressSetMethods.reset
DA:124,0
FNF:20
FNH:0
LF:37
LH:0
BRF:1
BRH:0
end_of_record
TN:
SF:src/test/Utils/Logging.sol
FN:7,Logging._log
FNDA:42862,Logging._log
DA:8,42862
FN:11,Logging._log
FNDA:0,Logging._log
DA:12,0
FN:15,Logging._log
FNDA:6304,Logging._log
DA:16,6304
FN:19,Logging._log
FNDA:53074,Logging._log
DA:20,53074
FN:23,Logging._log
FNDA:0,Logging._log
DA:24,0
FN:27,Logging._log
FNDA:27218,Logging._log
DA:28,27218
FN:31,Logging._log
FNDA:0,Logging._log
DA:35,0
FN:38,Logging._log
FNDA:0,Logging._log
DA:47,0
FN:50,Logging._log
FNDA:0,Logging._log
DA:60,0
FN:63,Logging._log
FNDA:0,Logging._log
DA:74,0
FN:77,Logging._log
FNDA:0,Logging._log
DA:89,0
FN:92,Logging._log
FNDA:0,Logging._log
DA:105,0
FN:108,Logging.info
FNDA:6304,Logging.info
DA:109,6304
FN:112,Logging.info
FNDA:22906,Logging.info
DA:113,22906
FN:116,Logging.info
FNDA:0,Logging.info
DA:117,0
FN:120,Logging.info
FNDA:7262,Logging.info
DA:121,7262
FN:124,Logging.info
FNDA:0,Logging.info
DA:125,0
FN:128,Logging.info
FNDA:0,Logging.info
DA:132,0
FN:135,Logging._csv
FNDA:12694,Logging._csv
DA:136,12694
FN:139,Logging._csv
FNDA:0,Logging._csv
DA:140,0
FN:143,Logging._csv
FNDA:0,Logging._csv
DA:144,0
FN:147,Logging._csv
FNDA:0,Logging._csv
DA:148,0
FN:151,Logging._csv
FNDA:0,Logging._csv
DA:152,0
FN:155,Logging._csv
FNDA:0,Logging._csv
DA:156,0
FN:161,Logging._csv
FNDA:0,Logging._csv
DA:162,0
FN:181,Logging._csv
FNDA:0,Logging._csv
DA:182,0
FNF:26
FNH:8
LF:26
LH:8
BRF:0
BRH:0
end_of_record
TN:
SF:src/test/Utils/StringFormatting.sol
FN:20,StringFormatting.equals
FNDA:0,StringFormatting.equals
DA:21,0
FN:24,StringFormatting.toString
FNDA:171856,StringFormatting.toString
DA:25,171856
FN:28,StringFormatting.toString
FNDA:0,StringFormatting.toString
DA:29,0
FN:32,StringFormatting.decimal
FNDA:0,StringFormatting.decimal
DA:33,0
BRDA:33,0,0,-
BRDA:33,0,1,-
DA:34,0
DA:35,0
BRDA:35,1,0,-
BRDA:35,1,1,-
DA:36,0
DA:37,0
BRDA:37,2,0,-
BRDA:37,2,1,-
DA:38,0
DA:40,0
FN:44,StringFormatting.decimal
FNDA:57386,StringFormatting.decimal
DA:45,57386
BRDA:45,3,0,-
DA:46,0
DA:49,57386
DA:50,57386
DA:52,57386
BRDA:52,4,0,151
BRDA:52,4,1,57235
DA:53,151
DA:55,57235
FN:64,StringFormatting.groupRight
FNDA:57386,StringFormatting.groupRight
DA:65,57386
FN:68,StringFormatting.groupRight
FNDA:57386,StringFormatting.groupRight
DA:69,57386
FN:72,StringFormatting.groupRight
FNDA:57386,StringFormatting.groupRight
DA:73,57386
DA:74,57386
DA:76,57386
DA:77,57386
DA:79,57386
DA:80,57386
DA:81,287514
BRDA:81,6,0,41031
BRDA:81,6,1,246483
DA:82,41031
DA:84,246483
FN:89,StringFormatting.slice
FNDA:57235,StringFormatting.slice
DA:90,57235
FN:93,StringFormatting.slice
FNDA:0,StringFormatting.slice
DA:94,0
FN:97,StringFormatting.slice
FNDA:57235,StringFormatting.slice
DA:98,57235
FN:102,StringFormatting.slice
FNDA:114470,StringFormatting.slice
DA:103,114470
DA:104,114470
DA:105,114470
BRDA:105,7,0,-
BRDA:105,7,1,114470
DA:107,114470
DA:109,114470
DA:110,2054277
FN:114,StringFormatting.trimEnd
FNDA:57235,StringFormatting.trimEnd
DA:115,57235
FN:118,StringFormatting.trimEnd
FNDA:57235,StringFormatting.trimEnd
DA:119,57235
DA:120,57235
DA:121,57235
FN:124,StringFormatting.join
FNDA:0,StringFormatting.join
DA:125,0
DA:127,0
DA:128,0
DA:129,0
FNF:15
FNH:10
LF:45
LH:30
BRF:13
BRH:5
end_of_record
TN:
SF:src/test/Utils/Trove.sol
FN:30,TroveMethods.accrueInterest
FNDA:0,TroveMethods.accrueInterest
DA:31,0
FN:34,TroveMethods.accrueBatchManagementFee
FNDA:0,TroveMethods.accrueBatchManagementFee
DA:38,0
FN:41,TroveMethods.redist
FNDA:0,TroveMethods.redist
DA:42,0
DA:43,0
FN:46,TroveMethods.applyPendingRedist
FNDA:0,TroveMethods.applyPendingRedist
DA:47,0
DA:48,0
DA:50,0
DA:51,0
FN:54,TroveMethods.applyPendingInterest
FNDA:0,TroveMethods.applyPendingInterest
DA:55,0
DA:56,0
FN:59,TroveMethods.applyPendingBatchManagementFee
FNDA:0,TroveMethods.applyPendingBatchManagementFee
DA:60,0
DA:61,0
FN:64,TroveMethods.applyPending
FNDA:0,TroveMethods.applyPending
DA:65,0
DA:66,0
DA:67,0
FNF:7
FNH:0
LF:15
LH:0
BRF:0
BRH:0
end_of_record
TN:
SF:src/test/Utils/UniPriceConverter.sol
FN:16,UniPriceConverter.priceToSqrtPrice
FNDA:0,UniPriceConverter.priceToSqrtPrice
DA:17,0
DA:18,0
DA:19,0
DA:21,0
DA:22,0
DA:23,0
DA:24,0
DA:26,0
DA:27,0
DA:28,0
DA:29,0
DA:31,0
FN:34,UniPriceConverter.sqrtPriceToPrice
FNDA:0,UniPriceConverter.sqrtPriceToPrice
DA:35,0
DA:37,0
DA:38,0
DA:39,0
DA:40,0
FNF:2
FNH:0
LF:17
LH:0
BRF:0
BRH:0
end_of_record
