TN:
SF:src/ActivePool.sol
FN:77,ActivePool.
FN:103,ActivePool.getCollBalance
FN:107,ActivePool.calcPendingAggInterest
FN:118,ActivePool.calcPendingSPYield
FN:122,ActivePool.calcPendingAggBatchManagementFee
FN:129,ActivePool.getNewApproxAvgInterestRateFromTroveChange
FN:159,ActivePool.getBoldDebt
FN:165,ActivePool.sendColl
FN:173,ActivePool.sendCollToDefaultPool
FN:181,ActivePool._accountForSendColl
FN:188,ActivePool.receiveColl
FN:197,ActivePool.accountForReceivedColl
FN:203,ActivePool._accountForReceivedColl
FN:219,ActivePool.mintAggInterestAndAccountForTroveChange
FN:247,ActivePool.mintAggInterest
FN:252,ActivePool._mintAggInterest
FN:269,ActivePool.mintBatchManagementFeeAndAccountForChange
FN:277,ActivePool._mintBatchManagementFeeAndAccountForChange
FN:306,ActivePool.setShutdownFlag
FN:311,ActivePool.hasBeenShutDown
FN:317,ActivePool._requireCallerIsBorrowerOperationsOrDefaultPool
FN:324,ActivePool._requireCallerIsBOorTroveMorSP
FN:332,ActivePool._requireCallerIsBOorSP
FN:339,ActivePool._requireCallerIsBOorTroveM
FN:346,ActivePool._requireCallerIsTroveManager
FNDA:39485,ActivePool._accountForReceivedColl
FNDA:127590,ActivePool._requireCallerIsBOorSP
FNDA:38785,ActivePool.accountForReceivedColl
FNDA:1182025,ActivePool.getBoldDebt
FNDA:53369,ActivePool._mintBatchManagementFeeAndAccountForChange
FNDA:21076,ActivePool.calcPendingSPYield
FNDA:146642,ActivePool.mintAggInterestAndAccountForTroveChange
FNDA:700,ActivePool.receiveColl
FNDA:907,ActivePool.sendCollToDefaultPool
FNDA:0,ActivePool.hasBeenShutDown
FNDA:77673,ActivePool._requireCallerIsBOorTroveMorSP
FNDA:3337,ActivePool._requireCallerIsTroveManager
FNDA:157967,ActivePool._requireCallerIsBOorTroveM
FNDA:39485,ActivePool._requireCallerIsBorrowerOperationsOrDefaultPool
FNDA:283783,ActivePool.getNewApproxAvgInterestRateFromTroveChange
FNDA:836450,ActivePool.getCollBalance
FNDA:2430,ActivePool.setShutdownFlag
FNDA:0,ActivePool.calcPendingAggBatchManagementFee
FNDA:11325,ActivePool.mintBatchManagementFeeAndAccountForChange
FNDA:1233599,ActivePool.calcPendingAggInterest
FNDA:77673,ActivePool.sendColl
FNDA:127590,ActivePool.mintAggInterest
FNDA:47,ActivePool.
FNDA:78580,ActivePool._accountForSendColl
FNDA:274232,ActivePool._mintAggInterest
FNF:25
FNH:23
BRDA:137,1,0,-
BRDA:137,1,1,283783
BRDA:225,3,0,42044
BRDA:256,4,0,81730
BRDA:297,5,0,7291
BRDA:318,6,0,-
BRDA:318,6,1,39485
BRDA:325,7,0,-
BRDA:325,7,1,77673
BRDA:333,8,0,-
BRDA:333,8,1,127590
BRDA:340,9,0,-
BRDA:340,9,1,157967
BRDA:347,10,0,-
BRDA:347,10,1,3337
BRF:15
BRH:9
DA:78,47
DA:79,47
DA:80,47
DA:81,47
DA:82,47
DA:83,47
DA:84,47
DA:86,47
DA:87,47
DA:88,47
DA:89,47
DA:90,47
DA:93,47
DA:104,836450
DA:108,2985595
DA:115,2869927
DA:119,21076
DA:123,1235394
DA:124,1235394
DA:126,1235394
DA:137,283783
DA:139,283783
DA:141,274663
DA:142,274663
DA:143,274663
DA:144,274663
DA:145,274663
DA:146,274663
DA:148,274663
DA:149,274663
DA:150,274663
DA:155,274663
DA:160,1182025
DA:166,77673
DA:168,77673
DA:170,77673
DA:174,907
DA:176,907
DA:178,907
DA:182,78580
DA:183,78580
DA:184,78580
DA:185,78580
DA:189,700
DA:191,700
DA:194,700
DA:198,38785
DA:200,38785
DA:204,39485
DA:205,39485
DA:207,39485
DA:222,146642
DA:225,146642
DA:226,42044
DA:230,146642
DA:231,146642
DA:232,146642
DA:233,146642
DA:234,146642
DA:235,146642
DA:241,146642
DA:242,146642
DA:243,146642
DA:244,146642
DA:248,127590
DA:249,127590
DA:253,274232
DA:256,274232
DA:257,81730
DA:258,81730
DA:260,81730
DA:261,81730
DA:263,81730
DA:266,274232
DA:273,11325
DA:274,11325
DA:282,53369
DA:285,53369
DA:286,53369
DA:287,53369
DA:288,53369
DA:291,53369
DA:292,53369
DA:293,53369
DA:294,53369
DA:297,53369
DA:298,7291
DA:301,53369
DA:307,2430
DA:308,2430
DA:312,0
DA:318,39485
DA:325,77673
DA:333,127590
DA:340,157967
DA:347,3337
LF:96
LH:95
end_of_record
TN:
SF:src/AddressesRegistry.sol
FN:68,AddressesRegistry.
FN:90,AddressesRegistry.setAddresses
FNDA:47,AddressesRegistry.
FNDA:47,AddressesRegistry.setAddresses
FNF:2
FNH:2
BRDA:76,0,0,-
BRDA:77,1,0,-
BRDA:78,2,0,-
BRDA:79,3,0,-
BRDA:80,4,0,-
BRDA:81,5,0,-
BRF:6
BRH:0
DA:76,47
DA:77,47
DA:78,47
DA:79,47
DA:80,47
DA:81,47
DA:83,47
DA:84,47
DA:85,47
DA:86,47
DA:87,47
DA:91,47
DA:92,47
DA:93,47
DA:94,47
DA:95,47
DA:96,47
DA:97,47
DA:98,47
DA:99,47
DA:100,47
DA:101,47
DA:102,47
DA:103,47
DA:104,47
DA:105,47
DA:106,47
DA:107,47
DA:108,47
DA:110,47
DA:111,47
DA:112,47
DA:113,47
DA:114,47
DA:115,47
DA:116,47
DA:117,47
DA:118,47
DA:119,47
DA:120,47
DA:121,47
DA:122,47
DA:123,47
DA:124,47
DA:125,47
DA:126,47
DA:127,47
DA:129,47
LF:48
LH:48
end_of_record
TN:
SF:src/BoldToken.sol
FN:39,BoldToken.
FN:41,BoldToken.setBranchAddresses
FN:60,BoldToken.setCollateralRegistry
FN:69,BoldToken.mint
FN:74,BoldToken.burn
FN:79,BoldToken.sendToPool
FN:84,BoldToken.returnFromPool
FN:91,BoldToken.transfer
FN:96,BoldToken.transferFrom
FN:107,BoldToken._requireValidRecipient
FN:114,BoldToken._requireCallerIsBOorAP
FN:121,BoldToken._requireCallerIsCRorBOorTMorSP
FN:129,BoldToken._requireCallerIsStabilityPool
FNDA:52077,BoldToken._requireCallerIsCRorBOorTMorSP
FNDA:73824,BoldToken._requireCallerIsStabilityPool
FNDA:507634,BoldToken._requireValidRecipient
FNDA:0,BoldToken.transferFrom
FNDA:58584,BoldToken.sendToPool
FNDA:20,BoldToken.
FNDA:15240,BoldToken.returnFromPool
FNDA:208718,BoldToken.mint
FNDA:47,BoldToken.setBranchAddresses
FNDA:52077,BoldToken.burn
FNDA:507634,BoldToken.transfer
FNDA:20,BoldToken.setCollateralRegistry
FNDA:208718,BoldToken._requireCallerIsBOorAP
FNF:13
FNH:12
BRDA:108,0,0,-
BRDA:108,0,1,507634
BRDA:115,1,0,-
BRDA:115,1,1,208718
BRDA:122,2,0,-
BRDA:122,2,1,52077
BRDA:130,3,0,-
BRDA:130,3,1,73824
BRF:8
BRH:4
DA:47,47
DA:48,47
DA:50,47
DA:51,47
DA:53,47
DA:54,47
DA:56,47
DA:57,47
DA:61,20
DA:62,20
DA:64,20
DA:70,208718
DA:71,208718
DA:75,52077
DA:76,52077
DA:80,58584
DA:81,58584
DA:85,15240
DA:86,15240
DA:92,507634
DA:93,507634
DA:101,0
DA:102,0
DA:108,507634
DA:115,208718
DA:122,52077
DA:130,73824
LF:27
LH:25
end_of_record
TN:
SF:src/BorrowerOperations.sol
FN:165,BorrowerOperations.
FN:195,BorrowerOperations.openTrove
FN:236,BorrowerOperations.openTroveAndJoinInterestBatchManager
FN:291,BorrowerOperations._openTrove
FN:377,BorrowerOperations.addColl
FN:393,BorrowerOperations.withdrawColl
FN:409,BorrowerOperations.withdrawBold
FN:419,BorrowerOperations.repayBold
FN:434,BorrowerOperations._initTroveChange
FN:454,BorrowerOperations.adjustTrove
FN:470,BorrowerOperations.adjustUnredeemableTrove
FN:505,BorrowerOperations.adjustTroveInterestRate
FN:556,BorrowerOperations._adjustTrove
FN:678,BorrowerOperations.closeTrove
FN:747,BorrowerOperations.applyPendingDebt
FN:796,BorrowerOperations.getInterestIndividualDelegateOf
FN:804,BorrowerOperations.setInterestIndividualDelegate
FN:825,BorrowerOperations.removeInterestIndividualDelegate
FN:830,BorrowerOperations.getInterestBatchManager
FN:834,BorrowerOperations.registerBatchManager
FN:859,BorrowerOperations.lowerBatchManagementFee
FN:890,BorrowerOperations.setBatchManagerAnnualInterestRate
FN:952,BorrowerOperations.setInterestBatchManager
FN:1023,BorrowerOperations.removeFromBatch
FN:1093,BorrowerOperations.switchBatchManager
FN:1111,BorrowerOperations._applyUpfrontFee
FN:1137,BorrowerOperations._calcUpfrontFee
FN:1142,BorrowerOperations.onLiquidateTrove
FN:1148,BorrowerOperations._wipeTroveMappings
FN:1158,BorrowerOperations.claimCollateral
FN:1163,BorrowerOperations.shutdown
FN:1179,BorrowerOperations.shutdownFromOracleFailure
FN:1191,BorrowerOperations._applyShutdown
FN:1199,BorrowerOperations._reInsertIntoSortedTroves
FN:1219,BorrowerOperations._moveTokensFromAdjustment
FN:1240,BorrowerOperations._pullCollAndSendToActivePool
FN:1247,BorrowerOperations.checkBatchManagerExists
FN:1253,BorrowerOperations._requireIsNotShutDown
FN:1259,BorrowerOperations._requireIsShutDown
FN:1265,BorrowerOperations._requireNonZeroAdjustment
FN:1274,BorrowerOperations._requireSenderIsOwnerOrInterestManager
FN:1280,BorrowerOperations._requireIsNotInBatch
FN:1286,BorrowerOperations._requireIsInBatch
FN:1295,BorrowerOperations._requireInterestRateInDelegateRange
FN:1304,BorrowerOperations._requireInterestRateInBatchManagerRange
FN:1314,BorrowerOperations._requireInterestRateInRange
FN:1324,BorrowerOperations._requireInterestRateChangePeriodPassed
FN:1334,BorrowerOperations._requireTroveIsOpen
FN:1341,BorrowerOperations._requireTroveIsActive
FN:1348,BorrowerOperations._requireTroveIsUnredeemable
FN:1354,BorrowerOperations._checkTroveIsUnredeemable
FN:1359,BorrowerOperations._requireTroveIsNotOpen
FN:1366,BorrowerOperations._requireUserAcceptsUpfrontFee
FN:1372,BorrowerOperations._requireNotBelowCriticalThreshold
FN:1378,BorrowerOperations._requireNoBorrowing
FN:1384,BorrowerOperations._requireValidAdjustmentInCurrentMode
FN:1413,BorrowerOperations._requireICRisAboveMCR
FN:1419,BorrowerOperations._requireDebtRepaymentGeCollWithdrawal
FN:1425,BorrowerOperations._requireNewTCRisAboveCCR
FN:1431,BorrowerOperations._requireAtLeastMinDebt
FN:1437,BorrowerOperations._requireValidCollWithdrawal
FN:1443,BorrowerOperations._requireSufficientBoldBalance
FN:1452,BorrowerOperations._requireValidAnnualInterestRate
FN:1461,BorrowerOperations._requireAnnualInterestRateIsNew
FN:1470,BorrowerOperations._requireValidInterestBatchManager
FN:1476,BorrowerOperations._requireNonExistentInterestBatchManager
FN:1482,BorrowerOperations._requireNewInterestBatchManager
FN:1491,BorrowerOperations._requireCallerIsTroveManager
FN:1497,BorrowerOperations._requireCallerIsPriceFeed
FN:1503,BorrowerOperations._requireOraclesLive
FN:1514,BorrowerOperations._getNewTCRFromTroveChange
FNDA:65593,BorrowerOperations.registerBatchManager
FNDA:0,BorrowerOperations.checkBatchManagerExists
FNDA:50432,BorrowerOperations._requireNewTCRisAboveCCR
FNDA:82018,BorrowerOperations._calcUpfrontFee
FNDA:10957,BorrowerOperations._requireInterestRateInBatchManagerRange
FNDA:106504,BorrowerOperations._requireOraclesLive
FNDA:8484,BorrowerOperations._wipeTroveMappings
FNDA:67141,BorrowerOperations.removeFromBatch
FNDA:96386,BorrowerOperations._requireNotBelowCriticalThreshold
FNDA:0,BorrowerOperations.setInterestIndividualDelegate
FNDA:196968,BorrowerOperations._requireValidInterestBatchManager
FNDA:84338,BorrowerOperations._requireTroveIsNotOpen
FNDA:0,BorrowerOperations._requireNewInterestBatchManager
FNDA:0,BorrowerOperations.getInterestIndividualDelegateOf
FNDA:143,BorrowerOperations._reInsertIntoSortedTroves
FNDA:50529,BorrowerOperations._getNewTCRFromTroveChange
FNDA:162419,BorrowerOperations._requireTroveIsActive
FNDA:6441,BorrowerOperations._requireCallerIsTroveManager
FNDA:51169,BorrowerOperations._requireICRisAboveMCR
FNDA:47,BorrowerOperations.
FNDA:6524,BorrowerOperations.withdrawColl
FNDA:0,BorrowerOperations.shutdownFromOracleFailure
FNDA:64929,BorrowerOperations.lowerBatchManagementFee
FNDA:81944,BorrowerOperations._requireAtLeastMinDebt
FNDA:6441,BorrowerOperations.onLiquidateTrove
FNDA:8488,BorrowerOperations.adjustTrove
FNDA:61430,BorrowerOperations._requireNonExistentInterestBatchManager
FNDA:2430,BorrowerOperations._applyShutdown
FNDA:2434,BorrowerOperations._initTroveChange
FNDA:66932,BorrowerOperations.setBatchManagerAnnualInterestRate
FNDA:573784,BorrowerOperations._requireIsNotShutDown
FNDA:7009,BorrowerOperations.addColl
FNDA:67115,BorrowerOperations.adjustTroveInterestRate
FNDA:66335,BorrowerOperations.closeTrove
FNDA:244432,BorrowerOperations._requireValidAnnualInterestRate
FNDA:3854,BorrowerOperations._applyUpfrontFee
FNDA:82018,BorrowerOperations._requireUserAcceptsUpfrontFee
FNDA:0,BorrowerOperations._requireIsShutDown
FNDA:64519,BorrowerOperations.shutdown
FNDA:74542,BorrowerOperations._requireTroveIsOpen
FNDA:65647,BorrowerOperations._requireIsNotInBatch
FNDA:38785,BorrowerOperations._pullCollAndSendToActivePool
FNDA:6656,BorrowerOperations._adjustTrove
FNDA:4346,BorrowerOperations._requireSenderIsOwnerOrInterestManager
FNDA:3855,BorrowerOperations._requireAnnualInterestRateIsNew
FNDA:0,BorrowerOperations._requireCallerIsPriceFeed
FNDA:4980,BorrowerOperations.withdrawBold
FNDA:571,BorrowerOperations._requireNoBorrowing
FNDA:3659,BorrowerOperations._moveTokensFromAdjustment
FNDA:65851,BorrowerOperations.applyPendingDebt
FNDA:4921,BorrowerOperations.repayBold
FNDA:5728,BorrowerOperations._requireIsInBatch
FNDA:40071,BorrowerOperations._checkTroveIsUnredeemable
FNDA:66823,BorrowerOperations.setInterestBatchManager
FNDA:2021,BorrowerOperations._requireValidCollWithdrawal
FNDA:33552,BorrowerOperations.adjustUnredeemableTrove
FNDA:8405,BorrowerOperations._requireSufficientBoldBalance
FNDA:33552,BorrowerOperations._requireTroveIsUnredeemable
FNDA:102744,BorrowerOperations._openTrove
FNDA:5295,BorrowerOperations._requireValidAdjustmentInCurrentMode
FNDA:74781,BorrowerOperations.openTrove
FNDA:439,BorrowerOperations._requireDebtRepaymentGeCollWithdrawal
FNDA:66980,BorrowerOperations.openTroveAndJoinInterestBatchManager
FNDA:4346,BorrowerOperations._requireInterestRateInDelegateRange
FNDA:0,BorrowerOperations.claimCollateral
FNDA:5998,BorrowerOperations._requireNonZeroAdjustment
FNDA:0,BorrowerOperations.getInterestBatchManager
FNDA:0,BorrowerOperations.removeInterestIndividualDelegate
FNDA:58281,BorrowerOperations._requireInterestRateInRange
FNDA:0,BorrowerOperations.switchBatchManager
FNDA:10685,BorrowerOperations._requireInterestRateChangePeriodPassed
FNF:71
FNH:60
BRDA:167,0,0,-
BRDA:167,0,1,47
BRDA:338,1,0,32516
BRDA:338,1,1,9504
BRDA:441,2,0,1238
BRDA:441,2,1,1196
BRDA:447,3,0,1218
BRDA:447,3,1,1216
BRDA:491,4,0,19
BRDA:538,5,0,1808
BRDA:578,6,0,3345
BRDA:582,7,0,3218
BRDA:589,8,0,1515
BRDA:591,9,0,151
BRDA:600,10,0,2021
BRDA:611,11,0,1566
BRDA:611,11,1,1566
BRDA:633,12,0,1734
BRDA:639,13,0,488
BRDA:639,13,1,1246
BRDA:661,14,0,999
BRDA:661,14,1,2660
BRDA:702,15,0,867
BRDA:702,15,1,867
BRDA:718,16,0,2988
BRDA:729,17,0,631
BRDA:762,18,0,4583
BRDA:762,18,1,1936
BRDA:788,19,0,82
BRDA:820,20,0,-
BRDA:846,21,0,1916
BRDA:850,22,0,282
BRDA:851,23,0,574
BRDA:866,24,0,337
BRDA:921,25,0,266
BRDA:943,26,0,903
BRDA:972,27,0,-
BRDA:990,28,0,1043
BRDA:1064,29,0,1003
BRDA:1164,30,0,4087
BRDA:1171,31,0,58002
BRDA:1208,33,0,111
BRDA:1208,33,1,32
BRDA:1225,34,0,878
BRDA:1225,34,1,1221
BRDA:1227,35,0,1221
BRDA:1231,36,0,1696
BRDA:1231,36,1,837
BRDA:1234,37,0,837
BRDA:1254,38,0,35084
BRDA:1260,39,0,-
BRDA:1269,40,0,206
BRDA:1275,41,0,-
BRDA:1281,42,0,3237
BRDA:1288,43,0,3902
BRDA:1297,44,0,-
BRDA:1319,45,0,1729
BRDA:1329,46,0,5153
BRDA:1336,47,0,55135
BRDA:1343,48,0,140788
BRDA:1349,49,0,32765
BRDA:1361,50,0,8174
BRDA:1367,51,0,-
BRDA:1373,52,0,12048
BRDA:1379,53,0,132
BRDA:1403,54,0,571
BRDA:1403,54,1,3469
BRDA:1414,55,0,3420
BRDA:1420,56,0,94
BRDA:1426,57,0,4281
BRDA:1432,58,0,34629
BRDA:1438,59,0,12
BRDA:1447,60,0,3805
BRDA:1453,61,0,2151
BRDA:1456,62,0,2090
BRDA:1465,63,0,-
BRDA:1471,64,0,142605
BRDA:1477,65,0,10654
BRDA:1486,66,0,-
BRDA:1492,67,0,-
BRDA:1498,68,0,-
BRDA:1505,69,0,-
BRF:82
BRH:70
DA:167,47
DA:169,47
DA:171,47
DA:173,47
DA:174,47
DA:175,47
DA:177,47
DA:178,47
DA:179,47
DA:180,47
DA:181,47
DA:183,47
DA:184,47
DA:185,47
DA:186,47
DA:187,47
DA:190,47
DA:208,74781
DA:210,73417
DA:212,73417
DA:229,28749
DA:231,28749
DA:233,28749
DA:241,66980
DA:243,29327
DA:244,29327
DA:246,29327
DA:249,29327
DA:250,29327
DA:251,29327
DA:252,29327
DA:268,8340
DA:271,8340
DA:280,8340
DA:288,8340
DA:306,102744
DA:308,96386
DA:311,96386
DA:312,96386
DA:313,96386
DA:315,96386
DA:319,96386
DA:321,84338
DA:322,84338
DA:324,76164
DA:325,76164
DA:328,76164
DA:330,76164
DA:331,76164
DA:332,76164
DA:334,76164
DA:335,76164
DA:338,42020
DA:339,32516
DA:342,9504
DA:343,9504
DA:348,42020
DA:349,42020
DA:351,40126
DA:352,40126
DA:361,37089
DA:362,37089
DA:364,37089
DA:367,37089
DA:370,37089
DA:371,37089
DA:373,37089
DA:378,7009
DA:379,7009
DA:381,1231
DA:382,1231
DA:384,1231
DA:394,6524
DA:395,6524
DA:397,1227
DA:398,1227
DA:400,1227
DA:410,4980
DA:411,4980
DA:413,931
DA:414,931
DA:415,931
DA:420,4921
DA:421,4921
DA:423,833
DA:424,833
DA:426,833
DA:441,1238
DA:442,1238
DA:444,1196
DA:447,1218
DA:448,1218
DA:450,1216
DA:462,8488
DA:463,8488
DA:465,1647
DA:466,1647
DA:467,1647
DA:480,33552
DA:481,33552
DA:483,787
DA:484,787
DA:485,787
DA:487,61
DA:489,61
DA:490,61
DA:491,61
DA:492,19
DA:493,19
DA:495,61
DA:512,67115
DA:514,63141
DA:516,63141
DA:517,61931
DA:518,60087
DA:519,4346
DA:520,4346
DA:521,4346
DA:523,3855
DA:524,3855
DA:526,3855
DA:528,3855
DA:529,3855
DA:530,3855
DA:531,3855
DA:532,3855
DA:536,3855
DA:537,3855
DA:538,1808
DA:539,1808
DA:543,3649
DA:545,3649
DA:547,3649
DA:548,3649
DA:562,6656
DA:564,5998
DA:565,5998
DA:566,5998
DA:568,5998
DA:569,5998
DA:573,5998
DA:575,5998
DA:576,5998
DA:578,5998
DA:579,3345
DA:582,5998
DA:583,3218
DA:586,5998
DA:589,5998
DA:590,1515
DA:591,1515
DA:592,151
DA:594,1515
DA:597,5998
DA:600,5792
DA:601,2021
DA:604,5780
DA:605,5780
DA:607,5780
DA:608,5780
DA:609,5780
DA:610,5780
DA:611,1566
DA:612,1566
DA:614,1566
DA:618,1566
DA:619,1566
DA:620,1566
DA:621,1566
DA:622,1566
DA:623,1566
DA:624,1566
DA:626,4214
DA:627,4214
DA:628,4214
DA:629,4214
DA:633,5780
DA:634,1734
DA:635,1734
DA:636,1734
DA:638,1734
DA:639,488
DA:640,488
DA:642,488
DA:643,488
DA:646,1246
DA:652,5780
DA:654,5295
DA:657,5295
DA:661,999
DA:662,999
DA:671,2660
DA:674,3659
DA:675,3659
DA:679,66335
DA:680,66335
DA:681,66335
DA:685,66335
DA:686,6890
DA:687,6890
DA:689,6890
DA:692,6890
DA:694,3085
DA:695,3085
DA:696,3085
DA:697,3085
DA:698,3085
DA:700,3085
DA:701,3085
DA:702,3085
DA:703,867
DA:704,867
DA:705,867
DA:706,867
DA:707,867
DA:708,867
DA:709,867
DA:710,867
DA:712,2218
DA:716,3085
DA:717,3085
DA:718,3085
DA:720,2225
DA:729,2043
DA:731,631
DA:734,2043
DA:737,2043
DA:739,2043
DA:742,2043
DA:744,2043
DA:748,65851
DA:750,61654
DA:752,61654
DA:754,6519
DA:755,6519
DA:756,6519
DA:757,6519
DA:759,6519
DA:760,6519
DA:762,6519
DA:763,4583
DA:764,4583
DA:766,1936
DA:767,1936
DA:768,1936
DA:769,1936
DA:771,1936
DA:772,1936
DA:776,6519
DA:785,6519
DA:788,6519
DA:789,82
DA:790,82
DA:801,0
DA:815,0
DA:816,0
DA:817,0
DA:820,0
DA:821,0
DA:826,0
DA:827,0
DA:831,0
DA:841,65593
DA:842,61430
DA:843,50776
DA:844,49875
DA:846,49240
DA:847,47324
DA:850,45867
DA:851,45585
DA:853,45011
DA:856,45011
DA:860,64929
DA:861,61169
DA:863,10363
DA:865,10363
DA:866,10363
DA:867,337
DA:871,10026
DA:879,10026
DA:880,10026
DA:881,10026
DA:882,10026
DA:883,10026
DA:884,10026
DA:887,10026
DA:896,66932
DA:897,62771
DA:898,10957
DA:902,10685
DA:903,10685
DA:905,10685
DA:906,10685
DA:908,5532
DA:910,5532
DA:911,5532
DA:912,5532
DA:913,5532
DA:914,5532
DA:915,5532
DA:919,5532
DA:920,5523
DA:921,266
DA:922,266
DA:924,266
DA:925,266
DA:926,266
DA:928,266
DA:931,266
DA:932,266
DA:936,266
DA:937,266
DA:940,5503
DA:943,5503
DA:944,903
DA:947,5503
DA:959,66823
DA:960,63039
DA:961,63039
DA:962,63039
DA:963,63039
DA:965,63039
DA:966,6048
DA:967,6048
DA:968,3716
DA:970,2323
DA:972,2323
DA:974,2323
DA:975,2323
DA:977,2323
DA:978,2323
DA:979,2323
DA:980,2323
DA:981,2323
DA:983,2323
DA:990,2323
DA:991,1043
DA:996,2180
DA:1000,2180
DA:1001,2180
DA:1003,2180
DA:1005,2180
DA:1017,2180
DA:1018,2180
DA:1030,67141
DA:1032,63112
DA:1033,63112
DA:1034,63112
DA:1036,63112
DA:1037,5859
DA:1038,5859
DA:1040,5728
DA:1041,1826
DA:1044,1826
DA:1046,1826
DA:1048,1826
DA:1049,1826
DA:1051,1826
DA:1052,1826
DA:1053,1826
DA:1054,1826
DA:1055,1826
DA:1057,1826
DA:1062,1826
DA:1063,1826
DA:1064,1003
DA:1065,1003
DA:1070,1704
DA:1073,1704
DA:1076,1704
DA:1079,1704
DA:1081,1704
DA:1102,0
DA:1103,0
DA:1105,0
DA:1107,0
DA:1108,0
DA:1117,3854
DA:1119,3854
DA:1120,3854
DA:1121,3854
DA:1123,3854
DA:1126,3854
DA:1127,3854
DA:1131,3583
DA:1132,3583
DA:1134,3383
DA:1138,82018
DA:1143,6441
DA:1145,6441
DA:1149,8484
DA:1150,8484
DA:1151,8484
DA:1152,8484
DA:1160,0
DA:1164,4087
DA:1166,60432
DA:1167,60432
DA:1168,60432
DA:1170,60432
DA:1171,60432
DA:1173,2430
DA:1175,2430
DA:1180,0
DA:1186,0
DA:1188,0
DA:1192,2430
DA:1193,2430
DA:1194,2430
DA:1208,143
DA:1209,111
DA:1211,32
DA:1225,3659
DA:1226,878
DA:1227,2781
DA:1228,1221
DA:1231,3659
DA:1233,1696
DA:1234,1963
DA:1236,837
DA:1242,38785
DA:1244,38785
DA:1248,0
DA:1254,35084
DA:1255,35084
DA:1260,0
DA:1261,0
DA:1267,5998
DA:1268,911
DA:1269,206
DA:1270,206
DA:1275,4346
DA:1276,0
DA:1281,65647
DA:1282,3237
DA:1287,5728
DA:1288,5728
DA:1289,3902
DA:1292,1826
DA:1296,4346
DA:1297,4346
DA:1298,0
DA:1308,10957
DA:1309,10957
DA:1319,58281
DA:1320,1729
DA:1328,10685
DA:1329,10685
DA:1330,5153
DA:1335,74542
DA:1336,74542
DA:1337,55135
DA:1342,162419
DA:1343,162419
DA:1344,140788
DA:1349,33552
DA:1350,32765
DA:1355,40071
DA:1356,40071
DA:1360,84338
DA:1361,84338
DA:1362,8174
DA:1367,82018
DA:1368,0
DA:1373,96386
DA:1374,12048
DA:1379,571
DA:1380,132
DA:1401,5295
DA:1403,571
DA:1404,571
DA:1405,439
DA:1408,3469
DA:1409,3469
DA:1414,51169
DA:1415,3420
DA:1420,94
DA:1421,94
DA:1426,50432
DA:1427,4281
DA:1432,81944
DA:1433,34629
DA:1438,2021
DA:1439,12
DA:1447,8405
DA:1448,3805
DA:1453,244432
DA:1454,2151
DA:1456,242281
DA:1457,2090
DA:1465,3855
DA:1466,0
DA:1471,196968
DA:1472,142605
DA:1477,61430
DA:1478,10654
DA:1486,0
DA:1487,0
DA:1492,6441
DA:1493,0
DA:1498,0
DA:1499,0
DA:1504,106504
DA:1505,0
DA:1506,0
DA:1509,106504
DA:1519,50529
DA:1520,50529
DA:1521,50529
DA:1523,50529
DA:1524,50529
DA:1525,50529
DA:1526,50529
DA:1528,50529
LF:514
LH:482
end_of_record
TN:
SF:src/CollSurplusPool.sol
FN:32,CollSurplusPool.
FN:43,CollSurplusPool.getCollBalance
FN:47,CollSurplusPool.getCollateral
FN:53,CollSurplusPool.accountSurplus
FN:63,CollSurplusPool.claimColl
FN:79,CollSurplusPool._requireCallerIsBorrowerOperations
FN:83,CollSurplusPool._requireCallerIsTroveManager
FNDA:0,CollSurplusPool.claimColl
FNDA:47,CollSurplusPool.
FNDA:10212,CollSurplusPool.getCollateral
FNDA:0,CollSurplusPool._requireCallerIsBorrowerOperations
FNDA:0,CollSurplusPool.getCollBalance
FNDA:5204,CollSurplusPool._requireCallerIsTroveManager
FNDA:5204,CollSurplusPool.accountSurplus
FNF:7
FNH:4
BRDA:66,0,0,-
BRDA:66,0,1,-
BRDA:80,1,0,-
BRDA:80,1,1,-
BRDA:84,2,0,-
BRDA:84,2,1,5204
BRF:6
BRH:1
DA:33,47
DA:34,47
DA:35,47
DA:37,47
DA:38,47
DA:44,0
DA:48,10212
DA:54,5204
DA:56,5204
DA:57,5204
DA:58,5204
DA:60,5204
DA:64,0
DA:65,0
DA:66,0
DA:68,0
DA:69,0
DA:71,0
DA:72,0
DA:74,0
DA:80,0
DA:84,5204
LF:22
LH:12
end_of_record
TN:
SF:src/CollateralRegistry.sol
FN:54,CollateralRegistry.
FN:96,CollateralRegistry.redeemCollateral
FN:174,CollateralRegistry._updateLastFeeOpTime
FN:183,CollateralRegistry._minutesPassedSinceLastFeeOp
FN:188,CollateralRegistry._updateBaseRateAndGetRedemptionRate
FN:206,CollateralRegistry._getUpdatedBaseRateFromRedemption
FN:223,CollateralRegistry._calcDecayedBaseRate
FN:230,CollateralRegistry._calcRedemptionRate
FN:237,CollateralRegistry._calcRedemptionFee
FN:244,CollateralRegistry.getRedemptionRate
FN:248,CollateralRegistry.getRedemptionRateWithDecay
FN:252,CollateralRegistry.getRedemptionRateForRedeemedAmount
FN:258,CollateralRegistry.getRedemptionFeeWithDecay
FN:262,CollateralRegistry.getEffectiveRedemptionFeeInBold
FN:270,CollateralRegistry.getToken
FN:284,CollateralRegistry.getTroveManager
FN:300,CollateralRegistry._requireValidMaxFeePercentage
FN:307,CollateralRegistry._requireAmountGreaterThanZero
FN:311,CollateralRegistry._requireBoldBalanceCoversRedemption
FNDA:0,CollateralRegistry.getRedemptionRateForRedeemedAmount
FNDA:66843,CollateralRegistry._requireValidMaxFeePercentage
FNDA:0,CollateralRegistry.getRedemptionFeeWithDecay
FNDA:0,CollateralRegistry.getToken
FNDA:66843,CollateralRegistry._requireAmountGreaterThanZero
FNDA:0,CollateralRegistry._calcRedemptionFee
FNDA:46202,CollateralRegistry._updateBaseRateAndGetRedemptionRate
FNDA:20,CollateralRegistry.
FNDA:351179,CollateralRegistry.getTroveManager
FNDA:66843,CollateralRegistry.redeemCollateral
FNDA:92404,CollateralRegistry._getUpdatedBaseRateFromRedemption
FNDA:0,CollateralRegistry.getRedemptionRateWithDecay
FNDA:0,CollateralRegistry.getEffectiveRedemptionFeeInBold
FNDA:92404,CollateralRegistry._calcDecayedBaseRate
FNDA:46202,CollateralRegistry._updateLastFeeOpTime
FNDA:46202,CollateralRegistry._requireBoldBalanceCoversRedemption
FNDA:0,CollateralRegistry.getRedemptionRate
FNDA:46202,CollateralRegistry._calcRedemptionRate
FNDA:92404,CollateralRegistry._minutesPassedSinceLastFeeOp
FNF:19
FNH:12
BRDA:56,0,0,-
BRDA:56,0,1,20
BRDA:57,1,0,-
BRDA:57,1,1,20
BRDA:117,2,0,-
BRDA:117,2,1,46202
BRDA:127,3,0,108529
BRDA:135,4,0,6327
BRDA:140,5,0,5199
BRDA:151,6,0,53993
BRDA:153,7,0,53323
BRDA:166,8,0,38755
BRDA:177,9,0,23483
BRDA:271,10,0,-
BRDA:271,10,1,-
BRDA:272,11,0,-
BRDA:272,11,1,-
BRDA:273,12,0,-
BRDA:273,12,1,-
BRDA:274,13,0,-
BRDA:274,13,1,-
BRDA:275,14,0,-
BRDA:275,14,1,-
BRDA:276,15,0,-
BRDA:276,15,1,-
BRDA:277,16,0,-
BRDA:277,16,1,-
BRDA:278,17,0,-
BRDA:278,17,1,-
BRDA:279,18,0,-
BRDA:279,18,1,-
BRDA:280,19,0,-
BRDA:280,19,1,-
BRDA:285,20,0,291962
BRDA:285,20,1,-
BRDA:286,21,0,81549
BRDA:286,21,1,-
BRDA:287,22,0,81548
BRDA:287,22,1,-
BRDA:288,23,0,80890
BRDA:288,23,1,-
BRDA:289,24,0,-
BRDA:289,24,1,-
BRDA:290,25,0,-
BRDA:290,25,1,-
BRDA:291,26,0,-
BRDA:291,26,1,-
BRDA:292,27,0,-
BRDA:292,27,1,-
BRDA:293,28,0,-
BRDA:293,28,1,-
BRDA:294,29,0,-
BRDA:294,29,1,-
BRDA:301,30,0,-
BRDA:301,30,1,66843
BRDA:308,31,0,20641
BRDA:308,31,1,46202
BRDA:317,32,0,-
BRDA:317,32,1,46202
BRDA:318,33,0,-
BRDA:318,33,1,46202
BRF:61
BRH:19
DA:55,20
DA:56,20
DA:57,20
DA:58,20
DA:60,20
DA:62,20
DA:63,20
DA:64,20
DA:65,20
DA:66,20
DA:67,20
DA:68,20
DA:69,20
DA:70,20
DA:71,20
DA:73,20
DA:74,20
DA:75,20
DA:76,20
DA:77,20
DA:78,20
DA:79,20
DA:80,20
DA:81,20
DA:82,20
DA:85,20
DA:86,20
DA:99,66843
DA:100,66843
DA:101,46202
DA:103,46202
DA:105,46202
DA:106,46202
DA:107,46202
DA:109,46202
DA:115,46202
DA:116,46202
DA:117,46202
DA:122,46202
DA:123,119441
DA:124,119441
DA:125,119441
DA:126,119441
DA:127,108529
DA:128,108529
DA:129,108529
DA:135,46202
DA:136,6327
DA:137,6327
DA:138,12006
DA:139,12006
DA:140,5199
DA:141,5199
DA:142,5199
DA:143,5199
DA:149,46202
DA:151,119441
DA:152,53993
DA:153,53993
DA:154,53323
DA:155,53323
DA:158,53323
DA:163,46202
DA:166,46202
DA:167,38755
DA:175,46202
DA:177,46202
DA:178,23483
DA:179,23483
DA:184,92404
DA:189,46202
DA:194,46202
DA:195,46202
DA:197,46202
DA:212,92404
DA:215,92404
DA:217,92404
DA:218,92404
DA:220,92404
DA:224,92404
DA:225,92404
DA:227,92404
DA:231,46202
DA:238,0
DA:239,0
DA:245,0
DA:249,0
DA:253,0
DA:254,0
DA:255,0
DA:259,0
DA:263,0
DA:264,0
DA:265,0
DA:271,0
DA:272,0
DA:273,0
DA:274,0
DA:275,0
DA:276,0
DA:277,0
DA:278,0
DA:279,0
DA:280,0
DA:281,0
DA:285,535949
DA:286,243987
DA:287,162438
DA:288,80890
DA:289,0
DA:290,0
DA:291,0
DA:292,0
DA:293,0
DA:294,0
DA:295,0
DA:301,66843
DA:308,66843
DA:315,46202
DA:317,46202
DA:318,46202
LF:121
LH:92
end_of_record
TN:
SF:src/DefaultPool.sol
FN:38,DefaultPool.
FN:58,DefaultPool.getCollBalance
FN:62,DefaultPool.getBoldDebt
FN:68,DefaultPool.sendCollToActivePool
FN:79,DefaultPool.receiveColl
FN:91,DefaultPool.increaseBoldDebt
FN:97,DefaultPool.decreaseBoldDebt
FN:105,DefaultPool._requireCallerIsActivePool
FN:109,DefaultPool._requireCallerIsTroveManager
FNDA:700,DefaultPool.sendCollToActivePool
FNDA:907,DefaultPool.increaseBoldDebt
FNDA:700,DefaultPool.decreaseBoldDebt
FNDA:907,DefaultPool._requireCallerIsActivePool
FNDA:47,DefaultPool.
FNDA:1182025,DefaultPool.getBoldDebt
FNDA:836450,DefaultPool.getCollBalance
FNDA:2307,DefaultPool._requireCallerIsTroveManager
FNDA:907,DefaultPool.receiveColl
FNF:9
FNH:9
BRDA:106,0,0,-
BRDA:106,0,1,907
BRDA:110,1,0,-
BRDA:110,1,1,2307
BRF:4
BRH:2
DA:39,47
DA:40,47
DA:41,47
DA:43,47
DA:44,47
DA:45,47
DA:48,47
DA:59,836450
DA:63,1182025
DA:69,700
DA:70,700
DA:71,700
DA:72,700
DA:73,700
DA:76,700
DA:80,907
DA:82,907
DA:83,907
DA:86,907
DA:88,907
DA:92,907
DA:93,907
DA:94,907
DA:98,700
DA:99,700
DA:100,700
DA:106,907
DA:110,2307
LF:28
LH:28
end_of_record
TN:
SF:src/Dependencies/AddRemoveManagers.sol
FN:43,AddRemoveManagers.
FN:48,AddRemoveManagers.setAddManager
FN:53,AddRemoveManagers._setAddManager
FN:57,AddRemoveManagers.setRemoveManager
FN:61,AddRemoveManagers.setRemoveManagerWithReceiver
FN:66,AddRemoveManagers._setRemoveManagerAndReceiver
FN:72,AddRemoveManagers._requireNonZeroManagerUnlessWiping
FN:78,AddRemoveManagers._requireCallerIsBorrower
FN:84,AddRemoveManagers._requireSenderIsOwnerOrAddManager
FN:91,AddRemoveManagers._requireSenderIsOwnerOrRemoveManagerAndGetReceiver
FNDA:11907,AddRemoveManagers._requireCallerIsBorrower
FNDA:94,AddRemoveManagers.
FNDA:37089,AddRemoveManagers._setAddManager
FNDA:0,AddRemoveManagers.setRemoveManager
FNDA:37089,AddRemoveManagers._setRemoveManagerAndReceiver
FNDA:0,AddRemoveManagers.setAddManager
FNDA:10235,AddRemoveManagers._requireSenderIsOwnerOrRemoveManagerAndGetReceiver
FNDA:3218,AddRemoveManagers._requireSenderIsOwnerOrAddManager
FNDA:37089,AddRemoveManagers._requireNonZeroManagerUnlessWiping
FNDA:0,AddRemoveManagers.setRemoveManagerWithReceiver
FNF:10
FNH:7
BRDA:73,0,0,-
BRDA:79,1,0,-
BRDA:86,2,0,-
BRDA:98,3,0,-
BRDA:101,4,0,10235
BRF:5
BRH:1
DA:44,94
DA:45,94
DA:49,0
DA:50,0
DA:54,37089
DA:58,0
DA:62,0
DA:63,0
DA:67,37089
DA:68,37089
DA:69,37089
DA:73,37089
DA:74,0
DA:79,11907
DA:80,0
DA:85,3218
DA:86,3218
DA:87,0
DA:96,10235
DA:97,10235
DA:98,10235
DA:99,0
DA:101,10235
DA:102,10235
DA:104,0
LF:25
LH:15
end_of_record
TN:
SF:src/Dependencies/LiquityBase.sol
FN:28,LiquityBase.
FN:39,LiquityBase.getEntireSystemColl
FN:46,LiquityBase.getEntireSystemDebt
FN:53,LiquityBase._getTCR
FN:62,LiquityBase._checkBelowCriticalThreshold
FN:68,LiquityBase._calcInterest
FNDA:3054968,LiquityBase._calcInterest
FNDA:141,LiquityBase.
FNDA:102384,LiquityBase._checkBelowCriticalThreshold
FNDA:233831,LiquityBase._getTCR
FNDA:705786,LiquityBase.getEntireSystemDebt
FNDA:485436,LiquityBase.getEntireSystemColl
FNF:6
FNH:6
DA:29,141
DA:30,141
DA:31,141
DA:33,141
DA:34,141
DA:35,141
DA:40,830228
DA:41,830228
DA:43,830228
DA:47,1182025
DA:48,1182025
DA:50,1182025
DA:54,233831
DA:55,233831
DA:57,233831
DA:59,233831
DA:63,102384
DA:65,102384
DA:69,3054968
LF:19
LH:19
end_of_record
TN:
SF:src/Dependencies/LiquityMath.sol
FN:8,LiquityMath._min
FN:12,LiquityMath._max
FN:16,LiquityMath._sub_min_0
FN:27,LiquityMath.decMul
FN:51,LiquityMath._decPow
FN:76,LiquityMath._getAbsoluteDifference
FN:80,LiquityMath._computeCR
FNDA:1162504,LiquityMath.decMul
FNDA:0,LiquityMath._getAbsoluteDifference
FNDA:91841,LiquityMath._max
FNDA:0,LiquityMath._sub_min_0
FNDA:92404,LiquityMath._decPow
FNDA:483465,LiquityMath._computeCR
FNDA:225794,LiquityMath._min
FNF:7
FNH:5
BRDA:52,0,0,-
BRDA:62,2,0,383654
BRDA:62,2,1,365942
BRDA:81,3,0,352333
BRDA:81,3,1,131132
BRF:5
BRH:4
DA:9,225794
DA:13,91841
DA:17,0
DA:28,1162504
DA:30,1162504
DA:52,92404
DA:54,92404
DA:56,46966
DA:57,46966
DA:58,46966
DA:61,796562
DA:62,749596
DA:63,383654
DA:64,383654
DA:67,365942
DA:68,365942
DA:69,365942
DA:73,46966
DA:77,0
DA:81,483465
DA:82,352333
DA:84,352333
DA:89,131132
LF:23
LH:21
end_of_record
TN:
SF:src/Dependencies/Ownable.sol
FN:25,Ownable.
FN:33,Ownable.owner
FN:40,Ownable.onlyOwner
FN:48,Ownable.isOwner
FN:62,Ownable._renounceOwnership
FNDA:67,Ownable.
FNDA:0,Ownable.owner
FNDA:67,Ownable._renounceOwnership
FNDA:94,Ownable.onlyOwner
FNDA:0,Ownable.isOwner
FNF:5
FNH:3
BRDA:41,0,0,-
BRDA:41,0,1,67
BRF:2
BRH:1
DA:26,67
DA:27,67
DA:34,0
DA:41,94
DA:49,114
DA:63,67
DA:64,67
LF:7
LH:6
end_of_record
TN:
SF:src/GasPool.sol
FN:19,GasPool.
FNDA:47,GasPool.
FNF:1
FNH:1
DA:20,47
DA:21,47
DA:22,47
DA:25,47
DA:27,47
LF:5
LH:5
end_of_record
TN:
SF:src/HintHelpers.sol
FN:17,HintHelpers.
FN:30,HintHelpers.getApproxHint
FN:69,HintHelpers._calcUpfrontFee
FN:73,HintHelpers.predictOpenTroveUpfrontFee
FN:89,HintHelpers.predictAdjustInterestRateUpfrontFee
FN:105,HintHelpers.forcePredictAdjustInterestRateUpfrontFee
FN:117,HintHelpers._predictAdjustInterestRateUpfrontFee
FN:131,HintHelpers.predictAdjustTroveUpfrontFee
FN:163,HintHelpers.predictAdjustBatchInterestRateUpfrontFee
FN:185,HintHelpers.predictOpenTroveAndJoinBatchUpfrontFee
FN:205,HintHelpers.predictJoinBatchInterestRateUpfrontFee
FN:222,HintHelpers.forcePredictJoinBatchInterestRateUpfrontFee
FN:235,HintHelpers._predictJoinBatchInterestRateUpfrontFee
FN:251,HintHelpers.predictRemoveFromBatchUpfrontFee
FNDA:0,HintHelpers.forcePredictAdjustInterestRateUpfrontFee
FNDA:2233,HintHelpers.predictRemoveFromBatchUpfrontFee
FNDA:65474,HintHelpers.predictAdjustTroveUpfrontFee
FNDA:0,HintHelpers.forcePredictJoinBatchInterestRateUpfrontFee
FNDA:74781,HintHelpers.predictOpenTroveUpfrontFee
FNDA:66980,HintHelpers.predictOpenTroveAndJoinBatchUpfrontFee
FNDA:64509,HintHelpers.predictJoinBatchInterestRateUpfrontFee
FNDA:15295,HintHelpers._predictAdjustInterestRateUpfrontFee
FNDA:0,HintHelpers.getApproxHint
FNDA:66932,HintHelpers.predictAdjustBatchInterestRateUpfrontFee
FNDA:201765,HintHelpers._calcUpfrontFee
FNDA:65016,HintHelpers.predictAdjustInterestRateUpfrontFee
FNDA:15438,HintHelpers._predictJoinBatchInterestRateUpfrontFee
FNDA:20,HintHelpers.
FNF:14
FNH:11
BRDA:40,0,0,-
BRDA:62,2,0,-
BRDA:98,3,0,49721
BRDA:147,5,0,10175
BRDA:147,5,1,553
BRDA:172,6,0,49536
BRDA:215,7,0,49071
BRDA:265,8,0,1086
BRF:8
BRH:6
DA:18,20
DA:35,0
DA:36,0
DA:38,0
DA:40,0
DA:41,0
DA:44,0
DA:45,0
DA:46,0
DA:48,0
DA:49,0
DA:51,0
DA:52,0
DA:55,0
DA:57,0
DA:60,0
DA:62,0
DA:63,0
DA:64,0
DA:70,201765
DA:78,74781
DA:79,74781
DA:81,74781
DA:82,74781
DA:83,74781
DA:85,74781
DA:86,74781
DA:94,65016
DA:95,65016
DA:96,65016
DA:98,65016
DA:99,49721
DA:102,15295
DA:110,0
DA:111,0
DA:112,0
DA:114,0
DA:122,15295
DA:123,15295
DA:124,15295
DA:125,15295
DA:127,15295
DA:128,15295
DA:136,65474
DA:138,10728
DA:139,10728
DA:140,10728
DA:141,10728
DA:143,10728
DA:144,10728
DA:145,10728
DA:147,10728
DA:148,10175
DA:149,10175
DA:151,553
DA:152,553
DA:153,553
DA:156,553
DA:159,10728
DA:160,10728
DA:168,66932
DA:169,66932
DA:170,66932
DA:172,66932
DA:173,49536
DA:176,17396
DA:177,17396
DA:178,17396
DA:179,17396
DA:181,17396
DA:182,17396
DA:190,66980
DA:191,66980
DA:192,66980
DA:194,66980
DA:195,66980
DA:196,66980
DA:197,66980
DA:198,66980
DA:201,66980
DA:202,66980
DA:210,64509
DA:211,64509
DA:212,64509
DA:213,64509
DA:215,64509
DA:216,49071
DA:219,15438
DA:227,0
DA:228,0
DA:229,0
DA:230,0
DA:232,0
DA:240,15438
DA:241,15438
DA:242,15438
DA:243,15438
DA:244,15438
DA:247,15438
DA:248,15438
DA:256,2233
DA:257,2233
DA:258,2233
DA:259,2233
DA:260,2233
DA:263,2233
DA:264,2233
DA:265,1086
DA:266,1086
DA:269,1147
DA:270,1147
DA:271,1147
DA:272,1147
DA:273,1147
DA:277,1147
DA:278,1147
LF:116
LH:89
end_of_record
TN:
SF:src/MultiTroveGetter.sol
FN:13,MultiTroveGetter.
FN:17,MultiTroveGetter.getMultipleSortedTroves
FN:58,MultiTroveGetter._getOneTrove
FN:77,MultiTroveGetter._getMultipleSortedTrovesFromHead
FN:97,MultiTroveGetter._getMultipleSortedTrovesFromTail
FN:117,MultiTroveGetter.getDebtPerInterestRateAscending
FNDA:0,MultiTroveGetter.getMultipleSortedTroves
FNDA:0,MultiTroveGetter._getMultipleSortedTrovesFromTail
FNDA:0,MultiTroveGetter._getOneTrove
FNDA:20,MultiTroveGetter.
FNDA:0,MultiTroveGetter._getMultipleSortedTrovesFromHead
FNDA:0,MultiTroveGetter.getDebtPerInterestRateAscending
FNF:6
FNH:1
BRDA:23,0,0,-
BRDA:23,0,1,-
BRDA:26,1,0,-
BRDA:26,1,1,-
BRDA:31,2,0,-
BRDA:31,2,1,-
BRDA:41,3,0,-
BRDA:41,3,1,-
BRDA:46,4,0,-
BRDA:50,5,0,-
BRDA:50,5,1,-
BRDA:123,6,0,-
BRDA:123,6,1,-
BRDA:126,7,0,-
BRDA:126,7,1,-
BRF:15
BRH:0
DA:14,20
DA:22,0
DA:23,0
DA:25,0
DA:26,0
DA:28,0
DA:29,0
DA:31,0
DA:32,0
DA:33,0
DA:35,0
DA:36,0
DA:39,0
DA:41,0
DA:42,0
DA:44,0
DA:46,0
DA:47,0
DA:50,0
DA:51,0
DA:53,0
DA:59,0
DA:61,0
DA:74,0
DA:83,0
DA:85,0
DA:86,0
DA:89,0
DA:91,0
DA:92,0
DA:93,0
DA:103,0
DA:105,0
DA:106,0
DA:109,0
DA:111,0
DA:112,0
DA:113,0
DA:122,0
DA:123,0
DA:125,0
DA:126,0
DA:128,0
DA:129,0
DA:131,0
DA:132,0
DA:134,0
DA:135,0
DA:136,0
DA:137,0
DA:138,0
DA:140,0
LF:52
LH:1
end_of_record
TN:
SF:src/NFTMetadata/MetadataNFT.sol
FN:33,MetadataNFT.
FN:37,MetadataNFT.uri
FN:41,MetadataNFT.renderSVGImage
FN:48,MetadataNFT.dynamicTextComponents
FN:61,MetadataNFT._status2Str
FNDA:0,MetadataNFT._status2Str
FNDA:0,MetadataNFT.uri
FNDA:0,MetadataNFT.dynamicTextComponents
FNDA:0,MetadataNFT.renderSVGImage
FNDA:47,MetadataNFT.
FNF:5
FNH:1
DA:34,47
DA:38,0
DA:42,0
DA:49,0
DA:50,0
DA:52,0
DA:62,0
DA:63,0
DA:64,0
DA:65,0
DA:66,0
LF:11
LH:1
end_of_record
TN:
SF:src/NFTMetadata/utils/FixedAssets.sol
FN:16,FixedAssetReader.readAsset
FN:20,FixedAssetReader.
FNDA:0,FixedAssetReader.readAsset
FNDA:0,FixedAssetReader.
FNF:2
FNH:0
BRDA:22,0,0,-
BRDA:22,0,1,-
BRF:2
BRH:0
DA:17,0
DA:21,0
DA:22,0
DA:23,0
DA:24,0
LF:5
LH:0
end_of_record
TN:
SF:src/NFTMetadata/utils/JSON.sol
FN:13,json.formattedMetadata
FN:28,json._xmlImage
FN:36,json._prop
FN:44,json._object
FN:57,json.encode
FNDA:0,json.encode
FNDA:0,json._object
FNDA:0,json._prop
FNDA:0,json.formattedMetadata
FNDA:0,json._xmlImage
FNF:5
FNH:0
BRDA:37,0,0,-
BRDA:37,0,1,-
BRF:2
BRH:0
DA:18,0
DA:29,0
DA:33,0
DA:37,0
DA:38,0
DA:40,0
DA:45,0
DA:62,0
DA:65,0
DA:73,0
DA:77,0
DA:80,0
DA:86,0
DA:88,0
DA:89,0
DA:99,0
DA:100,0
DA:102,0
DA:103,0
DA:105,0
DA:106,0
DA:108,0
DA:109,0
DA:115,0
DA:116,0
DA:117,0
DA:119,0
DA:122,0
LF:28
LH:0
end_of_record
TN:
SF:src/NFTMetadata/utils/SVG.sol
FN:16,svg.g
FN:20,svg._svg
FN:24,svg.style
FN:36,svg.path
FN:44,svg.text
FN:52,svg.line
FN:76,svg.circle
FN:88,svg.ellipse
FN:96,svg.polygon
FN:104,svg.polyline
FN:112,svg.rect
FN:116,svg.filter
FN:120,svg.cdata
FN:125,svg.radialGradient
FN:129,svg.linearGradient
FN:133,svg.gradientStop
FN:152,svg.animateTransform
FN:156,svg.animate
FN:171,svg.el
FN:180,svg.prop
FNDA:0,svg.el
FNDA:0,svg.animateTransform
FNDA:0,svg.cdata
FNDA:0,svg.linearGradient
FNDA:0,svg.rect
FNDA:0,svg.style
FNDA:0,svg.animate
FNDA:0,svg._svg
FNDA:0,svg.filter
FNDA:0,svg.prop
FNDA:0,svg.radialGradient
FNDA:0,svg.gradientStop
FNDA:0,svg.circle
FNDA:0,svg.path
FNDA:0,svg.text
FNDA:0,svg.polygon
FNDA:0,svg.line
FNDA:0,svg.polyline
FNDA:0,svg.ellipse
FNDA:0,svg.g
FNF:20
FNH:0
BRDA:181,0,0,-
BRDA:181,0,1,-
BRF:2
BRH:0
DA:17,0
DA:21,0
DA:25,0
DA:29,0
DA:33,0
DA:41,0
DA:45,0
DA:49,0
DA:53,0
DA:57,0
DA:61,0
DA:65,0
DA:73,0
DA:81,0
DA:85,0
DA:89,0
DA:93,0
DA:97,0
DA:101,0
DA:105,0
DA:109,0
DA:113,0
DA:117,0
DA:121,0
DA:126,0
DA:130,0
DA:138,0
DA:153,0
DA:157,0
DA:167,0
DA:172,0
DA:177,0
DA:181,0
DA:182,0
DA:184,0
LF:35
LH:0
end_of_record
TN:
SF:src/NFTMetadata/utils/Utils.sol
FN:7,numUtils.toLocale
FN:32,numUtils.toLocaleString
FN:54,utils.setCssVar
FN:59,utils.getCssVar
FN:64,utils.getDefURL
FN:69,utils.white_a
FN:74,utils.black_a
FN:79,utils.rgba
FN:98,utils.cssBraces
FN:132,utils.points
FN:159,utils.stringsEqual
FN:164,utils.utfStringLength
FN:188,utils.toString
FNDA:0,utils.white_a
FNDA:0,utils.setCssVar
FNDA:0,utils.getDefURL
FNDA:0,utils.toString
FNDA:0,utils.rgba
FNDA:0,utils.stringsEqual
FNDA:0,utils.points
FNDA:0,numUtils.toLocale
FNDA:0,utils.utfStringLength
FNDA:0,numUtils.toLocaleString
FNDA:0,utils.black_a
FNDA:0,utils.getCssVar
FNDA:0,utils.cssBraces
FNF:13
FNH:0
BRDA:22,1,0,-
BRDA:38,2,0,-
BRDA:99,0,0,-
BRDA:99,0,1,-
BRDA:114,1,0,-
BRDA:114,1,1,-
BRDA:133,2,0,-
BRDA:133,2,1,-
BRDA:169,3,0,-
BRDA:169,3,1,-
BRDA:171,4,0,-
BRDA:171,4,1,-
BRDA:173,5,0,-
BRDA:173,5,1,-
BRDA:175,6,0,-
BRDA:175,6,1,-
BRDA:192,7,0,-
BRDA:201,8,0,-
BRDA:201,8,1,-
BRDA:208,9,0,-
BRDA:214,10,0,-
BRF:21
BRH:0
DA:8,0
DA:9,0
DA:10,0
DA:12,0
DA:14,0
DA:16,0
DA:17,0
DA:18,0
DA:19,0
DA:20,0
DA:21,0
DA:22,0
DA:23,0
DA:24,0
DA:28,0
DA:33,0
DA:34,0
DA:36,0
DA:38,0
DA:39,0
DA:42,0
DA:44,0
DA:55,0
DA:60,0
DA:65,0
DA:70,0
DA:75,0
DA:80,0
DA:81,0
DA:95,0
DA:99,0
DA:101,0
DA:103,0
DA:105,0
DA:106,0
DA:109,0
DA:114,0
DA:116,0
DA:118,0
DA:120,0
DA:121,0
DA:126,0
DA:133,0
DA:135,0
DA:137,0
DA:139,0
DA:140,0
DA:149,0
DA:160,0
DA:165,0
DA:166,0
DA:168,0
DA:169,0
DA:170,0
DA:171,0
DA:172,0
DA:173,0
DA:174,0
DA:175,0
DA:176,0
DA:180,0
DA:183,0
DA:192,0
DA:193,0
DA:195,0
DA:196,0
DA:197,0
DA:198,0
DA:199,0
DA:201,0
DA:202,0
DA:204,0
DA:205,0
DA:207,0
DA:208,0
DA:209,0
DA:212,0
DA:213,0
DA:214,0
DA:215,0
DA:216,0
DA:220,0
LF:82
LH:0
end_of_record
TN:
SF:src/NFTMetadata/utils/baseSVG.sol
FN:11,baseSVG._svgProps
FN:20,baseSVG._baseElements
FN:37,baseSVG._styles
FN:49,baseSVG._leverageLogo
FN:62,baseSVG._boldLogo
FN:78,baseSVG._staticTextEls
FN:133,baseSVG._formattedDynamicEl
FN:147,baseSVG._formattedIdEl
FN:161,baseSVG._formattedAddressEl
FN:178,baseSVG._collLogo
FN:196,baseSVG._statusEl
FN:205,baseSVG._dynamicTextEls
FNDA:0,baseSVG._collLogo
FNDA:0,baseSVG._baseElements
FNDA:0,baseSVG._statusEl
FNDA:0,baseSVG._formattedDynamicEl
FNDA:0,baseSVG._dynamicTextEls
FNDA:0,baseSVG._formattedIdEl
FNDA:0,baseSVG._leverageLogo
FNDA:0,baseSVG._svgProps
FNDA:0,baseSVG._styles
FNDA:0,baseSVG._staticTextEls
FNDA:0,baseSVG._boldLogo
FNDA:0,baseSVG._formattedAddressEl
FNF:12
FNH:0
DA:12,0
DA:21,0
DA:38,0
DA:50,0
DA:63,0
DA:79,0
DA:134,0
DA:148,0
DA:162,0
DA:179,0
DA:197,0
DA:210,0
LF:12
LH:0
end_of_record
TN:
SF:src/NFTMetadata/utils/bauhaus.sol
FN:7,bauhaus._bauhaus
FN:11,bauhaus._circles
FN:29,bauhaus._rects
FNDA:0,bauhaus._bauhaus
FNDA:0,bauhaus._circles
FNDA:0,bauhaus._rects
FNF:3
FNH:0
DA:8,0
DA:12,0
DA:30,0
LF:3
LH:0
end_of_record
TN:
SF:src/PriceFeeds/CompositePriceFeed.sol
FN:19,CompositePriceFeed.
FN:47,CompositePriceFeed._fetchPrice
FN:75,CompositePriceFeed._getCanonicalRate
FNDA:0,CompositePriceFeed._getCanonicalRate
FNDA:0,CompositePriceFeed.
FNDA:0,CompositePriceFeed._fetchPrice
FNF:3
FNH:0
BRDA:31,0,0,-
BRDA:31,0,1,-
BRDA:44,1,0,-
BRDA:44,1,1,-
BRDA:53,2,0,-
BRDA:54,3,0,-
BRF:6
BRH:0
DA:28,0
DA:29,0
DA:30,0
DA:31,0
DA:34,0
DA:35,0
DA:36,0
DA:39,0
DA:41,0
DA:44,0
DA:48,0
DA:49,0
DA:53,0
DA:54,0
DA:57,0
DA:61,0
DA:64,0
DA:67,0
DA:69,0
DA:71,0
LF:20
LH:0
end_of_record
TN:
SF:src/PriceFeeds/ETHXPriceFeed.sol
FN:11,ETHXPriceFeed.
FN:29,ETHXPriceFeed._getCanonicalRate
FNDA:0,ETHXPriceFeed._getCanonicalRate
FNDA:0,ETHXPriceFeed.
FNF:2
FNH:0
DA:32,0
DA:36,0
DA:38,0
LF:3
LH:0
end_of_record
TN:
SF:src/PriceFeeds/MainnetPriceFeedBase.sol
FN:35,MainnetPriceFeedBase.
FN:38,MainnetPriceFeedBase.setAddresses
FN:47,MainnetPriceFeedBase.fetchPrice
FN:56,MainnetPriceFeedBase._fetchPrice
FN:58,MainnetPriceFeedBase._getOracleAnswer
FN:73,MainnetPriceFeedBase._disableFeedAndShutDown
FN:81,MainnetPriceFeedBase._getCurrentChainlinkResponse
FN:107,MainnetPriceFeedBase._isValidChainlinkPrice
FN:117,MainnetPriceFeedBase._scaleChainlinkPriceTo18decimals
FNDA:0,MainnetPriceFeedBase._getOracleAnswer
FNDA:0,MainnetPriceFeedBase._getCurrentChainlinkResponse
FNDA:0,MainnetPriceFeedBase.fetchPrice
FNDA:0,MainnetPriceFeedBase.
FNDA:0,MainnetPriceFeedBase._disableFeedAndShutDown
FNDA:0,MainnetPriceFeedBase.setAddresses
FNDA:0,MainnetPriceFeedBase._fetchPrice
FNDA:0,MainnetPriceFeedBase._isValidChainlinkPrice
FNDA:0,MainnetPriceFeedBase._scaleChainlinkPriceTo18decimals
FNF:9
FNH:0
BRDA:48,0,0,-
BRDA:64,1,0,-
BRDA:64,1,1,-
BRF:3
BRH:0
DA:39,0
DA:41,0
DA:48,0
DA:50,0
DA:59,0
DA:61,0
DA:62,0
DA:64,0
DA:65,0
DA:67,0
DA:70,0
DA:75,0
DA:77,0
DA:78,0
DA:87,0
DA:89,0
DA:91,0
DA:92,0
DA:93,0
DA:94,0
DA:96,0
DA:97,0
DA:99,0
DA:112,0
DA:113,0
DA:119,0
LF:26
LH:0
end_of_record
TN:
SF:src/PriceFeeds/OSETHPriceFeed.sol
FN:11,OSETHPriceFeed.
FN:29,OSETHPriceFeed._getCanonicalRate
FNDA:0,OSETHPriceFeed._getCanonicalRate
FNDA:0,OSETHPriceFeed.
FNF:2
FNH:0
DA:31,0
LF:1
LH:0
end_of_record
TN:
SF:src/PriceFeeds/RETHPriceFeed.sol
FN:11,RETHPriceFeed.
FN:29,RETHPriceFeed._getCanonicalRate
FNDA:0,RETHPriceFeed._getCanonicalRate
FNDA:0,RETHPriceFeed.
FNF:2
FNH:0
DA:31,0
LF:1
LH:0
end_of_record
TN:
SF:src/PriceFeeds/WETHPriceFeed.sol
FN:13,WETHPriceFeed.
FN:29,WETHPriceFeed._fetchPrice
FNDA:0,WETHPriceFeed._fetchPrice
FNDA:0,WETHPriceFeed.
FNF:2
FNH:0
BRDA:21,0,0,-
BRDA:21,0,1,-
BRDA:26,1,0,-
BRDA:26,1,1,-
BRDA:33,2,0,-
BRF:5
BRH:0
DA:16,0
DA:17,0
DA:18,0
DA:21,0
DA:23,0
DA:26,0
DA:30,0
DA:33,0
DA:35,0
DA:37,0
LF:10
LH:0
end_of_record
TN:
SF:src/PriceFeeds/WSTETHPriceFeed.sol
FN:13,WSTETHPriceFeed.
FN:34,WSTETHPriceFeed._fetchPrice
FNDA:0,WSTETHPriceFeed._fetchPrice
FNDA:0,WSTETHPriceFeed.
FNF:2
FNH:0
BRDA:26,0,0,-
BRDA:26,0,1,-
BRDA:31,1,0,-
BRDA:31,1,1,-
BRDA:39,2,0,-
BRF:5
BRH:0
DA:19,0
DA:20,0
DA:21,0
DA:23,0
DA:26,0
DA:28,0
DA:31,0
DA:35,0
DA:39,0
DA:42,0
DA:44,0
DA:46,0
LF:12
LH:0
end_of_record
TN:
SF:src/SortedTroves.sol
FN:81,SortedTroves.
FN:96,SortedTroves._insertSliceIntoVerifiedPosition
FN:105,SortedTroves._insertSlice
FN:129,SortedTroves.insert
FN:143,SortedTroves._removeSlice
FN:152,SortedTroves.remove
FN:162,SortedTroves._reInsertSlice
FN:190,SortedTroves.reInsert
FN:209,SortedTroves.insertIntoBatch
FN:242,SortedTroves.removeFromBatch
FN:271,SortedTroves.reInsertBatch
FN:286,SortedTroves.contains
FN:293,SortedTroves.isBatchedNode
FN:297,SortedTroves.isEmptyBatch
FN:304,SortedTroves.isEmpty
FN:311,SortedTroves.getSize
FN:318,SortedTroves.getFirst
FN:325,SortedTroves.getLast
FN:333,SortedTroves.getNext
FN:341,SortedTroves.getPrev
FN:351,SortedTroves.validInsertPosition
FN:360,SortedTroves._validInsertPosition
FN:381,SortedTroves._skipToBatchTail
FN:386,SortedTroves._skipToBatchHead
FN:391,SortedTroves._descendOne
FN:405,SortedTroves._ascendOne
FN:425,SortedTroves._descendList
FN:442,SortedTroves._ascendList
FN:453,SortedTroves._descendAndAscendList
FN:481,SortedTroves.findInsertPosition
FN:493,SortedTroves._findInsertPosition
FN:546,SortedTroves._requireCallerIsBOorTM
FN:553,SortedTroves._requireCallerIsBorrowerOperations
FNDA:0,SortedTroves.getNext
FNDA:5503,SortedTroves.isEmptyBatch
FNDA:0,SortedTroves.getSize
FNDA:42041,SortedTroves._insertSliceIntoVerifiedPosition
FNDA:4873,SortedTroves._skipToBatchHead
FNDA:30686,SortedTroves.insert
FNDA:40004,SortedTroves._insertSlice
FNDA:38655,SortedTroves._findInsertPosition
FNDA:53323,SortedTroves.getLast
FNDA:12258,SortedTroves._ascendOne
FNDA:47,SortedTroves.
FNDA:0,SortedTroves.contains
FNDA:16772,SortedTroves._removeSlice
FNDA:3649,SortedTroves.reInsert
FNDA:0,SortedTroves.validInsertPosition
FNDA:29192,SortedTroves._descendList
FNDA:4552,SortedTroves._reInsertSlice
FNDA:0,SortedTroves.findInsertPosition
FNDA:30,SortedTroves._descendAndAscendList
FNDA:33818,SortedTroves._skipToBatchTail
FNDA:9433,SortedTroves._ascendList
FNDA:15969,SortedTroves._requireCallerIsBOorTM
FNDA:10552,SortedTroves.insertIntoBatch
FNDA:0,SortedTroves.isEmpty
FNDA:60968,SortedTroves._descendOne
FNDA:44556,SortedTroves._validInsertPosition
FNDA:45790,SortedTroves._requireCallerIsBorrowerOperations
FNDA:0,SortedTroves.isBatchedNode
FNDA:0,SortedTroves.getFirst
FNDA:903,SortedTroves.reInsertBatch
FNDA:12291,SortedTroves.remove
FNDA:3678,SortedTroves.removeFromBatch
FNDA:109885,SortedTroves.getPrev
FNF:33
FNH:25
BRDA:113,0,0,34308
BRDA:131,1,0,-
BRDA:131,1,1,30686
BRDA:132,2,0,-
BRDA:132,2,1,30686
BRDA:154,3,0,-
BRDA:154,3,1,12291
BRDA:155,4,0,-
BRDA:155,4,1,12291
BRDA:170,5,0,4347
BRDA:177,6,0,803
BRDA:195,7,0,-
BRDA:195,7,1,3649
BRDA:196,8,0,-
BRDA:196,8,1,3649
BRDA:217,9,0,-
BRDA:217,9,1,10552
BRDA:218,10,0,-
BRDA:218,10,1,10552
BRDA:219,11,0,-
BRDA:219,11,1,10552
BRDA:223,12,0,9318
BRDA:223,12,1,1234
BRDA:246,13,0,-
BRDA:246,13,1,3678
BRDA:250,14,0,2956
BRDA:250,14,1,433
BRDA:253,15,0,289
BRDA:253,15,1,433
BRDA:255,16,0,418
BRDA:278,17,0,-
BRDA:278,17,1,903
BRDA:396,18,1,31755
BRDA:397,18,0,29213
BRDA:410,19,1,2816
BRDA:411,19,0,9442
BRDA:463,20,0,21
BRDA:467,21,0,9
BRDA:472,22,0,-
BRDA:472,22,1,-
BRDA:499,23,0,14761
BRDA:499,23,1,23894
BRDA:504,24,0,21671
BRDA:510,25,0,7406
BRDA:510,25,1,16488
BRDA:515,26,0,14431
BRDA:521,27,0,12398
BRDA:521,27,1,30
BRDA:528,28,0,2027
BRDA:528,28,1,30
BRDA:531,29,0,2033
BRDA:531,29,1,30
BRDA:547,30,0,-
BRDA:547,30,1,15969
BRDA:554,31,0,-
BRDA:554,31,1,45790
BRF:56
BRH:41
DA:83,47
DA:84,47
DA:86,47
DA:87,47
DA:89,47
DA:90,47
DA:99,42041
DA:100,42041
DA:101,42041
DA:102,42041
DA:113,40004
DA:116,34308
DA:119,40004
DA:130,30686
DA:131,30686
DA:132,30686
DA:134,30686
DA:135,30686
DA:136,30686
DA:144,16772
DA:145,16772
DA:153,12291
DA:154,12291
DA:155,12291
DA:157,12291
DA:158,12291
DA:159,12291
DA:170,4552
DA:173,4347
DA:177,4552
DA:178,803
DA:179,803
DA:194,3649
DA:195,3649
DA:196,3649
DA:198,3649
DA:216,10552
DA:217,10552
DA:218,10552
DA:219,10552
DA:221,10552
DA:223,10552
DA:224,9318
DA:226,9318
DA:229,1234
DA:232,10552
DA:233,10552
DA:234,10552
DA:235,10552
DA:243,3678
DA:244,3678
DA:246,3678
DA:248,3678
DA:250,3678
DA:252,2956
DA:253,722
DA:254,289
DA:255,433
DA:256,418
DA:259,3678
DA:260,3678
DA:261,3678
DA:275,903
DA:277,903
DA:278,903
DA:280,903
DA:287,97560
DA:294,15940
DA:298,5503
DA:305,0
DA:312,0
DA:319,0
DA:326,53323
DA:334,0
DA:342,109885
DA:357,0
DA:366,44556
DA:369,44556
DA:382,33818
DA:383,33818
DA:387,4873
DA:388,4873
DA:396,60968
DA:397,29213
DA:398,29213
DA:400,31755
DA:401,31755
DA:410,12258
DA:411,9442
DA:412,9442
DA:414,2816
DA:415,2816
DA:430,29192
DA:432,60937
DA:433,29192
DA:447,9433
DA:449,12248
DA:450,9433
DA:459,30
DA:460,30
DA:463,31
DA:464,21
DA:467,10
DA:468,9
DA:472,0
DA:487,0
DA:499,38655
DA:502,14761
DA:504,23894
DA:506,21671
DA:510,23894
DA:513,7406
DA:515,16488
DA:517,14431
DA:521,16488
DA:527,12398
DA:528,4090
DA:530,2027
DA:531,2063
DA:533,2033
DA:538,30
DA:547,15969
DA:554,45790
LF:123
LH:116
end_of_record
TN:
SF:src/StabilityPool.sol
FN:210,StabilityPool.
FN:223,StabilityPool.getCollBalance
FN:227,StabilityPool.getTotalBoldDeposits
FN:231,StabilityPool.getYieldGainsOwed
FN:243,StabilityPool.provideToSP
FN:277,StabilityPool._getYieldToKeepOrSend
FN:299,StabilityPool.withdrawFromSP
FN:332,StabilityPool._getNewStashedCollAndCollToSend
FN:347,StabilityPool.claimAllCollGains
FN:364,StabilityPool.triggerBoldRewards
FN:384,StabilityPool.offset
FN:414,StabilityPool._moveOffsetCollAndDebt
FN:431,StabilityPool._updateTotalBoldDeposits
FN:438,StabilityPool._decreaseYieldGainsOwed
FN:451,StabilityPool.getDepositorCollGain
FN:477,StabilityPool.getDepositorYieldGain
FN:503,StabilityPool.getDepositorYieldGainWithPending
FN:531,StabilityPool.getCompoundedBoldDeposit
FN:558,StabilityPool._sendCollGainToDepositor
FN:569,StabilityPool._sendBoldtoDepositor
FN:576,StabilityPool._updateDepositAndSnapshots
FN:615,StabilityPool._requireCallerIsActivePool
FN:619,StabilityPool._requireCallerIsTroveManager
FN:623,StabilityPool._requireUserHasDeposit
FN:627,StabilityPool._requireUserHasNoDeposit
FN:632,StabilityPool._requireNonZeroAmount
FNDA:65917,StabilityPool._updateDepositAndSnapshots
FNDA:53258,StabilityPool.getDepositorYieldGain
FNDA:67053,StabilityPool.claimAllCollGains
FNDA:6059,StabilityPool._requireCallerIsTroveManager
FNDA:4,StabilityPool.getYieldGainsOwed
FNDA:65917,StabilityPool._getNewStashedCollAndCollToSend
FNDA:65917,StabilityPool._sendBoldtoDepositor
FNDA:65917,StabilityPool._getYieldToKeepOrSend
FNDA:78721,StabilityPool.provideToSP
FNDA:66344,StabilityPool._requireUserHasDeposit
FNDA:17804,StabilityPool.getCollBalance
FNDA:6059,StabilityPool._moveOffsetCollAndDebt
FNDA:145065,StabilityPool.getDepositorYieldGainWithPending
FNDA:185630,StabilityPool.getCompoundedBoldDeposit
FNDA:81730,StabilityPool._requireCallerIsActivePool
FNDA:81730,StabilityPool.triggerBoldRewards
FNDA:47,StabilityPool.
FNDA:65917,StabilityPool._decreaseYieldGainsOwed
FNDA:67053,StabilityPool._requireUserHasNoDeposit
FNDA:66344,StabilityPool.withdrawFromSP
FNDA:65920,StabilityPool._sendCollGainToDepositor
FNDA:198323,StabilityPool.getDepositorCollGain
FNDA:230191,StabilityPool.getTotalBoldDeposits
FNDA:137964,StabilityPool._requireNonZeroAmount
FNDA:71976,StabilityPool._updateTotalBoldDeposits
FNDA:6059,StabilityPool.offset
FNF:26
FNH:26
BRDA:281,0,0,39380
BRDA:281,0,1,26537
BRDA:337,1,0,39380
BRDA:337,1,1,26537
BRDA:392,3,0,748
BRDA:392,3,1,5311
BRDA:516,9,0,21076
BRDA:547,12,0,90489
BRDA:547,12,1,-
BRDA:580,15,0,682
BRDA:616,16,0,-
BRDA:616,16,1,81730
BRDA:620,17,0,-
BRDA:620,17,1,6059
BRDA:624,18,0,59011
BRDA:624,18,1,7333
BRDA:629,19,0,7810
BRDA:629,19,1,59243
BRDA:633,20,0,79377
BRDA:633,20,1,58587
BRF:20
BRH:17
DA:211,47
DA:212,47
DA:213,47
DA:214,47
DA:216,47
DA:217,47
DA:218,47
DA:224,17804
DA:228,230191
DA:232,4
DA:244,78721
DA:246,58584
DA:248,58584
DA:250,58584
DA:251,58584
DA:252,58584
DA:253,58584
DA:254,58584
DA:255,58584
DA:256,58584
DA:258,58584
DA:269,58584
DA:270,58584
DA:271,58584
DA:272,58584
DA:273,58584
DA:274,58584
DA:278,65917
DA:279,65917
DA:281,39380
DA:282,39380
DA:283,39380
DA:285,26537
DA:286,26537
DA:289,65917
DA:300,66344
DA:301,66344
DA:303,7333
DA:305,7333
DA:306,7333
DA:307,7333
DA:308,7333
DA:309,7333
DA:310,7333
DA:311,7333
DA:312,7333
DA:314,7333
DA:325,7333
DA:326,7333
DA:327,7333
DA:328,7333
DA:329,7333
DA:337,39380
DA:338,39380
DA:339,39380
DA:341,26537
DA:342,26537
DA:348,67053
DA:350,59243
DA:352,59243
DA:353,59243
DA:354,3
DA:356,3
DA:357,3
DA:359,3
DA:365,81730
DA:369,81730
DA:371,34570
DA:373,34570
DA:374,34570
DA:385,6059
DA:387,6059
DA:388,6059
DA:390,6059
DA:392,6059
DA:393,748
DA:395,748
DA:396,748
DA:398,748
DA:399,748
DA:401,5351
DA:402,40
DA:403,40
DA:406,5311
DA:409,6059
DA:411,6059
DA:416,6059
DA:419,6059
DA:422,6059
DA:423,6059
DA:426,6059
DA:428,6059
DA:432,71976
DA:433,71643
DA:434,71643
DA:435,71643
DA:439,65917
DA:440,13028
DA:441,13028
DA:452,264240
DA:453,264240
DA:455,100112
DA:462,100112
DA:463,100112
DA:465,100112
DA:466,100112
DA:468,100112
DA:469,400448
DA:470,400448
DA:473,100112
DA:474,100112
DA:478,119175
DA:479,119175
DA:481,76124
DA:488,76124
DA:489,76124
DA:491,76124
DA:492,76124
DA:494,76124
DA:495,304496
DA:496,304496
DA:499,76124
DA:500,76124
DA:504,145065
DA:505,145065
DA:507,23988
DA:509,23988
DA:510,23988
DA:511,23988
DA:513,23988
DA:514,119940
DA:516,119940
DA:517,21076
DA:521,23988
DA:522,23988
DA:532,251547
DA:533,251547
DA:535,91273
DA:538,91273
DA:540,90489
DA:541,90489
DA:547,90489
DA:548,90489
DA:550,0
DA:553,90489
DA:559,65920
DA:561,6598
DA:562,6598
DA:563,6598
DA:564,6598
DA:565,6598
DA:570,65917
DA:571,15240
DA:577,65917
DA:578,65917
DA:580,65917
DA:581,682
DA:582,682
DA:583,682
DA:586,65235
DA:587,65235
DA:588,65235
DA:591,65235
DA:592,65235
DA:595,65235
DA:596,65235
DA:597,65235
DA:598,65235
DA:599,65235
DA:601,65235
DA:616,81730
DA:620,6059
DA:624,66344
DA:628,67053
DA:629,67053
DA:633,137964
LF:176
LH:175
end_of_record
TN:
SF:src/TroveManager.sol
FN:178,TroveManager.
FN:207,TroveManager.getTroveIdsCount
FN:211,TroveManager.getTroveFromTroveIdsArray
FN:220,TroveManager._liquidate
FN:319,TroveManager._getCollGasCompensation
FN:326,TroveManager._getOffsetAndRedistributionVals
FN:376,TroveManager._getCollPenaltyAndSurplus
FN:395,TroveManager.batchLiquidateTroves
FN:451,TroveManager._isLiquidatableStatus
FN:455,TroveManager._batchLiquidateTroves
FN:489,TroveManager._addLiquidationValuesToTotals
FN:510,TroveManager._sendGasCompensation
FN:521,TroveManager._movePendingTroveRewardsToActivePool
FN:533,TroveManager._applySingleRedemption
FN:628,TroveManager._redeemCollateralFromTrove
FN:661,TroveManager._updateBatchInterestPriorToRedemption
FN:709,TroveManager.redeemCollateral
FN:785,TroveManager._urgentRedeemCollateralFromTrove
FN:813,TroveManager.urgentRedemption
FN:865,TroveManager.shutdown
FN:874,TroveManager.getCurrentICR
FN:880,TroveManager._updateTroveRewardSnapshots
FN:886,TroveManager._getLatestTroveData
FN:912,TroveManager._getLatestTroveDataFromBatch
FN:947,TroveManager.getLatestTroveData
FN:951,TroveManager.getTroveAnnualInterestRate
FN:964,TroveManager._getBatchManager
FN:969,TroveManager._getLatestBatchData
FN:990,TroveManager.getLatestBatchData
FN:995,TroveManager._updateStakeAndTotalStakes
FN:1004,TroveManager._computeNewStake
FN:1021,TroveManager._redistributeDebtAndColl
FN:1062,TroveManager._updateSystemSnapshots_excludeCollRemainder
FN:1074,TroveManager._removeTroveId
FN:1088,TroveManager.getTroveStatus
FN:1094,TroveManager._getInterestPeriod
FN:1110,TroveManager._requireCallerIsBorrowerOperations
FN:1116,TroveManager._requireCallerIsCollateralRegistry
FN:1122,TroveManager._requireMoreThanOneTroveInSystem
FN:1128,TroveManager._requireIsShutDown
FN:1134,TroveManager._requireBoldBalanceCoversRedemption
FN:1146,TroveManager.getUnbackedPortionPriceAndRedeemability
FN:1160,TroveManager.onOpenTrove
FN:1210,TroveManager.onOpenTroveAndJoinBatch
FN:1276,TroveManager.setTroveStatusToActive
FN:1281,TroveManager.onAdjustTroveInterestRate
FN:1324,TroveManager.onAdjustTrove
FN:1362,TroveManager.onCloseTrove
FN:1409,TroveManager._closeTrove
FN:1461,TroveManager.onAdjustTroveInsideBatch
FN:1515,TroveManager.onApplyTroveInterest
FN:1573,TroveManager.onRegisterBatchManager
FN:1596,TroveManager.onLowerBatchManagerAnnualFee
FN:1620,TroveManager.onSetBatchManagerAnnualInterestRate
FN:1645,TroveManager.onSetInterestBatchManager
FN:1704,TroveManager._updateBatchShares
FN:1773,TroveManager.onRemoveFromBatch
FN:1835,TroveManager._removeTroveSharesFromBatch
FNDA:10492,TroveManager._closeTrove
FNDA:66437,TroveManager.batchLiquidateTroves
FNDA:62024,TroveManager._batchLiquidateTroves
FNDA:999,TroveManager.onAdjustTroveInsideBatch
FNDA:807081,TroveManager.getLatestBatchData
FNDA:13373,TroveManager._getCollGasCompensation
FNDA:8267,TroveManager._liquidate
FNDA:6222,TroveManager._sendGasCompensation
FNDA:2826,TroveManager._removeTroveSharesFromBatch
FNDA:2430,TroveManager.shutdown
FNDA:921501,TroveManager._getLatestBatchData
FNDA:2225,TroveManager.onCloseTrove
FNDA:8484,TroveManager._removeTroveId
FNDA:0,TroveManager.getCurrentICR
FNDA:113826,TroveManager._updateTroveRewardSnapshots
FNDA:2180,TroveManager.onSetInterestBatchManager
FNDA:143,TroveManager.setTroveStatusToActive
FNDA:3649,TroveManager.onAdjustTroveInterestRate
FNDA:10492,TroveManager._requireMoreThanOneTroveInSystem
FNDA:1221789,TroveManager._getLatestTroveData
FNDA:53323,TroveManager.redeemCollateral
FNDA:1704,TroveManager.onRemoveFromBatch
FNDA:5503,TroveManager.onSetBatchManagerAnnualInterestRate
FNDA:131447,TroveManager.getUnbackedPortionPriceAndRedeemability
FNDA:59026,TroveManager._applySingleRedemption
FNDA:54453,TroveManager.getTroveAnnualInterestRate
FNDA:1000716,TroveManager.getLatestTroveData
FNDA:2660,TroveManager.onAdjustTrove
FNDA:3999,TroveManager._requireBoldBalanceCoversRedemption
FNDA:6216,TroveManager._urgentRedeemCollateralFromTrove
FNDA:62685,TroveManager._updateStakeAndTotalStakes
FNDA:10725,TroveManager._updateBatchInterestPriorToRedemption
FNDA:1343535,TroveManager._getBatchManager
FNDA:10026,TroveManager.onLowerBatchManagerAnnualFee
FNDA:91841,TroveManager._getLatestTroveDataFromBatch
FNDA:6519,TroveManager.onApplyTroveInterest
FNDA:28749,TroveManager.onOpenTrove
FNDA:386856,TroveManager.getTroveStatus
FNDA:10270,TroveManager._getCollPenaltyAndSurplus
FNDA:64252,TroveManager.urgentRedemption
FNDA:2051449,TroveManager._getInterestPeriod
FNDA:6222,TroveManager._updateSystemSnapshots_excludeCollRemainder
FNDA:242144,TroveManager._isLiquidatableStatus
FNDA:8267,TroveManager._getOffsetAndRedistributionVals
FNDA:8340,TroveManager.onOpenTroveAndJoinBatch
FNDA:64252,TroveManager._requireIsShutDown
FNDA:53323,TroveManager._requireCallerIsCollateralRegistry
FNDA:45011,TroveManager.onRegisterBatchManager
FNDA:24289,TroveManager._updateBatchShares
FNDA:99774,TroveManager._computeNewStake
FNDA:6441,TroveManager._addLiquidationValuesToTotals
FNDA:52810,TroveManager._redeemCollateralFromTrove
FNDA:13553,TroveManager.getTroveIdsCount
FNDA:0,TroveManager.getTroveFromTroveIdsArray
FNDA:120138,TroveManager._requireCallerIsBorrowerOperations
FNDA:87047,TroveManager._movePendingTroveRewardsToActivePool
FNDA:6223,TroveManager._redistributeDebtAndColl
FNDA:47,TroveManager.
FNF:58
FNH:56
BRDA:234,0,0,1020
BRDA:263,1,0,491
BRDA:263,1,1,491
BRDA:279,2,0,5204
BRDA:353,3,0,7456
BRDA:362,4,0,2828
BRDA:364,5,0,2814
BRDA:383,6,0,5614
BRDA:383,6,1,4656
BRDA:396,7,0,9519
BRDA:413,8,0,53975
BRDA:420,9,0,6059
BRDA:427,10,0,5197
BRDA:473,12,0,8267
BRDA:511,13,0,6222
BRDA:515,14,0,6215
BRDA:522,15,0,700
BRDA:526,16,0,700
BRDA:544,17,0,10834
BRDA:544,17,1,10834
BRDA:589,18,0,10834
BRDA:589,18,1,48192
BRDA:651,19,0,3901
BRDA:653,20,0,817
BRDA:653,20,1,3084
BRDA:731,21,0,22271
BRDA:737,22,0,1007
BRDA:747,23,0,10365
BRDA:799,24,0,58
BRDA:830,25,0,360
BRDA:849,27,0,-
BRDA:889,28,0,91841
BRDA:929,29,0,89715
BRDA:954,30,0,8613
BRDA:1006,31,0,92481
BRDA:1006,31,1,7293
BRDA:1095,33,0,1936080
BRDA:1095,33,1,22639
BRDA:1098,34,0,92730
BRDA:1098,34,1,22639
BRDA:1111,35,0,-
BRDA:1117,36,0,-
BRDA:1123,37,0,2008
BRDA:1129,38,0,60253
BRDA:1139,39,0,-
BRDA:1396,40,0,631
BRDA:1427,41,0,1122
BRDA:1427,41,1,7027
BRDA:1428,42,0,1035
BRDA:1442,43,0,7027
BRDA:1528,44,0,1936
BRDA:1528,44,1,4583
BRDA:1717,45,0,10914
BRDA:1717,45,1,13375
BRDA:1724,46,0,2344
BRDA:1724,46,1,11031
BRDA:1727,47,0,10914
BRDA:1727,47,1,11031
BRDA:1729,48,0,9263
BRDA:1729,48,1,1651
BRDA:1738,49,0,11031
BRDA:1753,50,0,11144
BRDA:1753,50,1,13145
BRDA:1760,51,0,2694
BRDA:1760,51,1,10451
BRDA:1763,52,0,11144
BRDA:1763,52,1,10451
BRDA:1766,53,0,10451
BRF:68
BRH:64
DA:179,47
DA:180,47
DA:181,47
DA:182,47
DA:183,47
DA:185,47
DA:186,47
DA:187,47
DA:188,47
DA:189,47
DA:190,47
DA:191,47
DA:192,47
DA:193,47
DA:195,47
DA:196,47
DA:197,47
DA:198,47
DA:199,47
DA:200,47
DA:201,47
DA:202,47
DA:208,13553
DA:212,0
DA:228,8267
DA:230,8267
DA:231,8267
DA:232,8267
DA:233,8267
DA:234,1020
DA:236,8267
DA:238,8267
DA:239,8267
DA:241,8267
DA:249,8267
DA:250,8267
DA:251,8267
DA:252,8267
DA:253,8267
DA:254,8267
DA:263,491
DA:264,491
DA:266,491
DA:268,491
DA:269,491
DA:271,491
DA:273,491
DA:275,5950
DA:279,6441
DA:280,5204
DA:284,6441
DA:286,6441
DA:296,6441
DA:307,6441
DA:320,13373
DA:342,8267
DA:353,8267
DA:354,7456
DA:355,7456
DA:356,7456
DA:361,8267
DA:362,8267
DA:363,2828
DA:364,2828
DA:365,2814
DA:382,10270
DA:383,10270
DA:384,5614
DA:385,5614
DA:387,4656
DA:388,4656
DA:396,71543
DA:397,9519
DA:400,62024
DA:401,62024
DA:402,62024
DA:404,62024
DA:405,62024
DA:407,62024
DA:408,62024
DA:411,62024
DA:413,60198
DA:414,53975
DA:417,6223
DA:420,6223
DA:421,6059
DA:424,6223
DA:427,6222
DA:428,5197
DA:432,6222
DA:434,6222
DA:448,6222
DA:452,242144
DA:463,62024
DA:465,62024
DA:466,242144
DA:469,242144
DA:471,33687
DA:473,33687
DA:474,8267
DA:475,8267
DA:477,8267
DA:478,6441
DA:481,6441
DA:496,6441
DA:497,6441
DA:498,6441
DA:499,6441
DA:500,6441
DA:501,6441
DA:502,6441
DA:503,6441
DA:504,6441
DA:505,6441
DA:506,6441
DA:507,6441
DA:511,6222
DA:512,6222
DA:515,6222
DA:516,6215
DA:522,87047
DA:523,700
DA:526,87047
DA:527,700
DA:539,59026
DA:540,59026
DA:542,59026
DA:544,10834
DA:545,10834
DA:547,10834
DA:549,10834
DA:550,10834
DA:553,10834
DA:554,10834
DA:555,10834
DA:556,10834
DA:557,10834
DA:559,10834
DA:561,10834
DA:564,10834
DA:566,10834
DA:568,10834
DA:576,48192
DA:577,48192
DA:578,48192
DA:579,48192
DA:580,48192
DA:583,59026
DA:584,59026
DA:587,59026
DA:589,10834
DA:590,10834
DA:600,48192
DA:611,59026
DA:622,59026
DA:624,59026
DA:635,52810
DA:638,52810
DA:641,52810
DA:643,52810
DA:645,52810
DA:647,52810
DA:648,52810
DA:651,52810
DA:652,3901
DA:653,817
DA:654,817
DA:656,3084
DA:662,10725
DA:663,10725
DA:664,10725
DA:665,10725
DA:667,10725
DA:668,10725
DA:669,10725
DA:670,10725
DA:671,10725
DA:672,10725
DA:675,10725
DA:677,10725
DA:716,53323
DA:718,53323
DA:719,53323
DA:721,53323
DA:722,53323
DA:724,53323
DA:726,53323
DA:727,53323
DA:728,53323
DA:731,53323
DA:732,107140
DA:733,53817
DA:735,53817
DA:737,53817
DA:738,1007
DA:739,1007
DA:744,52810
DA:746,52810
DA:747,10365
DA:748,10365
DA:749,10365
DA:752,52810
DA:754,52810
DA:755,52810
DA:756,52810
DA:760,52810
DA:761,52810
DA:762,52810
DA:764,52810
DA:765,52810
DA:771,53323
DA:775,53323
DA:778,53323
DA:781,53323
DA:791,6216
DA:794,6216
DA:797,6216
DA:799,6216
DA:800,58
DA:801,58
DA:805,6216
DA:806,6216
DA:814,64252
DA:815,3999
DA:817,3999
DA:818,3999
DA:820,3999
DA:822,3999
DA:823,3999
DA:824,6216
DA:825,6216
DA:829,6216
DA:830,6216
DA:831,360
DA:834,6216
DA:836,6216
DA:837,6216
DA:838,6216
DA:842,6216
DA:843,6216
DA:845,6216
DA:846,6216
DA:849,3999
DA:850,0
DA:853,3999
DA:857,3999
DA:860,3999
DA:862,3999
DA:866,2430
DA:867,2430
DA:868,2430
DA:875,87504
DA:876,87504
DA:877,87504
DA:881,113826
DA:882,113826
DA:888,1221789
DA:889,1221789
DA:890,91841
DA:891,91841
DA:892,91841
DA:893,91841
DA:896,1129948
DA:897,1129948
DA:898,1129948
DA:900,1129948
DA:901,1129948
DA:902,1129948
DA:904,1129948
DA:905,1129948
DA:907,1129948
DA:908,1129948
DA:909,1129948
DA:918,91841
DA:919,91841
DA:920,91841
DA:921,91841
DA:923,91841
DA:925,91841
DA:927,91841
DA:929,91841
DA:930,89715
DA:931,89715
DA:933,89715
DA:934,89715
DA:937,91841
DA:940,91841
DA:942,91841
DA:943,91841
DA:948,1000716
DA:952,54453
DA:953,54453
DA:954,54453
DA:955,8613
DA:957,45840
DA:961,1289082
DA:965,54453
DA:970,921501
DA:972,921501
DA:973,921501
DA:974,921501
DA:975,921501
DA:976,921501
DA:977,921501
DA:978,921501
DA:980,921501
DA:983,921501
DA:985,921501
DA:986,921501
DA:987,921501
DA:991,807081
DA:996,62685
DA:997,62685
DA:998,62685
DA:1000,62685
DA:1005,99774
DA:1006,99774
DA:1007,92481
DA:1016,7293
DA:1018,99774
DA:1027,6223
DA:1040,908
DA:1041,908
DA:1044,908
DA:1045,907
DA:1047,907
DA:1048,907
DA:1051,907
DA:1052,907
DA:1054,907
DA:1055,907
DA:1063,6222
DA:1065,6222
DA:1066,6222
DA:1067,6222
DA:1075,8484
DA:1076,8484
DA:1080,8484
DA:1082,8484
DA:1083,8484
DA:1085,8484
DA:1089,386856
DA:1095,2051449
DA:1097,1936080
DA:1098,115369
DA:1100,92730
DA:1104,22639
DA:1111,120138
DA:1112,0
DA:1117,53323
DA:1118,0
DA:1123,10492
DA:1124,2008
DA:1129,64252
DA:1130,60253
DA:1138,3999
DA:1139,3999
DA:1140,0
DA:1147,131447
DA:1148,131447
DA:1149,131447
DA:1151,131447
DA:1153,131447
DA:1155,131447
DA:1163,28749
DA:1165,28749
DA:1168,28749
DA:1169,28749
DA:1170,28749
DA:1171,28749
DA:1172,28749
DA:1173,28749
DA:1174,28749
DA:1175,28749
DA:1178,28749
DA:1180,28749
DA:1181,28749
DA:1184,28749
DA:1186,28749
DA:1188,28749
DA:1198,28749
DA:1218,8340
DA:1221,8340
DA:1224,8340
DA:1225,8340
DA:1226,8340
DA:1227,8340
DA:1228,8340
DA:1229,8340
DA:1231,8340
DA:1234,8340
DA:1236,8340
DA:1238,8340
DA:1239,8340
DA:1242,8340
DA:1244,8340
DA:1254,8340
DA:1265,8340
DA:1277,143
DA:1278,143
DA:1288,3649
DA:1290,3649
DA:1291,3649
DA:1292,3649
DA:1293,3649
DA:1294,3649
DA:1296,3649
DA:1300,3649
DA:1302,3649
DA:1312,3649
DA:1327,2660
DA:1329,2660
DA:1330,2660
DA:1331,2660
DA:1333,2660
DA:1337,2660
DA:1338,2660
DA:1340,2660
DA:1350,2660
DA:1369,2225
DA:1370,2225
DA:1371,2043
DA:1375,2043
DA:1385,2043
DA:1396,2043
DA:1397,631
DA:1419,10492
DA:1420,10492
DA:1422,8484
DA:1424,8484
DA:1427,8484
DA:1428,1122
DA:1429,1035
DA:1432,1122
DA:1442,7362
DA:1443,7027
DA:1447,8484
DA:1448,8484
DA:1451,8484
DA:1452,8484
DA:1455,8484
DA:1458,8484
DA:1469,999
DA:1472,999
DA:1473,999
DA:1474,999
DA:1477,999
DA:1479,999
DA:1483,999
DA:1493,999
DA:1504,999
DA:1524,6519
DA:1526,6519
DA:1528,6519
DA:1529,1936
DA:1531,1936
DA:1541,4583
DA:1542,4583
DA:1545,6519
DA:1549,6519
DA:1551,6519
DA:1561,6519
DA:1576,45011
DA:1578,45011
DA:1579,45011
DA:1580,45011
DA:1581,45011
DA:1583,45011
DA:1585,45011
DA:1602,10026
DA:1604,10026
DA:1605,10026
DA:1606,10026
DA:1607,10026
DA:1609,10026
DA:1626,5503
DA:1628,5503
DA:1629,5503
DA:1630,5503
DA:1631,5503
DA:1632,5503
DA:1634,5503
DA:1646,2180
DA:1647,2180
DA:1651,2180
DA:1654,2180
DA:1655,2180
DA:1656,2180
DA:1657,2180
DA:1659,2180
DA:1660,2180
DA:1662,2180
DA:1663,2180
DA:1664,2180
DA:1668,2180
DA:1672,2180
DA:1682,2180
DA:1693,2180
DA:1712,24289
DA:1713,24289
DA:1714,24289
DA:1715,24289
DA:1716,24289
DA:1717,24289
DA:1718,10914
DA:1720,13375
DA:1721,13375
DA:1724,24289
DA:1725,2344
DA:1727,21945
DA:1729,10914
DA:1730,9263
DA:1732,1651
DA:1735,10914
DA:1736,10914
DA:1737,10914
DA:1738,11031
DA:1740,11031
DA:1742,11031
DA:1743,11031
DA:1744,11031
DA:1748,24289
DA:1751,24289
DA:1752,24289
DA:1753,24289
DA:1754,11144
DA:1756,13145
DA:1757,13145
DA:1760,24289
DA:1761,2694
DA:1763,21595
DA:1765,11144
DA:1766,10451
DA:1768,10451
DA:1783,1704
DA:1787,1704
DA:1792,1704
DA:1793,1704
DA:1794,1704
DA:1795,1704
DA:1796,1704
DA:1798,1704
DA:1799,1704
DA:1803,1704
DA:1813,1704
DA:1824,1704
DA:1847,2826
DA:1851,2826
DA:1852,2826
DA:1854,2826
DA:1855,2826
DA:1856,2826
DA:1857,2826
DA:1859,2826
DA:1860,2826
LF:555
LH:550
end_of_record
TN:
SF:src/TroveNFT.sol
FN:22,TroveNFT.
FN:33,TroveNFT.tokenURI
FN:50,TroveNFT.mint
FN:55,TroveNFT.burn
FN:60,TroveNFT._requireCallerIsTroveManager
FNDA:37089,TroveNFT.mint
FNDA:47,TroveNFT.
FNDA:0,TroveNFT.tokenURI
FNDA:45573,TroveNFT._requireCallerIsTroveManager
FNDA:8484,TroveNFT.burn
FNF:5
FNH:4
BRDA:61,0,0,-
BRDA:61,0,1,45573
BRF:2
BRH:1
DA:28,47
DA:29,47
DA:30,47
DA:34,0
DA:35,0
DA:37,0
DA:47,0
DA:51,37089
DA:52,37089
DA:56,8484
DA:57,8484
DA:61,45573
LF:12
LH:8
end_of_record
TN:
SF:src/Zappers/GasCompZapper.sol
FN:24,GasCompZapper.
FN:54,GasCompZapper.openTroveWithRawETH
FN:99,GasCompZapper.addColl
FN:113,GasCompZapper.withdrawColl
FN:123,GasCompZapper.withdrawBold
FN:133,GasCompZapper.repayBold
FN:143,GasCompZapper.adjustTroveWithRawETH
FN:158,GasCompZapper.adjustUnredeemableTroveWithRawETH
FN:175,GasCompZapper._adjustTrovePre
FN:209,GasCompZapper._adjustTrovePost
FN:227,GasCompZapper.closeTroveToRawETH
FNDA:0,GasCompZapper.addColl
FNDA:0,GasCompZapper.adjustTroveWithRawETH
FNDA:0,GasCompZapper.closeTroveToRawETH
FNDA:0,GasCompZapper.withdrawBold
FNDA:0,GasCompZapper.adjustUnredeemableTroveWithRawETH
FNDA:27,GasCompZapper.
FNDA:0,GasCompZapper._adjustTrovePre
FNDA:0,GasCompZapper.withdrawColl
FNDA:0,GasCompZapper._adjustTrovePost
FNDA:0,GasCompZapper.repayBold
FNDA:0,GasCompZapper.openTroveWithRawETH
FNF:11
FNH:1
BRDA:30,0,0,-
BRDA:30,0,1,27
BRDA:55,1,0,-
BRDA:55,1,1,-
BRDA:185,2,0,-
BRDA:189,3,0,-
BRDA:194,4,0,-
BRDA:202,5,0,-
BRDA:217,6,0,-
BRDA:222,7,0,-
BRDA:243,8,0,-
BRDA:243,8,1,-
BRF:12
BRH:1
DA:25,27
DA:26,27
DA:27,27
DA:28,27
DA:29,27
DA:30,27
DA:55,0
DA:57,0
DA:58,0
DA:59,0
DA:60,0
DA:63,0
DA:66,0
DA:69,0
DA:70,0
DA:72,0
DA:88,0
DA:91,0
DA:92,0
DA:94,0
DA:100,0
DA:101,0
DA:103,0
DA:106,0
DA:107,0
DA:108,0
DA:110,0
DA:114,0
DA:115,0
DA:117,0
DA:120,0
DA:124,0
DA:125,0
DA:127,0
DA:130,0
DA:134,0
DA:135,0
DA:138,0
DA:140,0
DA:151,0
DA:152,0
DA:155,0
DA:168,0
DA:169,0
DA:172,0
DA:182,0
DA:183,0
DA:185,0
DA:186,0
DA:189,0
DA:190,0
DA:194,0
DA:195,0
DA:196,0
DA:197,0
DA:202,0
DA:203,0
DA:206,0
DA:217,0
DA:218,0
DA:222,0
DA:223,0
DA:228,0
DA:229,0
DA:232,0
DA:233,0
DA:235,0
DA:238,0
DA:241,0
DA:242,0
DA:243,0
LF:71
LH:6
end_of_record
TN:
SF:src/Zappers/LeverageLSTZapper.sol
FN:26,LeverageLSTZapper.
FN:55,LeverageLSTZapper.openLeveragedTroveWithRawETH
FN:76,LeverageLSTZapper.receiveFlashLoanOnOpenLeveragedTrove
FN:117,LeverageLSTZapper.leverUpTrove
FN:132,LeverageLSTZapper.receiveFlashLoanOnLeverUpTrove
FN:158,LeverageLSTZapper.leverDownTrove
FN:173,LeverageLSTZapper.receiveFlashLoanOnLeverDownTrove
FN:200,LeverageLSTZapper.leverageRatioToCollateralRatio
FNDA:0,LeverageLSTZapper.leverUpTrove
FNDA:0,LeverageLSTZapper.openLeveragedTroveWithRawETH
FNDA:0,LeverageLSTZapper.receiveFlashLoanOnLeverUpTrove
FNDA:0,LeverageLSTZapper.receiveFlashLoanOnOpenLeveragedTrove
FNDA:0,LeverageLSTZapper.leverDownTrove
FNDA:0,LeverageLSTZapper.receiveFlashLoanOnLeverDownTrove
FNDA:0,LeverageLSTZapper.
FNDA:0,LeverageLSTZapper.leverageRatioToCollateralRatio
FNF:8
FNH:0
BRDA:56,0,0,-
BRDA:56,0,1,-
BRDA:80,1,0,-
BRDA:80,1,1,-
BRDA:135,2,0,-
BRDA:135,2,1,-
BRDA:176,3,0,-
BRDA:176,3,1,-
BRF:8
BRH:0
DA:30,0
DA:31,0
DA:32,0
DA:34,0
DA:36,0
DA:37,0
DA:40,0
DA:41,0
DA:43,0
DA:45,0
DA:56,0
DA:59,0
DA:61,0
DA:63,0
DA:66,0
DA:80,0
DA:82,0
DA:83,0
DA:84,0
DA:86,0
DA:90,0
DA:107,0
DA:108,0
DA:111,0
DA:114,0
DA:118,0
DA:119,0
DA:122,0
DA:135,0
DA:139,0
DA:152,0
DA:155,0
DA:159,0
DA:160,0
DA:163,0
DA:176,0
DA:182,0
DA:183,0
DA:186,0
DA:196,0
DA:201,0
LF:41
LH:0
end_of_record
TN:
SF:src/Zappers/LeverageWETHZapper.sol
FN:22,LeverageWETHZapper.
FN:48,LeverageWETHZapper.openLeveragedTroveWithRawETH
FN:67,LeverageWETHZapper.receiveFlashLoanOnOpenLeveragedTrove
FN:109,LeverageWETHZapper.leverUpTrove
FN:124,LeverageWETHZapper.receiveFlashLoanOnLeverUpTrove
FN:150,LeverageWETHZapper.leverDownTrove
FN:165,LeverageWETHZapper.receiveFlashLoanOnLeverDownTrove
FN:192,LeverageWETHZapper.leverageRatioToCollateralRatio
FNDA:0,LeverageWETHZapper.receiveFlashLoanOnLeverDownTrove
FNDA:0,LeverageWETHZapper.leverageRatioToCollateralRatio
FNDA:0,LeverageWETHZapper.openLeveragedTroveWithRawETH
FNDA:0,LeverageWETHZapper.leverUpTrove
FNDA:0,LeverageWETHZapper.receiveFlashLoanOnOpenLeveragedTrove
FNDA:0,LeverageWETHZapper.
FNDA:0,LeverageWETHZapper.receiveFlashLoanOnLeverUpTrove
FNDA:0,LeverageWETHZapper.leverDownTrove
FNF:8
FNH:0
BRDA:49,0,0,-
BRDA:49,0,1,-
BRDA:71,1,0,-
BRDA:71,1,1,-
BRDA:127,2,0,-
BRDA:127,2,1,-
BRDA:168,3,0,-
BRDA:168,3,1,-
BRF:8
BRH:0
DA:26,0
DA:27,0
DA:29,0
DA:31,0
DA:32,0
DA:35,0
DA:36,0
DA:38,0
DA:49,0
DA:51,0
DA:54,0
DA:57,0
DA:71,0
DA:73,0
DA:74,0
DA:75,0
DA:77,0
DA:81,0
DA:98,0
DA:99,0
DA:102,0
DA:105,0
DA:110,0
DA:111,0
DA:114,0
DA:127,0
DA:131,0
DA:144,0
DA:147,0
DA:151,0
DA:152,0
DA:155,0
DA:168,0
DA:174,0
DA:175,0
DA:178,0
DA:188,0
DA:193,0
LF:38
LH:0
end_of_record
TN:
SF:src/Zappers/Modules/Exchanges/CurveExchange.sol
FN:22,CurveExchange.
FN:37,CurveExchange.getBoldAmountToSwap
FN:58,CurveExchange.swapFromBold
FN:72,CurveExchange.swapToBold
FNDA:0,CurveExchange.
FNDA:0,CurveExchange.swapToBold
FNDA:0,CurveExchange.swapFromBold
FNDA:0,CurveExchange.getBoldAmountToSwap
FNF:4
FNH:0
BRDA:53,0,0,-
BRDA:53,0,1,-
BRF:2
BRH:0
DA:29,0
DA:30,0
DA:31,0
DA:32,0
DA:33,0
DA:42,0
DA:43,0
DA:46,0
DA:50,0
DA:52,0
DA:53,0
DA:55,0
DA:59,0
DA:60,0
DA:61,0
DA:62,0
DA:66,0
DA:67,0
DA:69,0
DA:73,0
DA:74,0
DA:75,0
DA:76,0
DA:79,0
DA:80,0
DA:82,0
LF:26
LH:0
end_of_record
TN:
SF:src/Zappers/Modules/Exchanges/UniV3Exchange.sol
FN:32,UniV3Exchange.
FN:49,UniV3Exchange.getBoldAmountToSwap
FN:69,UniV3Exchange.swapFromBold
FN:89,UniV3Exchange.swapToBold
FN:109,UniV3Exchange.uniswapV3SwapCallback
FN:131,UniV3Exchange.priceToSqrtPrice
FN:138,UniV3Exchange._zeroForOne
FN:142,UniV3Exchange._requireCallerIsUniV3Router
FNDA:0,UniV3Exchange.getBoldAmountToSwap
FNDA:0,UniV3Exchange.priceToSqrtPrice
FNDA:0,UniV3Exchange.swapToBold
FNDA:0,UniV3Exchange.uniswapV3SwapCallback
FNDA:0,UniV3Exchange.
FNDA:0,UniV3Exchange._zeroForOne
FNDA:0,UniV3Exchange._requireCallerIsUniV3Router
FNDA:0,UniV3Exchange.swapFromBold
FNF:8
FNH:0
BRDA:115,0,0,-
BRDA:115,0,1,-
BRDA:123,1,0,-
BRDA:126,2,0,-
BRDA:143,3,0,-
BRDA:143,3,1,-
BRF:6
BRH:0
DA:39,0
DA:40,0
DA:41,0
DA:42,0
DA:43,0
DA:55,0
DA:56,0
DA:57,0
DA:64,0
DA:66,0
DA:70,0
DA:71,0
DA:72,0
DA:73,0
DA:75,0
DA:86,0
DA:90,0
DA:91,0
DA:92,0
DA:93,0
DA:95,0
DA:106,0
DA:111,0
DA:112,0
DA:113,0
DA:114,0
DA:115,0
DA:116,0
DA:117,0
DA:119,0
DA:120,0
DA:123,0
DA:124,0
DA:126,0
DA:127,0
DA:133,0
DA:134,0
DA:139,0
DA:143,0
LF:39
LH:0
end_of_record
TN:
SF:src/Zappers/Modules/FlashLoans/BalancerFlashLoan.sol
FN:20,BalancerFlashLoan.makeFlashLoan
FN:53,BalancerFlashLoan.receiveFlashLoan
FNDA:0,BalancerFlashLoan.makeFlashLoan
FNDA:0,BalancerFlashLoan.receiveFlashLoan
FNF:2
FNH:0
BRDA:34,0,0,-
BRDA:34,0,1,-
BRDA:38,1,0,-
BRDA:38,1,1,-
BRDA:42,2,0,-
BRDA:42,2,1,-
BRDA:59,3,0,-
BRDA:59,3,1,-
BRDA:65,4,0,-
BRDA:65,4,1,-
BRDA:76,5,0,-
BRDA:76,5,1,-
BRDA:87,6,0,-
BRDA:87,6,1,-
BRF:14
BRH:0
DA:27,0
DA:28,0
DA:29,0
DA:30,0
DA:33,0
DA:34,0
DA:35,0
DA:36,0
DA:37,0
DA:38,0
DA:39,0
DA:40,0
DA:41,0
DA:42,0
DA:43,0
DA:44,0
DA:45,0
DA:47,0
DA:50,0
DA:59,0
DA:62,0
DA:63,0
DA:65,0
DA:68,0
DA:69,0
DA:71,0
DA:73,0
DA:75,0
DA:76,0
DA:79,0
DA:80,0
DA:82,0
DA:84,0
DA:86,0
DA:87,0
DA:90,0
DA:91,0
DA:93,0
DA:95,0
DA:97,0
DA:99,0
DA:103,0
LF:42
LH:0
end_of_record
TN:
SF:src/Zappers/WETHZapper.sol
FN:19,WETHZapper.
FN:46,WETHZapper.openTroveWithRawETH
FN:86,WETHZapper.addCollWithRawETH
FN:99,WETHZapper.withdrawCollToRawETH
FN:111,WETHZapper.withdrawBold
FN:121,WETHZapper.repayBold
FN:131,WETHZapper.adjustTroveWithRawETH
FN:146,WETHZapper.adjustUnredeemableTroveWithRawETH
FN:163,WETHZapper._adjustTrovePre
FN:204,WETHZapper._adjustTrovePost
FN:223,WETHZapper.closeTroveToRawETH
FNDA:0,WETHZapper.repayBold
FNDA:0,WETHZapper._adjustTrovePre
FNDA:0,WETHZapper.withdrawCollToRawETH
FNDA:0,WETHZapper._adjustTrovePost
FNDA:0,WETHZapper.adjustTroveWithRawETH
FNDA:0,WETHZapper.openTroveWithRawETH
FNDA:0,WETHZapper.closeTroveToRawETH
FNDA:0,WETHZapper.withdrawBold
FNDA:0,WETHZapper.addCollWithRawETH
FNDA:20,WETHZapper.
FNDA:0,WETHZapper.adjustUnredeemableTroveWithRawETH
FNF:11
FNH:1
BRDA:24,0,0,-
BRDA:24,0,1,20
BRDA:47,1,0,-
BRDA:47,1,1,-
BRDA:108,2,0,-
BRDA:108,2,1,-
BRDA:170,3,0,-
BRDA:170,3,1,-
BRDA:171,4,0,-
BRDA:171,4,1,-
BRDA:173,5,0,-
BRDA:173,5,1,-
BRDA:175,6,0,-
BRDA:175,6,1,-
BRDA:180,7,0,-
BRDA:184,8,0,-
BRDA:189,9,0,-
BRDA:197,10,0,-
BRDA:212,11,0,-
BRDA:215,12,0,-
BRDA:215,12,1,-
BRDA:218,13,0,-
BRDA:235,14,0,-
BRDA:235,14,1,-
BRF:24
BRH:1
DA:20,20
DA:21,20
DA:22,20
DA:23,20
DA:24,20
DA:47,0
DA:49,0
DA:50,0
DA:51,0
DA:54,0
DA:57,0
DA:59,0
DA:75,0
DA:78,0
DA:79,0
DA:81,0
DA:87,0
DA:88,0
DA:90,0
DA:93,0
DA:94,0
DA:96,0
DA:100,0
DA:101,0
DA:103,0
DA:106,0
DA:107,0
DA:108,0
DA:112,0
DA:113,0
DA:115,0
DA:118,0
DA:122,0
DA:123,0
DA:126,0
DA:128,0
DA:139,0
DA:140,0
DA:143,0
DA:156,0
DA:157,0
DA:160,0
DA:170,0
DA:171,0
DA:173,0
DA:175,0
DA:177,0
DA:178,0
DA:180,0
DA:181,0
DA:184,0
DA:185,0
DA:189,0
DA:190,0
DA:191,0
DA:192,0
DA:197,0
DA:198,0
DA:201,0
DA:212,0
DA:213,0
DA:214,0
DA:215,0
DA:218,0
DA:219,0
DA:224,0
DA:225,0
DA:228,0
DA:229,0
DA:231,0
DA:233,0
DA:234,0
DA:235,0
LF:73
LH:5
end_of_record
TN:
SF:src/scripts/DeployLiquity2.s.sol
FN:97,DeployLiquity2Script.run
FN:168,DeployLiquity2Script.tapFaucet
FN:185,DeployLiquity2Script.openDemoTroves
FN:224,DeployLiquity2Script.getBytecode
FN:228,DeployLiquity2Script._deployAndConnectContracts
FN:294,DeployLiquity2Script._deployAddressesRegistry
FN:313,DeployLiquity2Script._deployAndConnectCollateralContractsTestnet
FN:415,DeployLiquity2Script.formatAmount
FNDA:0,DeployLiquity2Script.tapFaucet
FNDA:0,DeployLiquity2Script.getBytecode
FNDA:0,DeployLiquity2Script.formatAmount
FNDA:0,DeployLiquity2Script.run
FNDA:0,DeployLiquity2Script._deployAndConnectContracts
FNDA:0,DeployLiquity2Script.openDemoTroves
FNDA:0,DeployLiquity2Script._deployAddressesRegistry
FNDA:0,DeployLiquity2Script._deployAndConnectCollateralContractsTestnet
FNF:8
FNH:0
BRDA:100,0,0,-
BRDA:100,0,1,-
BRDA:125,1,0,-
BRDA:198,2,0,-
BRDA:198,2,1,-
BRDA:244,3,0,-
BRDA:244,3,1,-
BRDA:334,4,0,-
BRDA:334,4,1,-
BRDA:396,5,0,-
BRDA:396,5,1,-
BRDA:397,6,0,-
BRDA:397,6,1,-
BRDA:398,7,0,-
BRDA:398,7,1,-
BRDA:399,8,0,-
BRDA:399,8,1,-
BRDA:400,9,0,-
BRDA:400,9,1,-
BRDA:401,10,0,-
BRDA:401,10,1,-
BRDA:402,11,0,-
BRDA:402,11,1,-
BRDA:403,12,0,-
BRDA:403,12,1,-
BRDA:404,13,0,-
BRDA:404,13,1,-
BRDA:416,14,0,-
BRDA:423,15,0,-
BRF:29
BRH:0
DA:98,0
DA:100,0
DA:102,0
DA:103,0
DA:106,0
DA:107,0
DA:108,0
DA:111,0
DA:113,0
DA:114,0
DA:117,0
DA:121,0
DA:122,0
DA:123,0
DA:125,0
DA:128,0
DA:129,0
DA:130,0
DA:131,0
DA:132,0
DA:133,0
DA:134,0
DA:135,0
DA:136,0
DA:138,0
DA:140,0
DA:141,0
DA:142,0
DA:143,0
DA:145,0
DA:146,0
DA:147,0
DA:148,0
DA:150,0
DA:151,0
DA:152,0
DA:153,0
DA:155,0
DA:156,0
DA:157,0
DA:158,0
DA:160,0
DA:161,0
DA:164,0
DA:169,0
DA:170,0
DA:172,0
DA:173,0
DA:174,0
DA:176,0
DA:188,0
DA:189,0
DA:190,0
DA:192,0
DA:194,0
DA:195,0
DA:198,0
DA:199,0
DA:201,0
DA:202,0
DA:205,0
DA:219,0
DA:225,0
DA:238,0
DA:239,0
DA:241,0
DA:242,0
DA:243,0
DA:244,0
DA:246,0
DA:247,0
DA:248,0
DA:249,0
DA:252,0
DA:255,0
DA:256,0
DA:265,0
DA:266,0
DA:267,0
DA:268,0
DA:269,0
DA:272,0
DA:273,0
DA:274,0
DA:277,0
DA:278,0
DA:288,0
DA:291,0
DA:298,0
DA:306,0
DA:310,0
DA:323,0
DA:324,0
DA:327,0
DA:330,0
DA:331,0
DA:334,0
DA:336,0
DA:337,0
DA:338,0
DA:341,0
DA:342,0
DA:345,0
DA:348,0
DA:351,0
DA:354,0
DA:357,0
DA:360,0
DA:364,0
DA:384,0
DA:386,0
DA:387,0
DA:388,0
DA:389,0
DA:390,0
DA:391,0
DA:392,0
DA:393,0
DA:394,0
DA:396,0
DA:397,0
DA:398,0
DA:399,0
DA:400,0
DA:401,0
DA:402,0
DA:403,0
DA:404,0
DA:407,0
DA:416,0
DA:417,0
DA:420,0
DA:421,0
DA:423,0
DA:424,0
DA:427,0
DA:428,0
DA:429,0
DA:431,0
LF:139
LH:0
end_of_record
TN:
SF:src/scripts/OpenTroves.s.sol
FN:35,Proxy.tap
FN:40,Proxy.sweepTrove
FN:54,OpenTroves._findHints
FN:71,OpenTroves.run
FNDA:0,Proxy.tap
FNDA:0,OpenTroves._findHints
FNDA:0,OpenTroves.run
FNDA:0,Proxy.sweepTrove
FNF:4
FNH:0
BRDA:97,0,0,-
BRDA:115,1,0,-
BRDA:115,1,1,-
BRDA:143,2,0,-
BRDA:145,3,0,-
BRF:5
BRH:0
DA:36,0
DA:37,0
DA:41,0
DA:60,0
DA:68,0
DA:72,0
DA:74,0
DA:75,0
DA:76,0
DA:77,0
DA:78,0
DA:79,0
DA:81,0
DA:82,0
DA:84,0
DA:85,0
DA:86,0
DA:87,0
DA:88,0
DA:89,0
DA:90,0
DA:91,0
DA:92,0
DA:93,0
DA:94,0
DA:95,0
DA:97,0
DA:99,0
DA:108,0
DA:109,0
DA:110,0
DA:112,0
DA:113,0
DA:115,0
DA:117,0
DA:119,0
DA:120,0
DA:121,0
DA:124,0
DA:125,0
DA:127,0
DA:141,0
DA:142,0
DA:143,0
DA:145,0
DA:146,0
DA:147,0
DA:150,0
LF:48
LH:0
end_of_record
TN:
[...]
DA:2336,419182
DA:2338,419182
DA:2344,1396801
DA:2348,130689
DA:2350,130689
DA:2351,465332
DA:2356,130689
DA:2358,130689
DA:2359,465332
DA:2364,66437
DA:2366,66437
DA:2367,3161
DA:2372,168107
DA:2374,168107
DA:2375,52810
DA:2380,1723472
DA:2384,93829
DA:2388,266553
DA:2395,1067670
DA:2397,1067670
DA:2398,388613
DA:2399,679057
DA:2400,166057
DA:2403,513000
DA:2408,133803
DA:2410,133803
DA:2411,58329
DA:2413,75474
DA:2418,1067670
DA:2420,1067670
DA:2421,166057
DA:2423,901613
DA:2445,179204
DA:2446,179204
DA:2448,179204
DA:2449,98950
DA:2451,80254
DA:2454,179204
DA:2458,25
DA:2460,25
DA:2461,29
DA:2466,42474
DA:2467,30206
DA:2468,30206
DA:2469,30206
DA:2470,30206
DA:2471,30206
DA:2474,42474
DA:2478,134499
DA:2479,134499
DA:2481,134499
DA:2482,134499
DA:2483,134499
DA:2487,168000
DA:2488,168000
DA:2489,168000
DA:2491,168000
DA:2492,168000
DA:2493,168000
DA:2497,3159
DA:2498,3159
DA:2502,0
DA:2504,0
DA:2505,0
DA:2506,0
DA:2510,181213
DA:2511,181213
DA:2515,0
DA:2517,0
DA:2518,0
DA:2519,0
DA:2520,0
DA:2524,295600
DA:2525,295600
DA:2529,179384
DA:2530,179384
DA:2531,179384
DA:2535,67009
DA:2540,3161
DA:2541,3161
DA:2542,3161
DA:2543,3161
DA:2546,3161
DA:2547,3161
DA:2550,3161
DA:2551,3161
DA:2552,3161
DA:2553,3161
DA:2556,3161
DA:2557,3161
DA:2560,3161
DA:2561,3161
DA:2562,3161
DA:2565,3161
DA:2569,66437
DA:2570,66437
DA:2571,66437
DA:2573,66437
DA:2574,242093
DA:2576,240975
DA:2577,240975
DA:2579,240975
DA:2580,240975
DA:2582,3161
DA:2583,3161
DA:2584,3161
DA:2586,3161
DA:2591,1116
DA:2592,1116
DA:2593,1116
DA:2594,1116
DA:2601,66843
DA:2602,66843
DA:2603,66843
DA:2606,66843
DA:2607,173868
DA:2608,162071
DA:2612,66843
DA:2613,24887
DA:2614,60545
DA:2615,53080
DA:2619,66843
DA:2621,42316
DA:2622,114763
DA:2623,114763
DA:2625,53323
DA:2626,53323
DA:2627,53323
DA:2629,53323
DA:2630,85190
DA:2632,56068
DA:2633,56068
DA:2635,53817
DA:2636,53817
DA:2638,52810
DA:2639,52810
DA:2640,52810
DA:2641,52810
DA:2643,52810
DA:2645,52810
DA:2646,52810
DA:2648,52810
DA:2649,52810
DA:2650,52810
DA:2656,46202
DA:2657,119441
DA:2658,119441
DA:2663,67111
DA:2670,64252
DA:2672,64252
DA:2673,156056
DA:2675,156056
DA:2676,126096
DA:2678,126096
DA:2679,126096
DA:2680,126096
DA:2682,126096
DA:2683,217
DA:2684,217
DA:2687,126096
DA:2689,126096
DA:2690,126096
DA:2692,126096
DA:2693,126096
DA:2695,126096
DA:2696,126096
DA:2701,3999
DA:2702,3999
DA:2703,3999
DA:2707,134499
DA:2750,33552
DA:2751,33552
DA:2754,31922
DA:2755,7009
DA:2756,7009
DA:2758,6524
DA:2762,18389
DA:2763,4980
DA:2764,4980
DA:2766,4921
DA:2770,8488
DA:2771,8488
DA:2774,0
DA:2786,31922
DA:2787,7009
DA:2788,7009
DA:2790,6524
DA:2794,18389
DA:2795,4980
DA:2796,4980
DA:2798,4921
DA:2802,8488
DA:2803,8488
DA:2809,0
DA:2822,33552
DA:2833,0
DA:2845,693047
DA:2847,693047
DA:2848,693047
DA:2849,0
DA:2852,693047
DA:2853,0
DA:2856,693047
DA:2857,0
DA:2860,693047
DA:2861,0
DA:2864,693047
DA:2865,0
DA:2868,693047
DA:2869,39171
DA:2872,653876
DA:2873,60253
DA:2876,593623
DA:2877,58002
DA:2880,535621
DA:2881,206
DA:2884,535415
DA:2885,0
DA:2888,535415
DA:2889,3237
DA:2892,532178
DA:2893,3902
DA:2896,528276
DA:2897,1729
DA:2900,526547
DA:2901,5153
DA:2904,521394
DA:2905,55135
DA:2908,466259
DA:2909,140788
DA:2912,325471
DA:2913,32765
DA:2916,292706
DA:2917,8174
DA:2920,284532
DA:2921,0
DA:2924,284532
DA:2925,12048
DA:2928,272484
DA:2929,132
DA:2932,272352
DA:2933,3420
DA:2936,268932
DA:2937,94
DA:2940,268838
DA:2941,4281
DA:2944,264557
DA:2945,34629
DA:2948,229928
DA:2949,12
DA:2952,229916
DA:2953,3805
DA:2956,226111
DA:2957,0
DA:2960,226111
DA:2961,2151
DA:2964,223960
DA:2965,2090
DA:2968,221870
DA:2969,142605
DA:2972,79265
DA:2973,10654
DA:2976,68611
DA:2977,0
DA:2980,68611
DA:2981,337
DA:2984,68274
DA:2985,0
DA:2988,68274
DA:2989,1916
DA:2992,66358
DA:2993,282
DA:2996,66076
DA:2997,574
DA:3000,65502
DA:3001,9519
DA:3004,55983
DA:3005,53975
DA:3008,2008
DA:3009,0
DA:3012,2008
DA:3013,0
DA:3016,2008
DA:3017,2008
DA:3020,0
DA:3021,0
DA:3025,0
DA:3026,0
DA:3028,0
DA:3029,0
DA:3033,0
LF:1415
LH:1286
end_of_record
TN:
SF:src/test/TestContracts/LiquityMathTester.sol
FN:12,LiquityMathTester.callMax
FN:17,LiquityMathTester.callDecPowTx
FN:23,LiquityMathTester.callDecPow
FNDA:0,LiquityMathTester.callDecPowTx
FNDA:0,LiquityMathTester.callDecPow
FNDA:0,LiquityMathTester.callMax
FNF:3
FNH:0
DA:13,0
DA:18,0
DA:19,0
DA:24,0
LF:4
LH:0
end_of_record
TN:
SF:src/test/TestContracts/MetadataDeployment.sol
FN:23,MetadataDeployment.deployMetadata
FN:33,MetadataDeployment._loadFiles
FN:82,MetadataDeployment._storeFile
FN:96,MetadataDeployment._deployFixedAssetReader
FNDA:47,MetadataDeployment._loadFiles
FNDA:0,MetadataDeployment.deployMetadata
FNDA:47,MetadataDeployment._deployFixedAssetReader
FNDA:47,MetadataDeployment._storeFile
FNF:4
FNH:3
DA:24,47
DA:25,47
DA:26,47
DA:28,47
DA:30,47
DA:34,47
DA:38,47
DA:42,47
DA:43,47
DA:45,47
DA:47,47
DA:50,47
DA:51,47
DA:53,47
DA:55,47
DA:58,47
DA:59,47
DA:61,47
DA:63,47
DA:66,47
DA:67,47
DA:69,47
DA:71,47
DA:74,47
DA:75,47
DA:77,47
DA:79,47
DA:83,47
DA:93,47
DA:97,47
DA:98,47
DA:99,47
DA:100,47
DA:101,47
DA:102,47
DA:104,47
DA:105,47
DA:108,47
DA:111,47
DA:114,47
DA:117,47
DA:121,47
LF:42
LH:42
end_of_record
TN:
SF:src/test/TestContracts/NonPayableSwitch.sol
FN:14,NonPayableSwitch.setColl
FN:18,NonPayableSwitch.setPayable
FN:22,NonPayableSwitch.forward
FN:31,NonPayableSwitch.receiveColl
FNDA:0,NonPayableSwitch.receiveColl
FNDA:0,NonPayableSwitch.setColl
FNDA:0,NonPayableSwitch.forward
FNDA:0,NonPayableSwitch.setPayable
FNF:4
FNH:0
BRDA:28,0,0,-
BRDA:28,0,1,-
BRF:2
BRH:0
DA:15,0
DA:19,0
DA:24,0
DA:28,0
DA:33,0
LF:5
LH:0
end_of_record
TN:
SF:src/test/TestContracts/PriceFeedMock.sol
FN:10,PriceFeedMock.setPrice
FN:14,PriceFeedMock.getPrice
FN:18,PriceFeedMock.fetchPrice
FN:22,PriceFeedMock.lastGoodPrice
FN:26,PriceFeedMock.getEthUsdStalenessThreshold
FN:30,PriceFeedMock.setAddresses
FNDA:0,PriceFeedMock.setPrice
FNDA:0,PriceFeedMock.fetchPrice
FNDA:0,PriceFeedMock.getPrice
FNDA:0,PriceFeedMock.setAddresses
FNDA:0,PriceFeedMock.lastGoodPrice
FNDA:0,PriceFeedMock.getEthUsdStalenessThreshold
FNF:6
FNH:0
DA:11,0
DA:15,0
DA:19,0
DA:23,0
DA:27,0
LF:5
LH:0
end_of_record
TN:
SF:src/test/TestContracts/PriceFeedTestnet.sol
FN:19,PriceFeedTestnet.getPrice
FN:23,PriceFeedTestnet.lastGoodPrice
FN:27,PriceFeedTestnet.fetchPrice
FN:35,PriceFeedTestnet.setPrice
FN:40,PriceFeedTestnet.setAddresses
FNDA:0,PriceFeedTestnet.setAddresses
FNDA:0,PriceFeedTestnet.lastGoodPrice
FNDA:12415,PriceFeedTestnet.getPrice
FNDA:44979,PriceFeedTestnet.setPrice
FNDA:367491,PriceFeedTestnet.fetchPrice
FNF:5
FNH:3
DA:20,12415
DA:24,0
DA:30,367491
DA:31,367491
DA:36,44979
DA:37,44979
LF:6
LH:5
end_of_record
TN:
SF:src/test/TestContracts/SPInvariantsTestHandler.t.sol
FN:69,SPInvariantsTestHandler.
FN:82,SPInvariantsTestHandler._getTroveId
FN:86,SPInvariantsTestHandler.openTrove
FN:133,SPInvariantsTestHandler.provideToSp
FN:175,SPInvariantsTestHandler.liquidateMe
FNDA:13276,SPInvariantsTestHandler.provideToSp
FNDA:25486,SPInvariantsTestHandler._getTroveId
FNDA:13328,SPInvariantsTestHandler.openTrove
FNDA:13553,SPInvariantsTestHandler.liquidateMe
FNDA:2,SPInvariantsTestHandler.
FNF:5
FNH:5
BRDA:141,0,0,6304
BRF:1
BRH:1
DA:70,2
DA:71,2
DA:72,2
DA:73,2
DA:74,2
DA:75,2
DA:76,2
DA:77,2
DA:79,2
DA:83,25486
DA:87,13328
DA:88,13328
DA:93,7262
DA:94,7262
DA:95,7262
DA:96,7262
DA:97,7262
DA:99,7262
DA:100,7262
DA:102,7262
DA:103,7262
DA:104,7262
DA:105,7262
DA:106,7262
DA:119,7262
DA:120,7262
DA:123,7262
DA:124,7262
DA:125,7262
DA:126,7262
DA:129,7262
DA:130,7262
DA:134,13276
DA:136,12694
DA:137,12694
DA:138,12694
DA:141,12694
DA:142,6304
DA:143,6304
DA:146,12694
DA:148,12694
DA:150,12694
DA:151,12694
DA:153,12694
DA:155,12694
DA:156,12694
DA:158,12694
DA:159,12694
DA:162,12694
DA:163,12694
DA:164,12694
DA:165,12694
DA:167,12694
DA:168,12694
DA:169,12694
DA:171,12694
DA:172,12694
DA:176,13553
DA:177,12158
DA:178,12158
DA:180,6204
DA:181,6204
DA:183,5106
DA:185,5106
DA:187,5106
DA:188,5106
DA:189,5106
DA:191,5106
DA:192,5106
DA:194,5106
DA:197,5106
DA:204,5106
DA:206,5106
DA:207,5106
DA:208,5106
DA:210,5106
DA:211,5106
DA:214,5106
DA:216,5106
DA:217,5106
DA:219,5106
DA:220,5106
DA:222,5106
DA:223,5106
LF:84
LH:84
end_of_record
TN:
SF:src/test/TestContracts/SortedTrovesTester.sol
FN:12,SortedTrovesTester.setSortedTroves
FN:16,SortedTrovesTester.insert
FN:20,SortedTrovesTester.remove
FN:24,SortedTrovesTester.reInsert
FN:29,SortedTrovesTester.getTroveAnnualInterestRate
FNDA:0,SortedTrovesTester.insert
FNDA:0,SortedTrovesTester.remove
FNDA:0,SortedTrovesTester.setSortedTroves
FNDA:0,SortedTrovesTester.getTroveAnnualInterestRate
FNDA:0,SortedTrovesTester.reInsert
FNF:5
FNH:0
DA:13,0
DA:17,0
DA:21,0
DA:25,0
DA:30,0
LF:5
LH:0
end_of_record
TN:
SF:src/test/TestContracts/TroveManagerTester.t.sol
FN:14,TroveManagerTester.
FN:17,TroveManagerTester.liquidate
FN:23,TroveManagerTester.get_CCR
FN:27,TroveManagerTester.get_MCR
FN:31,TroveManagerTester.get_SCR
FN:35,TroveManagerTester.get_LIQUIDATION_PENALTY_SP
FN:39,TroveManagerTester.get_LIQUIDATION_PENALTY_REDISTRIBUTION
FN:43,TroveManagerTester.getBoldToken
FN:47,TroveManagerTester.getBorrowerOperations
FN:51,TroveManagerTester.get_L_coll
FN:55,TroveManagerTester.get_L_boldDebt
FN:59,TroveManagerTester.getTotalStakes
FN:63,TroveManagerTester.getTotalStakesSnapshot
FN:67,TroveManagerTester.getTotalCollateralSnapshot
FN:71,TroveManagerTester.getTroveId
FN:75,TroveManagerTester.getTCR
FN:79,TroveManagerTester.checkBelowCriticalThreshold
FN:83,TroveManagerTester.computeICR
FN:87,TroveManagerTester.getCollGasCompensation
FN:91,TroveManagerTester.getETHGasCompensation
FN:121,TroveManagerTester.predictOpenTroveUpfrontFee
FN:130,TroveManagerTester._calcUpfrontFee
FN:134,TroveManagerTester.getEffectiveRedemptionFeeInColl
FN:138,TroveManagerTester.callInternalRemoveTroveId
FN:143,TroveManagerTester.ownerOf
FN:147,TroveManagerTester.balanceOf
FN:153,TroveManagerTester.checkTroveIsOpen
FN:158,TroveManagerTester.checkTroveIsActive
FN:163,TroveManagerTester.checkTroveIsUnredeemable
FN:168,TroveManagerTester.hasRedistributionGains
FN:180,TroveManagerTester.getPendingCollReward
FN:187,TroveManagerTester.getPendingBoldDebtReward
FN:193,TroveManagerTester.getEntireDebtAndColl
FN:211,TroveManagerTester.getTroveEntireDebt
FN:217,TroveManagerTester.getTroveEntireColl
FN:229,TroveManagerTester.getTroveStake
FN:233,TroveManagerTester.getTroveDebt
FN:244,TroveManagerTester.getTroveWeightedRecordedDebt
FN:255,TroveManagerTester.getTroveColl
FN:260,TroveManagerTester.getTroveLastDebtUpdateTime
FN:269,TroveManagerTester.troveIsStale
FN:280,TroveManagerTester.calcTroveAccruedInterest
FN:299,TroveManagerTester.calcBatchAccruedInterest
FN:310,TroveManagerTester.calcTroveAccruedBatchManagementFee
FN:324,TroveManagerTester.calcBatchAccruedManagementFee
FN:330,TroveManagerTester.getBatchAnnualInterestRate
FN:334,TroveManagerTester.getBatchLastDebtUpdateTime
FN:338,TroveManagerTester.getBatch
FNDA:0,TroveManagerTester.getBorrowerOperations
FNDA:0,TroveManagerTester.getTroveDebt
FNDA:0,TroveManagerTester.getTotalStakes
FNDA:0,TroveManagerTester.getEffectiveRedemptionFeeInColl
FNDA:52810,TroveManagerTester.getTroveEntireDebt
FNDA:0,TroveManagerTester.checkTroveIsUnredeemable
FNDA:0,TroveManagerTester.calcTroveAccruedInterest
FNDA:45,TroveManagerTester.get_SCR
FNDA:0,TroveManagerTester.getBatch
FNDA:45,TroveManagerTester.get_LIQUIDATION_PENALTY_REDISTRIBUTION
FNDA:0,TroveManagerTester.calcBatchAccruedManagementFee
FNDA:0,TroveManagerTester.getBatchAnnualInterestRate
FNDA:0,TroveManagerTester.computeICR
FNDA:0,TroveManagerTester._calcUpfrontFee
FNDA:0,TroveManagerTester.get_L_coll
FNDA:0,TroveManagerTester.getPendingCollReward
FNDA:0,TroveManagerTester.checkTroveIsOpen
FNDA:5106,TroveManagerTester.liquidate
FNDA:0,TroveManagerTester.troveIsStale
FNDA:0,TroveManagerTester.getTroveColl
FNDA:5151,TroveManagerTester.get_LIQUIDATION_PENALTY_SP
FNDA:13466,TroveManagerTester.getEntireDebtAndColl
FNDA:0,TroveManagerTester.getTCR
FNDA:0,TroveManagerTester.hasRedistributionGains
FNDA:25486,TroveManagerTester.balanceOf
FNDA:0,TroveManagerTester.getTroveEntireColl
FNDA:0,TroveManagerTester.getTroveId
FNDA:0,TroveManagerTester.getTroveWeightedRecordedDebt
FNDA:218867,TroveManagerTester.ownerOf
FNDA:0,TroveManagerTester.getTotalStakesSnapshot
FNDA:0,TroveManagerTester.getBoldToken
FNDA:0,TroveManagerTester.checkBelowCriticalThreshold
FNDA:0,TroveManagerTester.getTroveLastDebtUpdateTime
FNDA:5106,TroveManagerTester.getCollGasCompensation
FNDA:0,TroveManagerTester.callInternalRemoveTroveId
FNDA:0,TroveManagerTester.getTroveStake
FNDA:0,TroveManagerTester.checkTroveIsActive
FNDA:0,TroveManagerTester.getTotalCollateralSnapshot
FNDA:0,TroveManagerTester.get_L_boldDebt
FNDA:0,TroveManagerTester.calcTroveAccruedBatchManagementFee
FNDA:47,TroveManagerTester.
FNDA:0,TroveManagerTester.getBatchLastDebtUpdateTime
FNDA:0,TroveManagerTester.calcBatchAccruedInterest
FNDA:45,TroveManagerTester.get_CCR
FNDA:0,TroveManagerTester.getETHGasCompensation
FNDA:0,TroveManagerTester.getPendingBoldDebtReward
FNDA:45,TroveManagerTester.get_MCR
FNDA:0,TroveManagerTester.predictOpenTroveUpfrontFee
FNF:48
FNH:12
BRDA:236,1,0,-
BRDA:247,3,0,-
BRDA:263,5,0,-
BRDA:272,6,0,-
BRDA:285,7,0,-
BRF:5
BRH:0
DA:18,5106
DA:19,5106
DA:20,5106
DA:24,45
DA:28,45
DA:32,45
DA:36,5151
DA:40,45
DA:44,0
DA:48,0
DA:52,0
DA:56,0
DA:60,0
DA:64,0
DA:68,0
DA:72,0
DA:76,0
DA:80,0
DA:84,0
DA:88,5106
DA:92,0
DA:122,0
DA:123,0
DA:124,0
DA:126,0
DA:127,0
DA:131,0
DA:135,0
DA:139,0
DA:140,0
DA:144,218867
DA:148,25486
DA:154,0
DA:155,0
DA:159,0
DA:160,0
DA:164,0
DA:165,0
DA:174,0
DA:176,0
DA:181,0
DA:182,0
DA:183,0
DA:188,0
DA:189,0
DA:190,0
DA:204,13466
DA:205,13466
DA:207,13466
DA:212,52810
DA:213,52810
DA:214,52810
DA:218,0
DA:219,0
DA:220,0
DA:230,0
DA:234,0
DA:235,0
DA:236,0
DA:237,0
DA:238,0
DA:239,0
DA:241,0
DA:245,0
DA:246,0
DA:247,0
DA:248,0
DA:249,0
DA:250,0
DA:252,0
DA:256,0
DA:257,0
DA:261,0
DA:262,0
DA:263,0
DA:264,0
DA:266,0
DA:270,0
DA:271,0
DA:272,0
DA:273,0
DA:275,0
DA:281,0
DA:284,0
DA:285,0
DA:286,0
DA:287,0
DA:290,0
DA:292,0
DA:294,0
DA:296,0
DA:300,0
DA:301,0
DA:303,0
DA:305,0
DA:307,0
DA:311,0
DA:314,0
DA:315,0
DA:318,0
DA:319,0
DA:320,0
DA:321,0
DA:325,0
DA:327,0
DA:331,0
DA:335,0
DA:352,0
DA:354,0
LF:109
LH:17
end_of_record
TN:
SF:src/test/TestContracts/WETH.sol
FN:42,WETH9.deposit
FN:47,WETH9.withdraw
FN:54,WETH9.totalSupply
FN:58,WETH9.approve
FN:64,WETH9.transfer
FN:68,WETH9.transferFrom
FNDA:0,WETH9.transfer
FNDA:0,WETH9.deposit
FNDA:0,WETH9.transferFrom
FNDA:0,WETH9.approve
FNDA:0,WETH9.withdraw
FNDA:0,WETH9.totalSupply
FNF:6
FNH:0
BRDA:48,0,0,-
BRDA:48,0,1,-
BRDA:69,1,0,-
BRDA:69,1,1,-
BRDA:71,2,0,-
BRDA:72,3,0,-
BRDA:72,3,1,-
BRF:7
BRH:0
DA:43,0
DA:44,0
DA:48,0
DA:49,0
DA:50,0
DA:51,0
DA:55,0
DA:59,0
DA:60,0
DA:61,0
DA:65,0
DA:69,0
DA:71,0
DA:72,0
DA:73,0
DA:76,0
DA:77,0
DA:79,0
DA:81,0
LF:19
LH:0
end_of_record
TN:
SF:src/test/TestContracts/WETHTester.sol
FN:12,WETHTester.
FN:20,WETHTester.deposit
FN:25,WETHTester.withdraw
FNDA:0,WETHTester.deposit
FNDA:20,WETHTester.
FNDA:0,WETHTester.withdraw
FNF:3
FNH:1
BRDA:26,0,0,-
BRDA:26,0,1,-
BRF:2
BRH:0
DA:21,0
DA:22,0
DA:26,0
DA:27,0
DA:28,0
DA:29,0
LF:6
LH:0
end_of_record
TN:
SF:src/test/Utils/BatchIdSet.sol
FN:14,BatchIdSetMethods.add
FN:21,BatchIdSetMethods.clear
FN:28,BatchIdSetMethods.has
FNDA:0,BatchIdSetMethods.clear
FNDA:0,BatchIdSetMethods.has
FNDA:0,BatchIdSetMethods.add
FNF:3
FNH:0
BRDA:15,0,0,-
BRF:1
BRH:0
DA:15,0
DA:16,0
DA:17,0
DA:22,0
DA:23,0
DA:25,0
DA:29,0
LF:7
LH:0
end_of_record
TN:
SF:src/test/Utils/EnumerableSet.sol
FN:17,EnumerableSetMethods.has
FN:21,EnumerableSetMethods.get
FN:25,EnumerableSetMethods.size
FN:43,EnumerableSetMethods.add
FN:68,EnumerableSetMethods.remove
FN:74,EnumerableSetMethods.reset
FN:83,EnumerableAddressSetMethods.has
FN:87,EnumerableAddressSetMethods.get
FN:91,EnumerableAddressSetMethods.size
FN:105,EnumerableAddressSetMethods.add
FN:119,EnumerableAddressSetMethods.remove
FN:123,EnumerableAddressSetMethods.reset
FNDA:22027,EnumerableSetMethods.remove
FNDA:3934146,EnumerableSetMethods.size
FNDA:579682,EnumerableSetMethods.get
FNDA:2753278,EnumerableSetMethods.has
FNDA:130787,EnumerableSetMethods.reset
FNDA:64850,EnumerableAddressSetMethods.add
FNDA:1645126,EnumerableAddressSetMethods.size
FNDA:357919,EnumerableSetMethods.add
FNDA:280872,EnumerableAddressSetMethods.get
FNDA:0,EnumerableAddressSetMethods.remove
FNDA:125672,EnumerableAddressSetMethods.reset
FNDA:466412,EnumerableAddressSetMethods.has
FNF:12
FNH:11
BRDA:31,1,0,155666
BRF:1
BRH:1
DA:18,2753278
DA:22,579682
DA:26,3934146
DA:30,291482
DA:31,291301
DA:33,291301
DA:34,291301
DA:38,0
DA:39,0
DA:44,66437
DA:45,56288
DA:50,22027
DA:52,9745
DA:53,9745
DA:55,9745
DA:56,9745
DA:58,9745
DA:59,9745
DA:63,0
DA:64,0
DA:69,0
DA:70,0
DA:75,130787
DA:76,19477
DA:78,130787
DA:84,466412
DA:88,280872
DA:92,1645126
DA:96,64850
DA:100,0
DA:101,0
DA:106,0
DA:110,0
DA:114,0
DA:115,0
DA:120,0
DA:124,125672
LF:37
LH:24
end_of_record
TN:
SF:src/test/Utils/Logging.sol
FN:92,Logging._log
FN:128,Logging.info
FN:181,Logging._csv
FNDA:975284,Logging._csv
FNDA:3324089,Logging.info
FNDA:7696110,Logging._log
FNF:3
FNH:3
DA:8,1469951
DA:12,0
DA:16,139990
DA:20,4396104
DA:24,370994
DA:28,1319071
DA:35,0
DA:47,0
DA:60,0
DA:74,0
DA:89,0
DA:105,0
DA:109,139990
DA:113,2805843
DA:117,370994
DA:121,7262
DA:125,0
DA:132,0
DA:136,243485
DA:140,198222
DA:144,268011
DA:148,0
DA:152,200092
DA:156,0
DA:162,0
DA:182,65474
LF:26
LH:14
end_of_record
TN:
SF:src/test/Utils/StringFormatting.sol
FN:20,StringFormatting.equals
FN:28,StringFormatting.toString
FN:44,StringFormatting.decimal
FN:72,StringFormatting.groupRight
FN:102,StringFormatting.slice
FN:118,StringFormatting.trimEnd
FN:124,StringFormatting.join
FNDA:2749028,StringFormatting.trimEnd
FNDA:365233,StringFormatting.join
FNDA:8797446,StringFormatting.groupRight
FNDA:341265,StringFormatting.equals
FNDA:5944829,StringFormatting.toString
FNDA:5498056,StringFormatting.slice
FNDA:2867563,StringFormatting.decimal
FNF:7
FNH:7
BRDA:33,0,0,-
BRDA:33,0,1,-
BRDA:35,1,0,-
BRDA:35,1,1,-
BRDA:37,2,0,-
BRDA:37,2,1,-
BRDA:45,3,0,-
BRDA:52,4,0,1493049
BRDA:52,4,1,1374514
BRDA:81,6,0,335489
BRDA:81,6,1,4379804
BRDA:105,7,0,-
BRDA:105,7,1,2749028
BRF:13
BRH:5
DA:21,341265
DA:25,5681510
DA:29,263319
DA:33,0
DA:34,0
DA:35,0
DA:36,0
DA:37,0
DA:38,0
DA:40,0
DA:45,2867563
DA:46,0
DA:49,2867563
DA:50,2867563
DA:52,2867563
DA:53,1493049
DA:55,1374514
DA:65,2932482
DA:69,2932482
DA:73,2932482
DA:74,2932482
DA:76,2932482
DA:77,2932482
DA:79,2932482
DA:80,2932482
DA:81,4715293
DA:82,335489
DA:84,4379804
DA:90,1374514
DA:94,0
DA:98,1374514
DA:103,2749028
DA:104,2749028
DA:105,2749028
DA:107,2749028
DA:109,2749028
DA:110,48865277
DA:115,1374514
DA:119,1374514
DA:120,1374514
DA:121,1374514
DA:125,365233
DA:127,164899
DA:128,164899
DA:129,356404
LF:45
LH:36
end_of_record
TN:
SF:src/test/Utils/Trove.sol
FN:30,TroveMethods.accrueInterest
FN:34,TroveMethods.accrueBatchManagementFee
FN:41,TroveMethods.redist
FN:46,TroveMethods.applyPendingRedist
FN:54,TroveMethods.applyPendingInterest
FN:59,TroveMethods.applyPendingBatchManagementFee
FN:64,TroveMethods.applyPending
FNDA:89757,TroveMethods.accrueInterest
FNDA:105957,TroveMethods.applyPendingInterest
FNDA:105957,TroveMethods.applyPendingBatchManagementFee
FNDA:77240,TroveMethods.applyPendingRedist
FNDA:89757,TroveMethods.accrueBatchManagementFee
FNDA:75751,TroveMethods.applyPending
FNDA:1488,TroveMethods.redist
FNF:7
FNH:7
DA:31,89757
DA:38,89757
DA:42,1488
DA:43,1488
DA:47,77240
DA:48,77240
DA:50,77240
DA:51,77240
DA:55,105957
DA:56,105957
DA:60,105957
DA:61,105957
DA:65,75751
DA:66,75751
DA:67,75751
LF:15
LH:15
end_of_record
TN:
SF:src/test/Utils/UniPriceConverter.sol
FN:16,UniPriceConverter.priceToSqrtPrice
FN:34,UniPriceConverter.sqrtPriceToPrice
FNDA:0,UniPriceConverter.priceToSqrtPrice
FNDA:0,UniPriceConverter.sqrtPriceToPrice
FNF:2
FNH:0
DA:17,0
DA:18,0
DA:19,0
DA:21,0
DA:22,0
DA:23,0
DA:24,0
DA:26,0
DA:27,0
DA:28,0
DA:29,0
DA:31,0
DA:35,0
DA:37,0
DA:38,0
DA:39,0
DA:40,0
LF:17
LH:0
end_of_record
